[1.350s] Invoking command in '/home/giacomo/thesis_ws/build/planner': PYTHONPATH=/home/giacomo/thesis_ws/build/planner/prefix_override:/home/giacomo/thesis_ws/install/planner/lib/python3.10/site-packages:${PYTHONPATH} /usr/bin/python3 setup.py develop --editable --build-directory /home/giacomo/thesis_ws/build/planner/build --no-deps install_data
[1.846s] running develop
[1.846s] /home/giacomo/.local/lib/python3.10/site-packages/setuptools/command/develop.py:40: EasyInstallDeprecationWarning: easy_install command is deprecated.
[1.846s] !!
[1.847s] 
[1.847s]         ********************************************************************************
[1.847s]         Please avoid running ``setup.py`` and ``easy_install``.
[1.847s]         Instead, use pypa/build, pypa/installer or other
[1.847s]         standards-based tools.
[1.848s] 
[1.848s]         See https://github.com/pypa/setuptools/issues/917 for details.
[1.848s]         ********************************************************************************
[1.848s] 
[1.848s] !!
[1.849s]   easy_install.initialize_options(self)
[1.909s] /home/giacomo/.local/lib/python3.10/site-packages/setuptools/_distutils/cmd.py:66: SetuptoolsDeprecationWarning: setup.py install is deprecated.
[1.910s] !!
[1.910s] 
[1.910s]         ********************************************************************************
[1.910s]         Please avoid running ``setup.py`` directly.
[1.910s]         Instead, use pypa/build, pypa/installer or other
[1.911s]         standards-based tools.
[1.911s] 
[1.911s]         See https://blog.ganssle.io/articles/2021/10/setup-py-deprecated.html for details.
[1.911s]         ********************************************************************************
[1.911s] 
[1.912s] !!
[1.912s]   self.initialize_options()
[2.284s] running egg_info
[2.312s] writing planner.egg-info/PKG-INFO
[2.312s] writing dependency_links to planner.egg-info/dependency_links.txt
[2.313s] writing requirements to planner.egg-info/requires.txt
[2.313s] writing top-level names to planner.egg-info/top_level.txt
[2.369s] reading manifest file 'planner.egg-info/SOURCES.txt'
[2.370s] writing manifest file 'planner.egg-info/SOURCES.txt'
[2.399s] running build_ext
[2.400s] Creating /home/giacomo/thesis_ws/install/planner/lib/python3.10/site-packages/planner.egg-link (link to .)
[2.401s] 
[2.401s] Installed /home/giacomo/thesis_ws/build/planner
[2.401s] running install_data
[2.443s] Invoked command in '/home/giacomo/thesis_ws/build/planner' returned '0': PYTHONPATH=/home/giacomo/thesis_ws/build/planner/prefix_override:/home/giacomo/thesis_ws/install/planner/lib/python3.10/site-packages:${PYTHONPATH} /usr/bin/python3 setup.py develop --editable --build-directory /home/giacomo/thesis_ws/build/planner/build --no-deps install_data
