[0.719s] Invoking command in '/home/giacomo/thesis_ws/build/bumper_cars': CMAKE_PREFIX_PATH=/home/giacomo/thesis_ws/install/custom_message:/home/giacomo/thesis_ws/src/install/custom_message:/home/giacomo/thesis_ws/install/custom_interfaces:/home/giacomo/ros2_ws/install/tutorial_interfaces:/home/giacomo/ros2_ws/install/turtlesim LD_LIBRARY_PATH=/home/giacomo/thesis_ws/install/custom_message/lib:/home/giacomo/thesis_ws/src/install/custom_message/lib:/home/giacomo/thesis_ws/install/custom_interfaces/lib:/home/giacomo/ros2_ws/install/tutorial_interfaces/lib:/home/giacomo/ros2_ws/install/turtlesim/lib:/usr/lib/x86_64-linux-gnu/gazebo-11/plugins:/opt/ros/humble/opt/rviz_ogre_vendor/lib:/opt/ros/humble/lib/x86_64-linux-gnu:/opt/ros/humble/lib PYTHONPATH=/home/giacomo/thesis_ws/build/bumper_cars/prefix_override:/home/giacomo/thesis_ws/install/bumper_cars/lib/python3.10/site-packages:${PYTHONPATH} /usr/bin/python3 setup.py develop --editable --build-directory /home/giacomo/thesis_ws/build/bumper_cars/build --no-deps install_data
[1.027s] running develop
[1.027s] /home/giacomo/.local/lib/python3.10/site-packages/setuptools/command/develop.py:40: EasyInstallDeprecationWarning: easy_install command is deprecated.
[1.027s] !!
[1.027s] 
[1.027s]         ********************************************************************************
[1.027s]         Please avoid running ``setup.py`` and ``easy_install``.
[1.028s]         Instead, use pypa/build, pypa/installer or other
[1.028s]         standards-based tools.
[1.028s] 
[1.028s]         See https://github.com/pypa/setuptools/issues/917 for details.
[1.028s]         ********************************************************************************
[1.028s] 
[1.028s] !!
[1.028s]   easy_install.initialize_options(self)
[1.057s] /home/giacomo/.local/lib/python3.10/site-packages/setuptools/_distutils/cmd.py:66: SetuptoolsDeprecationWarning: setup.py install is deprecated.
[1.057s] !!
[1.057s] 
[1.057s]         ********************************************************************************
[1.057s]         Please avoid running ``setup.py`` directly.
[1.057s]         Instead, use pypa/build, pypa/installer or other
[1.057s]         standards-based tools.
[1.057s] 
[1.057s]         See https://blog.ganssle.io/articles/2021/10/setup-py-deprecated.html for details.
[1.057s]         ********************************************************************************
[1.057s] 
[1.057s] !!
[1.057s]   self.initialize_options()
[1.234s] running egg_info
[1.249s] writing bumper_cars.egg-info/PKG-INFO
[1.249s] writing dependency_links to bumper_cars.egg-info/dependency_links.txt
[1.250s] writing entry points to bumper_cars.egg-info/entry_points.txt
[1.250s] writing requirements to bumper_cars.egg-info/requires.txt
[1.250s] writing top-level names to bumper_cars.egg-info/top_level.txt
[1.280s] reading manifest file 'bumper_cars.egg-info/SOURCES.txt'
[1.280s] writing manifest file 'bumper_cars.egg-info/SOURCES.txt'
[1.298s] running build_ext
[1.298s] Creating /home/giacomo/thesis_ws/install/bumper_cars/lib/python3.10/site-packages/bumper-cars.egg-link (link to .)
[1.299s] Installing controller script to /home/giacomo/thesis_ws/install/bumper_cars/lib/bumper_cars
[1.300s] Installing model script to /home/giacomo/thesis_ws/install/bumper_cars/lib/bumper_cars
[1.300s] Installing plotter script to /home/giacomo/thesis_ws/install/bumper_cars/lib/bumper_cars
[1.300s] Installing sensor script to /home/giacomo/thesis_ws/install/bumper_cars/lib/bumper_cars
[1.300s] Installing state_publisher script to /home/giacomo/thesis_ws/install/bumper_cars/lib/bumper_cars
[1.301s] Installing state_subscriber script to /home/giacomo/thesis_ws/install/bumper_cars/lib/bumper_cars
[1.301s] 
[1.301s] Installed /home/giacomo/thesis_ws/build/bumper_cars
[1.301s] running install_data
[1.334s] Invoked command in '/home/giacomo/thesis_ws/build/bumper_cars' returned '0': CMAKE_PREFIX_PATH=/home/giacomo/thesis_ws/install/custom_message:/home/giacomo/thesis_ws/src/install/custom_message:/home/giacomo/thesis_ws/install/custom_interfaces:/home/giacomo/ros2_ws/install/tutorial_interfaces:/home/giacomo/ros2_ws/install/turtlesim LD_LIBRARY_PATH=/home/giacomo/thesis_ws/install/custom_message/lib:/home/giacomo/thesis_ws/src/install/custom_message/lib:/home/giacomo/thesis_ws/install/custom_interfaces/lib:/home/giacomo/ros2_ws/install/tutorial_interfaces/lib:/home/giacomo/ros2_ws/install/turtlesim/lib:/usr/lib/x86_64-linux-gnu/gazebo-11/plugins:/opt/ros/humble/opt/rviz_ogre_vendor/lib:/opt/ros/humble/lib/x86_64-linux-gnu:/opt/ros/humble/lib PYTHONPATH=/home/giacomo/thesis_ws/build/bumper_cars/prefix_override:/home/giacomo/thesis_ws/install/bumper_cars/lib/python3.10/site-packages:${PYTHONPATH} /usr/bin/python3 setup.py develop --editable --build-directory /home/giacomo/thesis_ws/build/bumper_cars/build --no-deps install_data
