[0.291s] Invoking command in '/home/giacomo/thesis_ws/build/custom_message': CMAKE_PREFIX_PATH=${CMAKE_PREFIX_PATH}:/home/giacomo/thesis_ws/install/planner:/home/giacomo/thesis_ws/install/bumper_cars:/home/giacomo/ros2_ws/install/py_pubsub:/home/giacomo/ros2_ws/install/my_robot_controller:/home/giacomo/ros2_ws/install/py_srvcli:/opt/ros/humble /usr/bin/cmake --build /home/giacomo/thesis_ws/build/custom_message -- -j8 -l8
[0.667s] -- Found ament_cmake: 1.3.5 (/opt/ros/humble/share/ament_cmake/cmake)
[0.668s] -- Override CMake install command with custom implementation using symlinks instead of copying resources
[0.669s] -- Found rosidl_default_generators: 1.2.0 (/opt/ros/humble/share/rosidl_default_generators/cmake)
[0.669s] -- Using all available rosidl_typesupport_c: rosidl_typesupport_fastrtps_c;rosidl_typesupport_introspection_c
[0.670s] -- Found rosidl_adapter: 3.1.5 (/opt/ros/humble/share/rosidl_adapter/cmake)
[0.670s] -- Using all available rosidl_typesupport_cpp: rosidl_typesupport_fastrtps_cpp;rosidl_typesupport_introspection_cpp
[1.036s] -- Found ament_cmake_ros: 0.10.0 (/opt/ros/humble/share/ament_cmake_ros/cmake)
[1.288s] -- Using all available rosidl_typesupport_c: rosidl_typesupport_fastrtps_c;rosidl_typesupport_introspection_c
[1.608s] -- Using all available rosidl_typesupport_cpp: rosidl_typesupport_fastrtps_cpp;rosidl_typesupport_introspection_cpp
[1.639s] -- Found python_cmake_module: 0.10.0 (/opt/ros/humble/share/python_cmake_module/cmake)
[1.669s] -- Using PYTHON_EXECUTABLE: /usr/bin/python3
[1.669s] -- Using PYTHON_INCLUDE_DIRS: /usr/include/python3.10
[1.670s] -- Using PYTHON_LIBRARIES: /usr/lib/x86_64-linux-gnu/libpython3.10.so
[1.701s] -- Configuring done
[1.758s] -- Generating done
[1.762s] -- Build files have been written to: /home/giacomo/thesis_ws/build/custom_message
[1.799s] [  1%] [34m[1mGenerating C code for ROS interfaces[0m
[1.815s] [  2%] [34m[1mGenerating C++ code for ROS interfaces[0m
[1.837s] [  2%] Built target ament_cmake_python_symlink_custom_message
[2.201s] running egg_info
[2.232s] writing custom_message.egg-info/PKG-INFO
[2.233s] writing dependency_links to custom_message.egg-info/dependency_links.txt
[2.234s] writing top-level names to custom_message.egg-info/top_level.txt
[2.321s] reading manifest file 'custom_message.egg-info/SOURCES.txt'
[2.322s] writing manifest file 'custom_message.egg-info/SOURCES.txt'
[2.364s] [  2%] Built target ament_cmake_python_build_custom_message_egg
[2.766s] [  2%] Built target custom_message__cpp
[2.787s] [  5%] [34m[1mGenerating C++ introspection for ROS interfaces[0m
[2.787s] [  5%] [34m[1mGenerating C++ type support for eProsima Fast-RTPS[0m
[2.790s] [  5%] [34m[1mGenerating C++ type support dispatch for ROS interfaces[0m
[2.958s] [35m[1mConsolidate compiler generated dependencies of target custom_message__rosidl_generator_c[0m
[2.987s] [  8%] [32mBuilding C object CMakeFiles/custom_message__rosidl_generator_c.dir/rosidl_generator_c/custom_message/msg/detail/control_inputs__functions.c.o[0m
[2.988s] [  9%] [32mBuilding C object CMakeFiles/custom_message__rosidl_generator_c.dir/rosidl_generator_c/custom_message/msg/detail/state__functions.c.o[0m
[2.989s] [ 10%] [32mBuilding C object CMakeFiles/custom_message__rosidl_generator_c.dir/rosidl_generator_c/custom_message/msg/detail/path__functions.c.o[0m
[2.990s] [ 10%] [32mBuilding C object CMakeFiles/custom_message__rosidl_generator_c.dir/rosidl_generator_c/custom_message/msg/detail/full_state__functions.c.o[0m
[3.005s] [ 11%] [32mBuilding C object CMakeFiles/custom_message__rosidl_generator_c.dir/rosidl_generator_c/custom_message/msg/detail/coordinate__functions.c.o[0m
[3.110s] [ 12%] [32mBuilding C object CMakeFiles/custom_message__rosidl_generator_c.dir/rosidl_generator_c/custom_message/msg/detail/multiple_paths__functions.c.o[0m
[3.120s] [ 14%] [32mBuilding C object CMakeFiles/custom_message__rosidl_generator_c.dir/rosidl_generator_c/custom_message/msg/detail/multi_control__functions.c.o[0m
[3.120s] [ 14%] [32mBuilding C object CMakeFiles/custom_message__rosidl_generator_c.dir/rosidl_generator_c/custom_message/msg/detail/multi_state__functions.c.o[0m
[3.227s] [ 16%] [32m[1mLinking C shared library libcustom_message__rosidl_generator_c.so[0m
[3.292s] [ 16%] Built target custom_message__rosidl_generator_c
[3.310s] [ 17%] [34m[1mGenerating C introspection for ROS interfaces[0m
[3.316s] [ 19%] [34m[1mGenerating C type support for eProsima Fast-RTPS[0m
[3.316s] [ 19%] [34m[1mGenerating C type support dispatch for ROS interfaces[0m
[3.850s] [35m[1mConsolidate compiler generated dependencies of target custom_message__rosidl_typesupport_introspection_cpp[0m
[3.882s] [ 20%] [32mBuilding CXX object CMakeFiles/custom_message__rosidl_typesupport_introspection_cpp.dir/rosidl_typesupport_introspection_cpp/custom_message/msg/detail/control_inputs__type_support.cpp.o[0m
[3.887s] [35m[1mConsolidate compiler generated dependencies of target custom_message__rosidl_typesupport_cpp[0m
[3.903s] [ 21%] [32mBuilding CXX object CMakeFiles/custom_message__rosidl_typesupport_introspection_cpp.dir/rosidl_typesupport_introspection_cpp/custom_message/msg/detail/state__type_support.cpp.o[0m
[3.944s] [ 22%] [32mBuilding CXX object CMakeFiles/custom_message__rosidl_typesupport_cpp.dir/rosidl_typesupport_cpp/custom_message/msg/control_inputs__type_support.cpp.o[0m
[3.982s] [ 24%] [32mBuilding CXX object CMakeFiles/custom_message__rosidl_typesupport_cpp.dir/rosidl_typesupport_cpp/custom_message/msg/state__type_support.cpp.o[0m
[4.034s] [35m[1mConsolidate compiler generated dependencies of target custom_message__rosidl_typesupport_fastrtps_cpp[0m
[4.083s] [ 25%] [32mBuilding CXX object CMakeFiles/custom_message__rosidl_typesupport_fastrtps_cpp.dir/rosidl_typesupport_fastrtps_cpp/custom_message/msg/detail/dds_fastrtps/control_inputs__type_support.cpp.o[0m
[4.485s] [35m[1mConsolidate compiler generated dependencies of target custom_message__rosidl_typesupport_c[0m
[4.519s] [ 26%] [32mBuilding CXX object CMakeFiles/custom_message__rosidl_typesupport_c.dir/rosidl_typesupport_c/custom_message/msg/control_inputs__type_support.cpp.o[0m
[4.594s] [ 27%] [32mBuilding CXX object CMakeFiles/custom_message__rosidl_typesupport_c.dir/rosidl_typesupport_c/custom_message/msg/state__type_support.cpp.o[0m
[4.672s] [ 28%] [32mBuilding CXX object CMakeFiles/custom_message__rosidl_typesupport_c.dir/rosidl_typesupport_c/custom_message/msg/full_state__type_support.cpp.o[0m
[4.714s] [ 29%] [32mBuilding CXX object CMakeFiles/custom_message__rosidl_typesupport_introspection_cpp.dir/rosidl_typesupport_introspection_cpp/custom_message/msg/detail/full_state__type_support.cpp.o[0m
[4.749s] [ 31%] [32mBuilding CXX object CMakeFiles/custom_message__rosidl_typesupport_c.dir/rosidl_typesupport_c/custom_message/msg/path__type_support.cpp.o[0m
[4.813s] [ 32%] [32mBuilding CXX object CMakeFiles/custom_message__rosidl_typesupport_cpp.dir/rosidl_typesupport_cpp/custom_message/msg/full_state__type_support.cpp.o[0m
[4.837s] [ 33%] [32mBuilding CXX object CMakeFiles/custom_message__rosidl_typesupport_c.dir/rosidl_typesupport_c/custom_message/msg/coordinate__type_support.cpp.o[0m
[4.915s] [ 34%] [32mBuilding CXX object CMakeFiles/custom_message__rosidl_typesupport_c.dir/rosidl_typesupport_c/custom_message/msg/multiple_paths__type_support.cpp.o[0m
[4.956s] [ 35%] [32mBuilding CXX object CMakeFiles/custom_message__rosidl_typesupport_introspection_cpp.dir/rosidl_typesupport_introspection_cpp/custom_message/msg/detail/path__type_support.cpp.o[0m
[4.982s] [ 36%] [32mBuilding CXX object CMakeFiles/custom_message__rosidl_typesupport_introspection_cpp.dir/rosidl_typesupport_introspection_cpp/custom_message/msg/detail/coordinate__type_support.cpp.o[0m
[4.997s] [ 37%] [32mBuilding CXX object CMakeFiles/custom_message__rosidl_typesupport_c.dir/rosidl_typesupport_c/custom_message/msg/multi_state__type_support.cpp.o[0m
[5.077s] [ 39%] [32mBuilding CXX object CMakeFiles/custom_message__rosidl_typesupport_c.dir/rosidl_typesupport_c/custom_message/msg/multi_control__type_support.cpp.o[0m
[5.099s] [35m[1mConsolidate compiler generated dependencies of target custom_message__rosidl_typesupport_introspection_c[0m
[5.141s] [ 40%] [32mBuilding C object CMakeFiles/custom_message__rosidl_typesupport_introspection_c.dir/rosidl_typesupport_introspection_c/custom_message/msg/detail/control_inputs__type_support.c.o[0m
[5.147s] [ 41%] [32mBuilding CXX object CMakeFiles/custom_message__rosidl_typesupport_fastrtps_cpp.dir/rosidl_typesupport_fastrtps_cpp/custom_message/msg/detail/dds_fastrtps/state__type_support.cpp.o[0m
[5.167s] [ 42%] [32m[1mLinking CXX shared library libcustom_message__rosidl_typesupport_c.so[0m
[5.242s] [ 43%] [32mBuilding C object CMakeFiles/custom_message__rosidl_typesupport_introspection_c.dir/rosidl_typesupport_introspection_c/custom_message/msg/detail/state__type_support.c.o[0m
[5.255s] [35m[1mConsolidate compiler generated dependencies of target custom_message__rosidl_typesupport_fastrtps_c[0m
[5.280s] [ 43%] Built target custom_message__rosidl_typesupport_c
[5.303s] [ 44%] [32mBuilding C object CMakeFiles/custom_message__rosidl_typesupport_introspection_c.dir/rosidl_typesupport_introspection_c/custom_message/msg/detail/full_state__type_support.c.o[0m
[5.336s] [ 45%] [32mBuilding C object CMakeFiles/custom_message__rosidl_typesupport_introspection_c.dir/rosidl_typesupport_introspection_c/custom_message/msg/detail/path__type_support.c.o[0m
[5.352s] [ 47%] [32mBuilding CXX object CMakeFiles/custom_message__rosidl_typesupport_fastrtps_c.dir/rosidl_typesupport_fastrtps_c/custom_message/msg/detail/control_inputs__type_support_c.cpp.o[0m
[5.392s] [ 48%] [32mBuilding C object CMakeFiles/custom_message__rosidl_typesupport_introspection_c.dir/rosidl_typesupport_introspection_c/custom_message/msg/detail/coordinate__type_support.c.o[0m
[5.442s] [ 49%] [32mBuilding C object CMakeFiles/custom_message__rosidl_typesupport_introspection_c.dir/rosidl_typesupport_introspection_c/custom_message/msg/detail/multiple_paths__type_support.c.o[0m
[5.491s] [ 50%] [32mBuilding C object CMakeFiles/custom_message__rosidl_typesupport_introspection_c.dir/rosidl_typesupport_introspection_c/custom_message/msg/detail/multi_state__type_support.c.o[0m
[5.529s] [ 51%] [32mBuilding CXX object CMakeFiles/custom_message__rosidl_typesupport_cpp.dir/rosidl_typesupport_cpp/custom_message/msg/path__type_support.cpp.o[0m
[5.558s] [ 52%] [32mBuilding CXX object CMakeFiles/custom_message__rosidl_typesupport_fastrtps_cpp.dir/rosidl_typesupport_fastrtps_cpp/custom_message/msg/detail/dds_fastrtps/full_state__type_support.cpp.o[0m
[5.600s] [ 54%] [32mBuilding C object CMakeFiles/custom_message__rosidl_typesupport_introspection_c.dir/rosidl_typesupport_introspection_c/custom_message/msg/detail/multi_control__type_support.c.o[0m
[5.702s] [ 55%] [32m[1mLinking C shared library libcustom_message__rosidl_typesupport_introspection_c.so[0m
[5.799s] [ 55%] Built target custom_message__rosidl_typesupport_introspection_c
[5.818s] [ 56%] [32mBuilding CXX object CMakeFiles/custom_message__rosidl_typesupport_introspection_cpp.dir/rosidl_typesupport_introspection_cpp/custom_message/msg/detail/multiple_paths__type_support.cpp.o[0m
[5.825s] [ 57%] [32mBuilding CXX object CMakeFiles/custom_message__rosidl_typesupport_introspection_cpp.dir/rosidl_typesupport_introspection_cpp/custom_message/msg/detail/multi_state__type_support.cpp.o[0m
[5.993s] [ 58%] [32mBuilding CXX object CMakeFiles/custom_message__rosidl_typesupport_introspection_cpp.dir/rosidl_typesupport_introspection_cpp/custom_message/msg/detail/multi_control__type_support.cpp.o[0m
[6.091s] [ 59%] [32mBuilding CXX object CMakeFiles/custom_message__rosidl_typesupport_fastrtps_cpp.dir/rosidl_typesupport_fastrtps_cpp/custom_message/msg/detail/dds_fastrtps/path__type_support.cpp.o[0m
[6.238s] [ 60%] [32mBuilding CXX object CMakeFiles/custom_message__rosidl_typesupport_cpp.dir/rosidl_typesupport_cpp/custom_message/msg/coordinate__type_support.cpp.o[0m
[6.287s] [ 62%] [32mBuilding CXX object CMakeFiles/custom_message__rosidl_typesupport_fastrtps_cpp.dir/rosidl_typesupport_fastrtps_cpp/custom_message/msg/detail/dds_fastrtps/coordinate__type_support.cpp.o[0m
[6.347s] [ 63%] [32mBuilding CXX object CMakeFiles/custom_message__rosidl_typesupport_fastrtps_c.dir/rosidl_typesupport_fastrtps_c/custom_message/msg/detail/state__type_support_c.cpp.o[0m
[6.616s] [ 64%] [32mBuilding CXX object CMakeFiles/custom_message__rosidl_typesupport_fastrtps_cpp.dir/rosidl_typesupport_fastrtps_cpp/custom_message/msg/detail/dds_fastrtps/multiple_paths__type_support.cpp.o[0m
[6.940s] [ 65%] [32mBuilding CXX object CMakeFiles/custom_message__rosidl_typesupport_cpp.dir/rosidl_typesupport_cpp/custom_message/msg/multiple_paths__type_support.cpp.o[0m
[7.047s] [ 66%] [32mBuilding CXX object CMakeFiles/custom_message__rosidl_typesupport_cpp.dir/rosidl_typesupport_cpp/custom_message/msg/multi_state__type_support.cpp.o[0m
[7.085s] [ 67%] [32mBuilding CXX object CMakeFiles/custom_message__rosidl_typesupport_cpp.dir/rosidl_typesupport_cpp/custom_message/msg/multi_control__type_support.cpp.o[0m
[7.112s] [ 68%] [32m[1mLinking CXX shared library libcustom_message__rosidl_typesupport_introspection_cpp.so[0m
[7.239s] [ 70%] [32mBuilding CXX object CMakeFiles/custom_message__rosidl_typesupport_fastrtps_cpp.dir/rosidl_typesupport_fastrtps_cpp/custom_message/msg/detail/dds_fastrtps/multi_state__type_support.cpp.o[0m
[7.307s] [ 71%] [32mBuilding CXX object CMakeFiles/custom_message__rosidl_typesupport_fastrtps_c.dir/rosidl_typesupport_fastrtps_c/custom_message/msg/detail/full_state__type_support_c.cpp.o[0m
[7.339s] [ 71%] Built target custom_message__rosidl_typesupport_introspection_cpp
[7.345s] [ 72%] [32mBuilding CXX object CMakeFiles/custom_message__rosidl_typesupport_fastrtps_cpp.dir/rosidl_typesupport_fastrtps_cpp/custom_message/msg/detail/dds_fastrtps/multi_control__type_support.cpp.o[0m
[7.362s] [ 73%] [32mBuilding CXX object CMakeFiles/custom_message__rosidl_typesupport_fastrtps_c.dir/rosidl_typesupport_fastrtps_c/custom_message/msg/detail/path__type_support_c.cpp.o[0m
[7.669s] [ 74%] [32mBuilding CXX object CMakeFiles/custom_message__rosidl_typesupport_fastrtps_c.dir/rosidl_typesupport_fastrtps_c/custom_message/msg/detail/coordinate__type_support_c.cpp.o[0m
[7.852s] [ 75%] [32mBuilding CXX object CMakeFiles/custom_message__rosidl_typesupport_fastrtps_c.dir/rosidl_typesupport_fastrtps_c/custom_message/msg/detail/multiple_paths__type_support_c.cpp.o[0m
[7.858s] [ 77%] [32mBuilding CXX object CMakeFiles/custom_message__rosidl_typesupport_fastrtps_c.dir/rosidl_typesupport_fastrtps_c/custom_message/msg/detail/multi_state__type_support_c.cpp.o[0m
[7.872s] [ 78%] [32m[1mLinking CXX shared library libcustom_message__rosidl_typesupport_cpp.so[0m
[7.991s] [ 78%] Built target custom_message__rosidl_typesupport_cpp
[8.014s] [ 79%] [32mBuilding CXX object CMakeFiles/custom_message__rosidl_typesupport_fastrtps_c.dir/rosidl_typesupport_fastrtps_c/custom_message/msg/detail/multi_control__type_support_c.cpp.o[0m
[8.499s] [ 80%] [32m[1mLinking CXX shared library libcustom_message__rosidl_typesupport_fastrtps_cpp.so[0m
[8.706s] [ 80%] Built target custom_message__rosidl_typesupport_fastrtps_cpp
[8.785s] [ 81%] [32m[1mLinking CXX shared library libcustom_message__rosidl_typesupport_fastrtps_c.so[0m
[8.938s] [ 81%] Built target custom_message__rosidl_typesupport_fastrtps_c
[8.970s] [ 81%] Built target custom_message
[9.001s] [ 82%] [34m[1mGenerating Python code for ROS interfaces[0m
[11.015s] [ 82%] Built target custom_message__py
[11.037s] [35m[1mConsolidate compiler generated dependencies of target custom_message__rosidl_generator_py[0m
[11.086s] [ 83%] [32mBuilding C object CMakeFiles/custom_message__rosidl_generator_py.dir/rosidl_generator_py/custom_message/msg/_control_inputs_s.c.o[0m
[11.088s] [ 85%] [32mBuilding C object CMakeFiles/custom_message__rosidl_generator_py.dir/rosidl_generator_py/custom_message/msg/_full_state_s.c.o[0m
[11.097s] [ 86%] [32mBuilding C object CMakeFiles/custom_message__rosidl_generator_py.dir/rosidl_generator_py/custom_message/msg/_coordinate_s.c.o[0m
[11.097s] [ 87%] [32mBuilding C object CMakeFiles/custom_message__rosidl_generator_py.dir/rosidl_generator_py/custom_message/msg/_multi_control_s.c.o[0m
[11.100s] [ 88%] [32mBuilding C object CMakeFiles/custom_message__rosidl_generator_py.dir/rosidl_generator_py/custom_message/msg/_state_s.c.o[0m
[11.106s] [ 89%] [32mBuilding C object CMakeFiles/custom_message__rosidl_generator_py.dir/rosidl_generator_py/custom_message/msg/_multiple_paths_s.c.o[0m
[11.129s] [ 90%] [32mBuilding C object CMakeFiles/custom_message__rosidl_generator_py.dir/rosidl_generator_py/custom_message/msg/_multi_state_s.c.o[0m
[11.155s] [ 91%] [32mBuilding C object CMakeFiles/custom_message__rosidl_generator_py.dir/rosidl_generator_py/custom_message/msg/_path_s.c.o[0m
[11.577s] [ 93%] [32m[1mLinking C shared library rosidl_generator_py/custom_message/libcustom_message__rosidl_generator_py.so[0m
[11.661s] [ 93%] Built target custom_message__rosidl_generator_py
[11.684s] [35m[1mConsolidate compiler generated dependencies of target custom_message__rosidl_typesupport_introspection_c__pyext[0m
[11.691s] [35m[1mConsolidate compiler generated dependencies of target custom_message__rosidl_typesupport_c__pyext[0m
[11.691s] [35m[1mConsolidate compiler generated dependencies of target custom_message__rosidl_typesupport_fastrtps_c__pyext[0m
[11.719s] [ 94%] [32mBuilding C object CMakeFiles/custom_message__rosidl_typesupport_introspection_c__pyext.dir/rosidl_generator_py/custom_message/_custom_message_s.ep.rosidl_typesupport_introspection_c.c.o[0m
[11.721s] [ 96%] [32mBuilding C object CMakeFiles/custom_message__rosidl_typesupport_fastrtps_c__pyext.dir/rosidl_generator_py/custom_message/_custom_message_s.ep.rosidl_typesupport_fastrtps_c.c.o[0m
[11.722s] [ 96%] [32mBuilding C object CMakeFiles/custom_message__rosidl_typesupport_c__pyext.dir/rosidl_generator_py/custom_message/_custom_message_s.ep.rosidl_typesupport_c.c.o[0m
[11.997s] [ 97%] [32m[1mLinking C shared library rosidl_generator_py/custom_message/custom_message_s__rosidl_typesupport_introspection_c.cpython-310-x86_64-linux-gnu.so[0m
[12.027s] [ 98%] [32m[1mLinking C shared library rosidl_generator_py/custom_message/custom_message_s__rosidl_typesupport_c.cpython-310-x86_64-linux-gnu.so[0m
[12.048s] [100%] [32m[1mLinking C shared library rosidl_generator_py/custom_message/custom_message_s__rosidl_typesupport_fastrtps_c.cpython-310-x86_64-linux-gnu.so[0m
[12.080s] [100%] Built target custom_message__rosidl_typesupport_introspection_c__pyext
[12.109s] [100%] Built target custom_message__rosidl_typesupport_c__pyext
[12.128s] [100%] Built target custom_message__rosidl_typesupport_fastrtps_c__pyext
[12.146s] Invoked command in '/home/giacomo/thesis_ws/build/custom_message' returned '0': CMAKE_PREFIX_PATH=${CMAKE_PREFIX_PATH}:/home/giacomo/thesis_ws/install/planner:/home/giacomo/thesis_ws/install/bumper_cars:/home/giacomo/ros2_ws/install/py_pubsub:/home/giacomo/ros2_ws/install/my_robot_controller:/home/giacomo/ros2_ws/install/py_srvcli:/opt/ros/humble /usr/bin/cmake --build /home/giacomo/thesis_ws/build/custom_message -- -j8 -l8
[12.512s] Invoking command in '/home/giacomo/thesis_ws/build/custom_message': CMAKE_PREFIX_PATH=${CMAKE_PREFIX_PATH}:/home/giacomo/thesis_ws/install/planner:/home/giacomo/thesis_ws/install/bumper_cars:/home/giacomo/ros2_ws/install/py_pubsub:/home/giacomo/ros2_ws/install/my_robot_controller:/home/giacomo/ros2_ws/install/py_srvcli:/opt/ros/humble /usr/bin/cmake --install /home/giacomo/thesis_ws/build/custom_message
[12.526s] -- Install configuration: ""
[12.527s] -- Execute custom install script
[12.528s] -- Up-to-date symlink: /home/giacomo/thesis_ws/install/custom_message/share/ament_index/resource_index/rosidl_interfaces/custom_message
[12.530s] -- Up-to-date symlink: /home/giacomo/thesis_ws/install/custom_message/include/custom_message/custom_message/msg/control_inputs.h
[12.530s] -- Up-to-date symlink: /home/giacomo/thesis_ws/install/custom_message/include/custom_message/custom_message/msg/coordinate.h
[12.530s] -- Up-to-date symlink: /home/giacomo/thesis_ws/install/custom_message/include/custom_message/custom_message/msg/detail/control_inputs__functions.h
[12.531s] -- Up-to-date symlink: /home/giacomo/thesis_ws/install/custom_message/include/custom_message/custom_message/msg/detail/control_inputs__struct.h
[12.531s] -- Up-to-date symlink: /home/giacomo/thesis_ws/install/custom_message/include/custom_message/custom_message/msg/detail/control_inputs__type_support.h
[12.531s] -- Up-to-date symlink: /home/giacomo/thesis_ws/install/custom_message/include/custom_message/custom_message/msg/detail/coordinate__functions.h
[12.532s] -- Up-to-date symlink: /home/giacomo/thesis_ws/install/custom_message/include/custom_message/custom_message/msg/detail/coordinate__struct.h
[12.532s] -- Up-to-date symlink: /home/giacomo/thesis_ws/install/custom_message/include/custom_message/custom_message/msg/detail/coordinate__type_support.h
[12.532s] -- Up-to-date symlink: /home/giacomo/thesis_ws/install/custom_message/include/custom_message/custom_message/msg/detail/full_state__functions.h
[12.533s] -- Up-to-date symlink: /home/giacomo/thesis_ws/install/custom_message/include/custom_message/custom_message/msg/detail/full_state__struct.h
[12.533s] -- Up-to-date symlink: /home/giacomo/thesis_ws/install/custom_message/include/custom_message/custom_message/msg/detail/full_state__type_support.h
[12.533s] -- Symlinking: /home/giacomo/thesis_ws/install/custom_message/include/custom_message/custom_message/msg/detail/multi_control__functions.h
[12.553s] -- Symlinking: /home/giacomo/thesis_ws/install/custom_message/include/custom_message/custom_message/msg/detail/multi_control__struct.h
[12.570s] -- Symlinking: /home/giacomo/thesis_ws/install/custom_message/include/custom_message/custom_message/msg/detail/multi_control__type_support.h
[12.590s] -- Up-to-date symlink: /home/giacomo/thesis_ws/install/custom_message/include/custom_message/custom_message/msg/detail/multi_state__functions.h
[12.591s] -- Up-to-date symlink: /home/giacomo/thesis_ws/install/custom_message/include/custom_message/custom_message/msg/detail/multi_state__struct.h
[12.591s] -- Up-to-date symlink: /home/giacomo/thesis_ws/install/custom_message/include/custom_message/custom_message/msg/detail/multi_state__type_support.h
[12.591s] -- Up-to-date symlink: /home/giacomo/thesis_ws/install/custom_message/include/custom_message/custom_message/msg/detail/multiple_paths__functions.h
[12.592s] -- Up-to-date symlink: /home/giacomo/thesis_ws/install/custom_message/include/custom_message/custom_message/msg/detail/multiple_paths__struct.h
[12.592s] -- Up-to-date symlink: /home/giacomo/thesis_ws/install/custom_message/include/custom_message/custom_message/msg/detail/multiple_paths__type_support.h
[12.592s] -- Up-to-date symlink: /home/giacomo/thesis_ws/install/custom_message/include/custom_message/custom_message/msg/detail/path__functions.h
[12.593s] -- Up-to-date symlink: /home/giacomo/thesis_ws/install/custom_message/include/custom_message/custom_message/msg/detail/path__struct.h
[12.593s] -- Up-to-date symlink: /home/giacomo/thesis_ws/install/custom_message/include/custom_message/custom_message/msg/detail/path__type_support.h
[12.593s] -- Up-to-date symlink: /home/giacomo/thesis_ws/install/custom_message/include/custom_message/custom_message/msg/detail/state__functions.h
[12.593s] -- Up-to-date symlink: /home/giacomo/thesis_ws/install/custom_message/include/custom_message/custom_message/msg/detail/state__struct.h
[12.594s] -- Up-to-date symlink: /home/giacomo/thesis_ws/install/custom_message/include/custom_message/custom_message/msg/detail/state__type_support.h
[12.594s] -- Up-to-date symlink: /home/giacomo/thesis_ws/install/custom_message/include/custom_message/custom_message/msg/full_state.h
[12.594s] -- Symlinking: /home/giacomo/thesis_ws/install/custom_message/include/custom_message/custom_message/msg/multi_control.h
[12.610s] -- Up-to-date symlink: /home/giacomo/thesis_ws/install/custom_message/include/custom_message/custom_message/msg/multi_state.h
[12.611s] -- Up-to-date symlink: /home/giacomo/thesis_ws/install/custom_message/include/custom_message/custom_message/msg/multiple_paths.h
[12.612s] -- Up-to-date symlink: /home/giacomo/thesis_ws/install/custom_message/include/custom_message/custom_message/msg/path.h
[12.612s] -- Up-to-date symlink: /home/giacomo/thesis_ws/install/custom_message/include/custom_message/custom_message/msg/rosidl_generator_c__visibility_control.h
[12.612s] -- Up-to-date symlink: /home/giacomo/thesis_ws/install/custom_message/include/custom_message/custom_message/msg/state.h
[12.612s] -- Up-to-date symlink: /home/giacomo/thesis_ws/install/custom_message/share/custom_message/environment/library_path.sh
[12.612s] -- Up-to-date symlink: /home/giacomo/thesis_ws/install/custom_message/share/custom_message/environment/library_path.dsv
[12.613s] -- Up-to-date symlink: /home/giacomo/thesis_ws/install/custom_message/include/custom_message/custom_message/msg/detail/control_inputs__rosidl_typesupport_fastrtps_c.h
[12.614s] -- Up-to-date symlink: /home/giacomo/thesis_ws/install/custom_message/include/custom_message/custom_message/msg/detail/coordinate__rosidl_typesupport_fastrtps_c.h
[12.614s] -- Up-to-date symlink: /home/giacomo/thesis_ws/install/custom_message/include/custom_message/custom_message/msg/detail/full_state__rosidl_typesupport_fastrtps_c.h
[12.614s] -- Symlinking: /home/giacomo/thesis_ws/install/custom_message/include/custom_message/custom_message/msg/detail/multi_control__rosidl_typesupport_fastrtps_c.h
[12.632s] -- Up-to-date symlink: /home/giacomo/thesis_ws/install/custom_message/include/custom_message/custom_message/msg/detail/multi_state__rosidl_typesupport_fastrtps_c.h
[12.632s] -- Up-to-date symlink: /home/giacomo/thesis_ws/install/custom_message/include/custom_message/custom_message/msg/detail/multiple_paths__rosidl_typesupport_fastrtps_c.h
[12.632s] -- Up-to-date symlink: /home/giacomo/thesis_ws/install/custom_message/include/custom_message/custom_message/msg/detail/path__rosidl_typesupport_fastrtps_c.h
[12.633s] -- Up-to-date symlink: /home/giacomo/thesis_ws/install/custom_message/include/custom_message/custom_message/msg/detail/state__rosidl_typesupport_fastrtps_c.h
[12.633s] -- Up-to-date symlink: /home/giacomo/thesis_ws/install/custom_message/include/custom_message/custom_message/msg/rosidl_typesupport_fastrtps_c__visibility_control.h
[12.634s] -- Up-to-date symlink: /home/giacomo/thesis_ws/install/custom_message/include/custom_message/custom_message/msg/detail/control_inputs__rosidl_typesupport_introspection_c.h
[12.634s] -- Up-to-date symlink: /home/giacomo/thesis_ws/install/custom_message/include/custom_message/custom_message/msg/detail/coordinate__rosidl_typesupport_introspection_c.h
[12.635s] -- Up-to-date symlink: /home/giacomo/thesis_ws/install/custom_message/include/custom_message/custom_message/msg/detail/full_state__rosidl_typesupport_introspection_c.h
[12.635s] -- Symlinking: /home/giacomo/thesis_ws/install/custom_message/include/custom_message/custom_message/msg/detail/multi_control__rosidl_typesupport_introspection_c.h
[12.652s] -- Up-to-date symlink: /home/giacomo/thesis_ws/install/custom_message/include/custom_message/custom_message/msg/detail/multi_state__rosidl_typesupport_introspection_c.h
[12.653s] -- Up-to-date symlink: /home/giacomo/thesis_ws/install/custom_message/include/custom_message/custom_message/msg/detail/multiple_paths__rosidl_typesupport_introspection_c.h
[12.653s] -- Up-to-date symlink: /home/giacomo/thesis_ws/install/custom_message/include/custom_message/custom_message/msg/detail/path__rosidl_typesupport_introspection_c.h
[12.653s] -- Up-to-date symlink: /home/giacomo/thesis_ws/install/custom_message/include/custom_message/custom_message/msg/detail/state__rosidl_typesupport_introspection_c.h
[12.654s] -- Up-to-date symlink: /home/giacomo/thesis_ws/install/custom_message/include/custom_message/custom_message/msg/rosidl_typesupport_introspection_c__visibility_control.h
[12.655s] -- Up-to-date symlink: /home/giacomo/thesis_ws/install/custom_message/include/custom_message/custom_message/msg/control_inputs.hpp
[12.655s] -- Up-to-date symlink: /home/giacomo/thesis_ws/install/custom_message/include/custom_message/custom_message/msg/coordinate.hpp
[12.656s] -- Up-to-date symlink: /home/giacomo/thesis_ws/install/custom_message/include/custom_message/custom_message/msg/detail/control_inputs__builder.hpp
[12.656s] -- Up-to-date symlink: /home/giacomo/thesis_ws/install/custom_message/include/custom_message/custom_message/msg/detail/control_inputs__struct.hpp
[12.656s] -- Up-to-date symlink: /home/giacomo/thesis_ws/install/custom_message/include/custom_message/custom_message/msg/detail/control_inputs__traits.hpp
[12.657s] -- Up-to-date symlink: /home/giacomo/thesis_ws/install/custom_message/include/custom_message/custom_message/msg/detail/coordinate__builder.hpp
[12.657s] -- Up-to-date symlink: /home/giacomo/thesis_ws/install/custom_message/include/custom_message/custom_message/msg/detail/coordinate__struct.hpp
[12.657s] -- Up-to-date symlink: /home/giacomo/thesis_ws/install/custom_message/include/custom_message/custom_message/msg/detail/coordinate__traits.hpp
[12.658s] -- Up-to-date symlink: /home/giacomo/thesis_ws/install/custom_message/include/custom_message/custom_message/msg/detail/full_state__builder.hpp
[12.658s] -- Up-to-date symlink: /home/giacomo/thesis_ws/install/custom_message/include/custom_message/custom_message/msg/detail/full_state__struct.hpp
[12.658s] -- Up-to-date symlink: /home/giacomo/thesis_ws/install/custom_message/include/custom_message/custom_message/msg/detail/full_state__traits.hpp
[12.658s] -- Symlinking: /home/giacomo/thesis_ws/install/custom_message/include/custom_message/custom_message/msg/detail/multi_control__builder.hpp
[12.675s] -- Symlinking: /home/giacomo/thesis_ws/install/custom_message/include/custom_message/custom_message/msg/detail/multi_control__struct.hpp
[12.690s] -- Symlinking: /home/giacomo/thesis_ws/install/custom_message/include/custom_message/custom_message/msg/detail/multi_control__traits.hpp
[12.705s] -- Up-to-date symlink: /home/giacomo/thesis_ws/install/custom_message/include/custom_message/custom_message/msg/detail/multi_state__builder.hpp
[12.706s] -- Up-to-date symlink: /home/giacomo/thesis_ws/install/custom_message/include/custom_message/custom_message/msg/detail/multi_state__struct.hpp
[12.706s] -- Up-to-date symlink: /home/giacomo/thesis_ws/install/custom_message/include/custom_message/custom_message/msg/detail/multi_state__traits.hpp
[12.707s] -- Up-to-date symlink: /home/giacomo/thesis_ws/install/custom_message/include/custom_message/custom_message/msg/detail/multiple_paths__builder.hpp
[12.707s] -- Up-to-date symlink: /home/giacomo/thesis_ws/install/custom_message/include/custom_message/custom_message/msg/detail/multiple_paths__struct.hpp
[12.707s] -- Up-to-date symlink: /home/giacomo/thesis_ws/install/custom_message/include/custom_message/custom_message/msg/detail/multiple_paths__traits.hpp
[12.707s] -- Up-to-date symlink: /home/giacomo/thesis_ws/install/custom_message/include/custom_message/custom_message/msg/detail/path__builder.hpp
[12.708s] -- Up-to-date symlink: /home/giacomo/thesis_ws/install/custom_message/include/custom_message/custom_message/msg/detail/path__struct.hpp
[12.708s] -- Up-to-date symlink: /home/giacomo/thesis_ws/install/custom_message/include/custom_message/custom_message/msg/detail/path__traits.hpp
[12.708s] -- Up-to-date symlink: /home/giacomo/thesis_ws/install/custom_message/include/custom_message/custom_message/msg/detail/state__builder.hpp
[12.709s] -- Up-to-date symlink: /home/giacomo/thesis_ws/install/custom_message/include/custom_message/custom_message/msg/detail/state__struct.hpp
[12.710s] -- Up-to-date symlink: /home/giacomo/thesis_ws/install/custom_message/include/custom_message/custom_message/msg/detail/state__traits.hpp
[12.711s] -- Up-to-date symlink: /home/giacomo/thesis_ws/install/custom_message/include/custom_message/custom_message/msg/full_state.hpp
[12.711s] -- Symlinking: /home/giacomo/thesis_ws/install/custom_message/include/custom_message/custom_message/msg/multi_control.hpp
[12.731s] -- Up-to-date symlink: /home/giacomo/thesis_ws/install/custom_message/include/custom_message/custom_message/msg/multi_state.hpp
[12.731s] -- Up-to-date symlink: /home/giacomo/thesis_ws/install/custom_message/include/custom_message/custom_message/msg/multiple_paths.hpp
[12.731s] -- Up-to-date symlink: /home/giacomo/thesis_ws/install/custom_message/include/custom_message/custom_message/msg/path.hpp
[12.731s] -- Up-to-date symlink: /home/giacomo/thesis_ws/install/custom_message/include/custom_message/custom_message/msg/state.hpp
[12.733s] -- Up-to-date symlink: /home/giacomo/thesis_ws/install/custom_message/include/custom_message/custom_message/msg/detail/control_inputs__rosidl_typesupport_fastrtps_cpp.hpp
[12.733s] -- Up-to-date symlink: /home/giacomo/thesis_ws/install/custom_message/include/custom_message/custom_message/msg/detail/coordinate__rosidl_typesupport_fastrtps_cpp.hpp
[12.734s] -- Up-to-date symlink: /home/giacomo/thesis_ws/install/custom_message/include/custom_message/custom_message/msg/detail/full_state__rosidl_typesupport_fastrtps_cpp.hpp
[12.734s] -- Symlinking: /home/giacomo/thesis_ws/install/custom_message/include/custom_message/custom_message/msg/detail/multi_control__rosidl_typesupport_fastrtps_cpp.hpp
[12.755s] -- Up-to-date symlink: /home/giacomo/thesis_ws/install/custom_message/include/custom_message/custom_message/msg/detail/multi_state__rosidl_typesupport_fastrtps_cpp.hpp
[12.756s] -- Up-to-date symlink: /home/giacomo/thesis_ws/install/custom_message/include/custom_message/custom_message/msg/detail/multiple_paths__rosidl_typesupport_fastrtps_cpp.hpp
[12.756s] -- Up-to-date symlink: /home/giacomo/thesis_ws/install/custom_message/include/custom_message/custom_message/msg/detail/path__rosidl_typesupport_fastrtps_cpp.hpp
[12.757s] -- Up-to-date symlink: /home/giacomo/thesis_ws/install/custom_message/include/custom_message/custom_message/msg/detail/state__rosidl_typesupport_fastrtps_cpp.hpp
[12.757s] -- Up-to-date symlink: /home/giacomo/thesis_ws/install/custom_message/include/custom_message/custom_message/msg/rosidl_typesupport_fastrtps_cpp__visibility_control.h
[12.757s] -- Up-to-date symlink: /home/giacomo/thesis_ws/install/custom_message/include/custom_message/custom_message/msg/detail/control_inputs__rosidl_typesupport_introspection_cpp.hpp
[12.757s] -- Up-to-date symlink: /home/giacomo/thesis_ws/install/custom_message/include/custom_message/custom_message/msg/detail/coordinate__rosidl_typesupport_introspection_cpp.hpp
[12.758s] -- Up-to-date symlink: /home/giacomo/thesis_ws/install/custom_message/include/custom_message/custom_message/msg/detail/full_state__rosidl_typesupport_introspection_cpp.hpp
[12.758s] -- Symlinking: /home/giacomo/thesis_ws/install/custom_message/include/custom_message/custom_message/msg/detail/multi_control__rosidl_typesupport_introspection_cpp.hpp
[12.779s] -- Up-to-date symlink: /home/giacomo/thesis_ws/install/custom_message/include/custom_message/custom_message/msg/detail/multi_state__rosidl_typesupport_introspection_cpp.hpp
[12.780s] -- Up-to-date symlink: /home/giacomo/thesis_ws/install/custom_message/include/custom_message/custom_message/msg/detail/multiple_paths__rosidl_typesupport_introspection_cpp.hpp
[12.780s] -- Up-to-date symlink: /home/giacomo/thesis_ws/install/custom_message/include/custom_message/custom_message/msg/detail/path__rosidl_typesupport_introspection_cpp.hpp
[12.781s] -- Up-to-date symlink: /home/giacomo/thesis_ws/install/custom_message/include/custom_message/custom_message/msg/detail/state__rosidl_typesupport_introspection_cpp.hpp
[12.782s] -- Up-to-date symlink: /home/giacomo/thesis_ws/install/custom_message/share/custom_message/environment/pythonpath.sh
[12.782s] -- Up-to-date symlink: /home/giacomo/thesis_ws/install/custom_message/share/custom_message/environment/pythonpath.dsv
[12.783s] -- Up-to-date symlink: /home/giacomo/thesis_ws/install/custom_message/local/lib/python3.10/dist-packages/custom_message-0.0.0-py3.10.egg-info/PKG-INFO
[12.783s] -- Up-to-date symlink: /home/giacomo/thesis_ws/install/custom_message/local/lib/python3.10/dist-packages/custom_message-0.0.0-py3.10.egg-info/SOURCES.txt
[12.784s] -- Up-to-date symlink: /home/giacomo/thesis_ws/install/custom_message/local/lib/python3.10/dist-packages/custom_message-0.0.0-py3.10.egg-info/dependency_links.txt
[12.784s] -- Up-to-date symlink: /home/giacomo/thesis_ws/install/custom_message/local/lib/python3.10/dist-packages/custom_message-0.0.0-py3.10.egg-info/top_level.txt
[12.787s] -- Up-to-date symlink: /home/giacomo/thesis_ws/install/custom_message/local/lib/python3.10/dist-packages/custom_message/__init__.py
[12.787s] -- Up-to-date symlink: /home/giacomo/thesis_ws/install/custom_message/local/lib/python3.10/dist-packages/custom_message/_custom_message_s.ep.rosidl_typesupport_c.c
[12.787s] -- Up-to-date symlink: /home/giacomo/thesis_ws/install/custom_message/local/lib/python3.10/dist-packages/custom_message/_custom_message_s.ep.rosidl_typesupport_fastrtps_c.c
[12.788s] -- Up-to-date symlink: /home/giacomo/thesis_ws/install/custom_message/local/lib/python3.10/dist-packages/custom_message/_custom_message_s.ep.rosidl_typesupport_introspection_c.c
[12.788s] -- Up-to-date symlink: /home/giacomo/thesis_ws/install/custom_message/local/lib/python3.10/dist-packages/custom_message/custom_message_s__rosidl_typesupport_c.cpython-310-x86_64-linux-gnu.so
[12.788s] -- Up-to-date symlink: /home/giacomo/thesis_ws/install/custom_message/local/lib/python3.10/dist-packages/custom_message/custom_message_s__rosidl_typesupport_fastrtps_c.cpython-310-x86_64-linux-gnu.so
[12.789s] -- Up-to-date symlink: /home/giacomo/thesis_ws/install/custom_message/local/lib/python3.10/dist-packages/custom_message/custom_message_s__rosidl_typesupport_introspection_c.cpython-310-x86_64-linux-gnu.so
[12.789s] -- Up-to-date symlink: /home/giacomo/thesis_ws/install/custom_message/local/lib/python3.10/dist-packages/custom_message/libcustom_message__rosidl_generator_py.so
[12.790s] -- Up-to-date symlink: /home/giacomo/thesis_ws/install/custom_message/local/lib/python3.10/dist-packages/custom_message/msg/__init__.py
[12.790s] -- Up-to-date symlink: /home/giacomo/thesis_ws/install/custom_message/local/lib/python3.10/dist-packages/custom_message/msg/_control_inputs.py
[12.790s] -- Up-to-date symlink: /home/giacomo/thesis_ws/install/custom_message/local/lib/python3.10/dist-packages/custom_message/msg/_control_inputs_s.c
[12.790s] -- Up-to-date symlink: /home/giacomo/thesis_ws/install/custom_message/local/lib/python3.10/dist-packages/custom_message/msg/_coordinate.py
[12.791s] -- Up-to-date symlink: /home/giacomo/thesis_ws/install/custom_message/local/lib/python3.10/dist-packages/custom_message/msg/_coordinate_s.c
[12.791s] -- Up-to-date symlink: /home/giacomo/thesis_ws/install/custom_message/local/lib/python3.10/dist-packages/custom_message/msg/_full_state.py
[12.791s] -- Up-to-date symlink: /home/giacomo/thesis_ws/install/custom_message/local/lib/python3.10/dist-packages/custom_message/msg/_full_state_s.c
[12.792s] -- Symlinking: /home/giacomo/thesis_ws/install/custom_message/local/lib/python3.10/dist-packages/custom_message/msg/_multi_control.py
[12.806s] -- Symlinking: /home/giacomo/thesis_ws/install/custom_message/local/lib/python3.10/dist-packages/custom_message/msg/_multi_control_s.c
[12.824s] -- Up-to-date symlink: /home/giacomo/thesis_ws/install/custom_message/local/lib/python3.10/dist-packages/custom_message/msg/_multi_state.py
[12.825s] -- Up-to-date symlink: /home/giacomo/thesis_ws/install/custom_message/local/lib/python3.10/dist-packages/custom_message/msg/_multi_state_s.c
[12.825s] -- Up-to-date symlink: /home/giacomo/thesis_ws/install/custom_message/local/lib/python3.10/dist-packages/custom_message/msg/_multiple_paths.py
[12.825s] -- Up-to-date symlink: /home/giacomo/thesis_ws/install/custom_message/local/lib/python3.10/dist-packages/custom_message/msg/_multiple_paths_s.c
[12.825s] -- Up-to-date symlink: /home/giacomo/thesis_ws/install/custom_message/local/lib/python3.10/dist-packages/custom_message/msg/_path.py
[12.826s] -- Up-to-date symlink: /home/giacomo/thesis_ws/install/custom_message/local/lib/python3.10/dist-packages/custom_message/msg/_path_s.c
[12.826s] -- Up-to-date symlink: /home/giacomo/thesis_ws/install/custom_message/local/lib/python3.10/dist-packages/custom_message/msg/_state.py
[12.826s] -- Up-to-date symlink: /home/giacomo/thesis_ws/install/custom_message/local/lib/python3.10/dist-packages/custom_message/msg/_state_s.c
[12.827s] -- Up-to-date symlink: /home/giacomo/thesis_ws/install/custom_message/local/lib/python3.10/dist-packages/custom_message/custom_message_s__rosidl_typesupport_fastrtps_c.cpython-310-x86_64-linux-gnu.so
[12.828s] -- Up-to-date symlink: /home/giacomo/thesis_ws/install/custom_message/local/lib/python3.10/dist-packages/custom_message/custom_message_s__rosidl_typesupport_introspection_c.cpython-310-x86_64-linux-gnu.so
[12.828s] -- Up-to-date symlink: /home/giacomo/thesis_ws/install/custom_message/local/lib/python3.10/dist-packages/custom_message/custom_message_s__rosidl_typesupport_c.cpython-310-x86_64-linux-gnu.so
[12.829s] -- Up-to-date symlink: /home/giacomo/thesis_ws/install/custom_message/share/custom_message/msg/ControlInputs.idl
[12.829s] -- Up-to-date symlink: /home/giacomo/thesis_ws/install/custom_message/share/custom_message/msg/State.idl
[12.830s] -- Up-to-date symlink: /home/giacomo/thesis_ws/install/custom_message/share/custom_message/msg/FullState.idl
[12.831s] -- Up-to-date symlink: /home/giacomo/thesis_ws/install/custom_message/share/custom_message/msg/Path.idl
[12.831s] -- Up-to-date symlink: /home/giacomo/thesis_ws/install/custom_message/share/custom_message/msg/Coordinate.idl
[12.831s] -- Up-to-date symlink: /home/giacomo/thesis_ws/install/custom_message/share/custom_message/msg/MultiplePaths.idl
[12.832s] -- Up-to-date symlink: /home/giacomo/thesis_ws/install/custom_message/share/custom_message/msg/MultiState.idl
[12.832s] -- Symlinking: /home/giacomo/thesis_ws/install/custom_message/share/custom_message/msg/MultiControl.idl
[12.847s] -- Up-to-date symlink: /home/giacomo/thesis_ws/install/custom_message/share/custom_message/msg/ControlInputs.msg
[12.847s] -- Up-to-date symlink: /home/giacomo/thesis_ws/install/custom_message/share/custom_message/msg/State.msg
[12.848s] -- Up-to-date symlink: /home/giacomo/thesis_ws/install/custom_message/share/custom_message/msg/FullState.msg
[12.848s] -- Up-to-date symlink: /home/giacomo/thesis_ws/install/custom_message/share/custom_message/msg/Path.msg
[12.848s] -- Up-to-date symlink: /home/giacomo/thesis_ws/install/custom_message/share/custom_message/msg/Coordinate.msg
[12.849s] -- Up-to-date symlink: /home/giacomo/thesis_ws/install/custom_message/share/custom_message/msg/MultiplePaths.msg
[12.849s] -- Up-to-date symlink: /home/giacomo/thesis_ws/install/custom_message/share/custom_message/msg/MultiState.msg
[12.850s] -- Symlinking: /home/giacomo/thesis_ws/install/custom_message/share/custom_message/msg/MultiControl.msg
[12.865s] -- Up-to-date symlink: /home/giacomo/thesis_ws/install/custom_message/share/ament_index/resource_index/package_run_dependencies/custom_message
[12.866s] -- Up-to-date symlink: /home/giacomo/thesis_ws/install/custom_message/share/ament_index/resource_index/parent_prefix_path/custom_message
[12.866s] -- Up-to-date symlink: /home/giacomo/thesis_ws/install/custom_message/share/custom_message/environment/ament_prefix_path.sh
[12.866s] -- Up-to-date symlink: /home/giacomo/thesis_ws/install/custom_message/share/custom_message/environment/ament_prefix_path.dsv
[12.867s] -- Up-to-date symlink: /home/giacomo/thesis_ws/install/custom_message/share/custom_message/environment/path.sh
[12.867s] -- Up-to-date symlink: /home/giacomo/thesis_ws/install/custom_message/share/custom_message/environment/path.dsv
[12.868s] -- Up-to-date symlink: /home/giacomo/thesis_ws/install/custom_message/share/custom_message/local_setup.bash
[12.868s] -- Up-to-date symlink: /home/giacomo/thesis_ws/install/custom_message/share/custom_message/local_setup.sh
[12.869s] -- Up-to-date symlink: /home/giacomo/thesis_ws/install/custom_message/share/custom_message/local_setup.zsh
[12.869s] -- Up-to-date symlink: /home/giacomo/thesis_ws/install/custom_message/share/custom_message/local_setup.dsv
[12.869s] -- Symlinking: /home/giacomo/thesis_ws/install/custom_message/share/custom_message/package.dsv
[12.886s] -- Up-to-date symlink: /home/giacomo/thesis_ws/install/custom_message/share/ament_index/resource_index/packages/custom_message
[12.886s] -- Up-to-date symlink: /home/giacomo/thesis_ws/install/custom_message/share/custom_message/cmake/rosidl_cmake-extras.cmake
[12.887s] -- Up-to-date symlink: /home/giacomo/thesis_ws/install/custom_message/share/custom_message/cmake/ament_cmake_export_include_directories-extras.cmake
[12.887s] -- Up-to-date symlink: /home/giacomo/thesis_ws/install/custom_message/share/custom_message/cmake/ament_cmake_export_libraries-extras.cmake
[12.888s] -- Up-to-date symlink: /home/giacomo/thesis_ws/install/custom_message/share/custom_message/cmake/ament_cmake_export_targets-extras.cmake
[12.888s] -- Up-to-date symlink: /home/giacomo/thesis_ws/install/custom_message/share/custom_message/cmake/rosidl_cmake_export_typesupport_targets-extras.cmake
[12.889s] -- Up-to-date symlink: /home/giacomo/thesis_ws/install/custom_message/share/custom_message/cmake/ament_cmake_export_dependencies-extras.cmake
[12.889s] -- Up-to-date symlink: /home/giacomo/thesis_ws/install/custom_message/share/custom_message/cmake/rosidl_cmake_export_typesupport_libraries-extras.cmake
[12.889s] -- Up-to-date symlink: /home/giacomo/thesis_ws/install/custom_message/share/custom_message/cmake/custom_messageConfig.cmake
[12.890s] -- Up-to-date symlink: /home/giacomo/thesis_ws/install/custom_message/share/custom_message/cmake/custom_messageConfig-version.cmake
[12.890s] -- Up-to-date symlink: /home/giacomo/thesis_ws/install/custom_message/share/custom_message/package.xml
[12.891s] -- Installing: /home/giacomo/thesis_ws/install/custom_message/lib/libcustom_message__rosidl_generator_c.so
[12.892s] -- Set runtime path of "/home/giacomo/thesis_ws/install/custom_message/lib/libcustom_message__rosidl_generator_c.so" to ""
[12.892s] -- Installing: /home/giacomo/thesis_ws/install/custom_message/lib/libcustom_message__rosidl_typesupport_fastrtps_c.so
[12.893s] -- Set runtime path of "/home/giacomo/thesis_ws/install/custom_message/lib/libcustom_message__rosidl_typesupport_fastrtps_c.so" to ""
[12.894s] -- Installing: /home/giacomo/thesis_ws/install/custom_message/lib/libcustom_message__rosidl_typesupport_introspection_c.so
[12.895s] -- Set runtime path of "/home/giacomo/thesis_ws/install/custom_message/lib/libcustom_message__rosidl_typesupport_introspection_c.so" to ""
[12.895s] -- Installing: /home/giacomo/thesis_ws/install/custom_message/lib/libcustom_message__rosidl_typesupport_c.so
[12.896s] -- Set runtime path of "/home/giacomo/thesis_ws/install/custom_message/lib/libcustom_message__rosidl_typesupport_c.so" to ""
[12.897s] -- Installing: /home/giacomo/thesis_ws/install/custom_message/lib/libcustom_message__rosidl_typesupport_fastrtps_cpp.so
[12.901s] -- Set runtime path of "/home/giacomo/thesis_ws/install/custom_message/lib/libcustom_message__rosidl_typesupport_fastrtps_cpp.so" to ""
[12.902s] -- Installing: /home/giacomo/thesis_ws/install/custom_message/lib/libcustom_message__rosidl_typesupport_introspection_cpp.so
[12.903s] -- Set runtime path of "/home/giacomo/thesis_ws/install/custom_message/lib/libcustom_message__rosidl_typesupport_introspection_cpp.so" to ""
[12.903s] -- Installing: /home/giacomo/thesis_ws/install/custom_message/lib/libcustom_message__rosidl_typesupport_cpp.so
[12.904s] -- Set runtime path of "/home/giacomo/thesis_ws/install/custom_message/lib/libcustom_message__rosidl_typesupport_cpp.so" to ""
[12.993s] Listing '/home/giacomo/thesis_ws/install/custom_message/local/lib/python3.10/dist-packages/custom_message'...
[12.993s] Compiling '/home/giacomo/thesis_ws/install/custom_message/local/lib/python3.10/dist-packages/custom_message/__init__.py'...
[12.993s] Listing '/home/giacomo/thesis_ws/install/custom_message/local/lib/python3.10/dist-packages/custom_message/msg'...
[12.994s] Compiling '/home/giacomo/thesis_ws/install/custom_message/local/lib/python3.10/dist-packages/custom_message/msg/__init__.py'...
[12.994s] Compiling '/home/giacomo/thesis_ws/install/custom_message/local/lib/python3.10/dist-packages/custom_message/msg/_control_inputs.py'...
[12.994s] Compiling '/home/giacomo/thesis_ws/install/custom_message/local/lib/python3.10/dist-packages/custom_message/msg/_coordinate.py'...
[12.994s] Compiling '/home/giacomo/thesis_ws/install/custom_message/local/lib/python3.10/dist-packages/custom_message/msg/_full_state.py'...
[12.995s] Compiling '/home/giacomo/thesis_ws/install/custom_message/local/lib/python3.10/dist-packages/custom_message/msg/_multi_control.py'...
[12.995s] Compiling '/home/giacomo/thesis_ws/install/custom_message/local/lib/python3.10/dist-packages/custom_message/msg/_multi_state.py'...
[12.995s] Compiling '/home/giacomo/thesis_ws/install/custom_message/local/lib/python3.10/dist-packages/custom_message/msg/_multiple_paths.py'...
[12.995s] Compiling '/home/giacomo/thesis_ws/install/custom_message/local/lib/python3.10/dist-packages/custom_message/msg/_path.py'...
[12.995s] Compiling '/home/giacomo/thesis_ws/install/custom_message/local/lib/python3.10/dist-packages/custom_message/msg/_state.py'...
[13.005s] -- Installing: /home/giacomo/thesis_ws/install/custom_message/lib/libcustom_message__rosidl_generator_py.so
[13.006s] -- Set runtime path of "/home/giacomo/thesis_ws/install/custom_message/lib/libcustom_message__rosidl_generator_py.so" to ""
[13.006s] -- Up-to-date: /home/giacomo/thesis_ws/install/custom_message/share/custom_message/cmake/export_custom_message__rosidl_generator_cExport.cmake
[13.007s] -- Up-to-date: /home/giacomo/thesis_ws/install/custom_message/share/custom_message/cmake/export_custom_message__rosidl_generator_cExport-noconfig.cmake
[13.007s] -- Up-to-date: /home/giacomo/thesis_ws/install/custom_message/share/custom_message/cmake/export_custom_message__rosidl_typesupport_fastrtps_cExport.cmake
[13.007s] -- Up-to-date: /home/giacomo/thesis_ws/install/custom_message/share/custom_message/cmake/export_custom_message__rosidl_typesupport_fastrtps_cExport-noconfig.cmake
[13.008s] -- Up-to-date: /home/giacomo/thesis_ws/install/custom_message/share/custom_message/cmake/custom_message__rosidl_typesupport_introspection_cExport.cmake
[13.008s] -- Up-to-date: /home/giacomo/thesis_ws/install/custom_message/share/custom_message/cmake/custom_message__rosidl_typesupport_introspection_cExport-noconfig.cmake
[13.008s] -- Up-to-date: /home/giacomo/thesis_ws/install/custom_message/share/custom_message/cmake/custom_message__rosidl_typesupport_cExport.cmake
[13.008s] -- Up-to-date: /home/giacomo/thesis_ws/install/custom_message/share/custom_message/cmake/custom_message__rosidl_typesupport_cExport-noconfig.cmake
[13.009s] -- Up-to-date: /home/giacomo/thesis_ws/install/custom_message/share/custom_message/cmake/export_custom_message__rosidl_generator_cppExport.cmake
[13.009s] -- Up-to-date: /home/giacomo/thesis_ws/install/custom_message/share/custom_message/cmake/export_custom_message__rosidl_typesupport_fastrtps_cppExport.cmake
[13.009s] -- Up-to-date: /home/giacomo/thesis_ws/install/custom_message/share/custom_message/cmake/export_custom_message__rosidl_typesupport_fastrtps_cppExport-noconfig.cmake
[13.009s] -- Up-to-date: /home/giacomo/thesis_ws/install/custom_message/share/custom_message/cmake/custom_message__rosidl_typesupport_introspection_cppExport.cmake
[13.010s] -- Up-to-date: /home/giacomo/thesis_ws/install/custom_message/share/custom_message/cmake/custom_message__rosidl_typesupport_introspection_cppExport-noconfig.cmake
[13.010s] -- Up-to-date: /home/giacomo/thesis_ws/install/custom_message/share/custom_message/cmake/custom_message__rosidl_typesupport_cppExport.cmake
[13.010s] -- Up-to-date: /home/giacomo/thesis_ws/install/custom_message/share/custom_message/cmake/custom_message__rosidl_typesupport_cppExport-noconfig.cmake
[13.010s] -- Up-to-date: /home/giacomo/thesis_ws/install/custom_message/share/custom_message/cmake/export_custom_message__rosidl_generator_pyExport.cmake
[13.010s] -- Up-to-date: /home/giacomo/thesis_ws/install/custom_message/share/custom_message/cmake/export_custom_message__rosidl_generator_pyExport-noconfig.cmake
[13.015s] Invoked command in '/home/giacomo/thesis_ws/build/custom_message' returned '0': CMAKE_PREFIX_PATH=${CMAKE_PREFIX_PATH}:/home/giacomo/thesis_ws/install/planner:/home/giacomo/thesis_ws/install/bumper_cars:/home/giacomo/ros2_ws/install/py_pubsub:/home/giacomo/ros2_ws/install/my_robot_controller:/home/giacomo/ros2_ws/install/py_srvcli:/opt/ros/humble /usr/bin/cmake --install /home/giacomo/thesis_ws/build/custom_message
