Traceback (most recent call last):
  File "/home/giacomo/thesis_ws/build/planner/setup.py", line 5, in <module>
    setup(
  File "/home/giacomo/.local/lib/python3.10/site-packages/setuptools/__init__.py", line 103, in setup
    return distutils.core.setup(**attrs)
  File "/home/giacomo/.local/lib/python3.10/site-packages/setuptools/_distutils/core.py", line 172, in setup
    ok = dist.parse_command_line()
  File "/home/giacomo/.local/lib/python3.10/site-packages/setuptools/_distutils/dist.py", line 475, in parse_command_line
    args = self._parse_command_opts(parser, args)
  File "/home/giacomo/.local/lib/python3.10/site-packages/setuptools/dist.py", line 889, in _parse_command_opts
    nargs = _Distribution._parse_command_opts(self, parser, args)
  File "/home/giacomo/.local/lib/python3.10/site-packages/setuptools/_distutils/dist.py", line 534, in _parse_command_opts
    cmd_class = self.get_command_class(command)
  File "/home/giacomo/.local/lib/python3.10/site-packages/setuptools/dist.py", line 736, in get_command_class
    self.cmdclass[command] = cmdclass = ep.load()
  File "/usr/lib/python3.10/importlib/metadata/__init__.py", line 171, in load
    module = import_module(match.group('module'))
  File "/usr/lib/python3.10/importlib/__init__.py", line 126, in import_module
    return _bootstrap._gcd_import(name[level:], package, level)
  File "<frozen importlib._bootstrap>", line 1050, in _gcd_import
  File "<frozen importlib._bootstrap>", line 1027, in _find_and_load
  File "<frozen importlib._bootstrap>", line 1006, in _find_and_load_unlocked
  File "<frozen importlib._bootstrap>", line 688, in _load_unlocked
  File "<frozen importlib._bootstrap_external>", line 883, in exec_module
  File "<frozen importlib._bootstrap>", line 241, in _call_with_frames_removed
  File "/home/giacomo/.local/lib/python3.10/site-packages/setuptools/command/develop.py", line 8, in <module>
    from setuptools.command.easy_install import easy_install
  File "/home/giacomo/.local/lib/python3.10/site-packages/setuptools/command/easy_install.py", line 50, in <module>
    from setuptools.sandbox import run_setup
  File "/home/giacomo/.local/lib/python3.10/site-packages/setuptools/sandbox.py", line 13, in <module>
    import pkg_resources
  File "/home/giacomo/.local/lib/python3.10/site-packages/pkg_resources/__init__.py", line 3328, in <module>
    def _initialize_master_working_set():
  File "/home/giacomo/.local/lib/python3.10/site-packages/pkg_resources/__init__.py", line 3302, in _call_aside
    f(*args, **kwargs)
  File "/home/giacomo/.local/lib/python3.10/site-packages/pkg_resources/__init__.py", line 3360, in _initialize_master_working_set
    list(map(working_set.add_entry, sys.path))
  File "/home/giacomo/.local/lib/python3.10/site-packages/pkg_resources/__init__.py", line 671, in add_entry
    for dist in find_distributions(entry, True):
  File "/home/giacomo/.local/lib/python3.10/site-packages/pkg_resources/__init__.py", line 2134, in find_on_path
    for dist in factory(fullpath):
  File "/home/giacomo/.local/lib/python3.10/site-packages/pkg_resources/__init__.py", line 2199, in distributions_from_metadata
    yield Distribution.from_location(
  File "/home/giacomo/.local/lib/python3.10/site-packages/pkg_resources/__init__.py", line 2673, in from_location
    )._reload_version()
  File "/home/giacomo/.local/lib/python3.10/site-packages/pkg_resources/__init__.py", line 3081, in _reload_version
    md_version = self._get_version()
  File "/home/giacomo/.local/lib/python3.10/site-packages/pkg_resources/__init__.py", line 2858, in _get_version
    version = _version_from_file(lines)
  File "/home/giacomo/.local/lib/python3.10/site-packages/pkg_resources/__init__.py", line 2624, in _version_from_file
    line = next(iter(version_lines), '')
  File "/home/giacomo/.local/lib/python3.10/site-packages/pkg_resources/__init__.py", line 2853, in _get_metadata
    for line in self.get_metadata_lines(name):
  File "/home/giacomo/.local/lib/python3.10/site-packages/pkg_resources/__init__.py", line 1529, in get_metadata_lines
    return yield_lines(self.get_metadata(name))
  File "/home/giacomo/.local/lib/python3.10/site-packages/pkg_resources/__init__.py", line 1519, in get_metadata
    value = self._get(path)
  File "/home/giacomo/.local/lib/python3.10/site-packages/pkg_resources/__init__.py", line 1726, in _get
    def _get(self, path):
KeyboardInterrupt
