[1.434s] Invoking command in '/home/giacomo/thesis_ws/build/planner': PYTHONPATH=/home/giacomo/thesis_ws/build/planner/prefix_override:/home/giacomo/thesis_ws/install/planner/lib/python3.10/site-packages:${PYTHONPATH} /usr/bin/python3 setup.py develop --editable --build-directory /home/giacomo/thesis_ws/build/planner/build --no-deps install_data
[1.756s] Traceback (most recent call last):
[1.756s]   File "/home/giacomo/thesis_ws/build/planner/setup.py", line 5, in <module>
[1.756s]     setup(
[1.756s]   File "/home/giacomo/.local/lib/python3.10/site-packages/setuptools/__init__.py", line 103, in setup
[1.760s]     return distutils.core.setup(**attrs)
[1.760s]   File "/home/giacomo/.local/lib/python3.10/site-packages/setuptools/_distutils/core.py", line 172, in setup
[1.761s]     ok = dist.parse_command_line()
[1.761s]   File "/home/giacomo/.local/lib/python3.10/site-packages/setuptools/_distutils/dist.py", line 475, in parse_command_line
[1.761s]     args = self._parse_command_opts(parser, args)
[1.761s]   File "/home/giacomo/.local/lib/python3.10/site-packages/setuptools/dist.py", line 889, in _parse_command_opts
[1.762s]     nargs = _Distribution._parse_command_opts(self, parser, args)
[1.762s]   File "/home/giacomo/.local/lib/python3.10/site-packages/setuptools/_distutils/dist.py", line 534, in _parse_command_opts
[1.762s]     cmd_class = self.get_command_class(command)
[1.763s]   File "/home/giacomo/.local/lib/python3.10/site-packages/setuptools/dist.py", line 736, in get_command_class
[1.763s]     self.cmdclass[command] = cmdclass = ep.load()
[1.763s]   File "/usr/lib/python3.10/importlib/metadata/__init__.py", line 171, in load
[1.763s]     module = import_module(match.group('module'))
[1.763s]   File "/usr/lib/python3.10/importlib/__init__.py", line 126, in import_module
[1.764s]     return _bootstrap._gcd_import(name[level:], package, level)
[1.764s]   File "<frozen importlib._bootstrap>", line 1050, in _gcd_import
[1.764s]   File "<frozen importlib._bootstrap>", line 1027, in _find_and_load
[1.764s]   File "<frozen importlib._bootstrap>", line 1006, in _find_and_load_unlocked
[1.764s]   File "<frozen importlib._bootstrap>", line 688, in _load_unlocked
[1.764s]   File "<frozen importlib._bootstrap_external>", line 883, in exec_module
[1.764s]   File "<frozen importlib._bootstrap>", line 241, in _call_with_frames_removed
[1.765s]   File "/home/giacomo/.local/lib/python3.10/site-packages/setuptools/command/develop.py", line 8, in <module>
[1.765s]     from setuptools.command.easy_install import easy_install
[1.765s]   File "/home/giacomo/.local/lib/python3.10/site-packages/setuptools/command/easy_install.py", line 50, in <module>
[1.765s]     from setuptools.sandbox import run_setup
[1.765s]   File "/home/giacomo/.local/lib/python3.10/site-packages/setuptools/sandbox.py", line 13, in <module>
[1.765s]     import pkg_resources
[1.765s]   File "/home/giacomo/.local/lib/python3.10/site-packages/pkg_resources/__init__.py", line 3328, in <module>
[1.765s]     def _initialize_master_working_set():
[1.766s]   File "/home/giacomo/.local/lib/python3.10/site-packages/pkg_resources/__init__.py", line 3302, in _call_aside
[1.766s]     f(*args, **kwargs)
[1.766s]   File "/home/giacomo/.local/lib/python3.10/site-packages/pkg_resources/__init__.py", line 3360, in _initialize_master_working_set
[1.766s]     list(map(working_set.add_entry, sys.path))
[1.766s]   File "/home/giacomo/.local/lib/python3.10/site-packages/pkg_resources/__init__.py", line 671, in add_entry
[1.766s]     for dist in find_distributions(entry, True):
[1.767s]   File "/home/giacomo/.local/lib/python3.10/site-packages/pkg_resources/__init__.py", line 2134, in find_on_path
[1.767s]     for dist in factory(fullpath):
[1.767s]   File "/home/giacomo/.local/lib/python3.10/site-packages/pkg_resources/__init__.py", line 2199, in distributions_from_metadata
[1.767s]     yield Distribution.from_location(
[1.767s]   File "/home/giacomo/.local/lib/python3.10/site-packages/pkg_resources/__init__.py", line 2673, in from_location
[1.767s]     )._reload_version()
[1.768s]   File "/home/giacomo/.local/lib/python3.10/site-packages/pkg_resources/__init__.py", line 3081, in _reload_version
[1.768s]     md_version = self._get_version()
[1.768s]   File "/home/giacomo/.local/lib/python3.10/site-packages/pkg_resources/__init__.py", line 2858, in _get_version
[1.768s]     version = _version_from_file(lines)
[1.768s]   File "/home/giacomo/.local/lib/python3.10/site-packages/pkg_resources/__init__.py", line 2624, in _version_from_file
[1.768s]     line = next(iter(version_lines), '')
[1.768s]   File "/home/giacomo/.local/lib/python3.10/site-packages/pkg_resources/__init__.py", line 2853, in _get_metadata
[1.769s]     for line in self.get_metadata_lines(name):
[1.769s]   File "/home/giacomo/.local/lib/python3.10/site-packages/pkg_resources/__init__.py", line 1529, in get_metadata_lines
[1.769s]     return yield_lines(self.get_metadata(name))
[1.769s]   File "/home/giacomo/.local/lib/python3.10/site-packages/pkg_resources/__init__.py", line 1519, in get_metadata
[1.769s]     value = self._get(path)
[1.769s]   File "/home/giacomo/.local/lib/python3.10/site-packages/pkg_resources/__init__.py", line 1726, in _get
[1.770s]     def _get(self, path):
[1.770s] KeyboardInterrupt
