[1.366s] Invoking command in '/home/giacomo/thesis_ws/build/planner': PYTHONPATH=/home/giacomo/thesis_ws/build/planner/prefix_override:/home/giacomo/thesis_ws/install/planner/lib/python3.10/site-packages:${PYTHONPATH} /usr/bin/python3 setup.py develop --editable --build-directory /home/giacomo/thesis_ws/build/planner/build --no-deps install_data
[1.896s] running develop
[1.896s] /home/giacomo/.local/lib/python3.10/site-packages/setuptools/command/develop.py:40: EasyInstallDeprecationWarning: easy_install command is deprecated.
[1.896s] !!
[1.896s] 
[1.897s]         ********************************************************************************
[1.897s]         Please avoid running ``setup.py`` and ``easy_install``.
[1.897s]         Instead, use pypa/build, pypa/installer or other
[1.897s]         standards-based tools.
[1.897s] 
[1.897s]         See https://github.com/pypa/setuptools/issues/917 for details.
[1.898s]         ********************************************************************************
[1.898s] 
[1.898s] !!
[1.898s]   easy_install.initialize_options(self)
[1.959s] /home/giacomo/.local/lib/python3.10/site-packages/setuptools/_distutils/cmd.py:66: SetuptoolsDeprecationWarning: setup.py install is deprecated.
[1.960s] !!
[1.960s] 
[1.960s]         ********************************************************************************
[1.960s]         Please avoid running ``setup.py`` directly.
[1.960s]         Instead, use pypa/build, pypa/installer or other
[1.960s]         standards-based tools.
[1.961s] 
[1.961s]         See https://blog.ganssle.io/articles/2021/10/setup-py-deprecated.html for details.
[1.961s]         ********************************************************************************
[1.961s] 
[1.961s] !!
[1.962s]   self.initialize_options()
[2.310s] running egg_info
[2.337s] writing planner.egg-info/PKG-INFO
[2.338s] writing dependency_links to planner.egg-info/dependency_links.txt
[2.338s] writing requirements to planner.egg-info/requires.txt
[2.338s] writing top-level names to planner.egg-info/top_level.txt
[2.392s] reading manifest file 'planner.egg-info/SOURCES.txt'
[2.394s] writing manifest file 'planner.egg-info/SOURCES.txt'
[2.422s] running build_ext
[2.422s] Creating /home/giacomo/thesis_ws/install/planner/lib/python3.10/site-packages/planner.egg-link (link to .)
[2.423s] 
[2.423s] Installed /home/giacomo/thesis_ws/build/planner
[2.423s] running install_data
[2.484s] Invoked command in '/home/giacomo/thesis_ws/build/planner' returned '0': PYTHONPATH=/home/giacomo/thesis_ws/build/planner/prefix_override:/home/giacomo/thesis_ws/install/planner/lib/python3.10/site-packages:${PYTHONPATH} /usr/bin/python3 setup.py develop --editable --build-directory /home/giacomo/thesis_ws/build/planner/build --no-deps install_data
