[0.242s] Invoking command in '/home/giacomo/thesis_ws/build/custom_message': CMAKE_PREFIX_PATH=${CMAKE_PREFIX_PATH}:/home/giacomo/thesis_ws/install/bumper_cars:/home/giacomo/ros2_ws/install/py_pubsub:/home/giacomo/ros2_ws/install/my_robot_controller:/home/giacomo/ros2_ws/install/py_srvcli:/opt/ros/humble /usr/bin/cmake --build /home/giacomo/thesis_ws/build/custom_message -- -j8 -l8
[0.592s] [35m[1mConsolidate compiler generated dependencies of target custom_message__rosidl_generator_c[0m
[0.593s] [  1%] Built target custom_message__cpp
[0.593s] [ 12%] Built target custom_message__rosidl_generator_c
[0.593s] [ 12%] Built target ament_cmake_python_symlink_custom_message
[0.593s] [35m[1mConsolidate compiler generated dependencies of target custom_message__rosidl_typesupport_introspection_cpp[0m
[0.594s] [35m[1mConsolidate compiler generated dependencies of target custom_message__rosidl_typesupport_cpp[0m
[0.594s] [35m[1mConsolidate compiler generated dependencies of target custom_message__rosidl_typesupport_fastrtps_cpp[0m
[0.594s] [35m[1mConsolidate compiler generated dependencies of target custom_message__rosidl_typesupport_c[0m
[0.594s] [35m[1mConsolidate compiler generated dependencies of target custom_message__rosidl_typesupport_introspection_c[0m
[0.595s] [35m[1mConsolidate compiler generated dependencies of target custom_message__rosidl_typesupport_fastrtps_c[0m
[0.596s] [ 23%] Built target custom_message__rosidl_typesupport_c
[0.597s] [ 34%] Built target custom_message__rosidl_typesupport_introspection_cpp
[0.597s] [ 46%] Built target custom_message__rosidl_typesupport_introspection_c
[0.597s] [ 57%] Built target custom_message__rosidl_typesupport_cpp
[0.598s] [ 68%] Built target custom_message__rosidl_typesupport_fastrtps_cpp
[0.598s] [ 79%] Built target custom_message__rosidl_typesupport_fastrtps_c
[0.599s] [ 79%] Built target custom_message
[0.599s] [ 80%] Built target custom_message__py
[0.600s] [35m[1mConsolidate compiler generated dependencies of target custom_message__rosidl_generator_py[0m
[0.600s] [ 90%] Built target custom_message__rosidl_generator_py
[0.601s] [35m[1mConsolidate compiler generated dependencies of target custom_message__rosidl_typesupport_introspection_c__pyext[0m
[0.601s] [35m[1mConsolidate compiler generated dependencies of target custom_message__rosidl_typesupport_c__pyext[0m
[0.601s] [35m[1mConsolidate compiler generated dependencies of target custom_message__rosidl_typesupport_fastrtps_c__pyext[0m
[0.601s] [ 93%] Built target custom_message__rosidl_typesupport_c__pyext
[0.601s] [ 96%] Built target custom_message__rosidl_typesupport_introspection_c__pyext
[0.601s] [100%] Built target custom_message__rosidl_typesupport_fastrtps_c__pyext
[0.601s] running egg_info
[0.602s] writing custom_message.egg-info/PKG-INFO
[0.602s] writing dependency_links to custom_message.egg-info/dependency_links.txt
[0.602s] writing top-level names to custom_message.egg-info/top_level.txt
[0.633s] reading manifest file 'custom_message.egg-info/SOURCES.txt'
[0.634s] writing manifest file 'custom_message.egg-info/SOURCES.txt'
[0.666s] [100%] Built target ament_cmake_python_build_custom_message_egg
[0.679s] Invoked command in '/home/giacomo/thesis_ws/build/custom_message' returned '0': CMAKE_PREFIX_PATH=${CMAKE_PREFIX_PATH}:/home/giacomo/thesis_ws/install/bumper_cars:/home/giacomo/ros2_ws/install/py_pubsub:/home/giacomo/ros2_ws/install/my_robot_controller:/home/giacomo/ros2_ws/install/py_srvcli:/opt/ros/humble /usr/bin/cmake --build /home/giacomo/thesis_ws/build/custom_message -- -j8 -l8
[0.889s] Invoking command in '/home/giacomo/thesis_ws/build/custom_message': CMAKE_PREFIX_PATH=${CMAKE_PREFIX_PATH}:/home/giacomo/thesis_ws/install/bumper_cars:/home/giacomo/ros2_ws/install/py_pubsub:/home/giacomo/ros2_ws/install/my_robot_controller:/home/giacomo/ros2_ws/install/py_srvcli:/opt/ros/humble /usr/bin/cmake --install /home/giacomo/thesis_ws/build/custom_message
[0.896s] -- Install configuration: ""
[0.896s] -- Execute custom install script
[0.897s] -- Up-to-date symlink: /home/giacomo/thesis_ws/install/custom_message/share/ament_index/resource_index/rosidl_interfaces/custom_message
[0.897s] -- Up-to-date symlink: /home/giacomo/thesis_ws/install/custom_message/include/custom_message/custom_message/msg/control_inputs.h
[0.897s] -- Up-to-date symlink: /home/giacomo/thesis_ws/install/custom_message/include/custom_message/custom_message/msg/coordinate.h
[0.898s] -- Up-to-date symlink: /home/giacomo/thesis_ws/install/custom_message/include/custom_message/custom_message/msg/detail/control_inputs__functions.h
[0.898s] -- Up-to-date symlink: /home/giacomo/thesis_ws/install/custom_message/include/custom_message/custom_message/msg/detail/control_inputs__struct.h
[0.898s] -- Up-to-date symlink: /home/giacomo/thesis_ws/install/custom_message/include/custom_message/custom_message/msg/detail/control_inputs__type_support.h
[0.898s] -- Up-to-date symlink: /home/giacomo/thesis_ws/install/custom_message/include/custom_message/custom_message/msg/detail/coordinate__functions.h
[0.898s] -- Up-to-date symlink: /home/giacomo/thesis_ws/install/custom_message/include/custom_message/custom_message/msg/detail/coordinate__struct.h
[0.898s] -- Up-to-date symlink: /home/giacomo/thesis_ws/install/custom_message/include/custom_message/custom_message/msg/detail/coordinate__type_support.h
[0.898s] -- Up-to-date symlink: /home/giacomo/thesis_ws/install/custom_message/include/custom_message/custom_message/msg/detail/full_state__functions.h
[0.899s] -- Up-to-date symlink: /home/giacomo/thesis_ws/install/custom_message/include/custom_message/custom_message/msg/detail/full_state__struct.h
[0.899s] -- Up-to-date symlink: /home/giacomo/thesis_ws/install/custom_message/include/custom_message/custom_message/msg/detail/full_state__type_support.h
[0.899s] -- Up-to-date symlink: /home/giacomo/thesis_ws/install/custom_message/include/custom_message/custom_message/msg/detail/path__functions.h
[0.899s] -- Up-to-date symlink: /home/giacomo/thesis_ws/install/custom_message/include/custom_message/custom_message/msg/detail/path__struct.h
[0.899s] -- Up-to-date symlink: /home/giacomo/thesis_ws/install/custom_message/include/custom_message/custom_message/msg/detail/path__type_support.h
[0.899s] -- Up-to-date symlink: /home/giacomo/thesis_ws/install/custom_message/include/custom_message/custom_message/msg/detail/state__functions.h
[0.900s] -- Up-to-date symlink: /home/giacomo/thesis_ws/install/custom_message/include/custom_message/custom_message/msg/detail/state__struct.h
[0.900s] -- Up-to-date symlink: /home/giacomo/thesis_ws/install/custom_message/include/custom_message/custom_message/msg/detail/state__type_support.h
[0.900s] -- Up-to-date symlink: /home/giacomo/thesis_ws/install/custom_message/include/custom_message/custom_message/msg/full_state.h
[0.900s] -- Up-to-date symlink: /home/giacomo/thesis_ws/install/custom_message/include/custom_message/custom_message/msg/path.h
[0.900s] -- Up-to-date symlink: /home/giacomo/thesis_ws/install/custom_message/include/custom_message/custom_message/msg/rosidl_generator_c__visibility_control.h
[0.900s] -- Up-to-date symlink: /home/giacomo/thesis_ws/install/custom_message/include/custom_message/custom_message/msg/state.h
[0.901s] -- Up-to-date symlink: /home/giacomo/thesis_ws/install/custom_message/share/custom_message/environment/library_path.sh
[0.901s] -- Up-to-date symlink: /home/giacomo/thesis_ws/install/custom_message/share/custom_message/environment/library_path.dsv
[0.902s] -- Up-to-date symlink: /home/giacomo/thesis_ws/install/custom_message/include/custom_message/custom_message/msg/detail/control_inputs__rosidl_typesupport_fastrtps_c.h
[0.902s] -- Up-to-date symlink: /home/giacomo/thesis_ws/install/custom_message/include/custom_message/custom_message/msg/detail/coordinate__rosidl_typesupport_fastrtps_c.h
[0.902s] -- Up-to-date symlink: /home/giacomo/thesis_ws/install/custom_message/include/custom_message/custom_message/msg/detail/full_state__rosidl_typesupport_fastrtps_c.h
[0.902s] -- Up-to-date symlink: /home/giacomo/thesis_ws/install/custom_message/include/custom_message/custom_message/msg/detail/path__rosidl_typesupport_fastrtps_c.h
[0.902s] -- Up-to-date symlink: /home/giacomo/thesis_ws/install/custom_message/include/custom_message/custom_message/msg/detail/state__rosidl_typesupport_fastrtps_c.h
[0.902s] -- Up-to-date symlink: /home/giacomo/thesis_ws/install/custom_message/include/custom_message/custom_message/msg/rosidl_typesupport_fastrtps_c__visibility_control.h
[0.903s] -- Up-to-date symlink: /home/giacomo/thesis_ws/install/custom_message/include/custom_message/custom_message/msg/detail/control_inputs__rosidl_typesupport_introspection_c.h
[0.903s] -- Up-to-date symlink: /home/giacomo/thesis_ws/install/custom_message/include/custom_message/custom_message/msg/detail/coordinate__rosidl_typesupport_introspection_c.h
[0.903s] -- Up-to-date symlink: /home/giacomo/thesis_ws/install/custom_message/include/custom_message/custom_message/msg/detail/full_state__rosidl_typesupport_introspection_c.h
[0.903s] -- Up-to-date symlink: /home/giacomo/thesis_ws/install/custom_message/include/custom_message/custom_message/msg/detail/path__rosidl_typesupport_introspection_c.h
[0.904s] -- Up-to-date symlink: /home/giacomo/thesis_ws/install/custom_message/include/custom_message/custom_message/msg/detail/state__rosidl_typesupport_introspection_c.h
[0.904s] -- Up-to-date symlink: /home/giacomo/thesis_ws/install/custom_message/include/custom_message/custom_message/msg/rosidl_typesupport_introspection_c__visibility_control.h
[0.904s] -- Up-to-date symlink: /home/giacomo/thesis_ws/install/custom_message/include/custom_message/custom_message/msg/control_inputs.hpp
[0.904s] -- Up-to-date symlink: /home/giacomo/thesis_ws/install/custom_message/include/custom_message/custom_message/msg/coordinate.hpp
[0.905s] -- Up-to-date symlink: /home/giacomo/thesis_ws/install/custom_message/include/custom_message/custom_message/msg/detail/control_inputs__builder.hpp
[0.905s] -- Up-to-date symlink: /home/giacomo/thesis_ws/install/custom_message/include/custom_message/custom_message/msg/detail/control_inputs__struct.hpp
[0.905s] -- Up-to-date symlink: /home/giacomo/thesis_ws/install/custom_message/include/custom_message/custom_message/msg/detail/control_inputs__traits.hpp
[0.905s] -- Up-to-date symlink: /home/giacomo/thesis_ws/install/custom_message/include/custom_message/custom_message/msg/detail/coordinate__builder.hpp
[0.905s] -- Up-to-date symlink: /home/giacomo/thesis_ws/install/custom_message/include/custom_message/custom_message/msg/detail/coordinate__struct.hpp
[0.905s] -- Up-to-date symlink: /home/giacomo/thesis_ws/install/custom_message/include/custom_message/custom_message/msg/detail/coordinate__traits.hpp
[0.905s] -- Up-to-date symlink: /home/giacomo/thesis_ws/install/custom_message/include/custom_message/custom_message/msg/detail/full_state__builder.hpp
[0.906s] -- Up-to-date symlink: /home/giacomo/thesis_ws/install/custom_message/include/custom_message/custom_message/msg/detail/full_state__struct.hpp
[0.906s] -- Up-to-date symlink: /home/giacomo/thesis_ws/install/custom_message/include/custom_message/custom_message/msg/detail/full_state__traits.hpp
[0.906s] -- Up-to-date symlink: /home/giacomo/thesis_ws/install/custom_message/include/custom_message/custom_message/msg/detail/path__builder.hpp
[0.906s] -- Up-to-date symlink: /home/giacomo/thesis_ws/install/custom_message/include/custom_message/custom_message/msg/detail/path__struct.hpp
[0.906s] -- Up-to-date symlink: /home/giacomo/thesis_ws/install/custom_message/include/custom_message/custom_message/msg/detail/path__traits.hpp
[0.906s] -- Up-to-date symlink: /home/giacomo/thesis_ws/install/custom_message/include/custom_message/custom_message/msg/detail/state__builder.hpp
[0.907s] -- Up-to-date symlink: /home/giacomo/thesis_ws/install/custom_message/include/custom_message/custom_message/msg/detail/state__struct.hpp
[0.907s] -- Up-to-date symlink: /home/giacomo/thesis_ws/install/custom_message/include/custom_message/custom_message/msg/detail/state__traits.hpp
[0.907s] -- Up-to-date symlink: /home/giacomo/thesis_ws/install/custom_message/include/custom_message/custom_message/msg/full_state.hpp
[0.907s] -- Up-to-date symlink: /home/giacomo/thesis_ws/install/custom_message/include/custom_message/custom_message/msg/path.hpp
[0.907s] -- Up-to-date symlink: /home/giacomo/thesis_ws/install/custom_message/include/custom_message/custom_message/msg/state.hpp
[0.907s] -- Up-to-date symlink: /home/giacomo/thesis_ws/install/custom_message/include/custom_message/custom_message/msg/detail/control_inputs__rosidl_typesupport_fastrtps_cpp.hpp
[0.907s] -- Up-to-date symlink: /home/giacomo/thesis_ws/install/custom_message/include/custom_message/custom_message/msg/detail/coordinate__rosidl_typesupport_fastrtps_cpp.hpp
[0.908s] -- Up-to-date symlink: /home/giacomo/thesis_ws/install/custom_message/include/custom_message/custom_message/msg/detail/full_state__rosidl_typesupport_fastrtps_cpp.hpp
[0.908s] -- Up-to-date symlink: /home/giacomo/thesis_ws/install/custom_message/include/custom_message/custom_message/msg/detail/path__rosidl_typesupport_fastrtps_cpp.hpp
[0.908s] -- Up-to-date symlink: /home/giacomo/thesis_ws/install/custom_message/include/custom_message/custom_message/msg/detail/state__rosidl_typesupport_fastrtps_cpp.hpp
[0.908s] -- Up-to-date symlink: /home/giacomo/thesis_ws/install/custom_message/include/custom_message/custom_message/msg/rosidl_typesupport_fastrtps_cpp__visibility_control.h
[0.908s] -- Up-to-date symlink: /home/giacomo/thesis_ws/install/custom_message/include/custom_message/custom_message/msg/detail/control_inputs__rosidl_typesupport_introspection_cpp.hpp
[0.908s] -- Up-to-date symlink: /home/giacomo/thesis_ws/install/custom_message/include/custom_message/custom_message/msg/detail/coordinate__rosidl_typesupport_introspection_cpp.hpp
[0.909s] -- Up-to-date symlink: /home/giacomo/thesis_ws/install/custom_message/include/custom_message/custom_message/msg/detail/full_state__rosidl_typesupport_introspection_cpp.hpp
[0.909s] -- Up-to-date symlink: /home/giacomo/thesis_ws/install/custom_message/include/custom_message/custom_message/msg/detail/path__rosidl_typesupport_introspection_cpp.hpp
[0.909s] -- Up-to-date symlink: /home/giacomo/thesis_ws/install/custom_message/include/custom_message/custom_message/msg/detail/state__rosidl_typesupport_introspection_cpp.hpp
[0.909s] -- Up-to-date symlink: /home/giacomo/thesis_ws/install/custom_message/share/custom_message/environment/pythonpath.sh
[0.909s] -- Up-to-date symlink: /home/giacomo/thesis_ws/install/custom_message/share/custom_message/environment/pythonpath.dsv
[0.910s] -- Up-to-date symlink: /home/giacomo/thesis_ws/install/custom_message/local/lib/python3.10/dist-packages/custom_message-0.0.0-py3.10.egg-info/PKG-INFO
[0.910s] -- Up-to-date symlink: /home/giacomo/thesis_ws/install/custom_message/local/lib/python3.10/dist-packages/custom_message-0.0.0-py3.10.egg-info/SOURCES.txt
[0.910s] -- Up-to-date symlink: /home/giacomo/thesis_ws/install/custom_message/local/lib/python3.10/dist-packages/custom_message-0.0.0-py3.10.egg-info/dependency_links.txt
[0.910s] -- Up-to-date symlink: /home/giacomo/thesis_ws/install/custom_message/local/lib/python3.10/dist-packages/custom_message-0.0.0-py3.10.egg-info/top_level.txt
[0.911s] -- Up-to-date symlink: /home/giacomo/thesis_ws/install/custom_message/local/lib/python3.10/dist-packages/custom_message/__init__.py
[0.911s] -- Up-to-date symlink: /home/giacomo/thesis_ws/install/custom_message/local/lib/python3.10/dist-packages/custom_message/_custom_message_s.ep.rosidl_typesupport_c.c
[0.911s] -- Up-to-date symlink: /home/giacomo/thesis_ws/install/custom_message/local/lib/python3.10/dist-packages/custom_message/_custom_message_s.ep.rosidl_typesupport_fastrtps_c.c
[0.911s] -- Up-to-date symlink: /home/giacomo/thesis_ws/install/custom_message/local/lib/python3.10/dist-packages/custom_message/_custom_message_s.ep.rosidl_typesupport_introspection_c.c
[0.911s] -- Up-to-date symlink: /home/giacomo/thesis_ws/install/custom_message/local/lib/python3.10/dist-packages/custom_message/custom_message_s__rosidl_typesupport_c.cpython-310-x86_64-linux-gnu.so
[0.911s] -- Up-to-date symlink: /home/giacomo/thesis_ws/install/custom_message/local/lib/python3.10/dist-packages/custom_message/custom_message_s__rosidl_typesupport_fastrtps_c.cpython-310-x86_64-linux-gnu.so
[0.912s] -- Up-to-date symlink: /home/giacomo/thesis_ws/install/custom_message/local/lib/python3.10/dist-packages/custom_message/custom_message_s__rosidl_typesupport_introspection_c.cpython-310-x86_64-linux-gnu.so
[0.912s] -- Up-to-date symlink: /home/giacomo/thesis_ws/install/custom_message/local/lib/python3.10/dist-packages/custom_message/libcustom_message__rosidl_generator_py.so
[0.912s] -- Up-to-date symlink: /home/giacomo/thesis_ws/install/custom_message/local/lib/python3.10/dist-packages/custom_message/msg/__init__.py
[0.912s] -- Up-to-date symlink: /home/giacomo/thesis_ws/install/custom_message/local/lib/python3.10/dist-packages/custom_message/msg/_control_inputs.py
[0.912s] -- Up-to-date symlink: /home/giacomo/thesis_ws/install/custom_message/local/lib/python3.10/dist-packages/custom_message/msg/_control_inputs_s.c
[0.912s] -- Up-to-date symlink: /home/giacomo/thesis_ws/install/custom_message/local/lib/python3.10/dist-packages/custom_message/msg/_coordinate.py
[0.913s] -- Up-to-date symlink: /home/giacomo/thesis_ws/install/custom_message/local/lib/python3.10/dist-packages/custom_message/msg/_coordinate_s.c
[0.913s] -- Up-to-date symlink: /home/giacomo/thesis_ws/install/custom_message/local/lib/python3.10/dist-packages/custom_message/msg/_full_state.py
[0.913s] -- Up-to-date symlink: /home/giacomo/thesis_ws/install/custom_message/local/lib/python3.10/dist-packages/custom_message/msg/_full_state_s.c
[0.913s] -- Up-to-date symlink: /home/giacomo/thesis_ws/install/custom_message/local/lib/python3.10/dist-packages/custom_message/msg/_path.py
[0.913s] -- Up-to-date symlink: /home/giacomo/thesis_ws/install/custom_message/local/lib/python3.10/dist-packages/custom_message/msg/_path_s.c
[0.913s] -- Up-to-date symlink: /home/giacomo/thesis_ws/install/custom_message/local/lib/python3.10/dist-packages/custom_message/msg/_state.py
[0.913s] -- Up-to-date symlink: /home/giacomo/thesis_ws/install/custom_message/local/lib/python3.10/dist-packages/custom_message/msg/_state_s.c
[0.913s] -- Up-to-date symlink: /home/giacomo/thesis_ws/install/custom_message/local/lib/python3.10/dist-packages/custom_message/custom_message_s__rosidl_typesupport_fastrtps_c.cpython-310-x86_64-linux-gnu.so
[0.914s] -- Up-to-date symlink: /home/giacomo/thesis_ws/install/custom_message/local/lib/python3.10/dist-packages/custom_message/custom_message_s__rosidl_typesupport_introspection_c.cpython-310-x86_64-linux-gnu.so
[0.914s] -- Up-to-date symlink: /home/giacomo/thesis_ws/install/custom_message/local/lib/python3.10/dist-packages/custom_message/custom_message_s__rosidl_typesupport_c.cpython-310-x86_64-linux-gnu.so
[0.914s] -- Up-to-date symlink: /home/giacomo/thesis_ws/install/custom_message/share/custom_message/msg/ControlInputs.idl
[0.914s] -- Up-to-date symlink: /home/giacomo/thesis_ws/install/custom_message/share/custom_message/msg/State.idl
[0.914s] -- Up-to-date symlink: /home/giacomo/thesis_ws/install/custom_message/share/custom_message/msg/FullState.idl
[0.915s] -- Up-to-date symlink: /home/giacomo/thesis_ws/install/custom_message/share/custom_message/msg/Path.idl
[0.915s] -- Up-to-date symlink: /home/giacomo/thesis_ws/install/custom_message/share/custom_message/msg/Coordinate.idl
[0.915s] -- Up-to-date symlink: /home/giacomo/thesis_ws/install/custom_message/share/custom_message/msg/ControlInputs.msg
[0.915s] -- Up-to-date symlink: /home/giacomo/thesis_ws/install/custom_message/share/custom_message/msg/State.msg
[0.916s] -- Up-to-date symlink: /home/giacomo/thesis_ws/install/custom_message/share/custom_message/msg/FullState.msg
[0.916s] -- Up-to-date symlink: /home/giacomo/thesis_ws/install/custom_message/share/custom_message/msg/Path.msg
[0.916s] -- Up-to-date symlink: /home/giacomo/thesis_ws/install/custom_message/share/custom_message/msg/Coordinate.msg
[0.916s] -- Up-to-date symlink: /home/giacomo/thesis_ws/install/custom_message/share/ament_index/resource_index/package_run_dependencies/custom_message
[0.917s] -- Up-to-date symlink: /home/giacomo/thesis_ws/install/custom_message/share/ament_index/resource_index/parent_prefix_path/custom_message
[0.917s] -- Up-to-date symlink: /home/giacomo/thesis_ws/install/custom_message/share/custom_message/environment/ament_prefix_path.sh
[0.917s] -- Up-to-date symlink: /home/giacomo/thesis_ws/install/custom_message/share/custom_message/environment/ament_prefix_path.dsv
[0.917s] -- Up-to-date symlink: /home/giacomo/thesis_ws/install/custom_message/share/custom_message/environment/path.sh
[0.917s] -- Up-to-date symlink: /home/giacomo/thesis_ws/install/custom_message/share/custom_message/environment/path.dsv
[0.918s] -- Up-to-date symlink: /home/giacomo/thesis_ws/install/custom_message/share/custom_message/local_setup.bash
[0.918s] -- Up-to-date symlink: /home/giacomo/thesis_ws/install/custom_message/share/custom_message/local_setup.sh
[0.918s] -- Up-to-date symlink: /home/giacomo/thesis_ws/install/custom_message/share/custom_message/local_setup.zsh
[0.918s] -- Up-to-date symlink: /home/giacomo/thesis_ws/install/custom_message/share/custom_message/local_setup.dsv
[0.918s] -- Symlinking: /home/giacomo/thesis_ws/install/custom_message/share/custom_message/package.dsv
[0.929s] -- Up-to-date symlink: /home/giacomo/thesis_ws/install/custom_message/share/ament_index/resource_index/packages/custom_message
[0.929s] -- Up-to-date symlink: /home/giacomo/thesis_ws/install/custom_message/share/custom_message/cmake/rosidl_cmake-extras.cmake
[0.929s] -- Up-to-date symlink: /home/giacomo/thesis_ws/install/custom_message/share/custom_message/cmake/ament_cmake_export_include_directories-extras.cmake
[0.929s] -- Up-to-date symlink: /home/giacomo/thesis_ws/install/custom_message/share/custom_message/cmake/ament_cmake_export_libraries-extras.cmake
[0.929s] -- Up-to-date symlink: /home/giacomo/thesis_ws/install/custom_message/share/custom_message/cmake/ament_cmake_export_targets-extras.cmake
[0.929s] -- Up-to-date symlink: /home/giacomo/thesis_ws/install/custom_message/share/custom_message/cmake/rosidl_cmake_export_typesupport_targets-extras.cmake
[0.930s] -- Up-to-date symlink: /home/giacomo/thesis_ws/install/custom_message/share/custom_message/cmake/ament_cmake_export_dependencies-extras.cmake
[0.930s] -- Up-to-date symlink: /home/giacomo/thesis_ws/install/custom_message/share/custom_message/cmake/rosidl_cmake_export_typesupport_libraries-extras.cmake
[0.930s] -- Up-to-date symlink: /home/giacomo/thesis_ws/install/custom_message/share/custom_message/cmake/custom_messageConfig.cmake
[0.930s] -- Up-to-date symlink: /home/giacomo/thesis_ws/install/custom_message/share/custom_message/cmake/custom_messageConfig-version.cmake
[0.930s] -- Up-to-date symlink: /home/giacomo/thesis_ws/install/custom_message/share/custom_message/package.xml
[0.931s] -- Up-to-date: /home/giacomo/thesis_ws/install/custom_message/lib/libcustom_message__rosidl_generator_c.so
[0.931s] -- Up-to-date: /home/giacomo/thesis_ws/install/custom_message/lib/libcustom_message__rosidl_typesupport_fastrtps_c.so
[0.931s] -- Up-to-date: /home/giacomo/thesis_ws/install/custom_message/lib/libcustom_message__rosidl_typesupport_introspection_c.so
[0.931s] -- Up-to-date: /home/giacomo/thesis_ws/install/custom_message/lib/libcustom_message__rosidl_typesupport_c.so
[0.932s] -- Up-to-date: /home/giacomo/thesis_ws/install/custom_message/lib/libcustom_message__rosidl_typesupport_fastrtps_cpp.so
[0.932s] -- Up-to-date: /home/giacomo/thesis_ws/install/custom_message/lib/libcustom_message__rosidl_typesupport_introspection_cpp.so
[0.932s] -- Up-to-date: /home/giacomo/thesis_ws/install/custom_message/lib/libcustom_message__rosidl_typesupport_cpp.so
[0.966s] Listing '/home/giacomo/thesis_ws/install/custom_message/local/lib/python3.10/dist-packages/custom_message'...
[0.967s] Listing '/home/giacomo/thesis_ws/install/custom_message/local/lib/python3.10/dist-packages/custom_message/msg'...
[0.971s] -- Up-to-date: /home/giacomo/thesis_ws/install/custom_message/lib/libcustom_message__rosidl_generator_py.so
[0.971s] -- Up-to-date: /home/giacomo/thesis_ws/install/custom_message/share/custom_message/cmake/export_custom_message__rosidl_generator_cExport.cmake
[0.971s] -- Up-to-date: /home/giacomo/thesis_ws/install/custom_message/share/custom_message/cmake/export_custom_message__rosidl_generator_cExport-noconfig.cmake
[0.971s] -- Up-to-date: /home/giacomo/thesis_ws/install/custom_message/share/custom_message/cmake/export_custom_message__rosidl_typesupport_fastrtps_cExport.cmake
[0.971s] -- Up-to-date: /home/giacomo/thesis_ws/install/custom_message/share/custom_message/cmake/export_custom_message__rosidl_typesupport_fastrtps_cExport-noconfig.cmake
[0.972s] -- Up-to-date: /home/giacomo/thesis_ws/install/custom_message/share/custom_message/cmake/custom_message__rosidl_typesupport_introspection_cExport.cmake
[0.972s] -- Up-to-date: /home/giacomo/thesis_ws/install/custom_message/share/custom_message/cmake/custom_message__rosidl_typesupport_introspection_cExport-noconfig.cmake
[0.972s] -- Up-to-date: /home/giacomo/thesis_ws/install/custom_message/share/custom_message/cmake/custom_message__rosidl_typesupport_cExport.cmake
[0.972s] -- Up-to-date: /home/giacomo/thesis_ws/install/custom_message/share/custom_message/cmake/custom_message__rosidl_typesupport_cExport-noconfig.cmake
[0.972s] -- Up-to-date: /home/giacomo/thesis_ws/install/custom_message/share/custom_message/cmake/export_custom_message__rosidl_generator_cppExport.cmake
[0.972s] -- Up-to-date: /home/giacomo/thesis_ws/install/custom_message/share/custom_message/cmake/export_custom_message__rosidl_typesupport_fastrtps_cppExport.cmake
[0.972s] -- Up-to-date: /home/giacomo/thesis_ws/install/custom_message/share/custom_message/cmake/export_custom_message__rosidl_typesupport_fastrtps_cppExport-noconfig.cmake
[0.972s] -- Up-to-date: /home/giacomo/thesis_ws/install/custom_message/share/custom_message/cmake/custom_message__rosidl_typesupport_introspection_cppExport.cmake
[0.973s] -- Up-to-date: /home/giacomo/thesis_ws/install/custom_message/share/custom_message/cmake/custom_message__rosidl_typesupport_introspection_cppExport-noconfig.cmake
[0.973s] -- Up-to-date: /home/giacomo/thesis_ws/install/custom_message/share/custom_message/cmake/custom_message__rosidl_typesupport_cppExport.cmake
[0.973s] -- Up-to-date: /home/giacomo/thesis_ws/install/custom_message/share/custom_message/cmake/custom_message__rosidl_typesupport_cppExport-noconfig.cmake
[0.973s] -- Up-to-date: /home/giacomo/thesis_ws/install/custom_message/share/custom_message/cmake/export_custom_message__rosidl_generator_pyExport.cmake
[0.973s] -- Up-to-date: /home/giacomo/thesis_ws/install/custom_message/share/custom_message/cmake/export_custom_message__rosidl_generator_pyExport-noconfig.cmake
[0.975s] Invoked command in '/home/giacomo/thesis_ws/build/custom_message' returned '0': CMAKE_PREFIX_PATH=${CMAKE_PREFIX_PATH}:/home/giacomo/thesis_ws/install/bumper_cars:/home/giacomo/ros2_ws/install/py_pubsub:/home/giacomo/ros2_ws/install/my_robot_controller:/home/giacomo/ros2_ws/install/py_srvcli:/opt/ros/humble /usr/bin/cmake --install /home/giacomo/thesis_ws/build/custom_message
