[0.736s] Invoking command in '/home/giacomo/thesis_ws/build/bumper_cars': PYTHONPATH=/home/giacomo/thesis_ws/build/bumper_cars/prefix_override:/home/giacomo/thesis_ws/install/bumper_cars/lib/python3.10/site-packages:${PYTHONPATH} /usr/bin/python3 setup.py develop --editable --build-directory /home/giacomo/thesis_ws/build/bumper_cars/build --no-deps install_data
[1.041s] running develop
[1.046s] /home/giacomo/.local/lib/python3.10/site-packages/setuptools/command/develop.py:40: EasyInstallDeprecationWarning: easy_install command is deprecated.
[1.046s] !!
[1.046s] 
[1.047s]         ********************************************************************************
[1.047s]         Please avoid running ``setup.py`` and ``easy_install``.
[1.047s]         Instead, use pypa/build, pypa/installer or other
[1.047s]         standards-based tools.
[1.047s] 
[1.047s]         See https://github.com/pypa/setuptools/issues/917 for details.
[1.047s]         ********************************************************************************
[1.047s] 
[1.047s] !!
[1.047s]   easy_install.initialize_options(self)
[1.078s] /home/giacomo/.local/lib/python3.10/site-packages/setuptools/_distutils/cmd.py:66: SetuptoolsDeprecationWarning: setup.py install is deprecated.
[1.079s] !!
[1.079s] 
[1.079s]         ********************************************************************************
[1.079s]         Please avoid running ``setup.py`` directly.
[1.079s]         Instead, use pypa/build, pypa/installer or other
[1.079s]         standards-based tools.
[1.079s] 
[1.079s]         See https://blog.ganssle.io/articles/2021/10/setup-py-deprecated.html for details.
[1.079s]         ********************************************************************************
[1.079s] 
[1.079s] !!
[1.080s]   self.initialize_options()
[1.253s] running egg_info
[1.270s] writing bumper_cars.egg-info/PKG-INFO
[1.270s] writing dependency_links to bumper_cars.egg-info/dependency_links.txt
[1.270s] writing entry points to bumper_cars.egg-info/entry_points.txt
[1.271s] writing requirements to bumper_cars.egg-info/requires.txt
[1.271s] writing top-level names to bumper_cars.egg-info/top_level.txt
[1.299s] reading manifest file 'bumper_cars.egg-info/SOURCES.txt'
[1.300s] writing manifest file 'bumper_cars.egg-info/SOURCES.txt'
[1.315s] running build_ext
[1.316s] Creating /home/giacomo/thesis_ws/install/bumper_cars/lib/python3.10/site-packages/bumper-cars.egg-link (link to .)
[1.316s] Installing controller script to /home/giacomo/thesis_ws/install/bumper_cars/lib/bumper_cars
[1.316s] Installing model script to /home/giacomo/thesis_ws/install/bumper_cars/lib/bumper_cars
[1.317s] Installing plotter script to /home/giacomo/thesis_ws/install/bumper_cars/lib/bumper_cars
[1.317s] Installing robot_model script to /home/giacomo/thesis_ws/install/bumper_cars/lib/bumper_cars
[1.317s] Installing sensor script to /home/giacomo/thesis_ws/install/bumper_cars/lib/bumper_cars
[1.317s] Installing state_publisher script to /home/giacomo/thesis_ws/install/bumper_cars/lib/bumper_cars
[1.317s] Installing state_subscriber script to /home/giacomo/thesis_ws/install/bumper_cars/lib/bumper_cars
[1.318s] 
[1.318s] Installed /home/giacomo/thesis_ws/build/bumper_cars
[1.318s] running install_data
[1.349s] Invoked command in '/home/giacomo/thesis_ws/build/bumper_cars' returned '0': PYTHONPATH=/home/giacomo/thesis_ws/build/bumper_cars/prefix_override:/home/giacomo/thesis_ws/install/bumper_cars/lib/python3.10/site-packages:${PYTHONPATH} /usr/bin/python3 setup.py develop --editable --build-directory /home/giacomo/thesis_ws/build/bumper_cars/build --no-deps install_data
