[0.169s] Invoking command in '/home/giacomo/thesis_ws/build/my_bot': CMAKE_PREFIX_PATH=${CMAKE_PREFIX_PATH}:/home/giacomo/thesis_ws/install/bumper_cars:/home/giacomo/ros2_ws/install/py_pubsub:/home/giacomo/ros2_ws/install/my_robot_controller:/home/giacomo/ros2_ws/install/py_srvcli:/opt/ros/humble /usr/bin/cmake /home/giacomo/thesis_ws/src/my_bot -DAMENT_CMAKE_SYMLINK_INSTALL=1 -DCMAKE_INSTALL_PREFIX=/home/giacomo/thesis_ws/install/my_bot
[0.246s] -- The C compiler identification is GNU 11.4.0
[0.345s] -- The CXX compiler identification is GNU 11.4.0
[0.357s] -- Detecting C compiler ABI info
[0.457s] -- Detecting C compiler ABI info - done
[0.468s] -- Check for working C compiler: /usr/bin/cc - skipped
[0.469s] -- Detecting C compile features
[0.469s] -- Detecting C compile features - done
[0.473s] -- Detecting CXX compiler ABI info
[0.570s] -- Detecting CXX compiler ABI info - done
[0.580s] -- Check for working CXX compiler: /usr/bin/c++ - skipped
[0.580s] -- Detecting CXX compile features
[0.581s] -- Detecting CXX compile features - done
[0.585s] -- Found ament_cmake: 1.3.5 (/opt/ros/humble/share/ament_cmake/cmake)
[1.078s] -- Found Python3: /usr/bin/python3.10 (found version "3.10.12") found components: Interpreter 
[1.169s] -- Override CMake install command with custom implementation using symlinks instead of copying resources
[1.213s] -- Found ament_lint_auto: 0.12.8 (/opt/ros/humble/share/ament_lint_auto/cmake)
[1.330s] -- Added test 'copyright' to check source files copyright and LICENSE
[1.368s] -- Added test 'flake8' to check Python code syntax and style conventions
[1.372s] -- Added test 'lint_cmake' to check CMake code style
[1.375s] -- Added test 'pep257' to check Python code against some of the docstring style conventions in PEP 257
[1.391s] -- Added test 'xmllint' to check XML markup files
[1.393s] -- Configuring done
[1.401s] -- Generating done
[1.402s] -- Build files have been written to: /home/giacomo/thesis_ws/build/my_bot
[1.486s] Invoked command in '/home/giacomo/thesis_ws/build/my_bot' returned '0': CMAKE_PREFIX_PATH=${CMAKE_PREFIX_PATH}:/home/giacomo/thesis_ws/install/bumper_cars:/home/giacomo/ros2_ws/install/py_pubsub:/home/giacomo/ros2_ws/install/my_robot_controller:/home/giacomo/ros2_ws/install/py_srvcli:/opt/ros/humble /usr/bin/cmake /home/giacomo/thesis_ws/src/my_bot -DAMENT_CMAKE_SYMLINK_INSTALL=1 -DCMAKE_INSTALL_PREFIX=/home/giacomo/thesis_ws/install/my_bot
[1.488s] Invoking command in '/home/giacomo/thesis_ws/build/my_bot': CMAKE_PREFIX_PATH=${CMAKE_PREFIX_PATH}:/home/giacomo/thesis_ws/install/bumper_cars:/home/giacomo/ros2_ws/install/py_pubsub:/home/giacomo/ros2_ws/install/my_robot_controller:/home/giacomo/ros2_ws/install/py_srvcli:/opt/ros/humble /usr/bin/cmake --build /home/giacomo/thesis_ws/build/my_bot -- -j8 -l8
[1.849s] Invoked command in '/home/giacomo/thesis_ws/build/my_bot' returned '0': CMAKE_PREFIX_PATH=${CMAKE_PREFIX_PATH}:/home/giacomo/thesis_ws/install/bumper_cars:/home/giacomo/ros2_ws/install/py_pubsub:/home/giacomo/ros2_ws/install/my_robot_controller:/home/giacomo/ros2_ws/install/py_srvcli:/opt/ros/humble /usr/bin/cmake --build /home/giacomo/thesis_ws/build/my_bot -- -j8 -l8
[1.879s] Invoking command in '/home/giacomo/thesis_ws/build/my_bot': CMAKE_PREFIX_PATH=${CMAKE_PREFIX_PATH}:/home/giacomo/thesis_ws/install/bumper_cars:/home/giacomo/ros2_ws/install/py_pubsub:/home/giacomo/ros2_ws/install/my_robot_controller:/home/giacomo/ros2_ws/install/py_srvcli:/opt/ros/humble /usr/bin/cmake --install /home/giacomo/thesis_ws/build/my_bot
[1.889s] -- Install configuration: ""
[1.890s] -- Execute custom install script
[1.890s] -- Symlinking: /home/giacomo/thesis_ws/install/my_bot/share/my_bot/config/drive_bot.rviz
[1.902s] -- Symlinking: /home/giacomo/thesis_ws/install/my_bot/share/my_bot/config/empty.yaml
[1.913s] -- Symlinking: /home/giacomo/thesis_ws/install/my_bot/share/my_bot/config/view_bot.rviz
[1.925s] [33mCMake Warning (dev) at ament_cmake_symlink_install/ament_cmake_symlink_install.cmake:62 (file):
[1.925s]   Policy CMP0009 is not set: FILE GLOB_RECURSE calls should not follow
[1.925s]   symlinks by default.  Run "cmake --help-policy CMP0009" for policy details.
[1.925s]   Use the cmake_policy command to set the policy and suppress this warning.
[1.925s] Call Stack (most recent call first):
[1.925s]   ament_cmake_symlink_install/ament_cmake_symlink_install.cmake:314 (ament_cmake_symlink_install_directory)
[1.926s]   cmake_install.cmake:46 (include)
[1.926s] This warning is for project developers.  Use -Wno-dev to suppress it.
[1.926s] [0m
[1.926s] -- Symlinking: /home/giacomo/thesis_ws/install/my_bot/share/my_bot/description/build/.built_by
[1.941s] -- Symlinking: /home/giacomo/thesis_ws/install/my_bot/share/my_bot/description/build/COLCON_IGNORE
[1.956s] -- Symlinking: /home/giacomo/thesis_ws/install/my_bot/share/my_bot/description/build/py_pubsub/build/lib/py_pubsub/__init__.py
[1.968s] -- Symlinking: /home/giacomo/thesis_ws/install/my_bot/share/my_bot/description/build/py_pubsub/build/lib/py_pubsub/hello_world.py
[1.978s] -- Symlinking: /home/giacomo/thesis_ws/install/my_bot/share/my_bot/description/build/py_pubsub/colcon_build.rc
[1.990s] -- Symlinking: /home/giacomo/thesis_ws/install/my_bot/share/my_bot/description/build/py_pubsub/colcon_command_prefix_setup_py.sh
[2.001s] -- Symlinking: /home/giacomo/thesis_ws/install/my_bot/share/my_bot/description/build/py_pubsub/colcon_command_prefix_setup_py.sh.env
[2.015s] -- Symlinking: /home/giacomo/thesis_ws/install/my_bot/share/my_bot/description/build/py_pubsub/install.log
[2.029s] -- Symlinking: /home/giacomo/thesis_ws/install/my_bot/share/my_bot/description/build/py_pubsub/prefix_override/__pycache__/sitecustomize.cpython-310.pyc
[2.038s] -- Symlinking: /home/giacomo/thesis_ws/install/my_bot/share/my_bot/description/build/py_pubsub/prefix_override/sitecustomize.py
[2.047s] -- Symlinking: /home/giacomo/thesis_ws/install/my_bot/share/my_bot/description/build/py_pubsub/py_pubsub.egg-info/PKG-INFO
[2.056s] -- Symlinking: /home/giacomo/thesis_ws/install/my_bot/share/my_bot/description/build/py_pubsub/py_pubsub.egg-info/SOURCES.txt
[2.065s] -- Symlinking: /home/giacomo/thesis_ws/install/my_bot/share/my_bot/description/build/py_pubsub/py_pubsub.egg-info/dependency_links.txt
[2.074s] -- Symlinking: /home/giacomo/thesis_ws/install/my_bot/share/my_bot/description/build/py_pubsub/py_pubsub.egg-info/requires.txt
[2.083s] -- Symlinking: /home/giacomo/thesis_ws/install/my_bot/share/my_bot/description/build/py_pubsub/py_pubsub.egg-info/top_level.txt
[2.092s] -- Symlinking: /home/giacomo/thesis_ws/install/my_bot/share/my_bot/description/build/py_pubsub/py_pubsub.egg-info/zip-safe
[2.101s] -- Symlinking: /home/giacomo/thesis_ws/install/my_bot/share/my_bot/description/gazebo_control.xacro
[2.110s] -- Symlinking: /home/giacomo/thesis_ws/install/my_bot/share/my_bot/description/hello_world.py
[2.119s] -- Symlinking: /home/giacomo/thesis_ws/install/my_bot/share/my_bot/description/inertial_macros.xacro
[2.129s] -- Symlinking: /home/giacomo/thesis_ws/install/my_bot/share/my_bot/description/install/.colcon_install_layout
[2.140s] -- Symlinking: /home/giacomo/thesis_ws/install/my_bot/share/my_bot/description/install/COLCON_IGNORE
[2.150s] -- Symlinking: /home/giacomo/thesis_ws/install/my_bot/share/my_bot/description/install/_local_setup_util_ps1.py
[2.160s] -- Symlinking: /home/giacomo/thesis_ws/install/my_bot/share/my_bot/description/install/_local_setup_util_sh.py
[2.170s] -- Symlinking: /home/giacomo/thesis_ws/install/my_bot/share/my_bot/description/install/local_setup.bash
[2.179s] -- Symlinking: /home/giacomo/thesis_ws/install/my_bot/share/my_bot/description/install/local_setup.ps1
[2.188s] -- Symlinking: /home/giacomo/thesis_ws/install/my_bot/share/my_bot/description/install/local_setup.sh
[2.197s] -- Symlinking: /home/giacomo/thesis_ws/install/my_bot/share/my_bot/description/install/local_setup.zsh
[2.207s] -- Symlinking: /home/giacomo/thesis_ws/install/my_bot/share/my_bot/description/install/py_pubsub/lib/python3.10/site-packages/py_pubsub-0.0.0-py3.10.egg-info/PKG-INFO
[2.216s] -- Symlinking: /home/giacomo/thesis_ws/install/my_bot/share/my_bot/description/install/py_pubsub/lib/python3.10/site-packages/py_pubsub-0.0.0-py3.10.egg-info/SOURCES.txt
[2.225s] -- Symlinking: /home/giacomo/thesis_ws/install/my_bot/share/my_bot/description/install/py_pubsub/lib/python3.10/site-packages/py_pubsub-0.0.0-py3.10.egg-info/dependency_links.txt
[2.234s] -- Symlinking: /home/giacomo/thesis_ws/install/my_bot/share/my_bot/description/install/py_pubsub/lib/python3.10/site-packages/py_pubsub-0.0.0-py3.10.egg-info/requires.txt
[2.243s] -- Symlinking: /home/giacomo/thesis_ws/install/my_bot/share/my_bot/description/install/py_pubsub/lib/python3.10/site-packages/py_pubsub-0.0.0-py3.10.egg-info/top_level.txt
[2.253s] -- Symlinking: /home/giacomo/thesis_ws/install/my_bot/share/my_bot/description/install/py_pubsub/lib/python3.10/site-packages/py_pubsub-0.0.0-py3.10.egg-info/zip-safe
[2.262s] -- Symlinking: /home/giacomo/thesis_ws/install/my_bot/share/my_bot/description/install/py_pubsub/lib/python3.10/site-packages/py_pubsub/__init__.py
[2.272s] -- Symlinking: /home/giacomo/thesis_ws/install/my_bot/share/my_bot/description/install/py_pubsub/lib/python3.10/site-packages/py_pubsub/__pycache__/__init__.cpython-310.pyc
[2.281s] -- Symlinking: /home/giacomo/thesis_ws/install/my_bot/share/my_bot/description/install/py_pubsub/lib/python3.10/site-packages/py_pubsub/__pycache__/hello_world.cpython-310.pyc
[2.291s] -- Symlinking: /home/giacomo/thesis_ws/install/my_bot/share/my_bot/description/install/py_pubsub/lib/python3.10/site-packages/py_pubsub/hello_world.py
[2.300s] -- Symlinking: /home/giacomo/thesis_ws/install/my_bot/share/my_bot/description/install/py_pubsub/share/ament_index/resource_index/packages/py_pubsub
[2.309s] -- Symlinking: /home/giacomo/thesis_ws/install/my_bot/share/my_bot/description/install/py_pubsub/share/colcon-core/packages/py_pubsub
[2.319s] -- Symlinking: /home/giacomo/thesis_ws/install/my_bot/share/my_bot/description/install/py_pubsub/share/py_pubsub/hook/ament_prefix_path.dsv
[2.328s] -- Symlinking: /home/giacomo/thesis_ws/install/my_bot/share/my_bot/description/install/py_pubsub/share/py_pubsub/hook/ament_prefix_path.ps1
[2.339s] -- Symlinking: /home/giacomo/thesis_ws/install/my_bot/share/my_bot/description/install/py_pubsub/share/py_pubsub/hook/ament_prefix_path.sh
[2.347s] -- Symlinking: /home/giacomo/thesis_ws/install/my_bot/share/my_bot/description/install/py_pubsub/share/py_pubsub/hook/pythonpath.dsv
[2.357s] -- Symlinking: /home/giacomo/thesis_ws/install/my_bot/share/my_bot/description/install/py_pubsub/share/py_pubsub/hook/pythonpath.ps1
[2.366s] -- Symlinking: /home/giacomo/thesis_ws/install/my_bot/share/my_bot/description/install/py_pubsub/share/py_pubsub/hook/pythonpath.sh
[2.376s] -- Symlinking: /home/giacomo/thesis_ws/install/my_bot/share/my_bot/description/install/py_pubsub/share/py_pubsub/package.bash
[2.385s] -- Symlinking: /home/giacomo/thesis_ws/install/my_bot/share/my_bot/description/install/py_pubsub/share/py_pubsub/package.dsv
[2.394s] -- Symlinking: /home/giacomo/thesis_ws/install/my_bot/share/my_bot/description/install/py_pubsub/share/py_pubsub/package.ps1
[2.405s] -- Symlinking: /home/giacomo/thesis_ws/install/my_bot/share/my_bot/description/install/py_pubsub/share/py_pubsub/package.sh
[2.415s] -- Symlinking: /home/giacomo/thesis_ws/install/my_bot/share/my_bot/description/install/py_pubsub/share/py_pubsub/package.xml
[2.425s] -- Symlinking: /home/giacomo/thesis_ws/install/my_bot/share/my_bot/description/install/py_pubsub/share/py_pubsub/package.zsh
[2.434s] -- Symlinking: /home/giacomo/thesis_ws/install/my_bot/share/my_bot/description/install/setup.bash
[2.443s] -- Symlinking: /home/giacomo/thesis_ws/install/my_bot/share/my_bot/description/install/setup.ps1
[2.452s] -- Symlinking: /home/giacomo/thesis_ws/install/my_bot/share/my_bot/description/install/setup.sh
[2.463s] -- Symlinking: /home/giacomo/thesis_ws/install/my_bot/share/my_bot/description/install/setup.zsh
[2.473s] -- Symlinking: /home/giacomo/thesis_ws/install/my_bot/share/my_bot/description/log/COLCON_IGNORE
[2.484s] -- Symlinking: /home/giacomo/thesis_ws/install/my_bot/share/my_bot/description/log/build_2023-09-01_14-55-19/events.log
[2.495s] -- Symlinking: /home/giacomo/thesis_ws/install/my_bot/share/my_bot/description/log/build_2023-09-01_14-55-19/logger_all.log
[2.504s] -- Symlinking: /home/giacomo/thesis_ws/install/my_bot/share/my_bot/description/log/build_2023-09-01_14-55-19/py_pubsub/command.log
[2.514s] -- Symlinking: /home/giacomo/thesis_ws/install/my_bot/share/my_bot/description/log/build_2023-09-01_14-55-19/py_pubsub/stderr.log
[2.523s] -- Symlinking: /home/giacomo/thesis_ws/install/my_bot/share/my_bot/description/log/build_2023-09-01_14-55-19/py_pubsub/stdout.log
[2.532s] -- Symlinking: /home/giacomo/thesis_ws/install/my_bot/share/my_bot/description/log/build_2023-09-01_14-55-19/py_pubsub/stdout_stderr.log
[2.543s] -- Symlinking: /home/giacomo/thesis_ws/install/my_bot/share/my_bot/description/log/build_2023-09-01_14-55-19/py_pubsub/streams.log
[2.552s] -- Symlinking: /home/giacomo/thesis_ws/install/my_bot/share/my_bot/description/log/build_2023-09-01_14-56-00/events.log
[2.561s] -- Symlinking: /home/giacomo/thesis_ws/install/my_bot/share/my_bot/description/log/build_2023-09-01_14-56-00/logger_all.log
[2.572s] -- Symlinking: /home/giacomo/thesis_ws/install/my_bot/share/my_bot/description/log/build_2023-09-01_14-56-00/py_pubsub/command.log
[2.581s] -- Symlinking: /home/giacomo/thesis_ws/install/my_bot/share/my_bot/description/log/build_2023-09-01_14-56-00/py_pubsub/stderr.log
[2.590s] -- Symlinking: /home/giacomo/thesis_ws/install/my_bot/share/my_bot/description/log/build_2023-09-01_14-56-00/py_pubsub/stdout.log
[2.600s] -- Symlinking: /home/giacomo/thesis_ws/install/my_bot/share/my_bot/description/log/build_2023-09-01_14-56-00/py_pubsub/stdout_stderr.log
[2.609s] -- Symlinking: /home/giacomo/thesis_ws/install/my_bot/share/my_bot/description/log/build_2023-09-01_14-56-00/py_pubsub/streams.log
[2.618s] -- Symlinking: /home/giacomo/thesis_ws/install/my_bot/share/my_bot/description/log/latest/events.log
[2.627s] -- Symlinking: /home/giacomo/thesis_ws/install/my_bot/share/my_bot/description/log/latest/logger_all.log
[2.637s] -- Symlinking: /home/giacomo/thesis_ws/install/my_bot/share/my_bot/description/log/latest/py_pubsub/command.log
[2.646s] -- Symlinking: /home/giacomo/thesis_ws/install/my_bot/share/my_bot/description/log/latest/py_pubsub/stderr.log
[2.656s] -- Symlinking: /home/giacomo/thesis_ws/install/my_bot/share/my_bot/description/log/latest/py_pubsub/stdout.log
[2.666s] -- Symlinking: /home/giacomo/thesis_ws/install/my_bot/share/my_bot/description/log/latest/py_pubsub/stdout_stderr.log
[2.675s] -- Symlinking: /home/giacomo/thesis_ws/install/my_bot/share/my_bot/description/log/latest/py_pubsub/streams.log
[2.685s] -- Symlinking: /home/giacomo/thesis_ws/install/my_bot/share/my_bot/description/log/latest_build/events.log
[2.694s] -- Symlinking: /home/giacomo/thesis_ws/install/my_bot/share/my_bot/description/log/latest_build/logger_all.log
[2.703s] -- Symlinking: /home/giacomo/thesis_ws/install/my_bot/share/my_bot/description/log/latest_build/py_pubsub/command.log
[2.713s] -- Symlinking: /home/giacomo/thesis_ws/install/my_bot/share/my_bot/description/log/latest_build/py_pubsub/stderr.log
[2.723s] -- Symlinking: /home/giacomo/thesis_ws/install/my_bot/share/my_bot/description/log/latest_build/py_pubsub/stdout.log
[2.732s] -- Symlinking: /home/giacomo/thesis_ws/install/my_bot/share/my_bot/description/log/latest_build/py_pubsub/stdout_stderr.log
[2.743s] -- Symlinking: /home/giacomo/thesis_ws/install/my_bot/share/my_bot/description/log/latest_build/py_pubsub/streams.log
[2.752s] -- Symlinking: /home/giacomo/thesis_ws/install/my_bot/share/my_bot/description/py_pubsub/package.xml
[2.762s] -- Symlinking: /home/giacomo/thesis_ws/install/my_bot/share/my_bot/description/py_pubsub/py_pubsub/__init__.py
[2.771s] -- Symlinking: /home/giacomo/thesis_ws/install/my_bot/share/my_bot/description/py_pubsub/py_pubsub/hello_world.py
[2.780s] -- Symlinking: /home/giacomo/thesis_ws/install/my_bot/share/my_bot/description/py_pubsub/resource/py_pubsub
[2.789s] -- Symlinking: /home/giacomo/thesis_ws/install/my_bot/share/my_bot/description/py_pubsub/setup.cfg
[2.798s] -- Symlinking: /home/giacomo/thesis_ws/install/my_bot/share/my_bot/description/py_pubsub/setup.py
[2.808s] -- Symlinking: /home/giacomo/thesis_ws/install/my_bot/share/my_bot/description/py_pubsub/test/test_copyright.py
[2.818s] -- Symlinking: /home/giacomo/thesis_ws/install/my_bot/share/my_bot/description/py_pubsub/test/test_flake8.py
[2.827s] -- Symlinking: /home/giacomo/thesis_ws/install/my_bot/share/my_bot/description/py_pubsub/test/test_pep257.py
[2.836s] -- Symlinking: /home/giacomo/thesis_ws/install/my_bot/share/my_bot/description/robot.urdf.xacro
[2.845s] -- Symlinking: /home/giacomo/thesis_ws/install/my_bot/share/my_bot/description/robot_core.xacro
[2.855s] -- Symlinking: /home/giacomo/thesis_ws/install/my_bot/share/my_bot/launch/launch_sim.launch.py
[2.867s] -- Symlinking: /home/giacomo/thesis_ws/install/my_bot/share/my_bot/launch/rsp.launch.py
[2.876s] -- Symlinking: /home/giacomo/thesis_ws/install/my_bot/share/my_bot/worlds/empty.world
[2.885s] -- Symlinking: /home/giacomo/thesis_ws/install/my_bot/share/my_bot/worlds/obstacle_world.world
[2.895s] -- Symlinking: /home/giacomo/thesis_ws/install/my_bot/share/ament_index/resource_index/package_run_dependencies/my_bot
[2.907s] -- Symlinking: /home/giacomo/thesis_ws/install/my_bot/share/ament_index/resource_index/parent_prefix_path/my_bot
[2.919s] -- Symlinking: /home/giacomo/thesis_ws/install/my_bot/share/my_bot/environment/ament_prefix_path.sh
[2.929s] -- Symlinking: /home/giacomo/thesis_ws/install/my_bot/share/my_bot/environment/ament_prefix_path.dsv
[2.938s] -- Symlinking: /home/giacomo/thesis_ws/install/my_bot/share/my_bot/environment/path.sh
[2.948s] -- Symlinking: /home/giacomo/thesis_ws/install/my_bot/share/my_bot/environment/path.dsv
[2.957s] -- Symlinking: /home/giacomo/thesis_ws/install/my_bot/share/my_bot/local_setup.bash
[2.967s] -- Symlinking: /home/giacomo/thesis_ws/install/my_bot/share/my_bot/local_setup.sh
[2.976s] -- Symlinking: /home/giacomo/thesis_ws/install/my_bot/share/my_bot/local_setup.zsh
[2.985s] -- Symlinking: /home/giacomo/thesis_ws/install/my_bot/share/my_bot/local_setup.dsv
[2.994s] -- Symlinking: /home/giacomo/thesis_ws/install/my_bot/share/my_bot/package.dsv
[3.004s] -- Symlinking: /home/giacomo/thesis_ws/install/my_bot/share/ament_index/resource_index/packages/my_bot
[3.013s] -- Symlinking: /home/giacomo/thesis_ws/install/my_bot/share/my_bot/cmake/my_botConfig.cmake
[3.022s] -- Symlinking: /home/giacomo/thesis_ws/install/my_bot/share/my_bot/cmake/my_botConfig-version.cmake
[3.031s] -- Symlinking: /home/giacomo/thesis_ws/install/my_bot/share/my_bot/package.xml
[3.042s] Invoked command in '/home/giacomo/thesis_ws/build/my_bot' returned '0': CMAKE_PREFIX_PATH=${CMAKE_PREFIX_PATH}:/home/giacomo/thesis_ws/install/bumper_cars:/home/giacomo/ros2_ws/install/py_pubsub:/home/giacomo/ros2_ws/install/my_robot_controller:/home/giacomo/ros2_ws/install/py_srvcli:/opt/ros/humble /usr/bin/cmake --install /home/giacomo/thesis_ws/build/my_bot
