[1.588s] Invoking command in '/home/giacomo/thesis_ws/build/bumper_cars': CMAKE_PREFIX_PATH=/home/giacomo/thesis_ws/install/custom_message:/home/giacomo/thesis_ws/install/urdf_example:/home/giacomo/thesis_ws/install/sym_bringup:/home/giacomo/thesis_ws/install/my_bot:/home/giacomo/ros2_ws/install/tutorial_interfaces:/home/giacomo/ros2_ws/install/turtlesim PYTHONPATH=/home/giacomo/thesis_ws/build/bumper_cars/prefix_override:/home/giacomo/thesis_ws/install/bumper_cars/lib/python3.10/site-packages:${PYTHONPATH} /usr/bin/python3 setup.py develop --editable --build-directory /home/giacomo/thesis_ws/build/bumper_cars/build --no-deps install_data
[1.918s] running develop
[1.918s] /home/giacomo/.local/lib/python3.10/site-packages/setuptools/command/develop.py:40: EasyInstallDeprecationWarning: easy_install command is deprecated.
[1.919s] !!
[1.919s] 
[1.919s]         ********************************************************************************
[1.919s]         Please avoid running ``setup.py`` and ``easy_install``.
[1.919s]         Instead, use pypa/build, pypa/installer or other
[1.919s]         standards-based tools.
[1.919s] 
[1.919s]         See https://github.com/pypa/setuptools/issues/917 for details.
[1.919s]         ********************************************************************************
[1.919s] 
[1.919s] !!
[1.919s]   easy_install.initialize_options(self)
[1.952s] /home/giacomo/.local/lib/python3.10/site-packages/setuptools/_distutils/cmd.py:66: SetuptoolsDeprecationWarning: setup.py install is deprecated.
[1.952s] !!
[1.952s] 
[1.952s]         ********************************************************************************
[1.952s]         Please avoid running ``setup.py`` directly.
[1.952s]         Instead, use pypa/build, pypa/installer or other
[1.952s]         standards-based tools.
[1.952s] 
[1.952s]         See https://blog.ganssle.io/articles/2021/10/setup-py-deprecated.html for details.
[1.952s]         ********************************************************************************
[1.952s] 
[1.952s] !!
[1.952s]   self.initialize_options()
[2.149s] running egg_info
[2.165s] writing bumper_cars.egg-info/PKG-INFO
[2.166s] writing dependency_links to bumper_cars.egg-info/dependency_links.txt
[2.166s] writing entry points to bumper_cars.egg-info/entry_points.txt
[2.166s] writing requirements to bumper_cars.egg-info/requires.txt
[2.166s] writing top-level names to bumper_cars.egg-info/top_level.txt
[2.203s] reading manifest file 'bumper_cars.egg-info/SOURCES.txt'
[2.204s] writing manifest file 'bumper_cars.egg-info/SOURCES.txt'
[2.223s] running build_ext
[2.223s] Creating /home/giacomo/thesis_ws/install/bumper_cars/lib/python3.10/site-packages/bumper-cars.egg-link (link to .)
[2.224s] Installing controller script to /home/giacomo/thesis_ws/install/bumper_cars/lib/bumper_cars
[2.224s] Installing model script to /home/giacomo/thesis_ws/install/bumper_cars/lib/bumper_cars
[2.224s] Installing plotter script to /home/giacomo/thesis_ws/install/bumper_cars/lib/bumper_cars
[2.225s] Installing sensor script to /home/giacomo/thesis_ws/install/bumper_cars/lib/bumper_cars
[2.225s] 
[2.225s] Installed /home/giacomo/thesis_ws/build/bumper_cars
[2.225s] running install_data
[2.253s] Invoked command in '/home/giacomo/thesis_ws/build/bumper_cars' returned '0': CMAKE_PREFIX_PATH=/home/giacomo/thesis_ws/install/custom_message:/home/giacomo/thesis_ws/install/urdf_example:/home/giacomo/thesis_ws/install/sym_bringup:/home/giacomo/thesis_ws/install/my_bot:/home/giacomo/ros2_ws/install/tutorial_interfaces:/home/giacomo/ros2_ws/install/turtlesim PYTHONPATH=/home/giacomo/thesis_ws/build/bumper_cars/prefix_override:/home/giacomo/thesis_ws/install/bumper_cars/lib/python3.10/site-packages:${PYTHONPATH} /usr/bin/python3 setup.py develop --editable --build-directory /home/giacomo/thesis_ws/build/bumper_cars/build --no-deps install_data
