/home/giacomo/thesis_ws/install/bumper_cars/lib/python3.10/site-packages/bumper_cars/state_subscriber.py
/home/giacomo/thesis_ws/install/bumper_cars/lib/python3.10/site-packages/bumper_cars/__init__.py
/home/giacomo/thesis_ws/install/bumper_cars/lib/python3.10/site-packages/bumper_cars/sensor.py
/home/giacomo/thesis_ws/install/bumper_cars/lib/python3.10/site-packages/bumper_cars/controller.py
/home/giacomo/thesis_ws/install/bumper_cars/lib/python3.10/site-packages/bumper_cars/state_publisher.py
/home/giacomo/thesis_ws/install/bumper_cars/lib/python3.10/site-packages/bumper_cars/car_model.py
/home/giacomo/thesis_ws/install/bumper_cars/lib/python3.10/site-packages/bumper_cars/plotter.py
/home/giacomo/thesis_ws/install/bumper_cars/lib/python3.10/site-packages/bumper_cars/__pycache__/state_subscriber.cpython-310.pyc
/home/giacomo/thesis_ws/install/bumper_cars/lib/python3.10/site-packages/bumper_cars/__pycache__/__init__.cpython-310.pyc
/home/giacomo/thesis_ws/install/bumper_cars/lib/python3.10/site-packages/bumper_cars/__pycache__/sensor.cpython-310.pyc
/home/giacomo/thesis_ws/install/bumper_cars/lib/python3.10/site-packages/bumper_cars/__pycache__/controller.cpython-310.pyc
/home/giacomo/thesis_ws/install/bumper_cars/lib/python3.10/site-packages/bumper_cars/__pycache__/state_publisher.cpython-310.pyc
/home/giacomo/thesis_ws/install/bumper_cars/lib/python3.10/site-packages/bumper_cars/__pycache__/car_model.cpython-310.pyc
/home/giacomo/thesis_ws/install/bumper_cars/lib/python3.10/site-packages/bumper_cars/__pycache__/plotter.cpython-310.pyc
/home/giacomo/thesis_ws/install/bumper_cars/share/ament_index/resource_index/packages/bumper_cars
/home/giacomo/thesis_ws/install/bumper_cars/share/bumper_cars/package.xml
/home/giacomo/thesis_ws/install/bumper_cars/lib/python3.10/site-packages/bumper_cars-0.0.0-py3.10.egg-info/PKG-INFO
/home/giacomo/thesis_ws/install/bumper_cars/lib/python3.10/site-packages/bumper_cars-0.0.0-py3.10.egg-info/entry_points.txt
/home/giacomo/thesis_ws/install/bumper_cars/lib/python3.10/site-packages/bumper_cars-0.0.0-py3.10.egg-info/SOURCES.txt
/home/giacomo/thesis_ws/install/bumper_cars/lib/python3.10/site-packages/bumper_cars-0.0.0-py3.10.egg-info/zip-safe
/home/giacomo/thesis_ws/install/bumper_cars/lib/python3.10/site-packages/bumper_cars-0.0.0-py3.10.egg-info/requires.txt
/home/giacomo/thesis_ws/install/bumper_cars/lib/python3.10/site-packages/bumper_cars-0.0.0-py3.10.egg-info/top_level.txt
/home/giacomo/thesis_ws/install/bumper_cars/lib/python3.10/site-packages/bumper_cars-0.0.0-py3.10.egg-info/dependency_links.txt
/home/giacomo/thesis_ws/install/bumper_cars/lib/bumper_cars/controller
/home/giacomo/thesis_ws/install/bumper_cars/lib/bumper_cars/model
/home/giacomo/thesis_ws/install/bumper_cars/lib/bumper_cars/plotter
/home/giacomo/thesis_ws/install/bumper_cars/lib/bumper_cars/sensor
/home/giacomo/thesis_ws/install/bumper_cars/lib/bumper_cars/state_publisher
/home/giacomo/thesis_ws/install/bumper_cars/lib/bumper_cars/state_subscriber
