[1.086s] Invoking command in '/home/giacomo/thesis_ws/build/bumper_cars': PYTHONPATH=/home/giacomo/thesis_ws/build/bumper_cars/prefix_override:/home/giacomo/thesis_ws/install/bumper_cars/lib/python3.10/site-packages:${PYTHONPATH} /usr/bin/python3 setup.py develop --editable --build-directory /home/giacomo/thesis_ws/build/bumper_cars/build --no-deps install_data
[1.732s] running develop
[1.732s] /home/giacomo/.local/lib/python3.10/site-packages/setuptools/command/develop.py:40: EasyInstallDeprecationWarning: easy_install command is deprecated.
[1.732s] !!
[1.733s] 
[1.733s]         ********************************************************************************
[1.733s]         Please avoid running ``setup.py`` and ``easy_install``.
[1.733s]         Instead, use pypa/build, pypa/installer or other
[1.733s]         standards-based tools.
[1.733s] 
[1.733s]         See https://github.com/pypa/setuptools/issues/917 for details.
[1.733s]         ********************************************************************************
[1.733s] 
[1.733s] !!
[1.733s]   easy_install.initialize_options(self)
[1.807s] /home/giacomo/.local/lib/python3.10/site-packages/setuptools/_distutils/cmd.py:66: SetuptoolsDeprecationWarning: setup.py install is deprecated.
[1.807s] !!
[1.808s] 
[1.808s]         ********************************************************************************
[1.808s]         Please avoid running ``setup.py`` directly.
[1.808s]         Instead, use pypa/build, pypa/installer or other
[1.808s]         standards-based tools.
[1.808s] 
[1.808s]         See https://blog.ganssle.io/articles/2021/10/setup-py-deprecated.html for details.
[1.809s]         ********************************************************************************
[1.809s] 
[1.809s] !!
[1.809s]   self.initialize_options()
[2.119s] running egg_info
[2.148s] writing bumper_cars.egg-info/PKG-INFO
[2.149s] writing dependency_links to bumper_cars.egg-info/dependency_links.txt
[2.149s] writing entry points to bumper_cars.egg-info/entry_points.txt
[2.149s] writing requirements to bumper_cars.egg-info/requires.txt
[2.150s] writing top-level names to bumper_cars.egg-info/top_level.txt
[2.209s] reading manifest file 'bumper_cars.egg-info/SOURCES.txt'
[2.211s] writing manifest file 'bumper_cars.egg-info/SOURCES.txt'
[2.247s] running build_ext
[2.248s] Creating /home/giacomo/thesis_ws/install/bumper_cars/lib/python3.10/site-packages/bumper-cars.egg-link (link to .)
[2.249s] Installing controller script to /home/giacomo/thesis_ws/install/bumper_cars/lib/bumper_cars
[2.250s] Installing model script to /home/giacomo/thesis_ws/install/bumper_cars/lib/bumper_cars
[2.250s] Installing plotter script to /home/giacomo/thesis_ws/install/bumper_cars/lib/bumper_cars
[2.250s] Installing robot_model script to /home/giacomo/thesis_ws/install/bumper_cars/lib/bumper_cars
[2.251s] Installing sensor script to /home/giacomo/thesis_ws/install/bumper_cars/lib/bumper_cars
[2.251s] Installing state_publisher script to /home/giacomo/thesis_ws/install/bumper_cars/lib/bumper_cars
[2.251s] Installing state_subscriber script to /home/giacomo/thesis_ws/install/bumper_cars/lib/bumper_cars
[2.252s] 
[2.252s] Installed /home/giacomo/thesis_ws/build/bumper_cars
[2.252s] running install_data
[2.253s] copying package.xml -> /home/giacomo/thesis_ws/install/bumper_cars/share/bumper_cars
[2.314s] Invoked command in '/home/giacomo/thesis_ws/build/bumper_cars' returned '0': PYTHONPATH=/home/giacomo/thesis_ws/build/bumper_cars/prefix_override:/home/giacomo/thesis_ws/install/bumper_cars/lib/python3.10/site-packages:${PYTHONPATH} /usr/bin/python3 setup.py develop --editable --build-directory /home/giacomo/thesis_ws/build/bumper_cars/build --no-deps install_data
