[0.888s] DEBUG:colcon:Command line arguments: ['/usr/bin/colcon', 'list', '-p', '--base-paths', '/home/giacomo/thesis_ws']
[0.888s] DEBUG:colcon:Parsed command line arguments: Namespace(log_base=None, log_level=None, verb_name='list', build_base='build', ignore_user_meta=False, metas=['./colcon.meta'], base_paths=['/home/giacomo/thesis_ws'], packages_ignore=None, packages_ignore_regex=None, paths=None, packages_up_to=None, packages_up_to_regex=None, packages_above=None, packages_above_and_dependencies=None, packages_above_depth=None, packages_select_by_dep=None, packages_skip_by_dep=None, packages_skip_up_to=None, packages_select_build_failed=False, packages_skip_build_finished=False, packages_select_test_failures=False, packages_skip_test_passed=False, packages_select=None, packages_skip=None, packages_select_regex=None, packages_skip_regex=None, packages_start=None, packages_end=None, allow_overriding=[], topological_order=False, names_only=False, paths_only=True, topological_graph=False, topological_graph_dot=False, topological_graph_density=False, topological_graph_legend=False, topological_graph_dot_cluster=False, topological_graph_dot_include_skipped=False, verb_parser=<colcon_defaults.argument_parser.defaults.DefaultArgumentsDecorator object at 0x7f121fffb490>, verb_extension=<colcon_package_information.verb.list.ListVerb object at 0x7f121fffa650>, main=<bound method ListVerb.main of <colcon_package_information.verb.list.ListVerb object at 0x7f121fffa650>>)
[0.989s] Level 1:colcon.colcon_core.package_discovery:discover_packages(colcon_meta) check parameters
[0.989s] Level 1:colcon.colcon_core.package_discovery:discover_packages(recursive) check parameters
[0.989s] Level 1:colcon.colcon_core.package_discovery:discover_packages(ignore) check parameters
[0.989s] Level 1:colcon.colcon_core.package_discovery:discover_packages(path) check parameters
[0.989s] Level 1:colcon.colcon_core.package_discovery:discover_packages(recursive) discover
[0.989s] INFO:colcon.colcon_core.package_discovery:Crawling recursively for packages in '/home/giacomo/thesis_ws'
[0.990s] Level 1:colcon.colcon_core.package_identification:_identify(/home/giacomo/thesis_ws) by extensions ['ignore', 'ignore_ament_install']
[0.990s] Level 1:colcon.colcon_core.package_identification:_identify(/home/giacomo/thesis_ws) by extension 'ignore'
[0.990s] Level 1:colcon.colcon_core.package_identification:_identify(/home/giacomo/thesis_ws) by extension 'ignore_ament_install'
[0.990s] Level 1:colcon.colcon_core.package_identification:_identify(/home/giacomo/thesis_ws) by extensions ['colcon_pkg']
[0.990s] Level 1:colcon.colcon_core.package_identification:_identify(/home/giacomo/thesis_ws) by extension 'colcon_pkg'
[0.990s] Level 1:colcon.colcon_core.package_identification:_identify(/home/giacomo/thesis_ws) by extensions ['colcon_meta']
[0.990s] Level 1:colcon.colcon_core.package_identification:_identify(/home/giacomo/thesis_ws) by extension 'colcon_meta'
[0.991s] Level 1:colcon.colcon_core.package_identification:_identify(/home/giacomo/thesis_ws) by extensions ['ros']
[0.991s] Level 1:colcon.colcon_core.package_identification:_identify(/home/giacomo/thesis_ws) by extension 'ros'
[1.029s] Level 1:colcon.colcon_core.package_identification:_identify(/home/giacomo/thesis_ws) by extensions ['cmake', 'python']
[1.029s] Level 1:colcon.colcon_core.package_identification:_identify(/home/giacomo/thesis_ws) by extension 'cmake'
[1.029s] Level 1:colcon.colcon_core.package_identification:_identify(/home/giacomo/thesis_ws) by extension 'python'
[1.029s] Level 1:colcon.colcon_core.package_identification:_identify(/home/giacomo/thesis_ws) by extensions ['python_setup_py']
[1.029s] Level 1:colcon.colcon_core.package_identification:_identify(/home/giacomo/thesis_ws) by extension 'python_setup_py'
[1.030s] Level 1:colcon.colcon_core.package_identification:_identify(/home/giacomo/thesis_ws/build) by extensions ['ignore', 'ignore_ament_install']
[1.030s] Level 1:colcon.colcon_core.package_identification:_identify(/home/giacomo/thesis_ws/build) by extension 'ignore'
[1.030s] Level 1:colcon.colcon_core.package_identification:_identify(/home/giacomo/thesis_ws/build) ignored
[1.030s] Level 1:colcon.colcon_core.package_identification:_identify(/home/giacomo/thesis_ws/install) by extensions ['ignore', 'ignore_ament_install']
[1.031s] Level 1:colcon.colcon_core.package_identification:_identify(/home/giacomo/thesis_ws/install) by extension 'ignore'
[1.031s] Level 1:colcon.colcon_core.package_identification:_identify(/home/giacomo/thesis_ws/install) ignored
[1.031s] Level 1:colcon.colcon_core.package_identification:_identify(/home/giacomo/thesis_ws/log) by extensions ['ignore', 'ignore_ament_install']
[1.031s] Level 1:colcon.colcon_core.package_identification:_identify(/home/giacomo/thesis_ws/log) by extension 'ignore'
[1.031s] Level 1:colcon.colcon_core.package_identification:_identify(/home/giacomo/thesis_ws/log) ignored
[1.031s] Level 1:colcon.colcon_core.package_identification:_identify(/home/giacomo/thesis_ws/src) by extensions ['ignore', 'ignore_ament_install']
[1.032s] Level 1:colcon.colcon_core.package_identification:_identify(/home/giacomo/thesis_ws/src) by extension 'ignore'
[1.032s] Level 1:colcon.colcon_core.package_identification:_identify(/home/giacomo/thesis_ws/src) by extension 'ignore_ament_install'
[1.032s] Level 1:colcon.colcon_core.package_identification:_identify(/home/giacomo/thesis_ws/src) by extensions ['colcon_pkg']
[1.032s] Level 1:colcon.colcon_core.package_identification:_identify(/home/giacomo/thesis_ws/src) by extension 'colcon_pkg'
[1.032s] Level 1:colcon.colcon_core.package_identification:_identify(/home/giacomo/thesis_ws/src) by extensions ['colcon_meta']
[1.032s] Level 1:colcon.colcon_core.package_identification:_identify(/home/giacomo/thesis_ws/src) by extension 'colcon_meta'
[1.032s] Level 1:colcon.colcon_core.package_identification:_identify(/home/giacomo/thesis_ws/src) by extensions ['ros']
[1.032s] Level 1:colcon.colcon_core.package_identification:_identify(/home/giacomo/thesis_ws/src) by extension 'ros'
[1.032s] Level 1:colcon.colcon_core.package_identification:_identify(/home/giacomo/thesis_ws/src) by extensions ['cmake', 'python']
[1.033s] Level 1:colcon.colcon_core.package_identification:_identify(/home/giacomo/thesis_ws/src) by extension 'cmake'
[1.033s] Level 1:colcon.colcon_core.package_identification:_identify(/home/giacomo/thesis_ws/src) by extension 'python'
[1.033s] Level 1:colcon.colcon_core.package_identification:_identify(/home/giacomo/thesis_ws/src) by extensions ['python_setup_py']
[1.033s] Level 1:colcon.colcon_core.package_identification:_identify(/home/giacomo/thesis_ws/src) by extension 'python_setup_py'
[1.033s] Level 1:colcon.colcon_core.package_identification:_identify(/home/giacomo/thesis_ws/src/bumper_cars) by extensions ['ignore', 'ignore_ament_install']
[1.033s] Level 1:colcon.colcon_core.package_identification:_identify(/home/giacomo/thesis_ws/src/bumper_cars) by extension 'ignore'
[1.033s] Level 1:colcon.colcon_core.package_identification:_identify(/home/giacomo/thesis_ws/src/bumper_cars) by extension 'ignore_ament_install'
[1.034s] Level 1:colcon.colcon_core.package_identification:_identify(/home/giacomo/thesis_ws/src/bumper_cars) by extensions ['colcon_pkg']
[1.034s] Level 1:colcon.colcon_core.package_identification:_identify(/home/giacomo/thesis_ws/src/bumper_cars) by extension 'colcon_pkg'
[1.034s] Level 1:colcon.colcon_core.package_identification:_identify(/home/giacomo/thesis_ws/src/bumper_cars) by extensions ['colcon_meta']
[1.034s] Level 1:colcon.colcon_core.package_identification:_identify(/home/giacomo/thesis_ws/src/bumper_cars) by extension 'colcon_meta'
[1.034s] Level 1:colcon.colcon_core.package_identification:_identify(/home/giacomo/thesis_ws/src/bumper_cars) by extensions ['ros']
[1.034s] Level 1:colcon.colcon_core.package_identification:_identify(/home/giacomo/thesis_ws/src/bumper_cars) by extension 'ros'
[1.041s] DEBUG:colcon.colcon_core.package_identification:Package '/home/giacomo/thesis_ws/src/bumper_cars' with type 'ros.ament_python' and name 'bumper_cars'
[1.042s] Level 1:colcon.colcon_core.package_identification:_identify(/home/giacomo/thesis_ws/src/custom_message) by extensions ['ignore', 'ignore_ament_install']
[1.042s] Level 1:colcon.colcon_core.package_identification:_identify(/home/giacomo/thesis_ws/src/custom_message) by extension 'ignore'
[1.042s] Level 1:colcon.colcon_core.package_identification:_identify(/home/giacomo/thesis_ws/src/custom_message) by extension 'ignore_ament_install'
[1.042s] Level 1:colcon.colcon_core.package_identification:_identify(/home/giacomo/thesis_ws/src/custom_message) by extensions ['colcon_pkg']
[1.042s] Level 1:colcon.colcon_core.package_identification:_identify(/home/giacomo/thesis_ws/src/custom_message) by extension 'colcon_pkg'
[1.042s] Level 1:colcon.colcon_core.package_identification:_identify(/home/giacomo/thesis_ws/src/custom_message) by extensions ['colcon_meta']
[1.042s] Level 1:colcon.colcon_core.package_identification:_identify(/home/giacomo/thesis_ws/src/custom_message) by extension 'colcon_meta'
[1.043s] Level 1:colcon.colcon_core.package_identification:_identify(/home/giacomo/thesis_ws/src/custom_message) by extensions ['ros']
[1.043s] Level 1:colcon.colcon_core.package_identification:_identify(/home/giacomo/thesis_ws/src/custom_message) by extension 'ros'
[1.044s] DEBUG:colcon.colcon_core.package_identification:Package '/home/giacomo/thesis_ws/src/custom_message' with type 'ros.ament_cmake' and name 'custom_message'
[1.044s] Level 1:colcon.colcon_core.package_discovery:discover_packages(recursive) using defaults
