[0.249s] DEBUG:colcon:Command line arguments: ['/usr/bin/colcon', 'build', '--symlink-install']
[0.249s] DEBUG:colcon:Parsed command line arguments: Namespace(log_base=None, log_level=None, verb_name='build', build_base='build', install_base='install', merge_install=False, symlink_install=True, test_result_base=None, continue_on_error=False, executor='parallel', parallel_workers=8, event_handlers=None, ignore_user_meta=False, metas=['./colcon.meta'], base_paths=['.'], packages_ignore=None, packages_ignore_regex=None, paths=None, packages_up_to=None, packages_up_to_regex=None, packages_above=None, packages_above_and_dependencies=None, packages_above_depth=None, packages_select_by_dep=None, packages_skip_by_dep=None, packages_skip_up_to=None, packages_select_build_failed=False, packages_skip_build_finished=False, packages_select_test_failures=False, packages_skip_test_passed=False, packages_select=None, packages_skip=None, packages_select_regex=None, packages_skip_regex=None, packages_start=None, packages_end=None, allow_overriding=[], cmake_args=None, cmake_target=None, cmake_target_skip_unavailable=False, cmake_clean_cache=False, cmake_clean_first=False, cmake_force_configure=False, ament_cmake_args=None, catkin_cmake_args=None, catkin_skip_building_tests=False, verb_parser=<colcon_defaults.argument_parser.defaults.DefaultArgumentsDecorator object at 0x7fa511a81ea0>, verb_extension=<colcon_core.verb.build.BuildVerb object at 0x7fa511b7b910>, main=<bound method BuildVerb.main of <colcon_core.verb.build.BuildVerb object at 0x7fa511b7b910>>)
[0.277s] Level 1:colcon.colcon_core.package_discovery:discover_packages(colcon_meta) check parameters
[0.277s] Level 1:colcon.colcon_core.package_discovery:discover_packages(recursive) check parameters
[0.277s] Level 1:colcon.colcon_core.package_discovery:discover_packages(ignore) check parameters
[0.277s] Level 1:colcon.colcon_core.package_discovery:discover_packages(path) check parameters
[0.277s] Level 1:colcon.colcon_core.package_discovery:discover_packages(colcon_meta) discover
[0.277s] Level 1:colcon.colcon_core.package_discovery:discover_packages(recursive) discover
[0.277s] INFO:colcon.colcon_core.package_discovery:Crawling recursively for packages in '/home/giacomo/thesis_ws'
[0.277s] Level 1:colcon.colcon_core.package_identification:_identify(.) by extensions ['ignore', 'ignore_ament_install']
[0.277s] Level 1:colcon.colcon_core.package_identification:_identify(.) by extension 'ignore'
[0.277s] Level 1:colcon.colcon_core.package_identification:_identify(.) by extension 'ignore_ament_install'
[0.277s] Level 1:colcon.colcon_core.package_identification:_identify(.) by extensions ['colcon_pkg']
[0.277s] Level 1:colcon.colcon_core.package_identification:_identify(.) by extension 'colcon_pkg'
[0.277s] Level 1:colcon.colcon_core.package_identification:_identify(.) by extensions ['colcon_meta']
[0.277s] Level 1:colcon.colcon_core.package_identification:_identify(.) by extension 'colcon_meta'
[0.277s] Level 1:colcon.colcon_core.package_identification:_identify(.) by extensions ['ros']
[0.277s] Level 1:colcon.colcon_core.package_identification:_identify(.) by extension 'ros'
[0.290s] Level 1:colcon.colcon_core.package_identification:_identify(.) by extensions ['cmake', 'python']
[0.290s] Level 1:colcon.colcon_core.package_identification:_identify(.) by extension 'cmake'
[0.290s] Level 1:colcon.colcon_core.package_identification:_identify(.) by extension 'python'
[0.290s] Level 1:colcon.colcon_core.package_identification:_identify(.) by extensions ['python_setup_py']
[0.290s] Level 1:colcon.colcon_core.package_identification:_identify(.) by extension 'python_setup_py'
[0.291s] Level 1:colcon.colcon_core.package_identification:_identify(build) by extensions ['ignore', 'ignore_ament_install']
[0.291s] Level 1:colcon.colcon_core.package_identification:_identify(build) by extension 'ignore'
[0.291s] Level 1:colcon.colcon_core.package_identification:_identify(build) ignored
[0.291s] Level 1:colcon.colcon_core.package_identification:_identify(install) by extensions ['ignore', 'ignore_ament_install']
[0.291s] Level 1:colcon.colcon_core.package_identification:_identify(install) by extension 'ignore'
[0.291s] Level 1:colcon.colcon_core.package_identification:_identify(install) ignored
[0.291s] Level 1:colcon.colcon_core.package_identification:_identify(log) by extensions ['ignore', 'ignore_ament_install']
[0.291s] Level 1:colcon.colcon_core.package_identification:_identify(log) by extension 'ignore'
[0.291s] Level 1:colcon.colcon_core.package_identification:_identify(log) ignored
[0.291s] Level 1:colcon.colcon_core.package_identification:_identify(src) by extensions ['ignore', 'ignore_ament_install']
[0.291s] Level 1:colcon.colcon_core.package_identification:_identify(src) by extension 'ignore'
[0.291s] Level 1:colcon.colcon_core.package_identification:_identify(src) by extension 'ignore_ament_install'
[0.291s] Level 1:colcon.colcon_core.package_identification:_identify(src) by extensions ['colcon_pkg']
[0.291s] Level 1:colcon.colcon_core.package_identification:_identify(src) by extension 'colcon_pkg'
[0.291s] Level 1:colcon.colcon_core.package_identification:_identify(src) by extensions ['colcon_meta']
[0.291s] Level 1:colcon.colcon_core.package_identification:_identify(src) by extension 'colcon_meta'
[0.291s] Level 1:colcon.colcon_core.package_identification:_identify(src) by extensions ['ros']
[0.292s] Level 1:colcon.colcon_core.package_identification:_identify(src) by extension 'ros'
[0.292s] Level 1:colcon.colcon_core.package_identification:_identify(src) by extensions ['cmake', 'python']
[0.292s] Level 1:colcon.colcon_core.package_identification:_identify(src) by extension 'cmake'
[0.292s] Level 1:colcon.colcon_core.package_identification:_identify(src) by extension 'python'
[0.292s] Level 1:colcon.colcon_core.package_identification:_identify(src) by extensions ['python_setup_py']
[0.292s] Level 1:colcon.colcon_core.package_identification:_identify(src) by extension 'python_setup_py'
[0.292s] Level 1:colcon.colcon_core.package_identification:_identify(src/bumper_cars) by extensions ['ignore', 'ignore_ament_install']
[0.292s] Level 1:colcon.colcon_core.package_identification:_identify(src/bumper_cars) by extension 'ignore'
[0.292s] Level 1:colcon.colcon_core.package_identification:_identify(src/bumper_cars) by extension 'ignore_ament_install'
[0.292s] Level 1:colcon.colcon_core.package_identification:_identify(src/bumper_cars) by extensions ['colcon_pkg']
[0.292s] Level 1:colcon.colcon_core.package_identification:_identify(src/bumper_cars) by extension 'colcon_pkg'
[0.292s] Level 1:colcon.colcon_core.package_identification:_identify(src/bumper_cars) by extensions ['colcon_meta']
[0.292s] Level 1:colcon.colcon_core.package_identification:_identify(src/bumper_cars) by extension 'colcon_meta'
[0.292s] Level 1:colcon.colcon_core.package_identification:_identify(src/bumper_cars) by extensions ['ros']
[0.292s] Level 1:colcon.colcon_core.package_identification:_identify(src/bumper_cars) by extension 'ros'
[0.295s] DEBUG:colcon.colcon_core.package_identification:Package 'src/bumper_cars' with type 'ros.ament_python' and name 'bumper_cars'
[0.295s] Level 1:colcon.colcon_core.package_identification:_identify(src/custom_message) by extensions ['ignore', 'ignore_ament_install']
[0.295s] Level 1:colcon.colcon_core.package_identification:_identify(src/custom_message) by extension 'ignore'
[0.295s] Level 1:colcon.colcon_core.package_identification:_identify(src/custom_message) by extension 'ignore_ament_install'
[0.295s] Level 1:colcon.colcon_core.package_identification:_identify(src/custom_message) by extensions ['colcon_pkg']
[0.295s] Level 1:colcon.colcon_core.package_identification:_identify(src/custom_message) by extension 'colcon_pkg'
[0.295s] Level 1:colcon.colcon_core.package_identification:_identify(src/custom_message) by extensions ['colcon_meta']
[0.295s] Level 1:colcon.colcon_core.package_identification:_identify(src/custom_message) by extension 'colcon_meta'
[0.295s] Level 1:colcon.colcon_core.package_identification:_identify(src/custom_message) by extensions ['ros']
[0.295s] Level 1:colcon.colcon_core.package_identification:_identify(src/custom_message) by extension 'ros'
[0.296s] DEBUG:colcon.colcon_core.package_identification:Package 'src/custom_message' with type 'ros.ament_cmake' and name 'custom_message'
[0.296s] Level 1:colcon.colcon_core.package_discovery:discover_packages(recursive) using defaults
[0.296s] Level 1:colcon.colcon_core.package_discovery:discover_packages(ignore) discover
[0.296s] Level 1:colcon.colcon_core.package_discovery:discover_packages(ignore) using defaults
[0.296s] Level 1:colcon.colcon_core.package_discovery:discover_packages(path) discover
[0.296s] Level 1:colcon.colcon_core.package_discovery:discover_packages(path) using defaults
[0.317s] Level 1:colcon.colcon_core.package_discovery:discover_packages(prefix_path) check parameters
[0.317s] Level 1:colcon.colcon_core.package_discovery:discover_packages(prefix_path) discover
[0.320s] DEBUG:colcon.colcon_installed_package_information.package_discovery:Found 2 installed packages in /home/giacomo/thesis_ws/install
[0.321s] DEBUG:colcon.colcon_installed_package_information.package_discovery:Found 5 installed packages in /home/giacomo/ros2_ws/install
[0.322s] DEBUG:colcon.colcon_installed_package_information.package_discovery:Found 280 installed packages in /opt/ros/humble
[0.323s] Level 1:colcon.colcon_core.package_discovery:discover_packages(prefix_path) using defaults
[0.377s] Level 5:colcon.colcon_core.verb:set package 'custom_message' build argument 'cmake_args' from command line to 'None'
[0.377s] Level 5:colcon.colcon_core.verb:set package 'custom_message' build argument 'cmake_target' from command line to 'None'
[0.377s] Level 5:colcon.colcon_core.verb:set package 'custom_message' build argument 'cmake_target_skip_unavailable' from command line to 'False'
[0.378s] Level 5:colcon.colcon_core.verb:set package 'custom_message' build argument 'cmake_clean_cache' from command line to 'False'
[0.378s] Level 5:colcon.colcon_core.verb:set package 'custom_message' build argument 'cmake_clean_first' from command line to 'False'
[0.378s] Level 5:colcon.colcon_core.verb:set package 'custom_message' build argument 'cmake_force_configure' from command line to 'False'
[0.378s] Level 5:colcon.colcon_core.verb:set package 'custom_message' build argument 'ament_cmake_args' from command line to 'None'
[0.378s] Level 5:colcon.colcon_core.verb:set package 'custom_message' build argument 'catkin_cmake_args' from command line to 'None'
[0.378s] Level 5:colcon.colcon_core.verb:set package 'custom_message' build argument 'catkin_skip_building_tests' from command line to 'False'
[0.378s] DEBUG:colcon.colcon_core.verb:Building package 'custom_message' with the following arguments: {'ament_cmake_args': None, 'build_base': '/home/giacomo/thesis_ws/build/custom_message', 'catkin_cmake_args': None, 'catkin_skip_building_tests': False, 'cmake_args': None, 'cmake_clean_cache': False, 'cmake_clean_first': False, 'cmake_force_configure': False, 'cmake_target': None, 'cmake_target_skip_unavailable': False, 'install_base': '/home/giacomo/thesis_ws/install/custom_message', 'merge_install': False, 'path': '/home/giacomo/thesis_ws/src/custom_message', 'symlink_install': True, 'test_result_base': None}
[0.379s] Level 5:colcon.colcon_core.verb:set package 'bumper_cars' build argument 'cmake_args' from command line to 'None'
[0.379s] Level 5:colcon.colcon_core.verb:set package 'bumper_cars' build argument 'cmake_target' from command line to 'None'
[0.379s] Level 5:colcon.colcon_core.verb:set package 'bumper_cars' build argument 'cmake_target_skip_unavailable' from command line to 'False'
[0.379s] Level 5:colcon.colcon_core.verb:set package 'bumper_cars' build argument 'cmake_clean_cache' from command line to 'False'
[0.379s] Level 5:colcon.colcon_core.verb:set package 'bumper_cars' build argument 'cmake_clean_first' from command line to 'False'
[0.379s] Level 5:colcon.colcon_core.verb:set package 'bumper_cars' build argument 'cmake_force_configure' from command line to 'False'
[0.379s] Level 5:colcon.colcon_core.verb:set package 'bumper_cars' build argument 'ament_cmake_args' from command line to 'None'
[0.379s] Level 5:colcon.colcon_core.verb:set package 'bumper_cars' build argument 'catkin_cmake_args' from command line to 'None'
[0.379s] Level 5:colcon.colcon_core.verb:set package 'bumper_cars' build argument 'catkin_skip_building_tests' from command line to 'False'
[0.379s] DEBUG:colcon.colcon_core.verb:Building package 'bumper_cars' with the following arguments: {'ament_cmake_args': None, 'build_base': '/home/giacomo/thesis_ws/build/bumper_cars', 'catkin_cmake_args': None, 'catkin_skip_building_tests': False, 'cmake_args': None, 'cmake_clean_cache': False, 'cmake_clean_first': False, 'cmake_force_configure': False, 'cmake_target': None, 'cmake_target_skip_unavailable': False, 'install_base': '/home/giacomo/thesis_ws/install/bumper_cars', 'merge_install': False, 'path': '/home/giacomo/thesis_ws/src/bumper_cars', 'symlink_install': True, 'test_result_base': None}
[0.380s] INFO:colcon.colcon_core.executor:Executing jobs using 'parallel' executor
[0.382s] DEBUG:colcon.colcon_parallel_executor.executor.parallel:run_until_complete
[0.382s] INFO:colcon.colcon_ros.task.ament_cmake.build:Building ROS package in '/home/giacomo/thesis_ws/src/custom_message' with build type 'ament_cmake'
[0.383s] INFO:colcon.colcon_cmake.task.cmake.build:Building CMake package in '/home/giacomo/thesis_ws/src/custom_message'
[0.386s] INFO:colcon.colcon_core.plugin_system:Skipping extension 'colcon_core.shell.bat': Not used on non-Windows systems
[0.386s] INFO:colcon.colcon_core.shell:Skip shell extension 'powershell' for command environment: Not usable outside of PowerShell
[0.386s] DEBUG:colcon.colcon_core.shell:Skip shell extension 'dsv' for command environment
[0.399s] DEBUG:colcon.colcon_core.event_handler.log_command:Invoking command in '/home/giacomo/thesis_ws/build/custom_message': CMAKE_PREFIX_PATH=${CMAKE_PREFIX_PATH}:/home/giacomo/thesis_ws/install/bumper_cars:/home/giacomo/ros2_ws/install/py_pubsub:/home/giacomo/ros2_ws/install/my_robot_controller:/home/giacomo/ros2_ws/install/py_srvcli:/opt/ros/humble /usr/bin/cmake --build /home/giacomo/thesis_ws/build/custom_message -- -j8 -l8
[6.806s] DEBUG:colcon.colcon_core.event_handler.log_command:Invoked command in '/home/giacomo/thesis_ws/build/custom_message' returned '0': CMAKE_PREFIX_PATH=${CMAKE_PREFIX_PATH}:/home/giacomo/thesis_ws/install/bumper_cars:/home/giacomo/ros2_ws/install/py_pubsub:/home/giacomo/ros2_ws/install/my_robot_controller:/home/giacomo/ros2_ws/install/py_srvcli:/opt/ros/humble /usr/bin/cmake --build /home/giacomo/thesis_ws/build/custom_message -- -j8 -l8
[6.930s] DEBUG:colcon.colcon_core.event_handler.log_command:Invoking command in '/home/giacomo/thesis_ws/build/custom_message': CMAKE_PREFIX_PATH=${CMAKE_PREFIX_PATH}:/home/giacomo/thesis_ws/install/bumper_cars:/home/giacomo/ros2_ws/install/py_pubsub:/home/giacomo/ros2_ws/install/my_robot_controller:/home/giacomo/ros2_ws/install/py_srvcli:/opt/ros/humble /usr/bin/cmake --install /home/giacomo/thesis_ws/build/custom_message
[7.036s] Level 1:colcon.colcon_core.environment:create_environment_scripts_only(custom_message)
[7.038s] DEBUG:colcon.colcon_core.event_handler.log_command:Invoked command in '/home/giacomo/thesis_ws/build/custom_message' returned '0': CMAKE_PREFIX_PATH=${CMAKE_PREFIX_PATH}:/home/giacomo/thesis_ws/install/bumper_cars:/home/giacomo/ros2_ws/install/py_pubsub:/home/giacomo/ros2_ws/install/my_robot_controller:/home/giacomo/ros2_ws/install/py_srvcli:/opt/ros/humble /usr/bin/cmake --install /home/giacomo/thesis_ws/build/custom_message
[7.042s] Level 1:colcon.colcon_core.environment:checking '/home/giacomo/thesis_ws/install/custom_message' for CMake module files
[7.043s] Level 1:colcon.colcon_core.environment:checking '/home/giacomo/thesis_ws/install/custom_message' for CMake config files
[7.044s] Level 1:colcon.colcon_core.shell:create_environment_hook('custom_message', 'cmake_prefix_path')
[7.045s] INFO:colcon.colcon_core.shell:Creating environment hook '/home/giacomo/thesis_ws/install/custom_message/share/custom_message/hook/cmake_prefix_path.ps1'
[7.046s] INFO:colcon.colcon_core.shell:Creating environment descriptor '/home/giacomo/thesis_ws/install/custom_message/share/custom_message/hook/cmake_prefix_path.dsv'
[7.046s] INFO:colcon.colcon_core.shell:Creating environment hook '/home/giacomo/thesis_ws/install/custom_message/share/custom_message/hook/cmake_prefix_path.sh'
[7.047s] Level 1:colcon.colcon_core.environment:checking '/home/giacomo/thesis_ws/install/custom_message/lib'
[7.047s] Level 1:colcon.colcon_core.shell:create_environment_hook('custom_message', 'ld_library_path_lib')
[7.048s] INFO:colcon.colcon_core.shell:Creating environment hook '/home/giacomo/thesis_ws/install/custom_message/share/custom_message/hook/ld_library_path_lib.ps1'
[7.049s] INFO:colcon.colcon_core.shell:Creating environment descriptor '/home/giacomo/thesis_ws/install/custom_message/share/custom_message/hook/ld_library_path_lib.dsv'
[7.049s] INFO:colcon.colcon_core.shell:Creating environment hook '/home/giacomo/thesis_ws/install/custom_message/share/custom_message/hook/ld_library_path_lib.sh'
[7.049s] Level 1:colcon.colcon_core.environment:checking '/home/giacomo/thesis_ws/install/custom_message/bin'
[7.049s] Level 1:colcon.colcon_core.environment:checking '/home/giacomo/thesis_ws/install/custom_message/lib/pkgconfig/custom_message.pc'
[7.050s] Level 1:colcon.colcon_core.environment:checking '/home/giacomo/thesis_ws/install/custom_message/lib/python3.10/site-packages'
[7.050s] Level 1:colcon.colcon_core.environment:checking '/home/giacomo/thesis_ws/install/custom_message/bin'
[7.051s] INFO:colcon.colcon_core.shell:Creating package script '/home/giacomo/thesis_ws/install/custom_message/share/custom_message/package.ps1'
[7.052s] INFO:colcon.colcon_core.shell:Creating package descriptor '/home/giacomo/thesis_ws/install/custom_message/share/custom_message/package.dsv'
[7.053s] INFO:colcon.colcon_core.shell:Creating package script '/home/giacomo/thesis_ws/install/custom_message/share/custom_message/package.sh'
[7.054s] INFO:colcon.colcon_core.shell:Creating package script '/home/giacomo/thesis_ws/install/custom_message/share/custom_message/package.bash'
[7.054s] INFO:colcon.colcon_core.shell:Creating package script '/home/giacomo/thesis_ws/install/custom_message/share/custom_message/package.zsh'
[7.055s] Level 1:colcon.colcon_core.environment:create_file_with_runtime_dependencies(/home/giacomo/thesis_ws/install/custom_message/share/colcon-core/packages/custom_message)
[7.172s] Level 1:colcon.colcon_core.environment:create_environment_scripts_only(custom_message)
[7.173s] Level 1:colcon.colcon_core.environment:checking '/home/giacomo/thesis_ws/install/custom_message' for CMake module files
[7.174s] Level 1:colcon.colcon_core.environment:checking '/home/giacomo/thesis_ws/install/custom_message' for CMake config files
[7.175s] Level 1:colcon.colcon_core.shell:create_environment_hook('custom_message', 'cmake_prefix_path')
[7.176s] INFO:colcon.colcon_core.shell:Creating environment hook '/home/giacomo/thesis_ws/install/custom_message/share/custom_message/hook/cmake_prefix_path.ps1'
[7.177s] INFO:colcon.colcon_core.shell:Creating environment descriptor '/home/giacomo/thesis_ws/install/custom_message/share/custom_message/hook/cmake_prefix_path.dsv'
[7.177s] INFO:colcon.colcon_core.shell:Creating environment hook '/home/giacomo/thesis_ws/install/custom_message/share/custom_message/hook/cmake_prefix_path.sh'
[7.178s] Level 1:colcon.colcon_core.environment:checking '/home/giacomo/thesis_ws/install/custom_message/lib'
[7.178s] Level 1:colcon.colcon_core.shell:create_environment_hook('custom_message', 'ld_library_path_lib')
[7.179s] INFO:colcon.colcon_core.shell:Creating environment hook '/home/giacomo/thesis_ws/install/custom_message/share/custom_message/hook/ld_library_path_lib.ps1'
[7.179s] INFO:colcon.colcon_core.shell:Creating environment descriptor '/home/giacomo/thesis_ws/install/custom_message/share/custom_message/hook/ld_library_path_lib.dsv'
[7.180s] INFO:colcon.colcon_core.shell:Creating environment hook '/home/giacomo/thesis_ws/install/custom_message/share/custom_message/hook/ld_library_path_lib.sh'
[7.180s] Level 1:colcon.colcon_core.environment:checking '/home/giacomo/thesis_ws/install/custom_message/bin'
[7.180s] Level 1:colcon.colcon_core.environment:checking '/home/giacomo/thesis_ws/install/custom_message/lib/pkgconfig/custom_message.pc'
[7.180s] Level 1:colcon.colcon_core.environment:checking '/home/giacomo/thesis_ws/install/custom_message/lib/python3.10/site-packages'
[7.181s] Level 1:colcon.colcon_core.environment:checking '/home/giacomo/thesis_ws/install/custom_message/bin'
[7.183s] INFO:colcon.colcon_core.shell:Creating package script '/home/giacomo/thesis_ws/install/custom_message/share/custom_message/package.ps1'
[7.183s] INFO:colcon.colcon_core.shell:Creating package descriptor '/home/giacomo/thesis_ws/install/custom_message/share/custom_message/package.dsv'
[7.184s] INFO:colcon.colcon_core.shell:Creating package script '/home/giacomo/thesis_ws/install/custom_message/share/custom_message/package.sh'
[7.184s] INFO:colcon.colcon_core.shell:Creating package script '/home/giacomo/thesis_ws/install/custom_message/share/custom_message/package.bash'
[7.185s] INFO:colcon.colcon_core.shell:Creating package script '/home/giacomo/thesis_ws/install/custom_message/share/custom_message/package.zsh'
[7.185s] Level 1:colcon.colcon_core.environment:create_file_with_runtime_dependencies(/home/giacomo/thesis_ws/install/custom_message/share/colcon-core/packages/custom_message)
[7.185s] INFO:colcon.colcon_ros.task.ament_python.build:Building ROS package in '/home/giacomo/thesis_ws/src/bumper_cars' with build type 'ament_python'
[7.185s] Level 1:colcon.colcon_core.shell:create_environment_hook('bumper_cars', 'ament_prefix_path')
[7.187s] INFO:colcon.colcon_core.shell:Creating environment hook '/home/giacomo/thesis_ws/install/bumper_cars/share/bumper_cars/hook/ament_prefix_path.ps1'
[7.188s] INFO:colcon.colcon_core.shell:Creating environment descriptor '/home/giacomo/thesis_ws/install/bumper_cars/share/bumper_cars/hook/ament_prefix_path.dsv'
[7.188s] INFO:colcon.colcon_core.shell:Creating environment hook '/home/giacomo/thesis_ws/install/bumper_cars/share/bumper_cars/hook/ament_prefix_path.sh'
[7.190s] INFO:colcon.colcon_core.shell:Skip shell extension 'powershell' for command environment: Not usable outside of PowerShell
[7.190s] DEBUG:colcon.colcon_core.shell:Skip shell extension 'dsv' for command environment
[7.420s] INFO:colcon.colcon_core.task.python.build:Building Python package in '/home/giacomo/thesis_ws/src/bumper_cars'
[7.421s] INFO:colcon.colcon_core.shell:Skip shell extension 'powershell' for command environment: Not usable outside of PowerShell
[7.421s] DEBUG:colcon.colcon_core.shell:Skip shell extension 'dsv' for command environment
[7.986s] DEBUG:colcon.colcon_core.event_handler.log_command:Invoking command in '/home/giacomo/thesis_ws/build/bumper_cars': PYTHONPATH=/home/giacomo/thesis_ws/build/bumper_cars/prefix_override:/home/giacomo/thesis_ws/install/bumper_cars/lib/python3.10/site-packages:${PYTHONPATH} /usr/bin/python3 setup.py develop --editable --build-directory /home/giacomo/thesis_ws/build/bumper_cars/build --no-deps install_data
[8.667s] Level 1:colcon.colcon_core.shell:create_environment_hook('bumper_cars', 'pythonpath_develop')
[8.668s] INFO:colcon.colcon_core.shell:Creating environment hook '/home/giacomo/thesis_ws/build/bumper_cars/share/bumper_cars/hook/pythonpath_develop.ps1'
[8.668s] DEBUG:colcon.colcon_core.event_handler.log_command:Invoked command in '/home/giacomo/thesis_ws/build/bumper_cars' returned '0': PYTHONPATH=/home/giacomo/thesis_ws/build/bumper_cars/prefix_override:/home/giacomo/thesis_ws/install/bumper_cars/lib/python3.10/site-packages:${PYTHONPATH} /usr/bin/python3 setup.py develop --editable --build-directory /home/giacomo/thesis_ws/build/bumper_cars/build --no-deps install_data
[8.669s] INFO:colcon.colcon_core.shell:Creating environment descriptor '/home/giacomo/thesis_ws/build/bumper_cars/share/bumper_cars/hook/pythonpath_develop.dsv'
[8.670s] INFO:colcon.colcon_core.shell:Creating environment hook '/home/giacomo/thesis_ws/build/bumper_cars/share/bumper_cars/hook/pythonpath_develop.sh'
[8.672s] Level 1:colcon.colcon_core.environment:checking '/home/giacomo/thesis_ws/install/bumper_cars' for CMake module files
[8.673s] Level 1:colcon.colcon_core.environment:checking '/home/giacomo/thesis_ws/install/bumper_cars' for CMake config files
[8.673s] Level 1:colcon.colcon_core.environment:checking '/home/giacomo/thesis_ws/install/bumper_cars/lib'
[8.673s] Level 1:colcon.colcon_core.environment:checking '/home/giacomo/thesis_ws/install/bumper_cars/bin'
[8.673s] Level 1:colcon.colcon_core.environment:checking '/home/giacomo/thesis_ws/install/bumper_cars/lib/pkgconfig/bumper_cars.pc'
[8.674s] Level 1:colcon.colcon_core.environment:checking '/home/giacomo/thesis_ws/install/bumper_cars/lib/python3.10/site-packages'
[8.674s] Level 1:colcon.colcon_core.shell:create_environment_hook('bumper_cars', 'pythonpath')
[8.675s] INFO:colcon.colcon_core.shell:Creating environment hook '/home/giacomo/thesis_ws/install/bumper_cars/share/bumper_cars/hook/pythonpath.ps1'
[8.675s] INFO:colcon.colcon_core.shell:Creating environment descriptor '/home/giacomo/thesis_ws/install/bumper_cars/share/bumper_cars/hook/pythonpath.dsv'
[8.676s] INFO:colcon.colcon_core.shell:Creating environment hook '/home/giacomo/thesis_ws/install/bumper_cars/share/bumper_cars/hook/pythonpath.sh'
[8.676s] Level 1:colcon.colcon_core.environment:checking '/home/giacomo/thesis_ws/install/bumper_cars/bin'
[8.676s] Level 1:colcon.colcon_core.environment:create_environment_scripts_only(bumper_cars)
[8.678s] INFO:colcon.colcon_core.shell:Creating package script '/home/giacomo/thesis_ws/install/bumper_cars/share/bumper_cars/package.ps1'
[8.678s] INFO:colcon.colcon_core.shell:Creating package descriptor '/home/giacomo/thesis_ws/install/bumper_cars/share/bumper_cars/package.dsv'
[8.679s] INFO:colcon.colcon_core.shell:Creating package script '/home/giacomo/thesis_ws/install/bumper_cars/share/bumper_cars/package.sh'
[8.679s] INFO:colcon.colcon_core.shell:Creating package script '/home/giacomo/thesis_ws/install/bumper_cars/share/bumper_cars/package.bash'
[8.680s] INFO:colcon.colcon_core.shell:Creating package script '/home/giacomo/thesis_ws/install/bumper_cars/share/bumper_cars/package.zsh'
[8.680s] Level 1:colcon.colcon_core.environment:create_file_with_runtime_dependencies(/home/giacomo/thesis_ws/install/bumper_cars/share/colcon-core/packages/bumper_cars)
[8.680s] DEBUG:colcon.colcon_parallel_executor.executor.parallel:closing loop
[8.680s] DEBUG:colcon.colcon_parallel_executor.executor.parallel:loop closed
[8.681s] DEBUG:colcon.colcon_parallel_executor.executor.parallel:run_until_complete finished with '0'
[8.681s] DEBUG:colcon.colcon_core.event_reactor:joining thread
[8.690s] INFO:colcon.colcon_core.plugin_system:Skipping extension 'colcon_notification.desktop_notification.terminal_notifier': Not used on non-Darwin systems
[8.690s] INFO:colcon.colcon_core.plugin_system:Skipping extension 'colcon_notification.desktop_notification.win32': Not used on non-Windows systems
[8.690s] INFO:colcon.colcon_notification.desktop_notification:Sending desktop notification using 'notify2'
[8.701s] DEBUG:colcon.colcon_core.event_reactor:joined thread
[8.703s] INFO:colcon.colcon_core.shell:Creating prefix script '/home/giacomo/thesis_ws/install/local_setup.ps1'
[8.704s] INFO:colcon.colcon_core.shell:Creating prefix util module '/home/giacomo/thesis_ws/install/_local_setup_util_ps1.py'
[8.706s] INFO:colcon.colcon_core.shell:Creating prefix chain script '/home/giacomo/thesis_ws/install/setup.ps1'
[8.708s] INFO:colcon.colcon_core.shell:Creating prefix script '/home/giacomo/thesis_ws/install/local_setup.sh'
[8.708s] INFO:colcon.colcon_core.shell:Creating prefix util module '/home/giacomo/thesis_ws/install/_local_setup_util_sh.py'
[8.709s] INFO:colcon.colcon_core.shell:Creating prefix chain script '/home/giacomo/thesis_ws/install/setup.sh'
[8.710s] INFO:colcon.colcon_core.shell:Creating prefix script '/home/giacomo/thesis_ws/install/local_setup.bash'
[8.711s] INFO:colcon.colcon_core.shell:Creating prefix chain script '/home/giacomo/thesis_ws/install/setup.bash'
[8.712s] INFO:colcon.colcon_core.shell:Creating prefix script '/home/giacomo/thesis_ws/install/local_setup.zsh'
[8.713s] INFO:colcon.colcon_core.shell:Creating prefix chain script '/home/giacomo/thesis_ws/install/setup.zsh'
