[0.171s] Invoking command in '/home/giacomo/thesis_ws/build/my_bot': CMAKE_PREFIX_PATH=${CMAKE_PREFIX_PATH}:/home/giacomo/thesis_ws/install/bumper_cars:/home/giacomo/ros2_ws/install/py_pubsub:/home/giacomo/ros2_ws/install/my_robot_controller:/home/giacomo/ros2_ws/install/py_srvcli:/opt/ros/humble /usr/bin/cmake /home/giacomo/thesis_ws/src/my_bot -DAMENT_CMAKE_SYMLINK_INSTALL=1 -DCMAKE_INSTALL_PREFIX=/home/giacomo/thesis_ws/install/my_bot
[0.234s] -- The C compiler identification is GNU 11.4.0
[0.300s] -- The CXX compiler identification is GNU 11.4.0
[0.308s] -- Detecting C compiler ABI info
[0.391s] -- Detecting C compiler ABI info - done
[0.408s] -- Check for working C compiler: /usr/bin/cc - skipped
[0.408s] -- Detecting C compile features
[0.409s] -- Detecting C compile features - done
[0.413s] -- Detecting CXX compiler ABI info
[0.515s] -- Detecting CXX compiler ABI info - done
[0.526s] -- Check for working CXX compiler: /usr/bin/c++ - skipped
[0.527s] -- Detecting CXX compile features
[0.527s] -- Detecting CXX compile features - done
[0.531s] -- Found ament_cmake: 1.3.5 (/opt/ros/humble/share/ament_cmake/cmake)
[0.991s] -- Found Python3: /usr/bin/python3.10 (found version "3.10.12") found components: Interpreter 
[1.063s] -- Override CMake install command with custom implementation using symlinks instead of copying resources
[1.101s] -- Found ament_lint_auto: 0.12.8 (/opt/ros/humble/share/ament_lint_auto/cmake)
[1.195s] -- Added test 'copyright' to check source files copyright and LICENSE
[1.218s] -- Added test 'flake8' to check Python code syntax and style conventions
[1.221s] -- Added test 'lint_cmake' to check CMake code style
[1.223s] -- Added test 'pep257' to check Python code against some of the docstring style conventions in PEP 257
[1.235s] -- Added test 'xmllint' to check XML markup files
[1.237s] -- Configuring done
[1.240s] -- Generating done
[1.241s] -- Build files have been written to: /home/giacomo/thesis_ws/build/my_bot
[1.246s] Invoked command in '/home/giacomo/thesis_ws/build/my_bot' returned '0': CMAKE_PREFIX_PATH=${CMAKE_PREFIX_PATH}:/home/giacomo/thesis_ws/install/bumper_cars:/home/giacomo/ros2_ws/install/py_pubsub:/home/giacomo/ros2_ws/install/my_robot_controller:/home/giacomo/ros2_ws/install/py_srvcli:/opt/ros/humble /usr/bin/cmake /home/giacomo/thesis_ws/src/my_bot -DAMENT_CMAKE_SYMLINK_INSTALL=1 -DCMAKE_INSTALL_PREFIX=/home/giacomo/thesis_ws/install/my_bot
[1.248s] Invoking command in '/home/giacomo/thesis_ws/build/my_bot': CMAKE_PREFIX_PATH=${CMAKE_PREFIX_PATH}:/home/giacomo/thesis_ws/install/bumper_cars:/home/giacomo/ros2_ws/install/py_pubsub:/home/giacomo/ros2_ws/install/my_robot_controller:/home/giacomo/ros2_ws/install/py_srvcli:/opt/ros/humble /usr/bin/cmake --build /home/giacomo/thesis_ws/build/my_bot -- -j8 -l8
[1.289s] Invoked command in '/home/giacomo/thesis_ws/build/my_bot' returned '0': CMAKE_PREFIX_PATH=${CMAKE_PREFIX_PATH}:/home/giacomo/thesis_ws/install/bumper_cars:/home/giacomo/ros2_ws/install/py_pubsub:/home/giacomo/ros2_ws/install/my_robot_controller:/home/giacomo/ros2_ws/install/py_srvcli:/opt/ros/humble /usr/bin/cmake --build /home/giacomo/thesis_ws/build/my_bot -- -j8 -l8
[1.313s] Invoking command in '/home/giacomo/thesis_ws/build/my_bot': CMAKE_PREFIX_PATH=${CMAKE_PREFIX_PATH}:/home/giacomo/thesis_ws/install/bumper_cars:/home/giacomo/ros2_ws/install/py_pubsub:/home/giacomo/ros2_ws/install/my_robot_controller:/home/giacomo/ros2_ws/install/py_srvcli:/opt/ros/humble /usr/bin/cmake --install /home/giacomo/thesis_ws/build/my_bot
[1.321s] -- Install configuration: ""
[1.321s] -- Execute custom install script
[1.321s] -- Symlinking: /home/giacomo/thesis_ws/install/my_bot/share/my_bot/config/drive_bot.rviz
[1.331s] -- Symlinking: /home/giacomo/thesis_ws/install/my_bot/share/my_bot/config/empty.yaml
[1.340s] -- Symlinking: /home/giacomo/thesis_ws/install/my_bot/share/my_bot/config/view_bot.rviz
[1.351s] [33mCMake Warning (dev) at ament_cmake_symlink_install/ament_cmake_symlink_install.cmake:62 (file):
[1.351s]   Policy CMP0009 is not set: FILE GLOB_RECURSE calls should not follow
[1.351s]   symlinks by default.  Run "cmake --help-policy CMP0009" for policy details.
[1.351s]   Use the cmake_policy command to set the policy and suppress this warning.
[1.351s] Call Stack (most recent call first):
[1.351s]   ament_cmake_symlink_install/ament_cmake_symlink_install.cmake:314 (ament_cmake_symlink_install_directory)
[1.351s]   cmake_install.cmake:46 (include)
[1.351s] This warning is for project developers.  Use -Wno-dev to suppress it.
[1.351s] [0m
[1.352s] -- Symlinking: /home/giacomo/thesis_ws/install/my_bot/share/my_bot/description/build/.built_by
[1.361s] -- Symlinking: /home/giacomo/thesis_ws/install/my_bot/share/my_bot/description/build/COLCON_IGNORE
[1.371s] -- Symlinking: /home/giacomo/thesis_ws/install/my_bot/share/my_bot/description/build/py_pubsub/build/lib/py_pubsub/__init__.py
[1.380s] -- Symlinking: /home/giacomo/thesis_ws/install/my_bot/share/my_bot/description/build/py_pubsub/build/lib/py_pubsub/hello_world.py
[1.389s] -- Symlinking: /home/giacomo/thesis_ws/install/my_bot/share/my_bot/description/build/py_pubsub/colcon_build.rc
[1.398s] -- Symlinking: /home/giacomo/thesis_ws/install/my_bot/share/my_bot/description/build/py_pubsub/colcon_command_prefix_setup_py.sh
[1.408s] -- Symlinking: /home/giacomo/thesis_ws/install/my_bot/share/my_bot/description/build/py_pubsub/colcon_command_prefix_setup_py.sh.env
[1.417s] -- Symlinking: /home/giacomo/thesis_ws/install/my_bot/share/my_bot/description/build/py_pubsub/install.log
[1.427s] -- Symlinking: /home/giacomo/thesis_ws/install/my_bot/share/my_bot/description/build/py_pubsub/prefix_override/__pycache__/sitecustomize.cpython-310.pyc
[1.437s] -- Symlinking: /home/giacomo/thesis_ws/install/my_bot/share/my_bot/description/build/py_pubsub/prefix_override/sitecustomize.py
[1.447s] -- Symlinking: /home/giacomo/thesis_ws/install/my_bot/share/my_bot/description/build/py_pubsub/py_pubsub.egg-info/PKG-INFO
[1.459s] -- Symlinking: /home/giacomo/thesis_ws/install/my_bot/share/my_bot/description/build/py_pubsub/py_pubsub.egg-info/SOURCES.txt
[1.470s] -- Symlinking: /home/giacomo/thesis_ws/install/my_bot/share/my_bot/description/build/py_pubsub/py_pubsub.egg-info/dependency_links.txt
[1.481s] -- Symlinking: /home/giacomo/thesis_ws/install/my_bot/share/my_bot/description/build/py_pubsub/py_pubsub.egg-info/requires.txt
[1.493s] -- Symlinking: /home/giacomo/thesis_ws/install/my_bot/share/my_bot/description/build/py_pubsub/py_pubsub.egg-info/top_level.txt
[1.504s] -- Symlinking: /home/giacomo/thesis_ws/install/my_bot/share/my_bot/description/build/py_pubsub/py_pubsub.egg-info/zip-safe
[1.519s] -- Symlinking: /home/giacomo/thesis_ws/install/my_bot/share/my_bot/description/gazebo_control.xacro
[1.530s] -- Symlinking: /home/giacomo/thesis_ws/install/my_bot/share/my_bot/description/inertial_macros.xacro
[1.543s] -- Symlinking: /home/giacomo/thesis_ws/install/my_bot/share/my_bot/description/install/.colcon_install_layout
[1.558s] -- Symlinking: /home/giacomo/thesis_ws/install/my_bot/share/my_bot/description/install/COLCON_IGNORE
[1.574s] -- Symlinking: /home/giacomo/thesis_ws/install/my_bot/share/my_bot/description/install/_local_setup_util_ps1.py
[1.590s] -- Symlinking: /home/giacomo/thesis_ws/install/my_bot/share/my_bot/description/install/_local_setup_util_sh.py
[1.601s] -- Symlinking: /home/giacomo/thesis_ws/install/my_bot/share/my_bot/description/install/local_setup.bash
[1.612s] -- Symlinking: /home/giacomo/thesis_ws/install/my_bot/share/my_bot/description/install/local_setup.ps1
[1.624s] -- Symlinking: /home/giacomo/thesis_ws/install/my_bot/share/my_bot/description/install/local_setup.sh
[1.635s] -- Symlinking: /home/giacomo/thesis_ws/install/my_bot/share/my_bot/description/install/local_setup.zsh
[1.647s] -- Symlinking: /home/giacomo/thesis_ws/install/my_bot/share/my_bot/description/install/py_pubsub/lib/python3.10/site-packages/py_pubsub-0.0.0-py3.10.egg-info/PKG-INFO
[1.659s] -- Symlinking: /home/giacomo/thesis_ws/install/my_bot/share/my_bot/description/install/py_pubsub/lib/python3.10/site-packages/py_pubsub-0.0.0-py3.10.egg-info/SOURCES.txt
[1.671s] -- Symlinking: /home/giacomo/thesis_ws/install/my_bot/share/my_bot/description/install/py_pubsub/lib/python3.10/site-packages/py_pubsub-0.0.0-py3.10.egg-info/dependency_links.txt
[1.683s] -- Symlinking: /home/giacomo/thesis_ws/install/my_bot/share/my_bot/description/install/py_pubsub/lib/python3.10/site-packages/py_pubsub-0.0.0-py3.10.egg-info/requires.txt
[1.694s] -- Symlinking: /home/giacomo/thesis_ws/install/my_bot/share/my_bot/description/install/py_pubsub/lib/python3.10/site-packages/py_pubsub-0.0.0-py3.10.egg-info/top_level.txt
[1.706s] -- Symlinking: /home/giacomo/thesis_ws/install/my_bot/share/my_bot/description/install/py_pubsub/lib/python3.10/site-packages/py_pubsub-0.0.0-py3.10.egg-info/zip-safe
[1.718s] -- Symlinking: /home/giacomo/thesis_ws/install/my_bot/share/my_bot/description/install/py_pubsub/lib/python3.10/site-packages/py_pubsub/__init__.py
[1.729s] -- Symlinking: /home/giacomo/thesis_ws/install/my_bot/share/my_bot/description/install/py_pubsub/lib/python3.10/site-packages/py_pubsub/__pycache__/__init__.cpython-310.pyc
[1.741s] -- Symlinking: /home/giacomo/thesis_ws/install/my_bot/share/my_bot/description/install/py_pubsub/lib/python3.10/site-packages/py_pubsub/__pycache__/hello_world.cpython-310.pyc
[1.753s] -- Symlinking: /home/giacomo/thesis_ws/install/my_bot/share/my_bot/description/install/py_pubsub/lib/python3.10/site-packages/py_pubsub/hello_world.py
[1.766s] -- Symlinking: /home/giacomo/thesis_ws/install/my_bot/share/my_bot/description/install/py_pubsub/share/ament_index/resource_index/packages/py_pubsub
[1.778s] -- Symlinking: /home/giacomo/thesis_ws/install/my_bot/share/my_bot/description/install/py_pubsub/share/colcon-core/packages/py_pubsub
[1.791s] -- Symlinking: /home/giacomo/thesis_ws/install/my_bot/share/my_bot/description/install/py_pubsub/share/py_pubsub/hook/ament_prefix_path.dsv
[1.804s] -- Symlinking: /home/giacomo/thesis_ws/install/my_bot/share/my_bot/description/install/py_pubsub/share/py_pubsub/hook/ament_prefix_path.ps1
[1.816s] -- Symlinking: /home/giacomo/thesis_ws/install/my_bot/share/my_bot/description/install/py_pubsub/share/py_pubsub/hook/ament_prefix_path.sh
[1.829s] -- Symlinking: /home/giacomo/thesis_ws/install/my_bot/share/my_bot/description/install/py_pubsub/share/py_pubsub/hook/pythonpath.dsv
[1.841s] -- Symlinking: /home/giacomo/thesis_ws/install/my_bot/share/my_bot/description/install/py_pubsub/share/py_pubsub/hook/pythonpath.ps1
[1.854s] -- Symlinking: /home/giacomo/thesis_ws/install/my_bot/share/my_bot/description/install/py_pubsub/share/py_pubsub/hook/pythonpath.sh
[1.866s] -- Symlinking: /home/giacomo/thesis_ws/install/my_bot/share/my_bot/description/install/py_pubsub/share/py_pubsub/package.bash
[1.878s] -- Symlinking: /home/giacomo/thesis_ws/install/my_bot/share/my_bot/description/install/py_pubsub/share/py_pubsub/package.dsv
[1.891s] -- Symlinking: /home/giacomo/thesis_ws/install/my_bot/share/my_bot/description/install/py_pubsub/share/py_pubsub/package.ps1
[1.903s] -- Symlinking: /home/giacomo/thesis_ws/install/my_bot/share/my_bot/description/install/py_pubsub/share/py_pubsub/package.sh
[1.915s] -- Symlinking: /home/giacomo/thesis_ws/install/my_bot/share/my_bot/description/install/py_pubsub/share/py_pubsub/package.xml
[1.927s] -- Symlinking: /home/giacomo/thesis_ws/install/my_bot/share/my_bot/description/install/py_pubsub/share/py_pubsub/package.zsh
[1.938s] -- Symlinking: /home/giacomo/thesis_ws/install/my_bot/share/my_bot/description/install/setup.bash
[1.949s] -- Symlinking: /home/giacomo/thesis_ws/install/my_bot/share/my_bot/description/install/setup.ps1
[1.960s] -- Symlinking: /home/giacomo/thesis_ws/install/my_bot/share/my_bot/description/install/setup.sh
[1.971s] -- Symlinking: /home/giacomo/thesis_ws/install/my_bot/share/my_bot/description/install/setup.zsh
[1.981s] -- Symlinking: /home/giacomo/thesis_ws/install/my_bot/share/my_bot/description/log/COLCON_IGNORE
[1.992s] -- Symlinking: /home/giacomo/thesis_ws/install/my_bot/share/my_bot/description/log/build_2023-09-01_14-55-19/events.log
[2.005s] -- Symlinking: /home/giacomo/thesis_ws/install/my_bot/share/my_bot/description/log/build_2023-09-01_14-55-19/logger_all.log
[2.032s] -- Symlinking: /home/giacomo/thesis_ws/install/my_bot/share/my_bot/description/log/build_2023-09-01_14-55-19/py_pubsub/command.log
[2.048s] -- Symlinking: /home/giacomo/thesis_ws/install/my_bot/share/my_bot/description/log/build_2023-09-01_14-55-19/py_pubsub/stderr.log
[2.069s] -- Symlinking: /home/giacomo/thesis_ws/install/my_bot/share/my_bot/description/log/build_2023-09-01_14-55-19/py_pubsub/stdout.log
[2.084s] -- Symlinking: /home/giacomo/thesis_ws/install/my_bot/share/my_bot/description/log/build_2023-09-01_14-55-19/py_pubsub/stdout_stderr.log
[2.104s] -- Symlinking: /home/giacomo/thesis_ws/install/my_bot/share/my_bot/description/log/build_2023-09-01_14-55-19/py_pubsub/streams.log
[2.120s] -- Symlinking: /home/giacomo/thesis_ws/install/my_bot/share/my_bot/description/log/build_2023-09-01_14-56-00/events.log
[2.138s] -- Symlinking: /home/giacomo/thesis_ws/install/my_bot/share/my_bot/description/log/build_2023-09-01_14-56-00/logger_all.log
[2.161s] -- Symlinking: /home/giacomo/thesis_ws/install/my_bot/share/my_bot/description/log/build_2023-09-01_14-56-00/py_pubsub/command.log
[2.181s] -- Symlinking: /home/giacomo/thesis_ws/install/my_bot/share/my_bot/description/log/build_2023-09-01_14-56-00/py_pubsub/stderr.log
[2.200s] -- Symlinking: /home/giacomo/thesis_ws/install/my_bot/share/my_bot/description/log/build_2023-09-01_14-56-00/py_pubsub/stdout.log
[2.229s] -- Symlinking: /home/giacomo/thesis_ws/install/my_bot/share/my_bot/description/log/build_2023-09-01_14-56-00/py_pubsub/stdout_stderr.log
[2.244s] -- Symlinking: /home/giacomo/thesis_ws/install/my_bot/share/my_bot/description/log/build_2023-09-01_14-56-00/py_pubsub/streams.log
[2.261s] -- Symlinking: /home/giacomo/thesis_ws/install/my_bot/share/my_bot/description/log/latest/events.log
[2.278s] -- Symlinking: /home/giacomo/thesis_ws/install/my_bot/share/my_bot/description/log/latest/logger_all.log
[2.292s] -- Symlinking: /home/giacomo/thesis_ws/install/my_bot/share/my_bot/description/log/latest/py_pubsub/command.log
[2.305s] -- Symlinking: /home/giacomo/thesis_ws/install/my_bot/share/my_bot/description/log/latest/py_pubsub/stderr.log
[2.322s] -- Symlinking: /home/giacomo/thesis_ws/install/my_bot/share/my_bot/description/log/latest/py_pubsub/stdout.log
[2.339s] -- Symlinking: /home/giacomo/thesis_ws/install/my_bot/share/my_bot/description/log/latest/py_pubsub/stdout_stderr.log
[2.358s] -- Symlinking: /home/giacomo/thesis_ws/install/my_bot/share/my_bot/description/log/latest/py_pubsub/streams.log
[2.378s] -- Symlinking: /home/giacomo/thesis_ws/install/my_bot/share/my_bot/description/log/latest_build/events.log
[2.396s] -- Symlinking: /home/giacomo/thesis_ws/install/my_bot/share/my_bot/description/log/latest_build/logger_all.log
[2.414s] -- Symlinking: /home/giacomo/thesis_ws/install/my_bot/share/my_bot/description/log/latest_build/py_pubsub/command.log
[2.432s] -- Symlinking: /home/giacomo/thesis_ws/install/my_bot/share/my_bot/description/log/latest_build/py_pubsub/stderr.log
[2.451s] -- Symlinking: /home/giacomo/thesis_ws/install/my_bot/share/my_bot/description/log/latest_build/py_pubsub/stdout.log
[2.470s] -- Symlinking: /home/giacomo/thesis_ws/install/my_bot/share/my_bot/description/log/latest_build/py_pubsub/stdout_stderr.log
[2.490s] -- Symlinking: /home/giacomo/thesis_ws/install/my_bot/share/my_bot/description/log/latest_build/py_pubsub/streams.log
[2.507s] -- Symlinking: /home/giacomo/thesis_ws/install/my_bot/share/my_bot/description/py_pubsub/package.xml
[2.525s] -- Symlinking: /home/giacomo/thesis_ws/install/my_bot/share/my_bot/description/py_pubsub/py_pubsub/__init__.py
[2.550s] -- Symlinking: /home/giacomo/thesis_ws/install/my_bot/share/my_bot/description/py_pubsub/py_pubsub/hello_world.py
[2.568s] -- Symlinking: /home/giacomo/thesis_ws/install/my_bot/share/my_bot/description/py_pubsub/resource/py_pubsub
[2.586s] -- Symlinking: /home/giacomo/thesis_ws/install/my_bot/share/my_bot/description/py_pubsub/setup.cfg
[2.604s] -- Symlinking: /home/giacomo/thesis_ws/install/my_bot/share/my_bot/description/py_pubsub/setup.py
[2.621s] -- Symlinking: /home/giacomo/thesis_ws/install/my_bot/share/my_bot/description/py_pubsub/test/test_copyright.py
[2.638s] -- Symlinking: /home/giacomo/thesis_ws/install/my_bot/share/my_bot/description/py_pubsub/test/test_flake8.py
[2.656s] -- Symlinking: /home/giacomo/thesis_ws/install/my_bot/share/my_bot/description/py_pubsub/test/test_pep257.py
[2.677s] -- Symlinking: /home/giacomo/thesis_ws/install/my_bot/share/my_bot/description/robot.urdf.xacro
[2.693s] -- Symlinking: /home/giacomo/thesis_ws/install/my_bot/share/my_bot/description/robot_core.xacro
[2.711s] -- Symlinking: /home/giacomo/thesis_ws/install/my_bot/share/my_bot/launch/launch_sim.launch.py
[2.730s] -- Symlinking: /home/giacomo/thesis_ws/install/my_bot/share/my_bot/launch/rsp.launch.py
[2.748s] -- Symlinking: /home/giacomo/thesis_ws/install/my_bot/share/my_bot/worlds/empty.world
[2.765s] -- Symlinking: /home/giacomo/thesis_ws/install/my_bot/share/my_bot/worlds/obstacle_world.world
[2.784s] -- Symlinking: /home/giacomo/thesis_ws/install/my_bot/share/ament_index/resource_index/package_run_dependencies/my_bot
[2.802s] -- Symlinking: /home/giacomo/thesis_ws/install/my_bot/share/ament_index/resource_index/parent_prefix_path/my_bot
[2.820s] -- Symlinking: /home/giacomo/thesis_ws/install/my_bot/share/my_bot/environment/ament_prefix_path.sh
[2.850s] -- Symlinking: /home/giacomo/thesis_ws/install/my_bot/share/my_bot/environment/ament_prefix_path.dsv
[2.872s] -- Symlinking: /home/giacomo/thesis_ws/install/my_bot/share/my_bot/environment/path.sh
[2.896s] -- Symlinking: /home/giacomo/thesis_ws/install/my_bot/share/my_bot/environment/path.dsv
[2.916s] -- Symlinking: /home/giacomo/thesis_ws/install/my_bot/share/my_bot/local_setup.bash
[2.937s] -- Symlinking: /home/giacomo/thesis_ws/install/my_bot/share/my_bot/local_setup.sh
[2.960s] -- Symlinking: /home/giacomo/thesis_ws/install/my_bot/share/my_bot/local_setup.zsh
[2.987s] -- Symlinking: /home/giacomo/thesis_ws/install/my_bot/share/my_bot/local_setup.dsv
[3.004s] -- Symlinking: /home/giacomo/thesis_ws/install/my_bot/share/my_bot/package.dsv
[3.023s] -- Symlinking: /home/giacomo/thesis_ws/install/my_bot/share/ament_index/resource_index/packages/my_bot
[3.044s] -- Symlinking: /home/giacomo/thesis_ws/install/my_bot/share/my_bot/cmake/my_botConfig.cmake
[3.074s] -- Symlinking: /home/giacomo/thesis_ws/install/my_bot/share/my_bot/cmake/my_botConfig-version.cmake
[3.099s] -- Symlinking: /home/giacomo/thesis_ws/install/my_bot/share/my_bot/package.xml
[3.124s] Invoked command in '/home/giacomo/thesis_ws/build/my_bot' returned '0': CMAKE_PREFIX_PATH=${CMAKE_PREFIX_PATH}:/home/giacomo/thesis_ws/install/bumper_cars:/home/giacomo/ros2_ws/install/py_pubsub:/home/giacomo/ros2_ws/install/my_robot_controller:/home/giacomo/ros2_ws/install/py_srvcli:/opt/ros/humble /usr/bin/cmake --install /home/giacomo/thesis_ws/build/my_bot
