[3.625s] Invoking command in '/home/giacomo/thesis_ws/build/planner': PYTHONPATH=/home/giacomo/thesis_ws/build/planner/prefix_override:/home/giacomo/thesis_ws/install/planner/lib/python3.10/site-packages:${PYTHONPATH} /usr/bin/python3 setup.py develop --editable --build-directory /home/giacomo/thesis_ws/build/planner/build --no-deps install_data
[4.783s] running develop
[4.795s] /home/giacomo/.local/lib/python3.10/site-packages/setuptools/command/develop.py:40: EasyInstallDeprecationWarning: easy_install command is deprecated.
[4.797s] !!
[4.798s] 
[4.799s]         ********************************************************************************
[4.801s]         Please avoid running ``setup.py`` and ``easy_install``.
[4.802s]         Instead, use pypa/build, pypa/installer or other
[4.803s]         standards-based tools.
[4.803s] 
[4.804s]         See https://github.com/pypa/setuptools/issues/917 for details.
[4.804s]         ********************************************************************************
[4.804s] 
[4.804s] !!
[4.804s]   easy_install.initialize_options(self)
[4.911s] /home/giacomo/.local/lib/python3.10/site-packages/setuptools/_distutils/cmd.py:66: SetuptoolsDeprecationWarning: setup.py install is deprecated.
[4.911s] !!
[4.911s] 
[4.912s]         ********************************************************************************
[4.912s]         Please avoid running ``setup.py`` directly.
[4.913s]         Instead, use pypa/build, pypa/installer or other
[4.913s]         standards-based tools.
[4.913s] 
[4.914s]         See https://blog.ganssle.io/articles/2021/10/setup-py-deprecated.html for details.
[4.914s]         ********************************************************************************
[4.914s] 
[4.914s] !!
[4.915s]   self.initialize_options()
[5.461s] running egg_info
[5.483s] writing planner.egg-info/PKG-INFO
[5.484s] writing dependency_links to planner.egg-info/dependency_links.txt
[5.484s] writing requirements to planner.egg-info/requires.txt
[5.484s] writing top-level names to planner.egg-info/top_level.txt
[5.531s] reading manifest file 'planner.egg-info/SOURCES.txt'
[5.532s] writing manifest file 'planner.egg-info/SOURCES.txt'
[5.556s] running build_ext
[5.556s] Creating /home/giacomo/thesis_ws/install/planner/lib/python3.10/site-packages/planner.egg-link (link to .)
[5.557s] 
[5.557s] Installed /home/giacomo/thesis_ws/build/planner
[5.557s] running install_data
[5.601s] Invoked command in '/home/giacomo/thesis_ws/build/planner' returned '0': PYTHONPATH=/home/giacomo/thesis_ws/build/planner/prefix_override:/home/giacomo/thesis_ws/install/planner/lib/python3.10/site-packages:${PYTHONPATH} /usr/bin/python3 setup.py develop --editable --build-directory /home/giacomo/thesis_ws/build/planner/build --no-deps install_data
