[0.102s] Invoking command in '/home/giacomo/urdf_example-main/build/urdf_example': CMAKE_PREFIX_PATH=${CMAKE_PREFIX_PATH}:/home/giacomo/thesis_ws/install/bumper_cars:/home/giacomo/ros2_ws/install/py_pubsub:/home/giacomo/ros2_ws/install/my_robot_controller:/home/giacomo/ros2_ws/install/py_srvcli:/opt/ros/humble /usr/bin/cmake --build /home/giacomo/urdf_example-main/build/urdf_example -- -j8 -l8
[0.144s] Invoked command in '/home/giacomo/urdf_example-main/build/urdf_example' returned '0': CMAKE_PREFIX_PATH=${CMAKE_PREFIX_PATH}:/home/giacomo/thesis_ws/install/bumper_cars:/home/giacomo/ros2_ws/install/py_pubsub:/home/giacomo/ros2_ws/install/my_robot_controller:/home/giacomo/ros2_ws/install/py_srvcli:/opt/ros/humble /usr/bin/cmake --build /home/giacomo/urdf_example-main/build/urdf_example -- -j8 -l8
[0.175s] Invoking command in '/home/giacomo/urdf_example-main/build/urdf_example': CMAKE_PREFIX_PATH=${CMAKE_PREFIX_PATH}:/home/giacomo/thesis_ws/install/bumper_cars:/home/giacomo/ros2_ws/install/py_pubsub:/home/giacomo/ros2_ws/install/my_robot_controller:/home/giacomo/ros2_ws/install/py_srvcli:/opt/ros/humble /usr/bin/cmake --install /home/giacomo/urdf_example-main/build/urdf_example
[0.182s] -- Install configuration: ""
[0.182s] -- Up-to-date: /home/giacomo/urdf_example-main/install/urdf_example/share/urdf_example/description
[0.183s] -- Up-to-date: /home/giacomo/urdf_example-main/install/urdf_example/share/urdf_example/description/example_robot.urdf.xacro
[0.183s] -- Up-to-date: /home/giacomo/urdf_example-main/install/urdf_example/share/urdf_example/description/example_include.xacro
[0.183s] -- Up-to-date: /home/giacomo/urdf_example-main/install/urdf_example/share/urdf_example/description/example_gazebo.xacro
[0.183s] -- Up-to-date: /home/giacomo/urdf_example-main/install/urdf_example/share/urdf_example/launch
[0.183s] -- Up-to-date: /home/giacomo/urdf_example-main/install/urdf_example/share/urdf_example/launch/rsp_sim.launch.py
[0.183s] -- Up-to-date: /home/giacomo/urdf_example-main/install/urdf_example/share/urdf_example/launch/rsp.launch.py
[0.183s] -- Up-to-date: /home/giacomo/urdf_example-main/install/urdf_example/share/urdf_example/worlds
[0.183s] -- Up-to-date: /home/giacomo/urdf_example-main/install/urdf_example/share/urdf_example/worlds/test_world.world
[0.184s] -- Up-to-date: /home/giacomo/urdf_example-main/install/urdf_example/share/ament_index/resource_index/package_run_dependencies/urdf_example
[0.184s] -- Up-to-date: /home/giacomo/urdf_example-main/install/urdf_example/share/ament_index/resource_index/parent_prefix_path/urdf_example
[0.184s] -- Up-to-date: /home/giacomo/urdf_example-main/install/urdf_example/share/urdf_example/environment/ament_prefix_path.sh
[0.184s] -- Up-to-date: /home/giacomo/urdf_example-main/install/urdf_example/share/urdf_example/environment/ament_prefix_path.dsv
[0.184s] -- Up-to-date: /home/giacomo/urdf_example-main/install/urdf_example/share/urdf_example/environment/path.sh
[0.184s] -- Up-to-date: /home/giacomo/urdf_example-main/install/urdf_example/share/urdf_example/environment/path.dsv
[0.184s] -- Up-to-date: /home/giacomo/urdf_example-main/install/urdf_example/share/urdf_example/local_setup.bash
[0.185s] -- Up-to-date: /home/giacomo/urdf_example-main/install/urdf_example/share/urdf_example/local_setup.sh
[0.185s] -- Up-to-date: /home/giacomo/urdf_example-main/install/urdf_example/share/urdf_example/local_setup.zsh
[0.186s] -- Up-to-date: /home/giacomo/urdf_example-main/install/urdf_example/share/urdf_example/local_setup.dsv
[0.186s] -- Installing: /home/giacomo/urdf_example-main/install/urdf_example/share/urdf_example/package.dsv
[0.186s] -- Up-to-date: /home/giacomo/urdf_example-main/install/urdf_example/share/ament_index/resource_index/packages/urdf_example
[0.187s] -- Up-to-date: /home/giacomo/urdf_example-main/install/urdf_example/share/urdf_example/cmake/urdf_exampleConfig.cmake
[0.187s] -- Up-to-date: /home/giacomo/urdf_example-main/install/urdf_example/share/urdf_example/cmake/urdf_exampleConfig-version.cmake
[0.187s] -- Up-to-date: /home/giacomo/urdf_example-main/install/urdf_example/share/urdf_example/package.xml
[0.187s] Invoked command in '/home/giacomo/urdf_example-main/build/urdf_example' returned '0': CMAKE_PREFIX_PATH=${CMAKE_PREFIX_PATH}:/home/giacomo/thesis_ws/install/bumper_cars:/home/giacomo/ros2_ws/install/py_pubsub:/home/giacomo/ros2_ws/install/my_robot_controller:/home/giacomo/ros2_ws/install/py_srvcli:/opt/ros/humble /usr/bin/cmake --install /home/giacomo/urdf_example-main/build/urdf_example
