[0.433s] Invoking command in '/home/giacomo/thesis_ws/build/custom_message': CMAKE_PREFIX_PATH=${CMAKE_PREFIX_PATH}:/home/giacomo/thesis_ws/install/bumper_cars:/home/giacomo/ros2_ws/install/py_pubsub:/home/giacomo/ros2_ws/install/my_robot_controller:/home/giacomo/ros2_ws/install/py_srvcli:/opt/ros/humble /usr/bin/cmake --build /home/giacomo/thesis_ws/build/custom_message -- -j8 -l8
[0.613s] [  2%] Built target custom_message__cpp
[0.636s] [ 12%] Built target custom_message__rosidl_generator_c
[0.670s] [ 12%] Built target ament_cmake_python_symlink_custom_message
[0.732s] [ 23%] Built target custom_message__rosidl_typesupport_fastrtps_cpp
[0.753s] [ 42%] Built target custom_message__rosidl_typesupport_introspection_cpp
[0.766s] [ 44%] Built target custom_message__rosidl_typesupport_cpp
[0.771s] [ 55%] Built target custom_message__rosidl_typesupport_fastrtps_c
[0.797s] [ 65%] Built target custom_message__rosidl_typesupport_c
[0.800s] [ 76%] Built target custom_message__rosidl_typesupport_introspection_c
[0.878s] [ 76%] Built target custom_message
[0.959s] [ 78%] Built target custom_message__py
[1.054s] [ 87%] Built target custom_message__rosidl_generator_py
[1.134s] [ 91%] Built target custom_message__rosidl_typesupport_fastrtps_c__pyext
[1.134s] [ 95%] Built target custom_message__rosidl_typesupport_introspection_c__pyext
[1.145s] [100%] Built target custom_message__rosidl_typesupport_c__pyext
[1.396s] running egg_info
[1.427s] writing custom_message.egg-info/PKG-INFO
[1.429s] writing dependency_links to custom_message.egg-info/dependency_links.txt
[1.431s] writing top-level names to custom_message.egg-info/top_level.txt
[1.536s] reading manifest file 'custom_message.egg-info/SOURCES.txt'
[1.538s] writing manifest file 'custom_message.egg-info/SOURCES.txt'
[1.618s] [100%] Built target ament_cmake_python_build_custom_message_egg
[1.653s] Invoked command in '/home/giacomo/thesis_ws/build/custom_message' returned '0': CMAKE_PREFIX_PATH=${CMAKE_PREFIX_PATH}:/home/giacomo/thesis_ws/install/bumper_cars:/home/giacomo/ros2_ws/install/py_pubsub:/home/giacomo/ros2_ws/install/my_robot_controller:/home/giacomo/ros2_ws/install/py_srvcli:/opt/ros/humble /usr/bin/cmake --build /home/giacomo/thesis_ws/build/custom_message -- -j8 -l8
[1.929s] Invoking command in '/home/giacomo/thesis_ws/build/custom_message': CMAKE_PREFIX_PATH=${CMAKE_PREFIX_PATH}:/home/giacomo/thesis_ws/install/bumper_cars:/home/giacomo/ros2_ws/install/py_pubsub:/home/giacomo/ros2_ws/install/my_robot_controller:/home/giacomo/ros2_ws/install/py_srvcli:/opt/ros/humble /usr/bin/cmake --install /home/giacomo/thesis_ws/build/custom_message
[1.945s] -- Install configuration: ""
[1.945s] -- Execute custom install script
[1.946s] -- Up-to-date symlink: /home/giacomo/thesis_ws/install/custom_message/share/ament_index/resource_index/rosidl_interfaces/custom_message
[1.946s] -- Up-to-date symlink: /home/giacomo/thesis_ws/install/custom_message/include/custom_message/custom_message/msg/control_inputs.h
[1.947s] -- Up-to-date symlink: /home/giacomo/thesis_ws/install/custom_message/include/custom_message/custom_message/msg/detail/control_inputs__functions.h
[1.947s] -- Up-to-date symlink: /home/giacomo/thesis_ws/install/custom_message/include/custom_message/custom_message/msg/detail/control_inputs__struct.h
[1.947s] -- Up-to-date symlink: /home/giacomo/thesis_ws/install/custom_message/include/custom_message/custom_message/msg/detail/control_inputs__type_support.h
[1.947s] -- Up-to-date symlink: /home/giacomo/thesis_ws/install/custom_message/include/custom_message/custom_message/msg/detail/full_state__functions.h
[1.947s] -- Up-to-date symlink: /home/giacomo/thesis_ws/install/custom_message/include/custom_message/custom_message/msg/detail/full_state__struct.h
[1.947s] -- Up-to-date symlink: /home/giacomo/thesis_ws/install/custom_message/include/custom_message/custom_message/msg/detail/full_state__type_support.h
[1.948s] -- Up-to-date symlink: /home/giacomo/thesis_ws/install/custom_message/include/custom_message/custom_message/msg/detail/state__functions.h
[1.948s] -- Up-to-date symlink: /home/giacomo/thesis_ws/install/custom_message/include/custom_message/custom_message/msg/detail/state__struct.h
[1.949s] -- Up-to-date symlink: /home/giacomo/thesis_ws/install/custom_message/include/custom_message/custom_message/msg/detail/state__type_support.h
[1.949s] -- Up-to-date symlink: /home/giacomo/thesis_ws/install/custom_message/include/custom_message/custom_message/msg/full_state.h
[1.949s] -- Up-to-date symlink: /home/giacomo/thesis_ws/install/custom_message/include/custom_message/custom_message/msg/rosidl_generator_c__visibility_control.h
[1.949s] -- Up-to-date symlink: /home/giacomo/thesis_ws/install/custom_message/include/custom_message/custom_message/msg/state.h
[1.950s] -- Up-to-date symlink: /home/giacomo/thesis_ws/install/custom_message/share/custom_message/environment/library_path.sh
[1.950s] -- Up-to-date symlink: /home/giacomo/thesis_ws/install/custom_message/share/custom_message/environment/library_path.dsv
[1.952s] -- Up-to-date symlink: /home/giacomo/thesis_ws/install/custom_message/include/custom_message/custom_message/msg/detail/control_inputs__rosidl_typesupport_fastrtps_c.h
[1.952s] -- Up-to-date symlink: /home/giacomo/thesis_ws/install/custom_message/include/custom_message/custom_message/msg/detail/full_state__rosidl_typesupport_fastrtps_c.h
[1.952s] -- Up-to-date symlink: /home/giacomo/thesis_ws/install/custom_message/include/custom_message/custom_message/msg/detail/state__rosidl_typesupport_fastrtps_c.h
[1.953s] -- Up-to-date symlink: /home/giacomo/thesis_ws/install/custom_message/include/custom_message/custom_message/msg/rosidl_typesupport_fastrtps_c__visibility_control.h
[1.953s] -- Up-to-date symlink: /home/giacomo/thesis_ws/install/custom_message/include/custom_message/custom_message/msg/detail/control_inputs__rosidl_typesupport_introspection_c.h
[1.954s] -- Up-to-date symlink: /home/giacomo/thesis_ws/install/custom_message/include/custom_message/custom_message/msg/detail/full_state__rosidl_typesupport_introspection_c.h
[1.954s] -- Up-to-date symlink: /home/giacomo/thesis_ws/install/custom_message/include/custom_message/custom_message/msg/detail/state__rosidl_typesupport_introspection_c.h
[1.954s] -- Up-to-date symlink: /home/giacomo/thesis_ws/install/custom_message/include/custom_message/custom_message/msg/rosidl_typesupport_introspection_c__visibility_control.h
[1.955s] -- Up-to-date symlink: /home/giacomo/thesis_ws/install/custom_message/include/custom_message/custom_message/msg/control_inputs.hpp
[1.955s] -- Up-to-date symlink: /home/giacomo/thesis_ws/install/custom_message/include/custom_message/custom_message/msg/detail/control_inputs__builder.hpp
[1.955s] -- Up-to-date symlink: /home/giacomo/thesis_ws/install/custom_message/include/custom_message/custom_message/msg/detail/control_inputs__struct.hpp
[1.956s] -- Up-to-date symlink: /home/giacomo/thesis_ws/install/custom_message/include/custom_message/custom_message/msg/detail/control_inputs__traits.hpp
[1.956s] -- Up-to-date symlink: /home/giacomo/thesis_ws/install/custom_message/include/custom_message/custom_message/msg/detail/full_state__builder.hpp
[1.956s] -- Up-to-date symlink: /home/giacomo/thesis_ws/install/custom_message/include/custom_message/custom_message/msg/detail/full_state__struct.hpp
[1.956s] -- Up-to-date symlink: /home/giacomo/thesis_ws/install/custom_message/include/custom_message/custom_message/msg/detail/full_state__traits.hpp
[1.956s] -- Up-to-date symlink: /home/giacomo/thesis_ws/install/custom_message/include/custom_message/custom_message/msg/detail/state__builder.hpp
[1.956s] -- Up-to-date symlink: /home/giacomo/thesis_ws/install/custom_message/include/custom_message/custom_message/msg/detail/state__struct.hpp
[1.957s] -- Up-to-date symlink: /home/giacomo/thesis_ws/install/custom_message/include/custom_message/custom_message/msg/detail/state__traits.hpp
[1.957s] -- Up-to-date symlink: /home/giacomo/thesis_ws/install/custom_message/include/custom_message/custom_message/msg/full_state.hpp
[1.957s] -- Up-to-date symlink: /home/giacomo/thesis_ws/install/custom_message/include/custom_message/custom_message/msg/state.hpp
[1.958s] -- Up-to-date symlink: /home/giacomo/thesis_ws/install/custom_message/include/custom_message/custom_message/msg/detail/control_inputs__rosidl_typesupport_fastrtps_cpp.hpp
[1.958s] -- Up-to-date symlink: /home/giacomo/thesis_ws/install/custom_message/include/custom_message/custom_message/msg/detail/full_state__rosidl_typesupport_fastrtps_cpp.hpp
[1.958s] -- Up-to-date symlink: /home/giacomo/thesis_ws/install/custom_message/include/custom_message/custom_message/msg/detail/state__rosidl_typesupport_fastrtps_cpp.hpp
[1.958s] -- Up-to-date symlink: /home/giacomo/thesis_ws/install/custom_message/include/custom_message/custom_message/msg/rosidl_typesupport_fastrtps_cpp__visibility_control.h
[1.959s] -- Up-to-date symlink: /home/giacomo/thesis_ws/install/custom_message/include/custom_message/custom_message/msg/detail/control_inputs__rosidl_typesupport_introspection_cpp.hpp
[1.960s] -- Up-to-date symlink: /home/giacomo/thesis_ws/install/custom_message/include/custom_message/custom_message/msg/detail/full_state__rosidl_typesupport_introspection_cpp.hpp
[1.960s] -- Up-to-date symlink: /home/giacomo/thesis_ws/install/custom_message/include/custom_message/custom_message/msg/detail/state__rosidl_typesupport_introspection_cpp.hpp
[1.960s] -- Up-to-date symlink: /home/giacomo/thesis_ws/install/custom_message/share/custom_message/environment/pythonpath.sh
[1.961s] -- Up-to-date symlink: /home/giacomo/thesis_ws/install/custom_message/share/custom_message/environment/pythonpath.dsv
[1.962s] -- Up-to-date symlink: /home/giacomo/thesis_ws/install/custom_message/local/lib/python3.10/dist-packages/custom_message-0.0.0-py3.10.egg-info/PKG-INFO
[1.962s] -- Up-to-date symlink: /home/giacomo/thesis_ws/install/custom_message/local/lib/python3.10/dist-packages/custom_message-0.0.0-py3.10.egg-info/SOURCES.txt
[1.963s] -- Up-to-date symlink: /home/giacomo/thesis_ws/install/custom_message/local/lib/python3.10/dist-packages/custom_message-0.0.0-py3.10.egg-info/dependency_links.txt
[1.963s] -- Up-to-date symlink: /home/giacomo/thesis_ws/install/custom_message/local/lib/python3.10/dist-packages/custom_message-0.0.0-py3.10.egg-info/top_level.txt
[1.965s] -- Up-to-date symlink: /home/giacomo/thesis_ws/install/custom_message/local/lib/python3.10/dist-packages/custom_message/__init__.py
[1.965s] -- Up-to-date symlink: /home/giacomo/thesis_ws/install/custom_message/local/lib/python3.10/dist-packages/custom_message/_custom_message_s.ep.rosidl_typesupport_c.c
[1.965s] -- Up-to-date symlink: /home/giacomo/thesis_ws/install/custom_message/local/lib/python3.10/dist-packages/custom_message/_custom_message_s.ep.rosidl_typesupport_fastrtps_c.c
[1.965s] -- Up-to-date symlink: /home/giacomo/thesis_ws/install/custom_message/local/lib/python3.10/dist-packages/custom_message/_custom_message_s.ep.rosidl_typesupport_introspection_c.c
[1.965s] -- Up-to-date symlink: /home/giacomo/thesis_ws/install/custom_message/local/lib/python3.10/dist-packages/custom_message/custom_message_s__rosidl_typesupport_c.cpython-310-x86_64-linux-gnu.so
[1.965s] -- Up-to-date symlink: /home/giacomo/thesis_ws/install/custom_message/local/lib/python3.10/dist-packages/custom_message/custom_message_s__rosidl_typesupport_fastrtps_c.cpython-310-x86_64-linux-gnu.so
[1.966s] -- Up-to-date symlink: /home/giacomo/thesis_ws/install/custom_message/local/lib/python3.10/dist-packages/custom_message/custom_message_s__rosidl_typesupport_introspection_c.cpython-310-x86_64-linux-gnu.so
[1.966s] -- Up-to-date symlink: /home/giacomo/thesis_ws/install/custom_message/local/lib/python3.10/dist-packages/custom_message/libcustom_message__rosidl_generator_py.so
[1.966s] -- Up-to-date symlink: /home/giacomo/thesis_ws/install/custom_message/local/lib/python3.10/dist-packages/custom_message/msg/__init__.py
[1.966s] -- Up-to-date symlink: /home/giacomo/thesis_ws/install/custom_message/local/lib/python3.10/dist-packages/custom_message/msg/_control_inputs.py
[1.966s] -- Up-to-date symlink: /home/giacomo/thesis_ws/install/custom_message/local/lib/python3.10/dist-packages/custom_message/msg/_control_inputs_s.c
[1.967s] -- Up-to-date symlink: /home/giacomo/thesis_ws/install/custom_message/local/lib/python3.10/dist-packages/custom_message/msg/_full_state.py
[1.967s] -- Up-to-date symlink: /home/giacomo/thesis_ws/install/custom_message/local/lib/python3.10/dist-packages/custom_message/msg/_full_state_s.c
[1.967s] -- Up-to-date symlink: /home/giacomo/thesis_ws/install/custom_message/local/lib/python3.10/dist-packages/custom_message/msg/_state.py
[1.967s] -- Up-to-date symlink: /home/giacomo/thesis_ws/install/custom_message/local/lib/python3.10/dist-packages/custom_message/msg/_state_s.c
[1.967s] -- Up-to-date symlink: /home/giacomo/thesis_ws/install/custom_message/local/lib/python3.10/dist-packages/custom_message/custom_message_s__rosidl_typesupport_fastrtps_c.cpython-310-x86_64-linux-gnu.so
[1.968s] -- Up-to-date symlink: /home/giacomo/thesis_ws/install/custom_message/local/lib/python3.10/dist-packages/custom_message/custom_message_s__rosidl_typesupport_introspection_c.cpython-310-x86_64-linux-gnu.so
[1.968s] -- Up-to-date symlink: /home/giacomo/thesis_ws/install/custom_message/local/lib/python3.10/dist-packages/custom_message/custom_message_s__rosidl_typesupport_c.cpython-310-x86_64-linux-gnu.so
[1.969s] -- Up-to-date symlink: /home/giacomo/thesis_ws/install/custom_message/share/custom_message/msg/ControlInputs.idl
[1.969s] -- Up-to-date symlink: /home/giacomo/thesis_ws/install/custom_message/share/custom_message/msg/State.idl
[1.969s] -- Up-to-date symlink: /home/giacomo/thesis_ws/install/custom_message/share/custom_message/msg/FullState.idl
[1.970s] -- Up-to-date symlink: /home/giacomo/thesis_ws/install/custom_message/share/custom_message/msg/ControlInputs.msg
[1.970s] -- Up-to-date symlink: /home/giacomo/thesis_ws/install/custom_message/share/custom_message/msg/State.msg
[1.971s] -- Up-to-date symlink: /home/giacomo/thesis_ws/install/custom_message/share/custom_message/msg/FullState.msg
[1.972s] -- Up-to-date symlink: /home/giacomo/thesis_ws/install/custom_message/share/ament_index/resource_index/package_run_dependencies/custom_message
[1.972s] -- Up-to-date symlink: /home/giacomo/thesis_ws/install/custom_message/share/ament_index/resource_index/parent_prefix_path/custom_message
[1.973s] -- Up-to-date symlink: /home/giacomo/thesis_ws/install/custom_message/share/custom_message/environment/ament_prefix_path.sh
[1.973s] -- Up-to-date symlink: /home/giacomo/thesis_ws/install/custom_message/share/custom_message/environment/ament_prefix_path.dsv
[1.973s] -- Up-to-date symlink: /home/giacomo/thesis_ws/install/custom_message/share/custom_message/environment/path.sh
[1.973s] -- Up-to-date symlink: /home/giacomo/thesis_ws/install/custom_message/share/custom_message/environment/path.dsv
[1.974s] -- Up-to-date symlink: /home/giacomo/thesis_ws/install/custom_message/share/custom_message/local_setup.bash
[1.975s] -- Up-to-date symlink: /home/giacomo/thesis_ws/install/custom_message/share/custom_message/local_setup.sh
[1.975s] -- Up-to-date symlink: /home/giacomo/thesis_ws/install/custom_message/share/custom_message/local_setup.zsh
[1.976s] -- Up-to-date symlink: /home/giacomo/thesis_ws/install/custom_message/share/custom_message/local_setup.dsv
[1.976s] -- Symlinking: /home/giacomo/thesis_ws/install/custom_message/share/custom_message/package.dsv
[1.995s] -- Up-to-date symlink: /home/giacomo/thesis_ws/install/custom_message/share/ament_index/resource_index/packages/custom_message
[1.995s] -- Up-to-date symlink: /home/giacomo/thesis_ws/install/custom_message/share/custom_message/cmake/rosidl_cmake-extras.cmake
[1.995s] -- Up-to-date symlink: /home/giacomo/thesis_ws/install/custom_message/share/custom_message/cmake/ament_cmake_export_include_directories-extras.cmake
[1.995s] -- Up-to-date symlink: /home/giacomo/thesis_ws/install/custom_message/share/custom_message/cmake/ament_cmake_export_libraries-extras.cmake
[1.995s] -- Up-to-date symlink: /home/giacomo/thesis_ws/install/custom_message/share/custom_message/cmake/ament_cmake_export_targets-extras.cmake
[1.996s] -- Up-to-date symlink: /home/giacomo/thesis_ws/install/custom_message/share/custom_message/cmake/rosidl_cmake_export_typesupport_targets-extras.cmake
[1.996s] -- Up-to-date symlink: /home/giacomo/thesis_ws/install/custom_message/share/custom_message/cmake/ament_cmake_export_dependencies-extras.cmake
[1.996s] -- Up-to-date symlink: /home/giacomo/thesis_ws/install/custom_message/share/custom_message/cmake/rosidl_cmake_export_typesupport_libraries-extras.cmake
[1.997s] -- Up-to-date symlink: /home/giacomo/thesis_ws/install/custom_message/share/custom_message/cmake/custom_messageConfig.cmake
[1.997s] -- Up-to-date symlink: /home/giacomo/thesis_ws/install/custom_message/share/custom_message/cmake/custom_messageConfig-version.cmake
[1.997s] -- Up-to-date symlink: /home/giacomo/thesis_ws/install/custom_message/share/custom_message/package.xml
[1.997s] -- Up-to-date: /home/giacomo/thesis_ws/install/custom_message/lib/libcustom_message__rosidl_generator_c.so
[1.998s] -- Up-to-date: /home/giacomo/thesis_ws/install/custom_message/lib/libcustom_message__rosidl_typesupport_fastrtps_c.so
[1.998s] -- Up-to-date: /home/giacomo/thesis_ws/install/custom_message/lib/libcustom_message__rosidl_typesupport_introspection_c.so
[1.999s] -- Up-to-date: /home/giacomo/thesis_ws/install/custom_message/lib/libcustom_message__rosidl_typesupport_c.so
[1.999s] -- Up-to-date: /home/giacomo/thesis_ws/install/custom_message/lib/libcustom_message__rosidl_typesupport_fastrtps_cpp.so
[2.000s] -- Up-to-date: /home/giacomo/thesis_ws/install/custom_message/lib/libcustom_message__rosidl_typesupport_introspection_cpp.so
[2.001s] -- Up-to-date: /home/giacomo/thesis_ws/install/custom_message/lib/libcustom_message__rosidl_typesupport_cpp.so
[2.089s] Listing '/home/giacomo/thesis_ws/install/custom_message/local/lib/python3.10/dist-packages/custom_message'...
[2.090s] Listing '/home/giacomo/thesis_ws/install/custom_message/local/lib/python3.10/dist-packages/custom_message/msg'...
[2.096s] -- Up-to-date: /home/giacomo/thesis_ws/install/custom_message/lib/libcustom_message__rosidl_generator_py.so
[2.097s] -- Up-to-date: /home/giacomo/thesis_ws/install/custom_message/share/custom_message/cmake/export_custom_message__rosidl_generator_cExport.cmake
[2.097s] -- Up-to-date: /home/giacomo/thesis_ws/install/custom_message/share/custom_message/cmake/export_custom_message__rosidl_generator_cExport-noconfig.cmake
[2.097s] -- Up-to-date: /home/giacomo/thesis_ws/install/custom_message/share/custom_message/cmake/export_custom_message__rosidl_typesupport_fastrtps_cExport.cmake
[2.097s] -- Up-to-date: /home/giacomo/thesis_ws/install/custom_message/share/custom_message/cmake/export_custom_message__rosidl_typesupport_fastrtps_cExport-noconfig.cmake
[2.098s] -- Up-to-date: /home/giacomo/thesis_ws/install/custom_message/share/custom_message/cmake/custom_message__rosidl_typesupport_introspection_cExport.cmake
[2.100s] -- Up-to-date: /home/giacomo/thesis_ws/install/custom_message/share/custom_message/cmake/custom_message__rosidl_typesupport_introspection_cExport-noconfig.cmake
[2.101s] -- Up-to-date: /home/giacomo/thesis_ws/install/custom_message/share/custom_message/cmake/custom_message__rosidl_typesupport_cExport.cmake
[2.102s] -- Up-to-date: /home/giacomo/thesis_ws/install/custom_message/share/custom_message/cmake/custom_message__rosidl_typesupport_cExport-noconfig.cmake
[2.103s] -- Up-to-date: /home/giacomo/thesis_ws/install/custom_message/share/custom_message/cmake/export_custom_message__rosidl_generator_cppExport.cmake
[2.104s] -- Up-to-date: /home/giacomo/thesis_ws/install/custom_message/share/custom_message/cmake/export_custom_message__rosidl_typesupport_fastrtps_cppExport.cmake
[2.104s] -- Up-to-date: /home/giacomo/thesis_ws/install/custom_message/share/custom_message/cmake/export_custom_message__rosidl_typesupport_fastrtps_cppExport-noconfig.cmake
[2.104s] -- Up-to-date: /home/giacomo/thesis_ws/install/custom_message/share/custom_message/cmake/custom_message__rosidl_typesupport_introspection_cppExport.cmake
[2.104s] -- Up-to-date: /home/giacomo/thesis_ws/install/custom_message/share/custom_message/cmake/custom_message__rosidl_typesupport_introspection_cppExport-noconfig.cmake
[2.105s] -- Up-to-date: /home/giacomo/thesis_ws/install/custom_message/share/custom_message/cmake/custom_message__rosidl_typesupport_cppExport.cmake
[2.105s] -- Up-to-date: /home/giacomo/thesis_ws/install/custom_message/share/custom_message/cmake/custom_message__rosidl_typesupport_cppExport-noconfig.cmake
[2.105s] -- Up-to-date: /home/giacomo/thesis_ws/install/custom_message/share/custom_message/cmake/export_custom_message__rosidl_generator_pyExport.cmake
[2.105s] -- Up-to-date: /home/giacomo/thesis_ws/install/custom_message/share/custom_message/cmake/export_custom_message__rosidl_generator_pyExport-noconfig.cmake
[2.107s] Invoked command in '/home/giacomo/thesis_ws/build/custom_message' returned '0': CMAKE_PREFIX_PATH=${CMAKE_PREFIX_PATH}:/home/giacomo/thesis_ws/install/bumper_cars:/home/giacomo/ros2_ws/install/py_pubsub:/home/giacomo/ros2_ws/install/my_robot_controller:/home/giacomo/ros2_ws/install/py_srvcli:/opt/ros/humble /usr/bin/cmake --install /home/giacomo/thesis_ws/build/custom_message
