[0.013s] Invoking command in '/home/giacomo/urdf_example-main/build/urdf_example': CMAKE_PREFIX_PATH=${CMAKE_PREFIX_PATH}:/home/giacomo/thesis_ws/install/bumper_cars:/home/giacomo/ros2_ws/install/py_pubsub:/home/giacomo/ros2_ws/install/my_robot_controller:/home/giacomo/ros2_ws/install/py_srvcli:/opt/ros/humble /usr/bin/cmake /home/giacomo/urdf_example-main/urdf_example-main -DCMAKE_INSTALL_PREFIX=/home/giacomo/urdf_example-main/install/urdf_example
[0.060s] -- The C compiler identification is GNU 11.4.0
[0.108s] -- The CXX compiler identification is GNU 11.4.0
[0.115s] -- Detecting C compiler ABI info
[0.185s] -- Detecting C compiler ABI info - done
[0.193s] -- Check for working C compiler: /usr/bin/cc - skipped
[0.193s] -- Detecting C compile features
[0.193s] -- Detecting C compile features - done
[0.197s] -- Detecting CXX compiler ABI info
[0.275s] -- Detecting CXX compiler ABI info - done
[0.283s] -- Check for working CXX compiler: /usr/bin/c++ - skipped
[0.283s] -- Detecting CXX compile features
[0.284s] -- Detecting CXX compile features - done
[0.287s] -- Found ament_cmake: 1.3.5 (/opt/ros/humble/share/ament_cmake/cmake)
[0.645s] -- Found Python3: /usr/bin/python3.10 (found version "3.10.12") found components: Interpreter 
[0.737s] -- Found ament_lint_auto: 0.12.7 (/opt/ros/humble/share/ament_lint_auto/cmake)
[0.819s] -- Added test 'copyright' to check source files copyright and LICENSE
[0.821s] -- Added test 'flake8' to check Python code syntax and style conventions
[0.821s] -- Added test 'lint_cmake' to check CMake code style
[0.822s] -- Added test 'pep257' to check Python code against some of the docstring style conventions in PEP 257
[0.823s] -- Added test 'xmllint' to check XML markup files
[0.824s] -- Configuring done
[0.827s] -- Generating done
[0.828s] -- Build files have been written to: /home/giacomo/urdf_example-main/build/urdf_example
[0.834s] Invoked command in '/home/giacomo/urdf_example-main/build/urdf_example' returned '0': CMAKE_PREFIX_PATH=${CMAKE_PREFIX_PATH}:/home/giacomo/thesis_ws/install/bumper_cars:/home/giacomo/ros2_ws/install/py_pubsub:/home/giacomo/ros2_ws/install/my_robot_controller:/home/giacomo/ros2_ws/install/py_srvcli:/opt/ros/humble /usr/bin/cmake /home/giacomo/urdf_example-main/urdf_example-main -DCMAKE_INSTALL_PREFIX=/home/giacomo/urdf_example-main/install/urdf_example
[0.834s] Invoking command in '/home/giacomo/urdf_example-main/build/urdf_example': CMAKE_PREFIX_PATH=${CMAKE_PREFIX_PATH}:/home/giacomo/thesis_ws/install/bumper_cars:/home/giacomo/ros2_ws/install/py_pubsub:/home/giacomo/ros2_ws/install/my_robot_controller:/home/giacomo/ros2_ws/install/py_srvcli:/opt/ros/humble /usr/bin/cmake --build /home/giacomo/urdf_example-main/build/urdf_example -- -j8 -l8
[0.874s] Invoked command in '/home/giacomo/urdf_example-main/build/urdf_example' returned '0': CMAKE_PREFIX_PATH=${CMAKE_PREFIX_PATH}:/home/giacomo/thesis_ws/install/bumper_cars:/home/giacomo/ros2_ws/install/py_pubsub:/home/giacomo/ros2_ws/install/my_robot_controller:/home/giacomo/ros2_ws/install/py_srvcli:/opt/ros/humble /usr/bin/cmake --build /home/giacomo/urdf_example-main/build/urdf_example -- -j8 -l8
[0.907s] Invoking command in '/home/giacomo/urdf_example-main/build/urdf_example': CMAKE_PREFIX_PATH=${CMAKE_PREFIX_PATH}:/home/giacomo/thesis_ws/install/bumper_cars:/home/giacomo/ros2_ws/install/py_pubsub:/home/giacomo/ros2_ws/install/my_robot_controller:/home/giacomo/ros2_ws/install/py_srvcli:/opt/ros/humble /usr/bin/cmake --install /home/giacomo/urdf_example-main/build/urdf_example
[0.915s] -- Install configuration: ""
[0.916s] -- Installing: /home/giacomo/urdf_example-main/install/urdf_example/share/urdf_example/description
[0.916s] -- Installing: /home/giacomo/urdf_example-main/install/urdf_example/share/urdf_example/description/example_robot.urdf.xacro
[0.916s] -- Installing: /home/giacomo/urdf_example-main/install/urdf_example/share/urdf_example/description/example_include.xacro
[0.916s] -- Installing: /home/giacomo/urdf_example-main/install/urdf_example/share/urdf_example/description/example_gazebo.xacro
[0.916s] -- Installing: /home/giacomo/urdf_example-main/install/urdf_example/share/urdf_example/launch
[0.916s] -- Installing: /home/giacomo/urdf_example-main/install/urdf_example/share/urdf_example/launch/rsp_sim.launch.py
[0.916s] -- Installing: /home/giacomo/urdf_example-main/install/urdf_example/share/urdf_example/launch/rsp.launch.py
[0.917s] -- Installing: /home/giacomo/urdf_example-main/install/urdf_example/share/urdf_example/worlds
[0.917s] -- Installing: /home/giacomo/urdf_example-main/install/urdf_example/share/urdf_example/worlds/test_world.world
[0.917s] -- Installing: /home/giacomo/urdf_example-main/install/urdf_example/share/ament_index/resource_index/package_run_dependencies/urdf_example
[0.917s] -- Installing: /home/giacomo/urdf_example-main/install/urdf_example/share/ament_index/resource_index/parent_prefix_path/urdf_example
[0.917s] -- Installing: /home/giacomo/urdf_example-main/install/urdf_example/share/urdf_example/environment/ament_prefix_path.sh
[0.917s] -- Installing: /home/giacomo/urdf_example-main/install/urdf_example/share/urdf_example/environment/ament_prefix_path.dsv
[0.917s] -- Installing: /home/giacomo/urdf_example-main/install/urdf_example/share/urdf_example/environment/path.sh
[0.917s] -- Installing: /home/giacomo/urdf_example-main/install/urdf_example/share/urdf_example/environment/path.dsv
[0.917s] -- Installing: /home/giacomo/urdf_example-main/install/urdf_example/share/urdf_example/local_setup.bash
[0.918s] -- Installing: /home/giacomo/urdf_example-main/install/urdf_example/share/urdf_example/local_setup.sh
[0.918s] -- Installing: /home/giacomo/urdf_example-main/install/urdf_example/share/urdf_example/local_setup.zsh
[0.918s] -- Installing: /home/giacomo/urdf_example-main/install/urdf_example/share/urdf_example/local_setup.dsv
[0.918s] -- Installing: /home/giacomo/urdf_example-main/install/urdf_example/share/urdf_example/package.dsv
[0.918s] -- Installing: /home/giacomo/urdf_example-main/install/urdf_example/share/ament_index/resource_index/packages/urdf_example
[0.918s] -- Installing: /home/giacomo/urdf_example-main/install/urdf_example/share/urdf_example/cmake/urdf_exampleConfig.cmake
[0.918s] -- Installing: /home/giacomo/urdf_example-main/install/urdf_example/share/urdf_example/cmake/urdf_exampleConfig-version.cmake
[0.918s] -- Installing: /home/giacomo/urdf_example-main/install/urdf_example/share/urdf_example/package.xml
[0.920s] Invoked command in '/home/giacomo/urdf_example-main/build/urdf_example' returned '0': CMAKE_PREFIX_PATH=${CMAKE_PREFIX_PATH}:/home/giacomo/thesis_ws/install/bumper_cars:/home/giacomo/ros2_ws/install/py_pubsub:/home/giacomo/ros2_ws/install/my_robot_controller:/home/giacomo/ros2_ws/install/py_srvcli:/opt/ros/humble /usr/bin/cmake --install /home/giacomo/urdf_example-main/build/urdf_example
