[1.256s] Invoking command in '/home/giacomo/thesis_ws/build/planner': PYTHONPATH=/home/giacomo/thesis_ws/build/planner/prefix_override:/home/giacomo/thesis_ws/install/planner/lib/python3.10/site-packages:${PYTHONPATH} /usr/bin/python3 setup.py develop --editable --build-directory /home/giacomo/thesis_ws/build/planner/build --no-deps install_data
[1.618s] running develop
[1.619s] /home/giacomo/.local/lib/python3.10/site-packages/setuptools/command/develop.py:40: EasyInstallDeprecationWarning: easy_install command is deprecated.
[1.619s] !!
[1.619s] 
[1.619s]         ********************************************************************************
[1.619s]         Please avoid running ``setup.py`` and ``easy_install``.
[1.620s]         Instead, use pypa/build, pypa/installer or other
[1.620s]         standards-based tools.
[1.620s] 
[1.620s]         See https://github.com/pypa/setuptools/issues/917 for details.
[1.620s]         ********************************************************************************
[1.620s] 
[1.620s] !!
[1.621s]   easy_install.initialize_options(self)
[1.657s] /home/giacomo/.local/lib/python3.10/site-packages/setuptools/_distutils/cmd.py:66: SetuptoolsDeprecationWarning: setup.py install is deprecated.
[1.657s] !!
[1.657s] 
[1.658s]         ********************************************************************************
[1.658s]         Please avoid running ``setup.py`` directly.
[1.658s]         Instead, use pypa/build, pypa/installer or other
[1.658s]         standards-based tools.
[1.658s] 
[1.658s]         See https://blog.ganssle.io/articles/2021/10/setup-py-deprecated.html for details.
[1.658s]         ********************************************************************************
[1.658s] 
[1.658s] !!
[1.659s]   self.initialize_options()
[1.869s] running egg_info
[1.885s] writing planner.egg-info/PKG-INFO
[1.886s] writing dependency_links to planner.egg-info/dependency_links.txt
[1.886s] writing requirements to planner.egg-info/requires.txt
[1.887s] writing top-level names to planner.egg-info/top_level.txt
[1.921s] reading manifest file 'planner.egg-info/SOURCES.txt'
[1.922s] writing manifest file 'planner.egg-info/SOURCES.txt'
[1.942s] running build_ext
[1.942s] Creating /home/giacomo/thesis_ws/install/planner/lib/python3.10/site-packages/planner.egg-link (link to .)
[1.942s] 
[1.943s] Installed /home/giacomo/thesis_ws/build/planner
[1.943s] running install_data
[1.975s] Invoked command in '/home/giacomo/thesis_ws/build/planner' returned '0': PYTHONPATH=/home/giacomo/thesis_ws/build/planner/prefix_override:/home/giacomo/thesis_ws/install/planner/lib/python3.10/site-packages:${PYTHONPATH} /usr/bin/python3 setup.py develop --editable --build-directory /home/giacomo/thesis_ws/build/planner/build --no-deps install_data
