[0.995s] DEBUG:colcon:Command line arguments: ['/usr/bin/colcon', 'build', '--symlink-install']
[0.995s] DEBUG:colcon:Parsed command line arguments: Namespace(log_base=None, log_level=None, verb_name='build', build_base='build', install_base='install', merge_install=False, symlink_install=True, test_result_base=None, continue_on_error=False, executor='parallel', parallel_workers=8, event_handlers=None, ignore_user_meta=False, metas=['./colcon.meta'], base_paths=['.'], packages_ignore=None, packages_ignore_regex=None, paths=None, packages_up_to=None, packages_up_to_regex=None, packages_above=None, packages_above_and_dependencies=None, packages_above_depth=None, packages_select_by_dep=None, packages_skip_by_dep=None, packages_skip_up_to=None, packages_select_build_failed=False, packages_skip_build_finished=False, packages_select_test_failures=False, packages_skip_test_passed=False, packages_select=None, packages_skip=None, packages_select_regex=None, packages_skip_regex=None, packages_start=None, packages_end=None, allow_overriding=[], cmake_args=None, cmake_target=None, cmake_target_skip_unavailable=False, cmake_clean_cache=False, cmake_clean_first=False, cmake_force_configure=False, ament_cmake_args=None, catkin_cmake_args=None, catkin_skip_building_tests=False, verb_parser=<colcon_defaults.argument_parser.defaults.DefaultArgumentsDecorator object at 0x7f0ea5ae74f0>, verb_extension=<colcon_core.verb.build.BuildVerb object at 0x7f0ea5ae6fe0>, main=<bound method BuildVerb.main of <colcon_core.verb.build.BuildVerb object at 0x7f0ea5ae6fe0>>)
[1.051s] Level 1:colcon.colcon_core.package_discovery:discover_packages(colcon_meta) check parameters
[1.051s] Level 1:colcon.colcon_core.package_discovery:discover_packages(recursive) check parameters
[1.051s] Level 1:colcon.colcon_core.package_discovery:discover_packages(ignore) check parameters
[1.051s] Level 1:colcon.colcon_core.package_discovery:discover_packages(path) check parameters
[1.051s] Level 1:colcon.colcon_core.package_discovery:discover_packages(colcon_meta) discover
[1.051s] Level 1:colcon.colcon_core.package_discovery:discover_packages(recursive) discover
[1.051s] INFO:colcon.colcon_core.package_discovery:Crawling recursively for packages in '/home/giacomo/thesis_ws'
[1.051s] Level 1:colcon.colcon_core.package_identification:_identify(.) by extensions ['ignore', 'ignore_ament_install']
[1.052s] Level 1:colcon.colcon_core.package_identification:_identify(.) by extension 'ignore'
[1.052s] Level 1:colcon.colcon_core.package_identification:_identify(.) by extension 'ignore_ament_install'
[1.052s] Level 1:colcon.colcon_core.package_identification:_identify(.) by extensions ['colcon_pkg']
[1.052s] Level 1:colcon.colcon_core.package_identification:_identify(.) by extension 'colcon_pkg'
[1.052s] Level 1:colcon.colcon_core.package_identification:_identify(.) by extensions ['colcon_meta']
[1.052s] Level 1:colcon.colcon_core.package_identification:_identify(.) by extension 'colcon_meta'
[1.052s] Level 1:colcon.colcon_core.package_identification:_identify(.) by extensions ['ros']
[1.052s] Level 1:colcon.colcon_core.package_identification:_identify(.) by extension 'ros'
[1.065s] Level 1:colcon.colcon_core.package_identification:_identify(.) by extensions ['cmake', 'python']
[1.066s] Level 1:colcon.colcon_core.package_identification:_identify(.) by extension 'cmake'
[1.066s] Level 1:colcon.colcon_core.package_identification:_identify(.) by extension 'python'
[1.066s] Level 1:colcon.colcon_core.package_identification:_identify(.) by extensions ['python_setup_py']
[1.066s] Level 1:colcon.colcon_core.package_identification:_identify(.) by extension 'python_setup_py'
[1.066s] Level 1:colcon.colcon_core.package_identification:_identify(build) by extensions ['ignore', 'ignore_ament_install']
[1.066s] Level 1:colcon.colcon_core.package_identification:_identify(build) by extension 'ignore'
[1.066s] Level 1:colcon.colcon_core.package_identification:_identify(build) ignored
[1.066s] Level 1:colcon.colcon_core.package_identification:_identify(install) by extensions ['ignore', 'ignore_ament_install']
[1.066s] Level 1:colcon.colcon_core.package_identification:_identify(install) by extension 'ignore'
[1.066s] Level 1:colcon.colcon_core.package_identification:_identify(install) ignored
[1.067s] Level 1:colcon.colcon_core.package_identification:_identify(log) by extensions ['ignore', 'ignore_ament_install']
[1.067s] Level 1:colcon.colcon_core.package_identification:_identify(log) by extension 'ignore'
[1.067s] Level 1:colcon.colcon_core.package_identification:_identify(log) ignored
[1.067s] Level 1:colcon.colcon_core.package_identification:_identify(src) by extensions ['ignore', 'ignore_ament_install']
[1.067s] Level 1:colcon.colcon_core.package_identification:_identify(src) by extension 'ignore'
[1.067s] Level 1:colcon.colcon_core.package_identification:_identify(src) by extension 'ignore_ament_install'
[1.067s] Level 1:colcon.colcon_core.package_identification:_identify(src) by extensions ['colcon_pkg']
[1.067s] Level 1:colcon.colcon_core.package_identification:_identify(src) by extension 'colcon_pkg'
[1.067s] Level 1:colcon.colcon_core.package_identification:_identify(src) by extensions ['colcon_meta']
[1.067s] Level 1:colcon.colcon_core.package_identification:_identify(src) by extension 'colcon_meta'
[1.067s] Level 1:colcon.colcon_core.package_identification:_identify(src) by extensions ['ros']
[1.067s] Level 1:colcon.colcon_core.package_identification:_identify(src) by extension 'ros'
[1.068s] Level 1:colcon.colcon_core.package_identification:_identify(src) by extensions ['cmake', 'python']
[1.068s] Level 1:colcon.colcon_core.package_identification:_identify(src) by extension 'cmake'
[1.068s] Level 1:colcon.colcon_core.package_identification:_identify(src) by extension 'python'
[1.068s] Level 1:colcon.colcon_core.package_identification:_identify(src) by extensions ['python_setup_py']
[1.068s] Level 1:colcon.colcon_core.package_identification:_identify(src) by extension 'python_setup_py'
[1.068s] Level 1:colcon.colcon_core.package_identification:_identify(src/build) by extensions ['ignore', 'ignore_ament_install']
[1.068s] Level 1:colcon.colcon_core.package_identification:_identify(src/build) by extension 'ignore'
[1.068s] Level 1:colcon.colcon_core.package_identification:_identify(src/build) ignored
[1.068s] Level 1:colcon.colcon_core.package_identification:_identify(src/bumper_cars) by extensions ['ignore', 'ignore_ament_install']
[1.068s] Level 1:colcon.colcon_core.package_identification:_identify(src/bumper_cars) by extension 'ignore'
[1.068s] Level 1:colcon.colcon_core.package_identification:_identify(src/bumper_cars) by extension 'ignore_ament_install'
[1.068s] Level 1:colcon.colcon_core.package_identification:_identify(src/bumper_cars) by extensions ['colcon_pkg']
[1.068s] Level 1:colcon.colcon_core.package_identification:_identify(src/bumper_cars) by extension 'colcon_pkg'
[1.069s] Level 1:colcon.colcon_core.package_identification:_identify(src/bumper_cars) by extensions ['colcon_meta']
[1.069s] Level 1:colcon.colcon_core.package_identification:_identify(src/bumper_cars) by extension 'colcon_meta'
[1.069s] Level 1:colcon.colcon_core.package_identification:_identify(src/bumper_cars) by extensions ['ros']
[1.069s] Level 1:colcon.colcon_core.package_identification:_identify(src/bumper_cars) by extension 'ros'
[1.072s] DEBUG:colcon.colcon_core.package_identification:Package 'src/bumper_cars' with type 'ros.ament_python' and name 'bumper_cars'
[1.072s] Level 1:colcon.colcon_core.package_identification:_identify(src/custom_message) by extensions ['ignore', 'ignore_ament_install']
[1.073s] Level 1:colcon.colcon_core.package_identification:_identify(src/custom_message) by extension 'ignore'
[1.073s] Level 1:colcon.colcon_core.package_identification:_identify(src/custom_message) by extension 'ignore_ament_install'
[1.073s] Level 1:colcon.colcon_core.package_identification:_identify(src/custom_message) by extensions ['colcon_pkg']
[1.073s] Level 1:colcon.colcon_core.package_identification:_identify(src/custom_message) by extension 'colcon_pkg'
[1.073s] Level 1:colcon.colcon_core.package_identification:_identify(src/custom_message) by extensions ['colcon_meta']
[1.073s] Level 1:colcon.colcon_core.package_identification:_identify(src/custom_message) by extension 'colcon_meta'
[1.073s] Level 1:colcon.colcon_core.package_identification:_identify(src/custom_message) by extensions ['ros']
[1.073s] Level 1:colcon.colcon_core.package_identification:_identify(src/custom_message) by extension 'ros'
[1.073s] DEBUG:colcon.colcon_core.package_identification:Package 'src/custom_message' with type 'ros.ament_cmake' and name 'custom_message'
[1.074s] Level 1:colcon.colcon_core.package_identification:_identify(src/install) by extensions ['ignore', 'ignore_ament_install']
[1.074s] Level 1:colcon.colcon_core.package_identification:_identify(src/install) by extension 'ignore'
[1.074s] Level 1:colcon.colcon_core.package_identification:_identify(src/install) ignored
[1.074s] Level 1:colcon.colcon_core.package_identification:_identify(src/log) by extensions ['ignore', 'ignore_ament_install']
[1.074s] Level 1:colcon.colcon_core.package_identification:_identify(src/log) by extension 'ignore'
[1.074s] Level 1:colcon.colcon_core.package_identification:_identify(src/log) ignored
[1.074s] Level 1:colcon.colcon_core.package_identification:_identify(src/planner) by extensions ['ignore', 'ignore_ament_install']
[1.074s] Level 1:colcon.colcon_core.package_identification:_identify(src/planner) by extension 'ignore'
[1.074s] Level 1:colcon.colcon_core.package_identification:_identify(src/planner) by extension 'ignore_ament_install'
[1.074s] Level 1:colcon.colcon_core.package_identification:_identify(src/planner) by extensions ['colcon_pkg']
[1.074s] Level 1:colcon.colcon_core.package_identification:_identify(src/planner) by extension 'colcon_pkg'
[1.075s] Level 1:colcon.colcon_core.package_identification:_identify(src/planner) by extensions ['colcon_meta']
[1.075s] Level 1:colcon.colcon_core.package_identification:_identify(src/planner) by extension 'colcon_meta'
[1.075s] Level 1:colcon.colcon_core.package_identification:_identify(src/planner) by extensions ['ros']
[1.075s] Level 1:colcon.colcon_core.package_identification:_identify(src/planner) by extension 'ros'
[1.075s] DEBUG:colcon.colcon_core.package_identification:Package 'src/planner' with type 'ros.ament_python' and name 'planner'
[1.075s] Level 1:colcon.colcon_core.package_identification:_identify(src/sym_bringup) by extensions ['ignore', 'ignore_ament_install']
[1.075s] Level 1:colcon.colcon_core.package_identification:_identify(src/sym_bringup) by extension 'ignore'
[1.075s] Level 1:colcon.colcon_core.package_identification:_identify(src/sym_bringup) by extension 'ignore_ament_install'
[1.075s] Level 1:colcon.colcon_core.package_identification:_identify(src/sym_bringup) by extensions ['colcon_pkg']
[1.075s] Level 1:colcon.colcon_core.package_identification:_identify(src/sym_bringup) by extension 'colcon_pkg'
[1.076s] Level 1:colcon.colcon_core.package_identification:_identify(src/sym_bringup) by extensions ['colcon_meta']
[1.076s] Level 1:colcon.colcon_core.package_identification:_identify(src/sym_bringup) by extension 'colcon_meta'
[1.076s] Level 1:colcon.colcon_core.package_identification:_identify(src/sym_bringup) by extensions ['ros']
[1.076s] Level 1:colcon.colcon_core.package_identification:_identify(src/sym_bringup) by extension 'ros'
[1.076s] DEBUG:colcon.colcon_core.package_identification:Package 'src/sym_bringup' with type 'ros.ament_cmake' and name 'sym_bringup'
[1.076s] Level 1:colcon.colcon_core.package_identification:_identify(src/urdf_example-main) by extensions ['ignore', 'ignore_ament_install']
[1.076s] Level 1:colcon.colcon_core.package_identification:_identify(src/urdf_example-main) by extension 'ignore'
[1.076s] Level 1:colcon.colcon_core.package_identification:_identify(src/urdf_example-main) by extension 'ignore_ament_install'
[1.076s] Level 1:colcon.colcon_core.package_identification:_identify(src/urdf_example-main) by extensions ['colcon_pkg']
[1.077s] Level 1:colcon.colcon_core.package_identification:_identify(src/urdf_example-main) by extension 'colcon_pkg'
[1.077s] Level 1:colcon.colcon_core.package_identification:_identify(src/urdf_example-main) by extensions ['colcon_meta']
[1.077s] Level 1:colcon.colcon_core.package_identification:_identify(src/urdf_example-main) by extension 'colcon_meta'
[1.077s] Level 1:colcon.colcon_core.package_identification:_identify(src/urdf_example-main) by extensions ['ros']
[1.077s] Level 1:colcon.colcon_core.package_identification:_identify(src/urdf_example-main) by extension 'ros'
[1.077s] Level 1:colcon.colcon_core.package_identification:_identify(src/urdf_example-main) by extensions ['cmake', 'python']
[1.077s] Level 1:colcon.colcon_core.package_identification:_identify(src/urdf_example-main) by extension 'cmake'
[1.077s] Level 1:colcon.colcon_core.package_identification:_identify(src/urdf_example-main) by extension 'python'
[1.077s] Level 1:colcon.colcon_core.package_identification:_identify(src/urdf_example-main) by extensions ['python_setup_py']
[1.077s] Level 1:colcon.colcon_core.package_identification:_identify(src/urdf_example-main) by extension 'python_setup_py'
[1.077s] Level 1:colcon.colcon_core.package_identification:_identify(src/urdf_example-main/build) by extensions ['ignore', 'ignore_ament_install']
[1.077s] Level 1:colcon.colcon_core.package_identification:_identify(src/urdf_example-main/build) by extension 'ignore'
[1.077s] Level 1:colcon.colcon_core.package_identification:_identify(src/urdf_example-main/build) ignored
[1.078s] Level 1:colcon.colcon_core.package_identification:_identify(src/urdf_example-main/install) by extensions ['ignore', 'ignore_ament_install']
[1.078s] Level 1:colcon.colcon_core.package_identification:_identify(src/urdf_example-main/install) by extension 'ignore'
[1.078s] Level 1:colcon.colcon_core.package_identification:_identify(src/urdf_example-main/install) ignored
[1.078s] Level 1:colcon.colcon_core.package_identification:_identify(src/urdf_example-main/log) by extensions ['ignore', 'ignore_ament_install']
[1.078s] Level 1:colcon.colcon_core.package_identification:_identify(src/urdf_example-main/log) by extension 'ignore'
[1.078s] Level 1:colcon.colcon_core.package_identification:_identify(src/urdf_example-main/log) ignored
[1.078s] Level 1:colcon.colcon_core.package_identification:_identify(src/urdf_example-main/urdf_example-main) by extensions ['ignore', 'ignore_ament_install']
[1.078s] Level 1:colcon.colcon_core.package_identification:_identify(src/urdf_example-main/urdf_example-main) by extension 'ignore'
[1.078s] Level 1:colcon.colcon_core.package_identification:_identify(src/urdf_example-main/urdf_example-main) by extension 'ignore_ament_install'
[1.078s] Level 1:colcon.colcon_core.package_identification:_identify(src/urdf_example-main/urdf_example-main) by extensions ['colcon_pkg']
[1.078s] Level 1:colcon.colcon_core.package_identification:_identify(src/urdf_example-main/urdf_example-main) by extension 'colcon_pkg'
[1.078s] Level 1:colcon.colcon_core.package_identification:_identify(src/urdf_example-main/urdf_example-main) by extensions ['colcon_meta']
[1.078s] Level 1:colcon.colcon_core.package_identification:_identify(src/urdf_example-main/urdf_example-main) by extension 'colcon_meta'
[1.078s] Level 1:colcon.colcon_core.package_identification:_identify(src/urdf_example-main/urdf_example-main) by extensions ['ros']
[1.079s] Level 1:colcon.colcon_core.package_identification:_identify(src/urdf_example-main/urdf_example-main) by extension 'ros'
[1.079s] DEBUG:colcon.colcon_core.package_identification:Package 'src/urdf_example-main/urdf_example-main' with type 'ros.ament_cmake' and name 'urdf_example'
[1.079s] Level 1:colcon.colcon_core.package_discovery:discover_packages(recursive) using defaults
[1.079s] Level 1:colcon.colcon_core.package_discovery:discover_packages(ignore) discover
[1.079s] Level 1:colcon.colcon_core.package_discovery:discover_packages(ignore) using defaults
[1.079s] Level 1:colcon.colcon_core.package_discovery:discover_packages(path) discover
[1.079s] Level 1:colcon.colcon_core.package_discovery:discover_packages(path) using defaults
[1.171s] Level 1:colcon.colcon_core.package_discovery:discover_packages(prefix_path) check parameters
[1.171s] Level 1:colcon.colcon_core.package_discovery:discover_packages(prefix_path) discover
[1.204s] DEBUG:colcon.colcon_installed_package_information.package_discovery:Found 7 installed packages in /home/giacomo/thesis_ws/install
[1.219s] DEBUG:colcon.colcon_installed_package_information.package_discovery:Found 5 installed packages in /home/giacomo/ros2_ws/install
[1.235s] DEBUG:colcon.colcon_installed_package_information.package_discovery:Found 280 installed packages in /opt/ros/humble
[1.236s] Level 1:colcon.colcon_core.package_discovery:discover_packages(prefix_path) using defaults
[1.316s] Level 5:colcon.colcon_core.verb:set package 'custom_message' build argument 'cmake_args' from command line to 'None'
[1.316s] Level 5:colcon.colcon_core.verb:set package 'custom_message' build argument 'cmake_target' from command line to 'None'
[1.316s] Level 5:colcon.colcon_core.verb:set package 'custom_message' build argument 'cmake_target_skip_unavailable' from command line to 'False'
[1.316s] Level 5:colcon.colcon_core.verb:set package 'custom_message' build argument 'cmake_clean_cache' from command line to 'False'
[1.316s] Level 5:colcon.colcon_core.verb:set package 'custom_message' build argument 'cmake_clean_first' from command line to 'False'
[1.316s] Level 5:colcon.colcon_core.verb:set package 'custom_message' build argument 'cmake_force_configure' from command line to 'False'
[1.316s] Level 5:colcon.colcon_core.verb:set package 'custom_message' build argument 'ament_cmake_args' from command line to 'None'
[1.316s] Level 5:colcon.colcon_core.verb:set package 'custom_message' build argument 'catkin_cmake_args' from command line to 'None'
[1.316s] Level 5:colcon.colcon_core.verb:set package 'custom_message' build argument 'catkin_skip_building_tests' from command line to 'False'
[1.316s] DEBUG:colcon.colcon_core.verb:Building package 'custom_message' with the following arguments: {'ament_cmake_args': None, 'build_base': '/home/giacomo/thesis_ws/build/custom_message', 'catkin_cmake_args': None, 'catkin_skip_building_tests': False, 'cmake_args': None, 'cmake_clean_cache': False, 'cmake_clean_first': False, 'cmake_force_configure': False, 'cmake_target': None, 'cmake_target_skip_unavailable': False, 'install_base': '/home/giacomo/thesis_ws/install/custom_message', 'merge_install': False, 'path': '/home/giacomo/thesis_ws/src/custom_message', 'symlink_install': True, 'test_result_base': None}
[1.331s] Level 5:colcon.colcon_core.verb:set package 'planner' build argument 'cmake_args' from command line to 'None'
[1.331s] Level 5:colcon.colcon_core.verb:set package 'planner' build argument 'cmake_target' from command line to 'None'
[1.331s] Level 5:colcon.colcon_core.verb:set package 'planner' build argument 'cmake_target_skip_unavailable' from command line to 'False'
[1.331s] Level 5:colcon.colcon_core.verb:set package 'planner' build argument 'cmake_clean_cache' from command line to 'False'
[1.331s] Level 5:colcon.colcon_core.verb:set package 'planner' build argument 'cmake_clean_first' from command line to 'False'
[1.331s] Level 5:colcon.colcon_core.verb:set package 'planner' build argument 'cmake_force_configure' from command line to 'False'
[1.331s] Level 5:colcon.colcon_core.verb:set package 'planner' build argument 'ament_cmake_args' from command line to 'None'
[1.331s] Level 5:colcon.colcon_core.verb:set package 'planner' build argument 'catkin_cmake_args' from command line to 'None'
[1.331s] Level 5:colcon.colcon_core.verb:set package 'planner' build argument 'catkin_skip_building_tests' from command line to 'False'
[1.331s] DEBUG:colcon.colcon_core.verb:Building package 'planner' with the following arguments: {'ament_cmake_args': None, 'build_base': '/home/giacomo/thesis_ws/build/planner', 'catkin_cmake_args': None, 'catkin_skip_building_tests': False, 'cmake_args': None, 'cmake_clean_cache': False, 'cmake_clean_first': False, 'cmake_force_configure': False, 'cmake_target': None, 'cmake_target_skip_unavailable': False, 'install_base': '/home/giacomo/thesis_ws/install/planner', 'merge_install': False, 'path': '/home/giacomo/thesis_ws/src/planner', 'symlink_install': True, 'test_result_base': None}
[1.346s] Level 5:colcon.colcon_core.verb:set package 'urdf_example' build argument 'cmake_args' from command line to 'None'
[1.346s] Level 5:colcon.colcon_core.verb:set package 'urdf_example' build argument 'cmake_target' from command line to 'None'
[1.346s] Level 5:colcon.colcon_core.verb:set package 'urdf_example' build argument 'cmake_target_skip_unavailable' from command line to 'False'
[1.346s] Level 5:colcon.colcon_core.verb:set package 'urdf_example' build argument 'cmake_clean_cache' from command line to 'False'
[1.346s] Level 5:colcon.colcon_core.verb:set package 'urdf_example' build argument 'cmake_clean_first' from command line to 'False'
[1.346s] Level 5:colcon.colcon_core.verb:set package 'urdf_example' build argument 'cmake_force_configure' from command line to 'False'
[1.346s] Level 5:colcon.colcon_core.verb:set package 'urdf_example' build argument 'ament_cmake_args' from command line to 'None'
[1.346s] Level 5:colcon.colcon_core.verb:set package 'urdf_example' build argument 'catkin_cmake_args' from command line to 'None'
[1.346s] Level 5:colcon.colcon_core.verb:set package 'urdf_example' build argument 'catkin_skip_building_tests' from command line to 'False'
[1.346s] DEBUG:colcon.colcon_core.verb:Building package 'urdf_example' with the following arguments: {'ament_cmake_args': None, 'build_base': '/home/giacomo/thesis_ws/build/urdf_example', 'catkin_cmake_args': None, 'catkin_skip_building_tests': False, 'cmake_args': None, 'cmake_clean_cache': False, 'cmake_clean_first': False, 'cmake_force_configure': False, 'cmake_target': None, 'cmake_target_skip_unavailable': False, 'install_base': '/home/giacomo/thesis_ws/install/urdf_example', 'merge_install': False, 'path': '/home/giacomo/thesis_ws/src/urdf_example-main/urdf_example-main', 'symlink_install': True, 'test_result_base': None}
[1.370s] Level 5:colcon.colcon_core.verb:set package 'bumper_cars' build argument 'cmake_args' from command line to 'None'
[1.370s] Level 5:colcon.colcon_core.verb:set package 'bumper_cars' build argument 'cmake_target' from command line to 'None'
[1.370s] Level 5:colcon.colcon_core.verb:set package 'bumper_cars' build argument 'cmake_target_skip_unavailable' from command line to 'False'
[1.370s] Level 5:colcon.colcon_core.verb:set package 'bumper_cars' build argument 'cmake_clean_cache' from command line to 'False'
[1.370s] Level 5:colcon.colcon_core.verb:set package 'bumper_cars' build argument 'cmake_clean_first' from command line to 'False'
[1.370s] Level 5:colcon.colcon_core.verb:set package 'bumper_cars' build argument 'cmake_force_configure' from command line to 'False'
[1.370s] Level 5:colcon.colcon_core.verb:set package 'bumper_cars' build argument 'ament_cmake_args' from command line to 'None'
[1.370s] Level 5:colcon.colcon_core.verb:set package 'bumper_cars' build argument 'catkin_cmake_args' from command line to 'None'
[1.370s] Level 5:colcon.colcon_core.verb:set package 'bumper_cars' build argument 'catkin_skip_building_tests' from command line to 'False'
[1.370s] DEBUG:colcon.colcon_core.verb:Building package 'bumper_cars' with the following arguments: {'ament_cmake_args': None, 'build_base': '/home/giacomo/thesis_ws/build/bumper_cars', 'catkin_cmake_args': None, 'catkin_skip_building_tests': False, 'cmake_args': None, 'cmake_clean_cache': False, 'cmake_clean_first': False, 'cmake_force_configure': False, 'cmake_target': None, 'cmake_target_skip_unavailable': False, 'install_base': '/home/giacomo/thesis_ws/install/bumper_cars', 'merge_install': False, 'path': '/home/giacomo/thesis_ws/src/bumper_cars', 'symlink_install': True, 'test_result_base': None}
[1.385s] Level 5:colcon.colcon_core.verb:set package 'sym_bringup' build argument 'cmake_args' from command line to 'None'
[1.385s] Level 5:colcon.colcon_core.verb:set package 'sym_bringup' build argument 'cmake_target' from command line to 'None'
[1.385s] Level 5:colcon.colcon_core.verb:set package 'sym_bringup' build argument 'cmake_target_skip_unavailable' from command line to 'False'
[1.385s] Level 5:colcon.colcon_core.verb:set package 'sym_bringup' build argument 'cmake_clean_cache' from command line to 'False'
[1.385s] Level 5:colcon.colcon_core.verb:set package 'sym_bringup' build argument 'cmake_clean_first' from command line to 'False'
[1.385s] Level 5:colcon.colcon_core.verb:set package 'sym_bringup' build argument 'cmake_force_configure' from command line to 'False'
[1.385s] Level 5:colcon.colcon_core.verb:set package 'sym_bringup' build argument 'ament_cmake_args' from command line to 'None'
[1.385s] Level 5:colcon.colcon_core.verb:set package 'sym_bringup' build argument 'catkin_cmake_args' from command line to 'None'
[1.385s] Level 5:colcon.colcon_core.verb:set package 'sym_bringup' build argument 'catkin_skip_building_tests' from command line to 'False'
[1.385s] DEBUG:colcon.colcon_core.verb:Building package 'sym_bringup' with the following arguments: {'ament_cmake_args': None, 'build_base': '/home/giacomo/thesis_ws/build/sym_bringup', 'catkin_cmake_args': None, 'catkin_skip_building_tests': False, 'cmake_args': None, 'cmake_clean_cache': False, 'cmake_clean_first': False, 'cmake_force_configure': False, 'cmake_target': None, 'cmake_target_skip_unavailable': False, 'install_base': '/home/giacomo/thesis_ws/install/sym_bringup', 'merge_install': False, 'path': '/home/giacomo/thesis_ws/src/sym_bringup', 'symlink_install': True, 'test_result_base': None}
[1.400s] INFO:colcon.colcon_core.executor:Executing jobs using 'parallel' executor
[1.415s] DEBUG:colcon.colcon_parallel_executor.executor.parallel:run_until_complete
[1.416s] INFO:colcon.colcon_ros.task.ament_cmake.build:Building ROS package in '/home/giacomo/thesis_ws/src/custom_message' with build type 'ament_cmake'
[1.416s] INFO:colcon.colcon_cmake.task.cmake.build:Building CMake package in '/home/giacomo/thesis_ws/src/custom_message'
[1.440s] INFO:colcon.colcon_core.plugin_system:Skipping extension 'colcon_core.shell.bat': Not used on non-Windows systems
[1.440s] INFO:colcon.colcon_core.shell:Skip shell extension 'powershell' for command environment: Not usable outside of PowerShell
[1.440s] DEBUG:colcon.colcon_core.shell:Skip shell extension 'dsv' for command environment
[1.506s] INFO:colcon.colcon_ros.task.ament_python.build:Building ROS package in '/home/giacomo/thesis_ws/src/planner' with build type 'ament_python'
[1.506s] Level 1:colcon.colcon_core.shell:create_environment_hook('planner', 'ament_prefix_path')
[1.524s] INFO:colcon.colcon_core.shell:Creating environment hook '/home/giacomo/thesis_ws/install/planner/share/planner/hook/ament_prefix_path.ps1'
[1.524s] INFO:colcon.colcon_core.shell:Creating environment descriptor '/home/giacomo/thesis_ws/install/planner/share/planner/hook/ament_prefix_path.dsv'
[1.525s] INFO:colcon.colcon_core.shell:Creating environment hook '/home/giacomo/thesis_ws/install/planner/share/planner/hook/ament_prefix_path.sh'
[1.542s] INFO:colcon.colcon_core.shell:Skip shell extension 'powershell' for command environment: Not usable outside of PowerShell
[1.542s] DEBUG:colcon.colcon_core.shell:Skip shell extension 'dsv' for command environment
[1.607s] INFO:colcon.colcon_ros.task.ament_cmake.build:Building ROS package in '/home/giacomo/thesis_ws/src/urdf_example-main/urdf_example-main' with build type 'ament_cmake'
[1.607s] INFO:colcon.colcon_cmake.task.cmake.build:Building CMake package in '/home/giacomo/thesis_ws/src/urdf_example-main/urdf_example-main'
[1.631s] INFO:colcon.colcon_core.shell:Skip shell extension 'powershell' for command environment: Not usable outside of PowerShell
[1.631s] DEBUG:colcon.colcon_core.shell:Skip shell extension 'dsv' for command environment
[1.702s] DEBUG:colcon.colcon_core.event_handler.log_command:Invoking command in '/home/giacomo/thesis_ws/build/custom_message': CMAKE_PREFIX_PATH=${CMAKE_PREFIX_PATH}:/home/giacomo/thesis_ws/install/planner:/home/giacomo/thesis_ws/install/bumper_cars:/home/giacomo/ros2_ws/install/py_pubsub:/home/giacomo/ros2_ws/install/my_robot_controller:/home/giacomo/ros2_ws/install/py_srvcli:/opt/ros/humble /usr/bin/cmake --build /home/giacomo/thesis_ws/build/custom_message -- -j8 -l8
[1.926s] INFO:colcon.colcon_core.task.python.build:Building Python package in '/home/giacomo/thesis_ws/src/planner'
[1.943s] INFO:colcon.colcon_core.shell:Skip shell extension 'powershell' for command environment: Not usable outside of PowerShell
[1.943s] DEBUG:colcon.colcon_core.shell:Skip shell extension 'dsv' for command environment
[2.026s] DEBUG:colcon.colcon_core.event_handler.log_command:Invoking command in '/home/giacomo/thesis_ws/build/urdf_example': CMAKE_PREFIX_PATH=${CMAKE_PREFIX_PATH}:/home/giacomo/thesis_ws/install/planner:/home/giacomo/thesis_ws/install/bumper_cars:/home/giacomo/ros2_ws/install/py_pubsub:/home/giacomo/ros2_ws/install/my_robot_controller:/home/giacomo/ros2_ws/install/py_srvcli:/opt/ros/humble /usr/bin/cmake --build /home/giacomo/thesis_ws/build/urdf_example -- -j8 -l8
[2.073s] DEBUG:colcon.colcon_core.event_handler.log_command:Invoked command in '/home/giacomo/thesis_ws/build/urdf_example' returned '0': CMAKE_PREFIX_PATH=${CMAKE_PREFIX_PATH}:/home/giacomo/thesis_ws/install/planner:/home/giacomo/thesis_ws/install/bumper_cars:/home/giacomo/ros2_ws/install/py_pubsub:/home/giacomo/ros2_ws/install/my_robot_controller:/home/giacomo/ros2_ws/install/py_srvcli:/opt/ros/humble /usr/bin/cmake --build /home/giacomo/thesis_ws/build/urdf_example -- -j8 -l8
[2.111s] DEBUG:colcon.colcon_core.event_handler.log_command:Invoking command in '/home/giacomo/thesis_ws/build/urdf_example': CMAKE_PREFIX_PATH=${CMAKE_PREFIX_PATH}:/home/giacomo/thesis_ws/install/planner:/home/giacomo/thesis_ws/install/bumper_cars:/home/giacomo/ros2_ws/install/py_pubsub:/home/giacomo/ros2_ws/install/my_robot_controller:/home/giacomo/ros2_ws/install/py_srvcli:/opt/ros/humble /usr/bin/cmake --install /home/giacomo/thesis_ws/build/urdf_example
[2.141s] Level 1:colcon.colcon_core.environment:create_environment_scripts_only(urdf_example)
[2.142s] DEBUG:colcon.colcon_core.event_handler.log_command:Invoked command in '/home/giacomo/thesis_ws/build/urdf_example' returned '0': CMAKE_PREFIX_PATH=${CMAKE_PREFIX_PATH}:/home/giacomo/thesis_ws/install/planner:/home/giacomo/thesis_ws/install/bumper_cars:/home/giacomo/ros2_ws/install/py_pubsub:/home/giacomo/ros2_ws/install/my_robot_controller:/home/giacomo/ros2_ws/install/py_srvcli:/opt/ros/humble /usr/bin/cmake --install /home/giacomo/thesis_ws/build/urdf_example
[2.167s] Level 1:colcon.colcon_core.environment:checking '/home/giacomo/thesis_ws/install/urdf_example' for CMake module files
[2.167s] Level 1:colcon.colcon_core.environment:checking '/home/giacomo/thesis_ws/install/urdf_example' for CMake config files
[2.168s] Level 1:colcon.colcon_core.shell:create_environment_hook('urdf_example', 'cmake_prefix_path')
[2.188s] INFO:colcon.colcon_core.shell:Creating environment hook '/home/giacomo/thesis_ws/install/urdf_example/share/urdf_example/hook/cmake_prefix_path.ps1'
[2.188s] INFO:colcon.colcon_core.shell:Creating environment descriptor '/home/giacomo/thesis_ws/install/urdf_example/share/urdf_example/hook/cmake_prefix_path.dsv'
[2.189s] INFO:colcon.colcon_core.shell:Creating environment hook '/home/giacomo/thesis_ws/install/urdf_example/share/urdf_example/hook/cmake_prefix_path.sh'
[2.190s] Level 1:colcon.colcon_core.environment:checking '/home/giacomo/thesis_ws/install/urdf_example/bin'
[2.190s] Level 1:colcon.colcon_core.environment:checking '/home/giacomo/thesis_ws/install/urdf_example/lib/pkgconfig/urdf_example.pc'
[2.190s] Level 1:colcon.colcon_core.environment:checking '/home/giacomo/thesis_ws/install/urdf_example/lib/python3.10/site-packages'
[2.190s] Level 1:colcon.colcon_core.environment:checking '/home/giacomo/thesis_ws/install/urdf_example/bin'
[2.210s] INFO:colcon.colcon_core.shell:Creating package script '/home/giacomo/thesis_ws/install/urdf_example/share/urdf_example/package.ps1'
[2.211s] INFO:colcon.colcon_core.shell:Creating package descriptor '/home/giacomo/thesis_ws/install/urdf_example/share/urdf_example/package.dsv'
[2.212s] INFO:colcon.colcon_core.shell:Creating package script '/home/giacomo/thesis_ws/install/urdf_example/share/urdf_example/package.sh'
[2.213s] INFO:colcon.colcon_core.shell:Creating package script '/home/giacomo/thesis_ws/install/urdf_example/share/urdf_example/package.bash'
[2.214s] INFO:colcon.colcon_core.shell:Creating package script '/home/giacomo/thesis_ws/install/urdf_example/share/urdf_example/package.zsh'
[2.215s] Level 1:colcon.colcon_core.environment:create_file_with_runtime_dependencies(/home/giacomo/thesis_ws/install/urdf_example/share/colcon-core/packages/urdf_example)
[2.261s] Level 1:colcon.colcon_core.environment:create_environment_scripts_only(urdf_example)
[2.282s] Level 1:colcon.colcon_core.environment:checking '/home/giacomo/thesis_ws/install/urdf_example' for CMake module files
[2.282s] Level 1:colcon.colcon_core.environment:checking '/home/giacomo/thesis_ws/install/urdf_example' for CMake config files
[2.283s] Level 1:colcon.colcon_core.shell:create_environment_hook('urdf_example', 'cmake_prefix_path')
[2.302s] INFO:colcon.colcon_core.shell:Creating environment hook '/home/giacomo/thesis_ws/install/urdf_example/share/urdf_example/hook/cmake_prefix_path.ps1'
[2.303s] INFO:colcon.colcon_core.shell:Creating environment descriptor '/home/giacomo/thesis_ws/install/urdf_example/share/urdf_example/hook/cmake_prefix_path.dsv'
[2.303s] INFO:colcon.colcon_core.shell:Creating environment hook '/home/giacomo/thesis_ws/install/urdf_example/share/urdf_example/hook/cmake_prefix_path.sh'
[2.304s] Level 1:colcon.colcon_core.environment:checking '/home/giacomo/thesis_ws/install/urdf_example/bin'
[2.304s] Level 1:colcon.colcon_core.environment:checking '/home/giacomo/thesis_ws/install/urdf_example/lib/pkgconfig/urdf_example.pc'
[2.304s] Level 1:colcon.colcon_core.environment:checking '/home/giacomo/thesis_ws/install/urdf_example/lib/python3.10/site-packages'
[2.304s] Level 1:colcon.colcon_core.environment:checking '/home/giacomo/thesis_ws/install/urdf_example/bin'
[2.325s] INFO:colcon.colcon_core.shell:Creating package script '/home/giacomo/thesis_ws/install/urdf_example/share/urdf_example/package.ps1'
[2.326s] INFO:colcon.colcon_core.shell:Creating package descriptor '/home/giacomo/thesis_ws/install/urdf_example/share/urdf_example/package.dsv'
[2.326s] INFO:colcon.colcon_core.shell:Creating package script '/home/giacomo/thesis_ws/install/urdf_example/share/urdf_example/package.sh'
[2.327s] INFO:colcon.colcon_core.shell:Creating package script '/home/giacomo/thesis_ws/install/urdf_example/share/urdf_example/package.bash'
[2.327s] INFO:colcon.colcon_core.shell:Creating package script '/home/giacomo/thesis_ws/install/urdf_example/share/urdf_example/package.zsh'
[2.327s] Level 1:colcon.colcon_core.environment:create_file_with_runtime_dependencies(/home/giacomo/thesis_ws/install/urdf_example/share/colcon-core/packages/urdf_example)
[2.708s] DEBUG:colcon.colcon_core.event_handler.log_command:Invoking command in '/home/giacomo/thesis_ws/build/planner': PYTHONPATH=/home/giacomo/thesis_ws/build/planner/prefix_override:/home/giacomo/thesis_ws/install/planner/lib/python3.10/site-packages:${PYTHONPATH} /usr/bin/python3 setup.py develop --editable --build-directory /home/giacomo/thesis_ws/build/planner/build --no-deps install_data
[3.574s] Level 1:colcon.colcon_core.shell:create_environment_hook('planner', 'pythonpath_develop')
[3.575s] DEBUG:colcon.colcon_core.event_handler.log_command:Invoked command in '/home/giacomo/thesis_ws/build/planner' returned '0': PYTHONPATH=/home/giacomo/thesis_ws/build/planner/prefix_override:/home/giacomo/thesis_ws/install/planner/lib/python3.10/site-packages:${PYTHONPATH} /usr/bin/python3 setup.py develop --editable --build-directory /home/giacomo/thesis_ws/build/planner/build --no-deps install_data
[3.596s] INFO:colcon.colcon_core.shell:Creating environment hook '/home/giacomo/thesis_ws/build/planner/share/planner/hook/pythonpath_develop.ps1'
[3.596s] INFO:colcon.colcon_core.shell:Creating environment descriptor '/home/giacomo/thesis_ws/build/planner/share/planner/hook/pythonpath_develop.dsv'
[3.597s] INFO:colcon.colcon_core.shell:Creating environment hook '/home/giacomo/thesis_ws/build/planner/share/planner/hook/pythonpath_develop.sh'
[3.618s] Level 1:colcon.colcon_core.environment:checking '/home/giacomo/thesis_ws/install/planner' for CMake module files
[3.618s] Level 1:colcon.colcon_core.environment:checking '/home/giacomo/thesis_ws/install/planner' for CMake config files
[3.619s] Level 1:colcon.colcon_core.environment:checking '/home/giacomo/thesis_ws/install/planner/lib'
[3.619s] Level 1:colcon.colcon_core.environment:checking '/home/giacomo/thesis_ws/install/planner/bin'
[3.619s] Level 1:colcon.colcon_core.environment:checking '/home/giacomo/thesis_ws/install/planner/lib/pkgconfig/planner.pc'
[3.619s] Level 1:colcon.colcon_core.environment:checking '/home/giacomo/thesis_ws/install/planner/lib/python3.10/site-packages'
[3.620s] Level 1:colcon.colcon_core.shell:create_environment_hook('planner', 'pythonpath')
[3.640s] INFO:colcon.colcon_core.shell:Creating environment hook '/home/giacomo/thesis_ws/install/planner/share/planner/hook/pythonpath.ps1'
[3.641s] INFO:colcon.colcon_core.shell:Creating environment descriptor '/home/giacomo/thesis_ws/install/planner/share/planner/hook/pythonpath.dsv'
[3.641s] INFO:colcon.colcon_core.shell:Creating environment hook '/home/giacomo/thesis_ws/install/planner/share/planner/hook/pythonpath.sh'
[3.641s] Level 1:colcon.colcon_core.environment:checking '/home/giacomo/thesis_ws/install/planner/bin'
[3.642s] Level 1:colcon.colcon_core.environment:create_environment_scripts_only(planner)
[3.663s] INFO:colcon.colcon_core.shell:Creating package script '/home/giacomo/thesis_ws/install/planner/share/planner/package.ps1'
[3.663s] INFO:colcon.colcon_core.shell:Creating package descriptor '/home/giacomo/thesis_ws/install/planner/share/planner/package.dsv'
[3.664s] INFO:colcon.colcon_core.shell:Creating package script '/home/giacomo/thesis_ws/install/planner/share/planner/package.sh'
[3.664s] INFO:colcon.colcon_core.shell:Creating package script '/home/giacomo/thesis_ws/install/planner/share/planner/package.bash'
[3.665s] INFO:colcon.colcon_core.shell:Creating package script '/home/giacomo/thesis_ws/install/planner/share/planner/package.zsh'
[3.665s] Level 1:colcon.colcon_core.environment:create_file_with_runtime_dependencies(/home/giacomo/thesis_ws/install/planner/share/colcon-core/packages/planner)
[8.932s] DEBUG:colcon.colcon_core.event_handler.log_command:Invoked command in '/home/giacomo/thesis_ws/build/custom_message' returned '0': CMAKE_PREFIX_PATH=${CMAKE_PREFIX_PATH}:/home/giacomo/thesis_ws/install/planner:/home/giacomo/thesis_ws/install/bumper_cars:/home/giacomo/ros2_ws/install/py_pubsub:/home/giacomo/ros2_ws/install/my_robot_controller:/home/giacomo/ros2_ws/install/py_srvcli:/opt/ros/humble /usr/bin/cmake --build /home/giacomo/thesis_ws/build/custom_message -- -j8 -l8
[9.129s] DEBUG:colcon.colcon_core.event_handler.log_command:Invoking command in '/home/giacomo/thesis_ws/build/custom_message': CMAKE_PREFIX_PATH=${CMAKE_PREFIX_PATH}:/home/giacomo/thesis_ws/install/planner:/home/giacomo/thesis_ws/install/bumper_cars:/home/giacomo/ros2_ws/install/py_pubsub:/home/giacomo/ros2_ws/install/my_robot_controller:/home/giacomo/ros2_ws/install/py_srvcli:/opt/ros/humble /usr/bin/cmake --install /home/giacomo/thesis_ws/build/custom_message
[9.315s] Level 1:colcon.colcon_core.environment:create_environment_scripts_only(custom_message)
[9.318s] DEBUG:colcon.colcon_core.event_handler.log_command:Invoked command in '/home/giacomo/thesis_ws/build/custom_message' returned '0': CMAKE_PREFIX_PATH=${CMAKE_PREFIX_PATH}:/home/giacomo/thesis_ws/install/planner:/home/giacomo/thesis_ws/install/bumper_cars:/home/giacomo/ros2_ws/install/py_pubsub:/home/giacomo/ros2_ws/install/my_robot_controller:/home/giacomo/ros2_ws/install/py_srvcli:/opt/ros/humble /usr/bin/cmake --install /home/giacomo/thesis_ws/build/custom_message
[9.358s] Level 1:colcon.colcon_core.environment:checking '/home/giacomo/thesis_ws/install/custom_message' for CMake module files
[9.360s] Level 1:colcon.colcon_core.environment:checking '/home/giacomo/thesis_ws/install/custom_message' for CMake config files
[9.363s] Level 1:colcon.colcon_core.shell:create_environment_hook('custom_message', 'cmake_prefix_path')
[9.392s] INFO:colcon.colcon_core.shell:Creating environment hook '/home/giacomo/thesis_ws/install/custom_message/share/custom_message/hook/cmake_prefix_path.ps1'
[9.393s] INFO:colcon.colcon_core.shell:Creating environment descriptor '/home/giacomo/thesis_ws/install/custom_message/share/custom_message/hook/cmake_prefix_path.dsv'
[9.393s] INFO:colcon.colcon_core.shell:Creating environment hook '/home/giacomo/thesis_ws/install/custom_message/share/custom_message/hook/cmake_prefix_path.sh'
[9.394s] Level 1:colcon.colcon_core.environment:checking '/home/giacomo/thesis_ws/install/custom_message/lib'
[9.394s] Level 1:colcon.colcon_core.shell:create_environment_hook('custom_message', 'ld_library_path_lib')
[9.417s] INFO:colcon.colcon_core.shell:Creating environment hook '/home/giacomo/thesis_ws/install/custom_message/share/custom_message/hook/ld_library_path_lib.ps1'
[9.418s] INFO:colcon.colcon_core.shell:Creating environment descriptor '/home/giacomo/thesis_ws/install/custom_message/share/custom_message/hook/ld_library_path_lib.dsv'
[9.418s] INFO:colcon.colcon_core.shell:Creating environment hook '/home/giacomo/thesis_ws/install/custom_message/share/custom_message/hook/ld_library_path_lib.sh'
[9.419s] Level 1:colcon.colcon_core.environment:checking '/home/giacomo/thesis_ws/install/custom_message/bin'
[9.419s] Level 1:colcon.colcon_core.environment:checking '/home/giacomo/thesis_ws/install/custom_message/lib/pkgconfig/custom_message.pc'
[9.419s] Level 1:colcon.colcon_core.environment:checking '/home/giacomo/thesis_ws/install/custom_message/lib/python3.10/site-packages'
[9.420s] Level 1:colcon.colcon_core.environment:checking '/home/giacomo/thesis_ws/install/custom_message/bin'
[9.444s] INFO:colcon.colcon_core.shell:Creating package script '/home/giacomo/thesis_ws/install/custom_message/share/custom_message/package.ps1'
[9.445s] INFO:colcon.colcon_core.shell:Creating package descriptor '/home/giacomo/thesis_ws/install/custom_message/share/custom_message/package.dsv'
[9.446s] INFO:colcon.colcon_core.shell:Creating package script '/home/giacomo/thesis_ws/install/custom_message/share/custom_message/package.sh'
[9.446s] INFO:colcon.colcon_core.shell:Creating package script '/home/giacomo/thesis_ws/install/custom_message/share/custom_message/package.bash'
[9.447s] INFO:colcon.colcon_core.shell:Creating package script '/home/giacomo/thesis_ws/install/custom_message/share/custom_message/package.zsh'
[9.447s] Level 1:colcon.colcon_core.environment:create_file_with_runtime_dependencies(/home/giacomo/thesis_ws/install/custom_message/share/colcon-core/packages/custom_message)
[9.752s] Level 1:colcon.colcon_core.environment:create_environment_scripts_only(custom_message)
[9.780s] Level 1:colcon.colcon_core.environment:checking '/home/giacomo/thesis_ws/install/custom_message' for CMake module files
[9.780s] Level 1:colcon.colcon_core.environment:checking '/home/giacomo/thesis_ws/install/custom_message' for CMake config files
[9.782s] Level 1:colcon.colcon_core.shell:create_environment_hook('custom_message', 'cmake_prefix_path')
[9.808s] INFO:colcon.colcon_core.shell:Creating environment hook '/home/giacomo/thesis_ws/install/custom_message/share/custom_message/hook/cmake_prefix_path.ps1'
[9.809s] INFO:colcon.colcon_core.shell:Creating environment descriptor '/home/giacomo/thesis_ws/install/custom_message/share/custom_message/hook/cmake_prefix_path.dsv'
[9.810s] INFO:colcon.colcon_core.shell:Creating environment hook '/home/giacomo/thesis_ws/install/custom_message/share/custom_message/hook/cmake_prefix_path.sh'
[9.811s] Level 1:colcon.colcon_core.environment:checking '/home/giacomo/thesis_ws/install/custom_message/lib'
[9.811s] Level 1:colcon.colcon_core.shell:create_environment_hook('custom_message', 'ld_library_path_lib')
[9.837s] INFO:colcon.colcon_core.shell:Creating environment hook '/home/giacomo/thesis_ws/install/custom_message/share/custom_message/hook/ld_library_path_lib.ps1'
[9.838s] INFO:colcon.colcon_core.shell:Creating environment descriptor '/home/giacomo/thesis_ws/install/custom_message/share/custom_message/hook/ld_library_path_lib.dsv'
[9.839s] INFO:colcon.colcon_core.shell:Creating environment hook '/home/giacomo/thesis_ws/install/custom_message/share/custom_message/hook/ld_library_path_lib.sh'
[9.839s] Level 1:colcon.colcon_core.environment:checking '/home/giacomo/thesis_ws/install/custom_message/bin'
[9.840s] Level 1:colcon.colcon_core.environment:checking '/home/giacomo/thesis_ws/install/custom_message/lib/pkgconfig/custom_message.pc'
[9.840s] Level 1:colcon.colcon_core.environment:checking '/home/giacomo/thesis_ws/install/custom_message/lib/python3.10/site-packages'
[9.841s] Level 1:colcon.colcon_core.environment:checking '/home/giacomo/thesis_ws/install/custom_message/bin'
[9.876s] INFO:colcon.colcon_core.shell:Creating package script '/home/giacomo/thesis_ws/install/custom_message/share/custom_message/package.ps1'
[9.877s] INFO:colcon.colcon_core.shell:Creating package descriptor '/home/giacomo/thesis_ws/install/custom_message/share/custom_message/package.dsv'
[9.878s] INFO:colcon.colcon_core.shell:Creating package script '/home/giacomo/thesis_ws/install/custom_message/share/custom_message/package.sh'
[9.878s] INFO:colcon.colcon_core.shell:Creating package script '/home/giacomo/thesis_ws/install/custom_message/share/custom_message/package.bash'
[9.879s] INFO:colcon.colcon_core.shell:Creating package script '/home/giacomo/thesis_ws/install/custom_message/share/custom_message/package.zsh'
[9.879s] Level 1:colcon.colcon_core.environment:create_file_with_runtime_dependencies(/home/giacomo/thesis_ws/install/custom_message/share/colcon-core/packages/custom_message)
[9.880s] INFO:colcon.colcon_ros.task.ament_python.build:Building ROS package in '/home/giacomo/thesis_ws/src/bumper_cars' with build type 'ament_python'
[9.880s] Level 1:colcon.colcon_core.shell:create_environment_hook('bumper_cars', 'ament_prefix_path')
[9.909s] INFO:colcon.colcon_core.shell:Creating environment hook '/home/giacomo/thesis_ws/install/bumper_cars/share/bumper_cars/hook/ament_prefix_path.ps1'
[9.910s] INFO:colcon.colcon_core.shell:Creating environment descriptor '/home/giacomo/thesis_ws/install/bumper_cars/share/bumper_cars/hook/ament_prefix_path.dsv'
[9.910s] INFO:colcon.colcon_core.shell:Creating environment hook '/home/giacomo/thesis_ws/install/bumper_cars/share/bumper_cars/hook/ament_prefix_path.sh'
[9.936s] INFO:colcon.colcon_core.shell:Skip shell extension 'powershell' for command environment: Not usable outside of PowerShell
[9.936s] DEBUG:colcon.colcon_core.shell:Skip shell extension 'dsv' for command environment
[10.380s] INFO:colcon.colcon_core.task.python.build:Building Python package in '/home/giacomo/thesis_ws/src/bumper_cars'
[10.411s] INFO:colcon.colcon_core.shell:Skip shell extension 'powershell' for command environment: Not usable outside of PowerShell
[10.411s] DEBUG:colcon.colcon_core.shell:Skip shell extension 'dsv' for command environment
[11.321s] DEBUG:colcon.colcon_core.event_handler.log_command:Invoking command in '/home/giacomo/thesis_ws/build/bumper_cars': CMAKE_PREFIX_PATH=/home/giacomo/thesis_ws/install/custom_message:/home/giacomo/thesis_ws/install/urdf_example:/home/giacomo/thesis_ws/install/sym_bringup:/home/giacomo/thesis_ws/install/my_bot:/home/giacomo/ros2_ws/install/tutorial_interfaces:/home/giacomo/ros2_ws/install/turtlesim PYTHONPATH=/home/giacomo/thesis_ws/build/bumper_cars/prefix_override:/home/giacomo/thesis_ws/install/bumper_cars/lib/python3.10/site-packages:${PYTHONPATH} /usr/bin/python3 setup.py develop --editable --build-directory /home/giacomo/thesis_ws/build/bumper_cars/build --no-deps install_data
[12.604s] Level 1:colcon.colcon_core.shell:create_environment_hook('bumper_cars', 'pythonpath_develop')
[12.605s] DEBUG:colcon.colcon_core.event_handler.log_command:Invoked command in '/home/giacomo/thesis_ws/build/bumper_cars' returned '0': CMAKE_PREFIX_PATH=/home/giacomo/thesis_ws/install/custom_message:/home/giacomo/thesis_ws/install/urdf_example:/home/giacomo/thesis_ws/install/sym_bringup:/home/giacomo/thesis_ws/install/my_bot:/home/giacomo/ros2_ws/install/tutorial_interfaces:/home/giacomo/ros2_ws/install/turtlesim PYTHONPATH=/home/giacomo/thesis_ws/build/bumper_cars/prefix_override:/home/giacomo/thesis_ws/install/bumper_cars/lib/python3.10/site-packages:${PYTHONPATH} /usr/bin/python3 setup.py develop --editable --build-directory /home/giacomo/thesis_ws/build/bumper_cars/build --no-deps install_data
[12.631s] INFO:colcon.colcon_core.shell:Creating environment hook '/home/giacomo/thesis_ws/build/bumper_cars/share/bumper_cars/hook/pythonpath_develop.ps1'
[12.631s] INFO:colcon.colcon_core.shell:Creating environment descriptor '/home/giacomo/thesis_ws/build/bumper_cars/share/bumper_cars/hook/pythonpath_develop.dsv'
[12.632s] INFO:colcon.colcon_core.shell:Creating environment hook '/home/giacomo/thesis_ws/build/bumper_cars/share/bumper_cars/hook/pythonpath_develop.sh'
[12.654s] Level 1:colcon.colcon_core.environment:checking '/home/giacomo/thesis_ws/install/bumper_cars' for CMake module files
[12.655s] Level 1:colcon.colcon_core.environment:checking '/home/giacomo/thesis_ws/install/bumper_cars' for CMake config files
[12.655s] Level 1:colcon.colcon_core.environment:checking '/home/giacomo/thesis_ws/install/bumper_cars/lib'
[12.655s] Level 1:colcon.colcon_core.environment:checking '/home/giacomo/thesis_ws/install/bumper_cars/bin'
[12.656s] Level 1:colcon.colcon_core.environment:checking '/home/giacomo/thesis_ws/install/bumper_cars/lib/pkgconfig/bumper_cars.pc'
[12.656s] Level 1:colcon.colcon_core.environment:checking '/home/giacomo/thesis_ws/install/bumper_cars/lib/python3.10/site-packages'
[12.656s] Level 1:colcon.colcon_core.shell:create_environment_hook('bumper_cars', 'pythonpath')
[12.675s] INFO:colcon.colcon_core.shell:Creating environment hook '/home/giacomo/thesis_ws/install/bumper_cars/share/bumper_cars/hook/pythonpath.ps1'
[12.676s] INFO:colcon.colcon_core.shell:Creating environment descriptor '/home/giacomo/thesis_ws/install/bumper_cars/share/bumper_cars/hook/pythonpath.dsv'
[12.676s] INFO:colcon.colcon_core.shell:Creating environment hook '/home/giacomo/thesis_ws/install/bumper_cars/share/bumper_cars/hook/pythonpath.sh'
[12.677s] Level 1:colcon.colcon_core.environment:checking '/home/giacomo/thesis_ws/install/bumper_cars/bin'
[12.677s] Level 1:colcon.colcon_core.environment:create_environment_scripts_only(bumper_cars)
[12.700s] INFO:colcon.colcon_core.shell:Creating package script '/home/giacomo/thesis_ws/install/bumper_cars/share/bumper_cars/package.ps1'
[12.701s] INFO:colcon.colcon_core.shell:Creating package descriptor '/home/giacomo/thesis_ws/install/bumper_cars/share/bumper_cars/package.dsv'
[12.701s] INFO:colcon.colcon_core.shell:Creating package script '/home/giacomo/thesis_ws/install/bumper_cars/share/bumper_cars/package.sh'
[12.702s] INFO:colcon.colcon_core.shell:Creating package script '/home/giacomo/thesis_ws/install/bumper_cars/share/bumper_cars/package.bash'
[12.702s] INFO:colcon.colcon_core.shell:Creating package script '/home/giacomo/thesis_ws/install/bumper_cars/share/bumper_cars/package.zsh'
[12.703s] Level 1:colcon.colcon_core.environment:create_file_with_runtime_dependencies(/home/giacomo/thesis_ws/install/bumper_cars/share/colcon-core/packages/bumper_cars)
[12.703s] INFO:colcon.colcon_ros.task.ament_cmake.build:Building ROS package in '/home/giacomo/thesis_ws/src/sym_bringup' with build type 'ament_cmake'
[12.703s] INFO:colcon.colcon_cmake.task.cmake.build:Building CMake package in '/home/giacomo/thesis_ws/src/sym_bringup'
[12.728s] INFO:colcon.colcon_core.shell:Skip shell extension 'powershell' for command environment: Not usable outside of PowerShell
[12.728s] DEBUG:colcon.colcon_core.shell:Skip shell extension 'dsv' for command environment
[12.824s] DEBUG:colcon.colcon_core.event_handler.log_command:Invoking command in '/home/giacomo/thesis_ws/build/sym_bringup': AMENT_PREFIX_PATH=/home/giacomo/thesis_ws/install/bumper_cars:/home/giacomo/thesis_ws/install/urdf_example:/home/giacomo/thesis_ws/install/sym_bringup:/home/giacomo/thesis_ws/install/planner:/home/giacomo/thesis_ws/install/my_bot:/home/giacomo/thesis_ws/install/custom_message:/home/giacomo/ros2_ws/install/py_pubsub:/home/giacomo/ros2_ws/install/tutorial_interfaces:/home/giacomo/ros2_ws/install/my_robot_controller:/home/giacomo/ros2_ws/install/turtlesim:/home/giacomo/ros2_ws/install/py_srvcli:/opt/ros/humble CMAKE_PREFIX_PATH=/home/giacomo/thesis_ws/install/custom_message:/home/giacomo/thesis_ws/install/urdf_example:/home/giacomo/thesis_ws/install/sym_bringup:/home/giacomo/thesis_ws/install/my_bot:/home/giacomo/ros2_ws/install/tutorial_interfaces:/home/giacomo/ros2_ws/install/turtlesim:/home/giacomo/thesis_ws/install/planner:/home/giacomo/thesis_ws/install/bumper_cars:/home/giacomo/ros2_ws/install/py_pubsub:/home/giacomo/ros2_ws/install/my_robot_controller:/home/giacomo/ros2_ws/install/py_srvcli:/opt/ros/humble PYTHONPATH=/home/giacomo/thesis_ws/build/bumper_cars:/home/giacomo/thesis_ws/install/bumper_cars/lib/python3.10/site-packages:/home/giacomo/thesis_ws/build/planner:/home/giacomo/thesis_ws/install/planner/lib/python3.10/site-packages:/home/giacomo/thesis_ws/install/custom_message/local/lib/python3.10/dist-packages:/home/giacomo/ros2_ws/install/py_pubsub/lib/python3.10/site-packages:/home/giacomo/ros2_ws/install/tutorial_interfaces/local/lib/python3.10/dist-packages:/home/giacomo/ros2_ws/build/my_robot_controller:/home/giacomo/ros2_ws/install/my_robot_controller/lib/python3.10/site-packages:/home/giacomo/ros2_ws/install/turtlesim/local/lib/python3.10/dist-packages:/home/giacomo/ros2_ws/build/py_srvcli:/home/giacomo/ros2_ws/install/py_srvcli/lib/python3.10/site-packages:/opt/ros/humble/lib/python3.10/site-packages:/opt/ros/humble/local/lib/python3.10/dist-packages /usr/bin/cmake --build /home/giacomo/thesis_ws/build/sym_bringup -- -j8 -l8
[12.868s] DEBUG:colcon.colcon_core.event_handler.log_command:Invoked command in '/home/giacomo/thesis_ws/build/sym_bringup' returned '0': AMENT_PREFIX_PATH=/home/giacomo/thesis_ws/install/bumper_cars:/home/giacomo/thesis_ws/install/urdf_example:/home/giacomo/thesis_ws/install/sym_bringup:/home/giacomo/thesis_ws/install/planner:/home/giacomo/thesis_ws/install/my_bot:/home/giacomo/thesis_ws/install/custom_message:/home/giacomo/ros2_ws/install/py_pubsub:/home/giacomo/ros2_ws/install/tutorial_interfaces:/home/giacomo/ros2_ws/install/my_robot_controller:/home/giacomo/ros2_ws/install/turtlesim:/home/giacomo/ros2_ws/install/py_srvcli:/opt/ros/humble CMAKE_PREFIX_PATH=/home/giacomo/thesis_ws/install/custom_message:/home/giacomo/thesis_ws/install/urdf_example:/home/giacomo/thesis_ws/install/sym_bringup:/home/giacomo/thesis_ws/install/my_bot:/home/giacomo/ros2_ws/install/tutorial_interfaces:/home/giacomo/ros2_ws/install/turtlesim:/home/giacomo/thesis_ws/install/planner:/home/giacomo/thesis_ws/install/bumper_cars:/home/giacomo/ros2_ws/install/py_pubsub:/home/giacomo/ros2_ws/install/my_robot_controller:/home/giacomo/ros2_ws/install/py_srvcli:/opt/ros/humble PYTHONPATH=/home/giacomo/thesis_ws/build/bumper_cars:/home/giacomo/thesis_ws/install/bumper_cars/lib/python3.10/site-packages:/home/giacomo/thesis_ws/build/planner:/home/giacomo/thesis_ws/install/planner/lib/python3.10/site-packages:/home/giacomo/thesis_ws/install/custom_message/local/lib/python3.10/dist-packages:/home/giacomo/ros2_ws/install/py_pubsub/lib/python3.10/site-packages:/home/giacomo/ros2_ws/install/tutorial_interfaces/local/lib/python3.10/dist-packages:/home/giacomo/ros2_ws/build/my_robot_controller:/home/giacomo/ros2_ws/install/my_robot_controller/lib/python3.10/site-packages:/home/giacomo/ros2_ws/install/turtlesim/local/lib/python3.10/dist-packages:/home/giacomo/ros2_ws/build/py_srvcli:/home/giacomo/ros2_ws/install/py_srvcli/lib/python3.10/site-packages:/opt/ros/humble/lib/python3.10/site-packages:/opt/ros/humble/local/lib/python3.10/dist-packages /usr/bin/cmake --build /home/giacomo/thesis_ws/build/sym_bringup -- -j8 -l8
[12.897s] DEBUG:colcon.colcon_core.event_handler.log_command:Invoking command in '/home/giacomo/thesis_ws/build/sym_bringup': AMENT_PREFIX_PATH=/home/giacomo/thesis_ws/install/bumper_cars:/home/giacomo/thesis_ws/install/urdf_example:/home/giacomo/thesis_ws/install/sym_bringup:/home/giacomo/thesis_ws/install/planner:/home/giacomo/thesis_ws/install/my_bot:/home/giacomo/thesis_ws/install/custom_message:/home/giacomo/ros2_ws/install/py_pubsub:/home/giacomo/ros2_ws/install/tutorial_interfaces:/home/giacomo/ros2_ws/install/my_robot_controller:/home/giacomo/ros2_ws/install/turtlesim:/home/giacomo/ros2_ws/install/py_srvcli:/opt/ros/humble CMAKE_PREFIX_PATH=/home/giacomo/thesis_ws/install/custom_message:/home/giacomo/thesis_ws/install/urdf_example:/home/giacomo/thesis_ws/install/sym_bringup:/home/giacomo/thesis_ws/install/my_bot:/home/giacomo/ros2_ws/install/tutorial_interfaces:/home/giacomo/ros2_ws/install/turtlesim:/home/giacomo/thesis_ws/install/planner:/home/giacomo/thesis_ws/install/bumper_cars:/home/giacomo/ros2_ws/install/py_pubsub:/home/giacomo/ros2_ws/install/my_robot_controller:/home/giacomo/ros2_ws/install/py_srvcli:/opt/ros/humble PYTHONPATH=/home/giacomo/thesis_ws/build/bumper_cars:/home/giacomo/thesis_ws/install/bumper_cars/lib/python3.10/site-packages:/home/giacomo/thesis_ws/build/planner:/home/giacomo/thesis_ws/install/planner/lib/python3.10/site-packages:/home/giacomo/thesis_ws/install/custom_message/local/lib/python3.10/dist-packages:/home/giacomo/ros2_ws/install/py_pubsub/lib/python3.10/site-packages:/home/giacomo/ros2_ws/install/tutorial_interfaces/local/lib/python3.10/dist-packages:/home/giacomo/ros2_ws/build/my_robot_controller:/home/giacomo/ros2_ws/install/my_robot_controller/lib/python3.10/site-packages:/home/giacomo/ros2_ws/install/turtlesim/local/lib/python3.10/dist-packages:/home/giacomo/ros2_ws/build/py_srvcli:/home/giacomo/ros2_ws/install/py_srvcli/lib/python3.10/site-packages:/opt/ros/humble/lib/python3.10/site-packages:/opt/ros/humble/local/lib/python3.10/dist-packages /usr/bin/cmake --install /home/giacomo/thesis_ws/build/sym_bringup
[12.930s] Level 1:colcon.colcon_core.environment:create_environment_scripts_only(sym_bringup)
[12.930s] DEBUG:colcon.colcon_core.event_handler.log_command:Invoked command in '/home/giacomo/thesis_ws/build/sym_bringup' returned '0': AMENT_PREFIX_PATH=/home/giacomo/thesis_ws/install/bumper_cars:/home/giacomo/thesis_ws/install/urdf_example:/home/giacomo/thesis_ws/install/sym_bringup:/home/giacomo/thesis_ws/install/planner:/home/giacomo/thesis_ws/install/my_bot:/home/giacomo/thesis_ws/install/custom_message:/home/giacomo/ros2_ws/install/py_pubsub:/home/giacomo/ros2_ws/install/tutorial_interfaces:/home/giacomo/ros2_ws/install/my_robot_controller:/home/giacomo/ros2_ws/install/turtlesim:/home/giacomo/ros2_ws/install/py_srvcli:/opt/ros/humble CMAKE_PREFIX_PATH=/home/giacomo/thesis_ws/install/custom_message:/home/giacomo/thesis_ws/install/urdf_example:/home/giacomo/thesis_ws/install/sym_bringup:/home/giacomo/thesis_ws/install/my_bot:/home/giacomo/ros2_ws/install/tutorial_interfaces:/home/giacomo/ros2_ws/install/turtlesim:/home/giacomo/thesis_ws/install/planner:/home/giacomo/thesis_ws/install/bumper_cars:/home/giacomo/ros2_ws/install/py_pubsub:/home/giacomo/ros2_ws/install/my_robot_controller:/home/giacomo/ros2_ws/install/py_srvcli:/opt/ros/humble PYTHONPATH=/home/giacomo/thesis_ws/build/bumper_cars:/home/giacomo/thesis_ws/install/bumper_cars/lib/python3.10/site-packages:/home/giacomo/thesis_ws/build/planner:/home/giacomo/thesis_ws/install/planner/lib/python3.10/site-packages:/home/giacomo/thesis_ws/install/custom_message/local/lib/python3.10/dist-packages:/home/giacomo/ros2_ws/install/py_pubsub/lib/python3.10/site-packages:/home/giacomo/ros2_ws/install/tutorial_interfaces/local/lib/python3.10/dist-packages:/home/giacomo/ros2_ws/build/my_robot_controller:/home/giacomo/ros2_ws/install/my_robot_controller/lib/python3.10/site-packages:/home/giacomo/ros2_ws/install/turtlesim/local/lib/python3.10/dist-packages:/home/giacomo/ros2_ws/build/py_srvcli:/home/giacomo/ros2_ws/install/py_srvcli/lib/python3.10/site-packages:/opt/ros/humble/lib/python3.10/site-packages:/opt/ros/humble/local/lib/python3.10/dist-packages /usr/bin/cmake --install /home/giacomo/thesis_ws/build/sym_bringup
[12.952s] Level 1:colcon.colcon_core.environment:checking '/home/giacomo/thesis_ws/install/sym_bringup' for CMake module files
[12.953s] Level 1:colcon.colcon_core.environment:checking '/home/giacomo/thesis_ws/install/sym_bringup' for CMake config files
[12.953s] Level 1:colcon.colcon_core.shell:create_environment_hook('sym_bringup', 'cmake_prefix_path')
[12.975s] INFO:colcon.colcon_core.shell:Creating environment hook '/home/giacomo/thesis_ws/install/sym_bringup/share/sym_bringup/hook/cmake_prefix_path.ps1'
[12.975s] INFO:colcon.colcon_core.shell:Creating environment descriptor '/home/giacomo/thesis_ws/install/sym_bringup/share/sym_bringup/hook/cmake_prefix_path.dsv'
[12.976s] INFO:colcon.colcon_core.shell:Creating environment hook '/home/giacomo/thesis_ws/install/sym_bringup/share/sym_bringup/hook/cmake_prefix_path.sh'
[12.976s] Level 1:colcon.colcon_core.environment:checking '/home/giacomo/thesis_ws/install/sym_bringup/bin'
[12.976s] Level 1:colcon.colcon_core.environment:checking '/home/giacomo/thesis_ws/install/sym_bringup/lib/pkgconfig/sym_bringup.pc'
[12.977s] Level 1:colcon.colcon_core.environment:checking '/home/giacomo/thesis_ws/install/sym_bringup/lib/python3.10/site-packages'
[12.977s] Level 1:colcon.colcon_core.environment:checking '/home/giacomo/thesis_ws/install/sym_bringup/bin'
[12.999s] INFO:colcon.colcon_core.shell:Creating package script '/home/giacomo/thesis_ws/install/sym_bringup/share/sym_bringup/package.ps1'
[13.000s] INFO:colcon.colcon_core.shell:Creating package descriptor '/home/giacomo/thesis_ws/install/sym_bringup/share/sym_bringup/package.dsv'
[13.000s] INFO:colcon.colcon_core.shell:Creating package script '/home/giacomo/thesis_ws/install/sym_bringup/share/sym_bringup/package.sh'
[13.001s] INFO:colcon.colcon_core.shell:Creating package script '/home/giacomo/thesis_ws/install/sym_bringup/share/sym_bringup/package.bash'
[13.001s] INFO:colcon.colcon_core.shell:Creating package script '/home/giacomo/thesis_ws/install/sym_bringup/share/sym_bringup/package.zsh'
[13.002s] Level 1:colcon.colcon_core.environment:create_file_with_runtime_dependencies(/home/giacomo/thesis_ws/install/sym_bringup/share/colcon-core/packages/sym_bringup)
[13.068s] Level 1:colcon.colcon_core.environment:create_environment_scripts_only(sym_bringup)
[13.104s] Level 1:colcon.colcon_core.environment:checking '/home/giacomo/thesis_ws/install/sym_bringup' for CMake module files
[13.105s] Level 1:colcon.colcon_core.environment:checking '/home/giacomo/thesis_ws/install/sym_bringup' for CMake config files
[13.106s] Level 1:colcon.colcon_core.shell:create_environment_hook('sym_bringup', 'cmake_prefix_path')
[13.142s] INFO:colcon.colcon_core.shell:Creating environment hook '/home/giacomo/thesis_ws/install/sym_bringup/share/sym_bringup/hook/cmake_prefix_path.ps1'
[13.143s] INFO:colcon.colcon_core.shell:Creating environment descriptor '/home/giacomo/thesis_ws/install/sym_bringup/share/sym_bringup/hook/cmake_prefix_path.dsv'
[13.143s] INFO:colcon.colcon_core.shell:Creating environment hook '/home/giacomo/thesis_ws/install/sym_bringup/share/sym_bringup/hook/cmake_prefix_path.sh'
[13.144s] Level 1:colcon.colcon_core.environment:checking '/home/giacomo/thesis_ws/install/sym_bringup/bin'
[13.144s] Level 1:colcon.colcon_core.environment:checking '/home/giacomo/thesis_ws/install/sym_bringup/lib/pkgconfig/sym_bringup.pc'
[13.145s] Level 1:colcon.colcon_core.environment:checking '/home/giacomo/thesis_ws/install/sym_bringup/lib/python3.10/site-packages'
[13.145s] Level 1:colcon.colcon_core.environment:checking '/home/giacomo/thesis_ws/install/sym_bringup/bin'
[13.201s] INFO:colcon.colcon_core.shell:Creating package script '/home/giacomo/thesis_ws/install/sym_bringup/share/sym_bringup/package.ps1'
[13.202s] INFO:colcon.colcon_core.shell:Creating package descriptor '/home/giacomo/thesis_ws/install/sym_bringup/share/sym_bringup/package.dsv'
[13.203s] INFO:colcon.colcon_core.shell:Creating package script '/home/giacomo/thesis_ws/install/sym_bringup/share/sym_bringup/package.sh'
[13.204s] INFO:colcon.colcon_core.shell:Creating package script '/home/giacomo/thesis_ws/install/sym_bringup/share/sym_bringup/package.bash'
[13.204s] INFO:colcon.colcon_core.shell:Creating package script '/home/giacomo/thesis_ws/install/sym_bringup/share/sym_bringup/package.zsh'
[13.205s] Level 1:colcon.colcon_core.environment:create_file_with_runtime_dependencies(/home/giacomo/thesis_ws/install/sym_bringup/share/colcon-core/packages/sym_bringup)
[13.206s] DEBUG:colcon.colcon_parallel_executor.executor.parallel:closing loop
[13.206s] DEBUG:colcon.colcon_parallel_executor.executor.parallel:loop closed
[13.206s] DEBUG:colcon.colcon_parallel_executor.executor.parallel:run_until_complete finished with '0'
[13.207s] DEBUG:colcon.colcon_core.event_reactor:joining thread
[13.239s] INFO:colcon.colcon_core.plugin_system:Skipping extension 'colcon_notification.desktop_notification.terminal_notifier': Not used on non-Darwin systems
[13.239s] INFO:colcon.colcon_core.plugin_system:Skipping extension 'colcon_notification.desktop_notification.win32': Not used on non-Windows systems
[13.239s] INFO:colcon.colcon_notification.desktop_notification:Sending desktop notification using 'notify2'
[13.262s] DEBUG:colcon.colcon_core.event_reactor:joined thread
[13.304s] INFO:colcon.colcon_core.shell:Creating prefix script '/home/giacomo/thesis_ws/install/local_setup.ps1'
[13.307s] INFO:colcon.colcon_core.shell:Creating prefix util module '/home/giacomo/thesis_ws/install/_local_setup_util_ps1.py'
[13.310s] INFO:colcon.colcon_core.shell:Creating prefix chain script '/home/giacomo/thesis_ws/install/setup.ps1'
[13.356s] INFO:colcon.colcon_core.shell:Creating prefix script '/home/giacomo/thesis_ws/install/local_setup.sh'
[13.357s] INFO:colcon.colcon_core.shell:Creating prefix util module '/home/giacomo/thesis_ws/install/_local_setup_util_sh.py'
[13.358s] INFO:colcon.colcon_core.shell:Creating prefix chain script '/home/giacomo/thesis_ws/install/setup.sh'
[13.400s] INFO:colcon.colcon_core.shell:Creating prefix script '/home/giacomo/thesis_ws/install/local_setup.bash'
[13.401s] INFO:colcon.colcon_core.shell:Creating prefix chain script '/home/giacomo/thesis_ws/install/setup.bash'
[13.443s] INFO:colcon.colcon_core.shell:Creating prefix script '/home/giacomo/thesis_ws/install/local_setup.zsh'
[13.444s] INFO:colcon.colcon_core.shell:Creating prefix chain script '/home/giacomo/thesis_ws/install/setup.zsh'
