[1.236s] Invoking command in '/home/giacomo/thesis_ws/build/planner': PYTHONPATH=/home/giacomo/thesis_ws/build/planner/prefix_override:/home/giacomo/thesis_ws/install/planner/lib/python3.10/site-packages:${PYTHONPATH} /usr/bin/python3 setup.py develop --editable --build-directory /home/giacomo/thesis_ws/build/planner/build --no-deps install_data
[1.610s] running develop
[1.610s] /home/giacomo/.local/lib/python3.10/site-packages/setuptools/command/develop.py:40: EasyInstallDeprecationWarning: easy_install command is deprecated.
[1.610s] !!
[1.610s] 
[1.611s]         ********************************************************************************
[1.611s]         Please avoid running ``setup.py`` and ``easy_install``.
[1.611s]         Instead, use pypa/build, pypa/installer or other
[1.611s]         standards-based tools.
[1.611s] 
[1.611s]         See https://github.com/pypa/setuptools/issues/917 for details.
[1.611s]         ********************************************************************************
[1.611s] 
[1.611s] !!
[1.611s]   easy_install.initialize_options(self)
[1.648s] /home/giacomo/.local/lib/python3.10/site-packages/setuptools/_distutils/cmd.py:66: SetuptoolsDeprecationWarning: setup.py install is deprecated.
[1.648s] !!
[1.648s] 
[1.648s]         ********************************************************************************
[1.648s]         Please avoid running ``setup.py`` directly.
[1.648s]         Instead, use pypa/build, pypa/installer or other
[1.648s]         standards-based tools.
[1.648s] 
[1.648s]         See https://blog.ganssle.io/articles/2021/10/setup-py-deprecated.html for details.
[1.648s]         ********************************************************************************
[1.648s] 
[1.649s] !!
[1.649s]   self.initialize_options()
[1.860s] running egg_info
[1.876s] writing planner.egg-info/PKG-INFO
[1.877s] writing dependency_links to planner.egg-info/dependency_links.txt
[1.877s] writing requirements to planner.egg-info/requires.txt
[1.878s] writing top-level names to planner.egg-info/top_level.txt
[1.915s] reading manifest file 'planner.egg-info/SOURCES.txt'
[1.916s] writing manifest file 'planner.egg-info/SOURCES.txt'
[1.936s] running build_ext
[1.936s] Creating /home/giacomo/thesis_ws/install/planner/lib/python3.10/site-packages/planner.egg-link (link to .)
[1.937s] 
[1.937s] Installed /home/giacomo/thesis_ws/build/planner
[1.937s] running install_data
[1.975s] Invoked command in '/home/giacomo/thesis_ws/build/planner' returned '0': PYTHONPATH=/home/giacomo/thesis_ws/build/planner/prefix_override:/home/giacomo/thesis_ws/install/planner/lib/python3.10/site-packages:${PYTHONPATH} /usr/bin/python3 setup.py develop --editable --build-directory /home/giacomo/thesis_ws/build/planner/build --no-deps install_data
