[0.793s] Invoking command in '/home/giacomo/thesis_ws/build/bumper_cars': PYTHONPATH=/home/giacomo/thesis_ws/build/bumper_cars/prefix_override:/home/giacomo/thesis_ws/install/bumper_cars/lib/python3.10/site-packages:${PYTHONPATH} /usr/bin/python3 setup.py develop --editable --build-directory /home/giacomo/thesis_ws/build/bumper_cars/build --no-deps install_data
[1.121s] running develop
[1.127s] /home/giacomo/.local/lib/python3.10/site-packages/setuptools/command/develop.py:40: EasyInstallDeprecationWarning: easy_install command is deprecated.
[1.127s] !!
[1.127s] 
[1.127s]         ********************************************************************************
[1.127s]         Please avoid running ``setup.py`` and ``easy_install``.
[1.127s]         Instead, use pypa/build, pypa/installer or other
[1.127s]         standards-based tools.
[1.127s] 
[1.127s]         See https://github.com/pypa/setuptools/issues/917 for details.
[1.127s]         ********************************************************************************
[1.127s] 
[1.127s] !!
[1.128s]   easy_install.initialize_options(self)
[1.161s] /home/giacomo/.local/lib/python3.10/site-packages/setuptools/_distutils/cmd.py:66: SetuptoolsDeprecationWarning: setup.py install is deprecated.
[1.161s] !!
[1.161s] 
[1.161s]         ********************************************************************************
[1.161s]         Please avoid running ``setup.py`` directly.
[1.161s]         Instead, use pypa/build, pypa/installer or other
[1.161s]         standards-based tools.
[1.161s] 
[1.161s]         See https://blog.ganssle.io/articles/2021/10/setup-py-deprecated.html for details.
[1.161s]         ********************************************************************************
[1.161s] 
[1.161s] !!
[1.161s]   self.initialize_options()
[1.359s] running egg_info
[1.375s] writing bumper_cars.egg-info/PKG-INFO
[1.375s] writing dependency_links to bumper_cars.egg-info/dependency_links.txt
[1.376s] writing entry points to bumper_cars.egg-info/entry_points.txt
[1.376s] writing requirements to bumper_cars.egg-info/requires.txt
[1.376s] writing top-level names to bumper_cars.egg-info/top_level.txt
[1.411s] reading manifest file 'bumper_cars.egg-info/SOURCES.txt'
[1.411s] writing manifest file 'bumper_cars.egg-info/SOURCES.txt'
[1.430s] running build_ext
[1.430s] Creating /home/giacomo/thesis_ws/install/bumper_cars/lib/python3.10/site-packages/bumper-cars.egg-link (link to .)
[1.431s] Installing controller script to /home/giacomo/thesis_ws/install/bumper_cars/lib/bumper_cars
[1.431s] Installing model script to /home/giacomo/thesis_ws/install/bumper_cars/lib/bumper_cars
[1.431s] Installing plotter script to /home/giacomo/thesis_ws/install/bumper_cars/lib/bumper_cars
[1.431s] Installing robot_model script to /home/giacomo/thesis_ws/install/bumper_cars/lib/bumper_cars
[1.431s] Installing sensor script to /home/giacomo/thesis_ws/install/bumper_cars/lib/bumper_cars
[1.432s] Installing state_publisher script to /home/giacomo/thesis_ws/install/bumper_cars/lib/bumper_cars
[1.432s] Installing state_subscriber script to /home/giacomo/thesis_ws/install/bumper_cars/lib/bumper_cars
[1.432s] 
[1.432s] Installed /home/giacomo/thesis_ws/build/bumper_cars
[1.432s] running install_data
[1.463s] Invoked command in '/home/giacomo/thesis_ws/build/bumper_cars' returned '0': PYTHONPATH=/home/giacomo/thesis_ws/build/bumper_cars/prefix_override:/home/giacomo/thesis_ws/install/bumper_cars/lib/python3.10/site-packages:${PYTHONPATH} /usr/bin/python3 setup.py develop --editable --build-directory /home/giacomo/thesis_ws/build/bumper_cars/build --no-deps install_data
