[0.248s] DEBUG:colcon:Command line arguments: ['/usr/bin/colcon', 'build']
[0.248s] DEBUG:colcon:Parsed command line arguments: Namespace(log_base=None, log_level=None, verb_name='build', build_base='build', install_base='install', merge_install=False, symlink_install=False, test_result_base=None, continue_on_error=False, executor='parallel', parallel_workers=8, event_handlers=None, ignore_user_meta=False, metas=['./colcon.meta'], base_paths=['.'], packages_ignore=None, packages_ignore_regex=None, paths=None, packages_up_to=None, packages_up_to_regex=None, packages_above=None, packages_above_and_dependencies=None, packages_above_depth=None, packages_select_by_dep=None, packages_skip_by_dep=None, packages_skip_up_to=None, packages_select_build_failed=False, packages_skip_build_finished=False, packages_select_test_failures=False, packages_skip_test_passed=False, packages_select=None, packages_skip=None, packages_select_regex=None, packages_skip_regex=None, packages_start=None, packages_end=None, allow_overriding=[], cmake_args=None, cmake_target=None, cmake_target_skip_unavailable=False, cmake_clean_cache=False, cmake_clean_first=False, cmake_force_configure=False, ament_cmake_args=None, catkin_cmake_args=None, catkin_skip_building_tests=False, verb_parser=<colcon_defaults.argument_parser.defaults.DefaultArgumentsDecorator object at 0x7f6aa39f1ae0>, verb_extension=<colcon_core.verb.build.BuildVerb object at 0x7f6aa3b834f0>, main=<bound method BuildVerb.main of <colcon_core.verb.build.BuildVerb object at 0x7f6aa3b834f0>>)
[0.275s] Level 1:colcon.colcon_core.package_discovery:discover_packages(colcon_meta) check parameters
[0.275s] Level 1:colcon.colcon_core.package_discovery:discover_packages(recursive) check parameters
[0.276s] Level 1:colcon.colcon_core.package_discovery:discover_packages(ignore) check parameters
[0.276s] Level 1:colcon.colcon_core.package_discovery:discover_packages(path) check parameters
[0.276s] Level 1:colcon.colcon_core.package_discovery:discover_packages(colcon_meta) discover
[0.276s] Level 1:colcon.colcon_core.package_discovery:discover_packages(recursive) discover
[0.276s] INFO:colcon.colcon_core.package_discovery:Crawling recursively for packages in '/home/giacomo/urdf_example-main'
[0.276s] Level 1:colcon.colcon_core.package_identification:_identify(.) by extensions ['ignore', 'ignore_ament_install']
[0.276s] Level 1:colcon.colcon_core.package_identification:_identify(.) by extension 'ignore'
[0.276s] Level 1:colcon.colcon_core.package_identification:_identify(.) by extension 'ignore_ament_install'
[0.276s] Level 1:colcon.colcon_core.package_identification:_identify(.) by extensions ['colcon_pkg']
[0.276s] Level 1:colcon.colcon_core.package_identification:_identify(.) by extension 'colcon_pkg'
[0.276s] Level 1:colcon.colcon_core.package_identification:_identify(.) by extensions ['colcon_meta']
[0.276s] Level 1:colcon.colcon_core.package_identification:_identify(.) by extension 'colcon_meta'
[0.276s] Level 1:colcon.colcon_core.package_identification:_identify(.) by extensions ['ros']
[0.276s] Level 1:colcon.colcon_core.package_identification:_identify(.) by extension 'ros'
[0.290s] Level 1:colcon.colcon_core.package_identification:_identify(.) by extensions ['cmake', 'python']
[0.290s] Level 1:colcon.colcon_core.package_identification:_identify(.) by extension 'cmake'
[0.290s] Level 1:colcon.colcon_core.package_identification:_identify(.) by extension 'python'
[0.290s] Level 1:colcon.colcon_core.package_identification:_identify(.) by extensions ['python_setup_py']
[0.290s] Level 1:colcon.colcon_core.package_identification:_identify(.) by extension 'python_setup_py'
[0.290s] Level 1:colcon.colcon_core.package_identification:_identify(build) by extensions ['ignore', 'ignore_ament_install']
[0.290s] Level 1:colcon.colcon_core.package_identification:_identify(build) by extension 'ignore'
[0.290s] Level 1:colcon.colcon_core.package_identification:_identify(build) ignored
[0.291s] Level 1:colcon.colcon_core.package_identification:_identify(install) by extensions ['ignore', 'ignore_ament_install']
[0.291s] Level 1:colcon.colcon_core.package_identification:_identify(install) by extension 'ignore'
[0.291s] Level 1:colcon.colcon_core.package_identification:_identify(install) ignored
[0.291s] Level 1:colcon.colcon_core.package_identification:_identify(log) by extensions ['ignore', 'ignore_ament_install']
[0.291s] Level 1:colcon.colcon_core.package_identification:_identify(log) by extension 'ignore'
[0.291s] Level 1:colcon.colcon_core.package_identification:_identify(log) ignored
[0.291s] Level 1:colcon.colcon_core.package_identification:_identify(urdf_example-main) by extensions ['ignore', 'ignore_ament_install']
[0.291s] Level 1:colcon.colcon_core.package_identification:_identify(urdf_example-main) by extension 'ignore'
[0.291s] Level 1:colcon.colcon_core.package_identification:_identify(urdf_example-main) by extension 'ignore_ament_install'
[0.291s] Level 1:colcon.colcon_core.package_identification:_identify(urdf_example-main) by extensions ['colcon_pkg']
[0.291s] Level 1:colcon.colcon_core.package_identification:_identify(urdf_example-main) by extension 'colcon_pkg'
[0.291s] Level 1:colcon.colcon_core.package_identification:_identify(urdf_example-main) by extensions ['colcon_meta']
[0.291s] Level 1:colcon.colcon_core.package_identification:_identify(urdf_example-main) by extension 'colcon_meta'
[0.291s] Level 1:colcon.colcon_core.package_identification:_identify(urdf_example-main) by extensions ['ros']
[0.291s] Level 1:colcon.colcon_core.package_identification:_identify(urdf_example-main) by extension 'ros'
[0.294s] DEBUG:colcon.colcon_core.package_identification:Package 'urdf_example-main' with type 'ros.ament_cmake' and name 'urdf_example'
[0.294s] Level 1:colcon.colcon_core.package_discovery:discover_packages(recursive) using defaults
[0.294s] Level 1:colcon.colcon_core.package_discovery:discover_packages(ignore) discover
[0.294s] Level 1:colcon.colcon_core.package_discovery:discover_packages(ignore) using defaults
[0.294s] Level 1:colcon.colcon_core.package_discovery:discover_packages(path) discover
[0.294s] Level 1:colcon.colcon_core.package_discovery:discover_packages(path) using defaults
[0.316s] Level 1:colcon.colcon_core.package_discovery:discover_packages(prefix_path) check parameters
[0.316s] Level 1:colcon.colcon_core.package_discovery:discover_packages(prefix_path) discover
[0.318s] DEBUG:colcon.colcon_installed_package_information.package_discovery:Found 4 installed packages in /home/giacomo/thesis_ws/install
[0.319s] DEBUG:colcon.colcon_installed_package_information.package_discovery:Found 5 installed packages in /home/giacomo/ros2_ws/install
[0.321s] DEBUG:colcon.colcon_installed_package_information.package_discovery:Found 280 installed packages in /opt/ros/humble
[0.322s] Level 1:colcon.colcon_core.package_discovery:discover_packages(prefix_path) using defaults
[0.374s] Level 5:colcon.colcon_core.verb:set package 'urdf_example' build argument 'cmake_args' from command line to 'None'
[0.374s] Level 5:colcon.colcon_core.verb:set package 'urdf_example' build argument 'cmake_target' from command line to 'None'
[0.374s] Level 5:colcon.colcon_core.verb:set package 'urdf_example' build argument 'cmake_target_skip_unavailable' from command line to 'False'
[0.374s] Level 5:colcon.colcon_core.verb:set package 'urdf_example' build argument 'cmake_clean_cache' from command line to 'False'
[0.374s] Level 5:colcon.colcon_core.verb:set package 'urdf_example' build argument 'cmake_clean_first' from command line to 'False'
[0.374s] Level 5:colcon.colcon_core.verb:set package 'urdf_example' build argument 'cmake_force_configure' from command line to 'False'
[0.374s] Level 5:colcon.colcon_core.verb:set package 'urdf_example' build argument 'ament_cmake_args' from command line to 'None'
[0.374s] Level 5:colcon.colcon_core.verb:set package 'urdf_example' build argument 'catkin_cmake_args' from command line to 'None'
[0.374s] Level 5:colcon.colcon_core.verb:set package 'urdf_example' build argument 'catkin_skip_building_tests' from command line to 'False'
[0.374s] DEBUG:colcon.colcon_core.verb:Building package 'urdf_example' with the following arguments: {'ament_cmake_args': None, 'build_base': '/home/giacomo/urdf_example-main/build/urdf_example', 'catkin_cmake_args': None, 'catkin_skip_building_tests': False, 'cmake_args': None, 'cmake_clean_cache': False, 'cmake_clean_first': False, 'cmake_force_configure': False, 'cmake_target': None, 'cmake_target_skip_unavailable': False, 'install_base': '/home/giacomo/urdf_example-main/install/urdf_example', 'merge_install': False, 'path': '/home/giacomo/urdf_example-main/urdf_example-main', 'symlink_install': False, 'test_result_base': None}
[0.375s] INFO:colcon.colcon_core.executor:Executing jobs using 'parallel' executor
[0.377s] DEBUG:colcon.colcon_parallel_executor.executor.parallel:run_until_complete
[0.378s] INFO:colcon.colcon_ros.task.ament_cmake.build:Building ROS package in '/home/giacomo/urdf_example-main/urdf_example-main' with build type 'ament_cmake'
[0.378s] INFO:colcon.colcon_cmake.task.cmake.build:Building CMake package in '/home/giacomo/urdf_example-main/urdf_example-main'
[0.382s] INFO:colcon.colcon_core.plugin_system:Skipping extension 'colcon_core.shell.bat': Not used on non-Windows systems
[0.382s] INFO:colcon.colcon_core.shell:Skip shell extension 'powershell' for command environment: Not usable outside of PowerShell
[0.382s] DEBUG:colcon.colcon_core.shell:Skip shell extension 'dsv' for command environment
[0.395s] DEBUG:colcon.colcon_core.event_handler.log_command:Invoking command in '/home/giacomo/urdf_example-main/build/urdf_example': CMAKE_PREFIX_PATH=${CMAKE_PREFIX_PATH}:/home/giacomo/thesis_ws/install/bumper_cars:/home/giacomo/ros2_ws/install/py_pubsub:/home/giacomo/ros2_ws/install/my_robot_controller:/home/giacomo/ros2_ws/install/py_srvcli:/opt/ros/humble /usr/bin/cmake --build /home/giacomo/urdf_example-main/build/urdf_example -- -j8 -l8
[0.432s] DEBUG:colcon.colcon_core.event_handler.log_command:Invoked command in '/home/giacomo/urdf_example-main/build/urdf_example' returned '0': CMAKE_PREFIX_PATH=${CMAKE_PREFIX_PATH}:/home/giacomo/thesis_ws/install/bumper_cars:/home/giacomo/ros2_ws/install/py_pubsub:/home/giacomo/ros2_ws/install/my_robot_controller:/home/giacomo/ros2_ws/install/py_srvcli:/opt/ros/humble /usr/bin/cmake --build /home/giacomo/urdf_example-main/build/urdf_example -- -j8 -l8
[0.464s] DEBUG:colcon.colcon_core.event_handler.log_command:Invoking command in '/home/giacomo/urdf_example-main/build/urdf_example': CMAKE_PREFIX_PATH=${CMAKE_PREFIX_PATH}:/home/giacomo/thesis_ws/install/bumper_cars:/home/giacomo/ros2_ws/install/py_pubsub:/home/giacomo/ros2_ws/install/my_robot_controller:/home/giacomo/ros2_ws/install/py_srvcli:/opt/ros/humble /usr/bin/cmake --install /home/giacomo/urdf_example-main/build/urdf_example
[0.474s] Level 1:colcon.colcon_core.environment:create_environment_scripts_only(urdf_example)
[0.476s] DEBUG:colcon.colcon_core.event_handler.log_command:Invoked command in '/home/giacomo/urdf_example-main/build/urdf_example' returned '0': CMAKE_PREFIX_PATH=${CMAKE_PREFIX_PATH}:/home/giacomo/thesis_ws/install/bumper_cars:/home/giacomo/ros2_ws/install/py_pubsub:/home/giacomo/ros2_ws/install/my_robot_controller:/home/giacomo/ros2_ws/install/py_srvcli:/opt/ros/humble /usr/bin/cmake --install /home/giacomo/urdf_example-main/build/urdf_example
[0.482s] Level 1:colcon.colcon_core.environment:checking '/home/giacomo/urdf_example-main/install/urdf_example' for CMake module files
[0.482s] Level 1:colcon.colcon_core.environment:checking '/home/giacomo/urdf_example-main/install/urdf_example' for CMake config files
[0.482s] Level 1:colcon.colcon_core.shell:create_environment_hook('urdf_example', 'cmake_prefix_path')
[0.484s] INFO:colcon.colcon_core.shell:Creating environment hook '/home/giacomo/urdf_example-main/install/urdf_example/share/urdf_example/hook/cmake_prefix_path.ps1'
[0.484s] INFO:colcon.colcon_core.shell:Creating environment descriptor '/home/giacomo/urdf_example-main/install/urdf_example/share/urdf_example/hook/cmake_prefix_path.dsv'
[0.485s] INFO:colcon.colcon_core.shell:Creating environment hook '/home/giacomo/urdf_example-main/install/urdf_example/share/urdf_example/hook/cmake_prefix_path.sh'
[0.486s] Level 1:colcon.colcon_core.environment:checking '/home/giacomo/urdf_example-main/install/urdf_example/bin'
[0.486s] Level 1:colcon.colcon_core.environment:checking '/home/giacomo/urdf_example-main/install/urdf_example/lib/pkgconfig/urdf_example.pc'
[0.486s] Level 1:colcon.colcon_core.environment:checking '/home/giacomo/urdf_example-main/install/urdf_example/lib/python3.10/site-packages'
[0.486s] Level 1:colcon.colcon_core.environment:checking '/home/giacomo/urdf_example-main/install/urdf_example/bin'
[0.488s] INFO:colcon.colcon_core.shell:Creating package script '/home/giacomo/urdf_example-main/install/urdf_example/share/urdf_example/package.ps1'
[0.488s] INFO:colcon.colcon_core.shell:Creating package descriptor '/home/giacomo/urdf_example-main/install/urdf_example/share/urdf_example/package.dsv'
[0.489s] INFO:colcon.colcon_core.shell:Creating package script '/home/giacomo/urdf_example-main/install/urdf_example/share/urdf_example/package.sh'
[0.490s] INFO:colcon.colcon_core.shell:Creating package script '/home/giacomo/urdf_example-main/install/urdf_example/share/urdf_example/package.bash'
[0.490s] INFO:colcon.colcon_core.shell:Creating package script '/home/giacomo/urdf_example-main/install/urdf_example/share/urdf_example/package.zsh'
[0.491s] Level 1:colcon.colcon_core.environment:create_file_with_runtime_dependencies(/home/giacomo/urdf_example-main/install/urdf_example/share/colcon-core/packages/urdf_example)
[0.518s] Level 1:colcon.colcon_core.environment:create_environment_scripts_only(urdf_example)
[0.520s] Level 1:colcon.colcon_core.environment:checking '/home/giacomo/urdf_example-main/install/urdf_example' for CMake module files
[0.520s] Level 1:colcon.colcon_core.environment:checking '/home/giacomo/urdf_example-main/install/urdf_example' for CMake config files
[0.521s] Level 1:colcon.colcon_core.shell:create_environment_hook('urdf_example', 'cmake_prefix_path')
[0.522s] INFO:colcon.colcon_core.shell:Creating environment hook '/home/giacomo/urdf_example-main/install/urdf_example/share/urdf_example/hook/cmake_prefix_path.ps1'
[0.522s] INFO:colcon.colcon_core.shell:Creating environment descriptor '/home/giacomo/urdf_example-main/install/urdf_example/share/urdf_example/hook/cmake_prefix_path.dsv'
[0.523s] INFO:colcon.colcon_core.shell:Creating environment hook '/home/giacomo/urdf_example-main/install/urdf_example/share/urdf_example/hook/cmake_prefix_path.sh'
[0.523s] Level 1:colcon.colcon_core.environment:checking '/home/giacomo/urdf_example-main/install/urdf_example/bin'
[0.523s] Level 1:colcon.colcon_core.environment:checking '/home/giacomo/urdf_example-main/install/urdf_example/lib/pkgconfig/urdf_example.pc'
[0.524s] Level 1:colcon.colcon_core.environment:checking '/home/giacomo/urdf_example-main/install/urdf_example/lib/python3.10/site-packages'
[0.524s] Level 1:colcon.colcon_core.environment:checking '/home/giacomo/urdf_example-main/install/urdf_example/bin'
[0.526s] INFO:colcon.colcon_core.shell:Creating package script '/home/giacomo/urdf_example-main/install/urdf_example/share/urdf_example/package.ps1'
[0.526s] INFO:colcon.colcon_core.shell:Creating package descriptor '/home/giacomo/urdf_example-main/install/urdf_example/share/urdf_example/package.dsv'
[0.527s] INFO:colcon.colcon_core.shell:Creating package script '/home/giacomo/urdf_example-main/install/urdf_example/share/urdf_example/package.sh'
[0.527s] INFO:colcon.colcon_core.shell:Creating package script '/home/giacomo/urdf_example-main/install/urdf_example/share/urdf_example/package.bash'
[0.527s] INFO:colcon.colcon_core.shell:Creating package script '/home/giacomo/urdf_example-main/install/urdf_example/share/urdf_example/package.zsh'
[0.528s] Level 1:colcon.colcon_core.environment:create_file_with_runtime_dependencies(/home/giacomo/urdf_example-main/install/urdf_example/share/colcon-core/packages/urdf_example)
[0.528s] DEBUG:colcon.colcon_parallel_executor.executor.parallel:closing loop
[0.528s] DEBUG:colcon.colcon_parallel_executor.executor.parallel:loop closed
[0.528s] DEBUG:colcon.colcon_parallel_executor.executor.parallel:run_until_complete finished with '0'
[0.529s] DEBUG:colcon.colcon_core.event_reactor:joining thread
[0.535s] INFO:colcon.colcon_core.plugin_system:Skipping extension 'colcon_notification.desktop_notification.terminal_notifier': Not used on non-Darwin systems
[0.535s] INFO:colcon.colcon_core.plugin_system:Skipping extension 'colcon_notification.desktop_notification.win32': Not used on non-Windows systems
[0.535s] INFO:colcon.colcon_notification.desktop_notification:Sending desktop notification using 'notify2'
[0.550s] DEBUG:colcon.colcon_core.event_reactor:joined thread
[0.553s] INFO:colcon.colcon_core.shell:Creating prefix script '/home/giacomo/urdf_example-main/install/local_setup.ps1'
[0.555s] INFO:colcon.colcon_core.shell:Creating prefix util module '/home/giacomo/urdf_example-main/install/_local_setup_util_ps1.py'
[0.557s] INFO:colcon.colcon_core.shell:Creating prefix chain script '/home/giacomo/urdf_example-main/install/setup.ps1'
[0.559s] INFO:colcon.colcon_core.shell:Creating prefix script '/home/giacomo/urdf_example-main/install/local_setup.sh'
[0.560s] INFO:colcon.colcon_core.shell:Creating prefix util module '/home/giacomo/urdf_example-main/install/_local_setup_util_sh.py'
[0.561s] INFO:colcon.colcon_core.shell:Creating prefix chain script '/home/giacomo/urdf_example-main/install/setup.sh'
[0.563s] INFO:colcon.colcon_core.shell:Creating prefix script '/home/giacomo/urdf_example-main/install/local_setup.bash'
[0.564s] INFO:colcon.colcon_core.shell:Creating prefix chain script '/home/giacomo/urdf_example-main/install/setup.bash'
[0.566s] INFO:colcon.colcon_core.shell:Creating prefix script '/home/giacomo/urdf_example-main/install/local_setup.zsh'
[0.566s] INFO:colcon.colcon_core.shell:Creating prefix chain script '/home/giacomo/urdf_example-main/install/setup.zsh'
