[0.102s] Invoking command in '/home/giacomo/thesis_ws/src/build/urdf_example': CMAKE_PREFIX_PATH=${CMAKE_PREFIX_PATH}:/home/giacomo/thesis_ws/install/bumper_cars:/home/giacomo/ros2_ws/install/py_pubsub:/home/giacomo/ros2_ws/install/my_robot_controller:/home/giacomo/ros2_ws/install/py_srvcli:/opt/ros/humble /usr/bin/cmake /home/giacomo/thesis_ws/src/urdf_example-main/urdf_example-main -DAMENT_CMAKE_SYMLINK_INSTALL=1 -DCMAKE_INSTALL_PREFIX=/home/giacomo/thesis_ws/src/install/urdf_example
[0.213s] -- The C compiler identification is GNU 11.4.0
[0.309s] -- The CXX compiler identification is GNU 11.4.0
[0.319s] -- Detecting C compiler ABI info
[0.405s] -- Detecting C compiler ABI info - done
[0.423s] -- Check for working C compiler: /usr/bin/cc - skipped
[0.424s] -- Detecting C compile features
[0.425s] -- Detecting C compile features - done
[0.431s] -- Detecting CXX compiler ABI info
[0.533s] -- Detecting CXX compiler ABI info - done
[0.543s] -- Check for working CXX compiler: /usr/bin/c++ - skipped
[0.544s] -- Detecting CXX compile features
[0.545s] -- Detecting CXX compile features - done
[0.549s] -- Found ament_cmake: 1.3.5 (/opt/ros/humble/share/ament_cmake/cmake)
[1.109s] -- Found Python3: /usr/bin/python3.10 (found version "3.10.12") found components: Interpreter 
[1.191s] -- Override CMake install command with custom implementation using symlinks instead of copying resources
[1.241s] -- Found ament_lint_auto: 0.12.8 (/opt/ros/humble/share/ament_lint_auto/cmake)
[1.390s] -- Added test 'copyright' to check source files copyright and LICENSE
[1.397s] -- Added test 'flake8' to check Python code syntax and style conventions
[1.398s] -- Added test 'lint_cmake' to check CMake code style
[1.400s] -- Added test 'pep257' to check Python code against some of the docstring style conventions in PEP 257
[1.403s] -- Added test 'xmllint' to check XML markup files
[1.407s] -- Configuring done
[1.413s] -- Generating done
[1.415s] -- Build files have been written to: /home/giacomo/thesis_ws/src/build/urdf_example
[1.423s] Invoked command in '/home/giacomo/thesis_ws/src/build/urdf_example' returned '0': CMAKE_PREFIX_PATH=${CMAKE_PREFIX_PATH}:/home/giacomo/thesis_ws/install/bumper_cars:/home/giacomo/ros2_ws/install/py_pubsub:/home/giacomo/ros2_ws/install/my_robot_controller:/home/giacomo/ros2_ws/install/py_srvcli:/opt/ros/humble /usr/bin/cmake /home/giacomo/thesis_ws/src/urdf_example-main/urdf_example-main -DAMENT_CMAKE_SYMLINK_INSTALL=1 -DCMAKE_INSTALL_PREFIX=/home/giacomo/thesis_ws/src/install/urdf_example
[1.426s] Invoking command in '/home/giacomo/thesis_ws/src/build/urdf_example': CMAKE_PREFIX_PATH=${CMAKE_PREFIX_PATH}:/home/giacomo/thesis_ws/install/bumper_cars:/home/giacomo/ros2_ws/install/py_pubsub:/home/giacomo/ros2_ws/install/my_robot_controller:/home/giacomo/ros2_ws/install/py_srvcli:/opt/ros/humble /usr/bin/cmake --build /home/giacomo/thesis_ws/src/build/urdf_example -- -j8 -l8
[1.468s] Invoked command in '/home/giacomo/thesis_ws/src/build/urdf_example' returned '0': CMAKE_PREFIX_PATH=${CMAKE_PREFIX_PATH}:/home/giacomo/thesis_ws/install/bumper_cars:/home/giacomo/ros2_ws/install/py_pubsub:/home/giacomo/ros2_ws/install/my_robot_controller:/home/giacomo/ros2_ws/install/py_srvcli:/opt/ros/humble /usr/bin/cmake --build /home/giacomo/thesis_ws/src/build/urdf_example -- -j8 -l8
[1.506s] Invoking command in '/home/giacomo/thesis_ws/src/build/urdf_example': CMAKE_PREFIX_PATH=${CMAKE_PREFIX_PATH}:/home/giacomo/thesis_ws/install/bumper_cars:/home/giacomo/ros2_ws/install/py_pubsub:/home/giacomo/ros2_ws/install/my_robot_controller:/home/giacomo/ros2_ws/install/py_srvcli:/opt/ros/humble /usr/bin/cmake --install /home/giacomo/thesis_ws/src/build/urdf_example
[1.514s] -- Install configuration: ""
[1.514s] -- Execute custom install script
[1.515s] -- Symlinking: /home/giacomo/thesis_ws/src/install/urdf_example/share/urdf_example/description/example_gazebo.xacro
[1.525s] -- Symlinking: /home/giacomo/thesis_ws/src/install/urdf_example/share/urdf_example/description/example_include.xacro
[1.540s] -- Symlinking: /home/giacomo/thesis_ws/src/install/urdf_example/share/urdf_example/description/example_robot.urdf.xacro
[1.551s] -- Symlinking: /home/giacomo/thesis_ws/src/install/urdf_example/share/urdf_example/launch/rsp.launch.py
[1.562s] -- Symlinking: /home/giacomo/thesis_ws/src/install/urdf_example/share/urdf_example/launch/rsp_sim.launch.py
[1.572s] -- Symlinking: /home/giacomo/thesis_ws/src/install/urdf_example/share/urdf_example/worlds/test_world.world
[1.584s] -- Symlinking: /home/giacomo/thesis_ws/src/install/urdf_example/share/ament_index/resource_index/package_run_dependencies/urdf_example
[1.595s] -- Symlinking: /home/giacomo/thesis_ws/src/install/urdf_example/share/ament_index/resource_index/parent_prefix_path/urdf_example
[1.605s] -- Symlinking: /home/giacomo/thesis_ws/src/install/urdf_example/share/urdf_example/environment/ament_prefix_path.sh
[1.616s] -- Symlinking: /home/giacomo/thesis_ws/src/install/urdf_example/share/urdf_example/environment/ament_prefix_path.dsv
[1.627s] -- Symlinking: /home/giacomo/thesis_ws/src/install/urdf_example/share/urdf_example/environment/path.sh
[1.637s] -- Symlinking: /home/giacomo/thesis_ws/src/install/urdf_example/share/urdf_example/environment/path.dsv
[1.649s] -- Symlinking: /home/giacomo/thesis_ws/src/install/urdf_example/share/urdf_example/local_setup.bash
[1.659s] -- Symlinking: /home/giacomo/thesis_ws/src/install/urdf_example/share/urdf_example/local_setup.sh
[1.669s] -- Symlinking: /home/giacomo/thesis_ws/src/install/urdf_example/share/urdf_example/local_setup.zsh
[1.679s] -- Symlinking: /home/giacomo/thesis_ws/src/install/urdf_example/share/urdf_example/local_setup.dsv
[1.689s] -- Symlinking: /home/giacomo/thesis_ws/src/install/urdf_example/share/urdf_example/package.dsv
[1.700s] -- Symlinking: /home/giacomo/thesis_ws/src/install/urdf_example/share/ament_index/resource_index/packages/urdf_example
[1.710s] -- Symlinking: /home/giacomo/thesis_ws/src/install/urdf_example/share/urdf_example/cmake/urdf_exampleConfig.cmake
[1.720s] -- Symlinking: /home/giacomo/thesis_ws/src/install/urdf_example/share/urdf_example/cmake/urdf_exampleConfig-version.cmake
[1.729s] -- Symlinking: /home/giacomo/thesis_ws/src/install/urdf_example/share/urdf_example/package.xml
[1.741s] Invoked command in '/home/giacomo/thesis_ws/src/build/urdf_example' returned '0': CMAKE_PREFIX_PATH=${CMAKE_PREFIX_PATH}:/home/giacomo/thesis_ws/install/bumper_cars:/home/giacomo/ros2_ws/install/py_pubsub:/home/giacomo/ros2_ws/install/my_robot_controller:/home/giacomo/ros2_ws/install/py_srvcli:/opt/ros/humble /usr/bin/cmake --install /home/giacomo/thesis_ws/src/build/urdf_example
