[1.324s] Invoking command in '/home/giacomo/thesis_ws/build/planner': PYTHONPATH=/home/giacomo/thesis_ws/build/planner/prefix_override:/home/giacomo/thesis_ws/install/planner/lib/python3.10/site-packages:${PYTHONPATH} /usr/bin/python3 setup.py develop --editable --build-directory /home/giacomo/thesis_ws/build/planner/build --no-deps install_data
[1.788s] running develop
[1.788s] /home/giacomo/.local/lib/python3.10/site-packages/setuptools/command/develop.py:40: EasyInstallDeprecationWarning: easy_install command is deprecated.
[1.788s] !!
[1.789s] 
[1.789s]         ********************************************************************************
[1.789s]         Please avoid running ``setup.py`` and ``easy_install``.
[1.789s]         Instead, use pypa/build, pypa/installer or other
[1.789s]         standards-based tools.
[1.789s] 
[1.790s]         See https://github.com/pypa/setuptools/issues/917 for details.
[1.790s]         ********************************************************************************
[1.790s] 
[1.790s] !!
[1.790s]   easy_install.initialize_options(self)
[1.845s] /home/giacomo/.local/lib/python3.10/site-packages/setuptools/_distutils/cmd.py:66: SetuptoolsDeprecationWarning: setup.py install is deprecated.
[1.845s] !!
[1.845s] 
[1.845s]         ********************************************************************************
[1.845s]         Please avoid running ``setup.py`` directly.
[1.846s]         Instead, use pypa/build, pypa/installer or other
[1.846s]         standards-based tools.
[1.846s] 
[1.846s]         See https://blog.ganssle.io/articles/2021/10/setup-py-deprecated.html for details.
[1.846s]         ********************************************************************************
[1.846s] 
[1.847s] !!
[1.847s]   self.initialize_options()
[2.180s] running egg_info
[2.208s] writing planner.egg-info/PKG-INFO
[2.209s] writing dependency_links to planner.egg-info/dependency_links.txt
[2.209s] writing requirements to planner.egg-info/requires.txt
[2.210s] writing top-level names to planner.egg-info/top_level.txt
[2.271s] reading manifest file 'planner.egg-info/SOURCES.txt'
[2.272s] writing manifest file 'planner.egg-info/SOURCES.txt'
[2.300s] running build_ext
[2.300s] Creating /home/giacomo/thesis_ws/install/planner/lib/python3.10/site-packages/planner.egg-link (link to .)
[2.301s] 
[2.301s] Installed /home/giacomo/thesis_ws/build/planner
[2.301s] running install_data
[2.343s] Invoked command in '/home/giacomo/thesis_ws/build/planner' returned '0': PYTHONPATH=/home/giacomo/thesis_ws/build/planner/prefix_override:/home/giacomo/thesis_ws/install/planner/lib/python3.10/site-packages:${PYTHONPATH} /usr/bin/python3 setup.py develop --editable --build-directory /home/giacomo/thesis_ws/build/planner/build --no-deps install_data
