[0.893s] Invoking command in '/home/giacomo/thesis_ws/build/bumper_cars': CMAKE_PREFIX_PATH=/home/giacomo/thesis_ws/install/custom_message:/home/giacomo/thesis_ws/install/my_bot:/home/giacomo/thesis_ws/install/urdf_example:/home/giacomo/thesis_ws/install/sym_bringup:/home/giacomo/ros2_ws/install/tutorial_interfaces:/home/giacomo/ros2_ws/install/turtlesim PYTHONPATH=/home/giacomo/thesis_ws/build/bumper_cars/prefix_override:/home/giacomo/thesis_ws/install/bumper_cars/lib/python3.10/site-packages:${PYTHONPATH} /usr/bin/python3 setup.py develop --editable --build-directory /home/giacomo/thesis_ws/build/bumper_cars/build --no-deps install_data
[1.204s] running develop
[1.204s] /home/giacomo/.local/lib/python3.10/site-packages/setuptools/command/develop.py:40: EasyInstallDeprecationWarning: easy_install command is deprecated.
[1.204s] !!
[1.204s] 
[1.204s]         ********************************************************************************
[1.204s]         Please avoid running ``setup.py`` and ``easy_install``.
[1.204s]         Instead, use pypa/build, pypa/installer or other
[1.204s]         standards-based tools.
[1.204s] 
[1.204s]         See https://github.com/pypa/setuptools/issues/917 for details.
[1.204s]         ********************************************************************************
[1.205s] 
[1.205s] !!
[1.205s]   easy_install.initialize_options(self)
[1.236s] /home/giacomo/.local/lib/python3.10/site-packages/setuptools/_distutils/cmd.py:66: SetuptoolsDeprecationWarning: setup.py install is deprecated.
[1.236s] !!
[1.236s] 
[1.236s]         ********************************************************************************
[1.236s]         Please avoid running ``setup.py`` directly.
[1.236s]         Instead, use pypa/build, pypa/installer or other
[1.236s]         standards-based tools.
[1.236s] 
[1.236s]         See https://blog.ganssle.io/articles/2021/10/setup-py-deprecated.html for details.
[1.237s]         ********************************************************************************
[1.237s] 
[1.237s] !!
[1.237s]   self.initialize_options()
[1.419s] running egg_info
[1.434s] writing bumper_cars.egg-info/PKG-INFO
[1.435s] writing dependency_links to bumper_cars.egg-info/dependency_links.txt
[1.435s] writing entry points to bumper_cars.egg-info/entry_points.txt
[1.435s] writing requirements to bumper_cars.egg-info/requires.txt
[1.436s] writing top-level names to bumper_cars.egg-info/top_level.txt
[1.469s] reading manifest file 'bumper_cars.egg-info/SOURCES.txt'
[1.469s] writing manifest file 'bumper_cars.egg-info/SOURCES.txt'
[1.486s] running build_ext
[1.487s] Creating /home/giacomo/thesis_ws/install/bumper_cars/lib/python3.10/site-packages/bumper-cars.egg-link (link to .)
[1.487s] Installing controller script to /home/giacomo/thesis_ws/install/bumper_cars/lib/bumper_cars
[1.487s] Installing model script to /home/giacomo/thesis_ws/install/bumper_cars/lib/bumper_cars
[1.488s] Installing plotter script to /home/giacomo/thesis_ws/install/bumper_cars/lib/bumper_cars
[1.488s] Installing sensor script to /home/giacomo/thesis_ws/install/bumper_cars/lib/bumper_cars
[1.488s] 
[1.488s] Installed /home/giacomo/thesis_ws/build/bumper_cars
[1.488s] running install_data
[1.489s] copying package.xml -> /home/giacomo/thesis_ws/install/bumper_cars/share/bumper_cars
[1.519s] Invoked command in '/home/giacomo/thesis_ws/build/bumper_cars' returned '0': CMAKE_PREFIX_PATH=/home/giacomo/thesis_ws/install/custom_message:/home/giacomo/thesis_ws/install/my_bot:/home/giacomo/thesis_ws/install/urdf_example:/home/giacomo/thesis_ws/install/sym_bringup:/home/giacomo/ros2_ws/install/tutorial_interfaces:/home/giacomo/ros2_ws/install/turtlesim PYTHONPATH=/home/giacomo/thesis_ws/build/bumper_cars/prefix_override:/home/giacomo/thesis_ws/install/bumper_cars/lib/python3.10/site-packages:${PYTHONPATH} /usr/bin/python3 setup.py develop --editable --build-directory /home/giacomo/thesis_ws/build/bumper_cars/build --no-deps install_data
