[2.084s] DEBUG:colcon:Command line arguments: ['/usr/bin/colcon', 'build', '--symlink-install']
[2.084s] DEBUG:colcon:Parsed command line arguments: Namespace(log_base=None, log_level=None, verb_name='build', build_base='build', install_base='install', merge_install=False, symlink_install=True, test_result_base=None, continue_on_error=False, executor='parallel', parallel_workers=8, event_handlers=None, ignore_user_meta=False, metas=['./colcon.meta'], base_paths=['.'], packages_ignore=None, packages_ignore_regex=None, paths=None, packages_up_to=None, packages_up_to_regex=None, packages_above=None, packages_above_and_dependencies=None, packages_above_depth=None, packages_select_by_dep=None, packages_skip_by_dep=None, packages_skip_up_to=None, packages_select_build_failed=False, packages_skip_build_finished=False, packages_select_test_failures=False, packages_skip_test_passed=False, packages_select=None, packages_skip=None, packages_select_regex=None, packages_skip_regex=None, packages_start=None, packages_end=None, allow_overriding=[], cmake_args=None, cmake_target=None, cmake_target_skip_unavailable=False, cmake_clean_cache=False, cmake_clean_first=False, cmake_force_configure=False, ament_cmake_args=None, catkin_cmake_args=None, catkin_skip_building_tests=False, verb_parser=<colcon_defaults.argument_parser.defaults.DefaultArgumentsDecorator object at 0x7fb6d84322c0>, verb_extension=<colcon_core.verb.build.BuildVerb object at 0x7fb6d8431de0>, main=<bound method BuildVerb.main of <colcon_core.verb.build.BuildVerb object at 0x7fb6d8431de0>>)
[2.223s] Level 1:colcon.colcon_core.package_discovery:discover_packages(colcon_meta) check parameters
[2.223s] Level 1:colcon.colcon_core.package_discovery:discover_packages(recursive) check parameters
[2.223s] Level 1:colcon.colcon_core.package_discovery:discover_packages(ignore) check parameters
[2.224s] Level 1:colcon.colcon_core.package_discovery:discover_packages(path) check parameters
[2.224s] Level 1:colcon.colcon_core.package_discovery:discover_packages(colcon_meta) discover
[2.224s] Level 1:colcon.colcon_core.package_discovery:discover_packages(recursive) discover
[2.224s] INFO:colcon.colcon_core.package_discovery:Crawling recursively for packages in '/home/giacomo/thesis_ws'
[2.224s] Level 1:colcon.colcon_core.package_identification:_identify(.) by extensions ['ignore', 'ignore_ament_install']
[2.224s] Level 1:colcon.colcon_core.package_identification:_identify(.) by extension 'ignore'
[2.225s] Level 1:colcon.colcon_core.package_identification:_identify(.) by extension 'ignore_ament_install'
[2.225s] Level 1:colcon.colcon_core.package_identification:_identify(.) by extensions ['colcon_pkg']
[2.225s] Level 1:colcon.colcon_core.package_identification:_identify(.) by extension 'colcon_pkg'
[2.225s] Level 1:colcon.colcon_core.package_identification:_identify(.) by extensions ['colcon_meta']
[2.225s] Level 1:colcon.colcon_core.package_identification:_identify(.) by extension 'colcon_meta'
[2.225s] Level 1:colcon.colcon_core.package_identification:_identify(.) by extensions ['ros']
[2.225s] Level 1:colcon.colcon_core.package_identification:_identify(.) by extension 'ros'
[2.257s] Level 1:colcon.colcon_core.package_identification:_identify(.) by extensions ['cmake', 'python']
[2.257s] Level 1:colcon.colcon_core.package_identification:_identify(.) by extension 'cmake'
[2.257s] Level 1:colcon.colcon_core.package_identification:_identify(.) by extension 'python'
[2.257s] Level 1:colcon.colcon_core.package_identification:_identify(.) by extensions ['python_setup_py']
[2.257s] Level 1:colcon.colcon_core.package_identification:_identify(.) by extension 'python_setup_py'
[2.258s] Level 1:colcon.colcon_core.package_identification:_identify(build) by extensions ['ignore', 'ignore_ament_install']
[2.258s] Level 1:colcon.colcon_core.package_identification:_identify(build) by extension 'ignore'
[2.258s] Level 1:colcon.colcon_core.package_identification:_identify(build) ignored
[2.258s] Level 1:colcon.colcon_core.package_identification:_identify(install) by extensions ['ignore', 'ignore_ament_install']
[2.258s] Level 1:colcon.colcon_core.package_identification:_identify(install) by extension 'ignore'
[2.258s] Level 1:colcon.colcon_core.package_identification:_identify(install) ignored
[2.259s] Level 1:colcon.colcon_core.package_identification:_identify(log) by extensions ['ignore', 'ignore_ament_install']
[2.259s] Level 1:colcon.colcon_core.package_identification:_identify(log) by extension 'ignore'
[2.259s] Level 1:colcon.colcon_core.package_identification:_identify(log) ignored
[2.259s] Level 1:colcon.colcon_core.package_identification:_identify(src) by extensions ['ignore', 'ignore_ament_install']
[2.259s] Level 1:colcon.colcon_core.package_identification:_identify(src) by extension 'ignore'
[2.259s] Level 1:colcon.colcon_core.package_identification:_identify(src) by extension 'ignore_ament_install'
[2.260s] Level 1:colcon.colcon_core.package_identification:_identify(src) by extensions ['colcon_pkg']
[2.260s] Level 1:colcon.colcon_core.package_identification:_identify(src) by extension 'colcon_pkg'
[2.260s] Level 1:colcon.colcon_core.package_identification:_identify(src) by extensions ['colcon_meta']
[2.260s] Level 1:colcon.colcon_core.package_identification:_identify(src) by extension 'colcon_meta'
[2.260s] Level 1:colcon.colcon_core.package_identification:_identify(src) by extensions ['ros']
[2.260s] Level 1:colcon.colcon_core.package_identification:_identify(src) by extension 'ros'
[2.260s] Level 1:colcon.colcon_core.package_identification:_identify(src) by extensions ['cmake', 'python']
[2.260s] Level 1:colcon.colcon_core.package_identification:_identify(src) by extension 'cmake'
[2.260s] Level 1:colcon.colcon_core.package_identification:_identify(src) by extension 'python'
[2.260s] Level 1:colcon.colcon_core.package_identification:_identify(src) by extensions ['python_setup_py']
[2.261s] Level 1:colcon.colcon_core.package_identification:_identify(src) by extension 'python_setup_py'
[2.261s] Level 1:colcon.colcon_core.package_identification:_identify(src/build) by extensions ['ignore', 'ignore_ament_install']
[2.261s] Level 1:colcon.colcon_core.package_identification:_identify(src/build) by extension 'ignore'
[2.261s] Level 1:colcon.colcon_core.package_identification:_identify(src/build) ignored
[2.261s] Level 1:colcon.colcon_core.package_identification:_identify(src/bumper_cars) by extensions ['ignore', 'ignore_ament_install']
[2.262s] Level 1:colcon.colcon_core.package_identification:_identify(src/bumper_cars) by extension 'ignore'
[2.262s] Level 1:colcon.colcon_core.package_identification:_identify(src/bumper_cars) by extension 'ignore_ament_install'
[2.262s] Level 1:colcon.colcon_core.package_identification:_identify(src/bumper_cars) by extensions ['colcon_pkg']
[2.262s] Level 1:colcon.colcon_core.package_identification:_identify(src/bumper_cars) by extension 'colcon_pkg'
[2.262s] Level 1:colcon.colcon_core.package_identification:_identify(src/bumper_cars) by extensions ['colcon_meta']
[2.262s] Level 1:colcon.colcon_core.package_identification:_identify(src/bumper_cars) by extension 'colcon_meta'
[2.262s] Level 1:colcon.colcon_core.package_identification:_identify(src/bumper_cars) by extensions ['ros']
[2.262s] Level 1:colcon.colcon_core.package_identification:_identify(src/bumper_cars) by extension 'ros'
[2.270s] DEBUG:colcon.colcon_core.package_identification:Package 'src/bumper_cars' with type 'ros.ament_python' and name 'bumper_cars'
[2.271s] Level 1:colcon.colcon_core.package_identification:_identify(src/custom_message) by extensions ['ignore', 'ignore_ament_install']
[2.271s] Level 1:colcon.colcon_core.package_identification:_identify(src/custom_message) by extension 'ignore'
[2.271s] Level 1:colcon.colcon_core.package_identification:_identify(src/custom_message) by extension 'ignore_ament_install'
[2.271s] Level 1:colcon.colcon_core.package_identification:_identify(src/custom_message) by extensions ['colcon_pkg']
[2.271s] Level 1:colcon.colcon_core.package_identification:_identify(src/custom_message) by extension 'colcon_pkg'
[2.271s] Level 1:colcon.colcon_core.package_identification:_identify(src/custom_message) by extensions ['colcon_meta']
[2.271s] Level 1:colcon.colcon_core.package_identification:_identify(src/custom_message) by extension 'colcon_meta'
[2.272s] Level 1:colcon.colcon_core.package_identification:_identify(src/custom_message) by extensions ['ros']
[2.272s] Level 1:colcon.colcon_core.package_identification:_identify(src/custom_message) by extension 'ros'
[2.273s] DEBUG:colcon.colcon_core.package_identification:Package 'src/custom_message' with type 'ros.ament_cmake' and name 'custom_message'
[2.273s] Level 1:colcon.colcon_core.package_identification:_identify(src/install) by extensions ['ignore', 'ignore_ament_install']
[2.273s] Level 1:colcon.colcon_core.package_identification:_identify(src/install) by extension 'ignore'
[2.274s] Level 1:colcon.colcon_core.package_identification:_identify(src/install) ignored
[2.274s] Level 1:colcon.colcon_core.package_identification:_identify(src/log) by extensions ['ignore', 'ignore_ament_install']
[2.274s] Level 1:colcon.colcon_core.package_identification:_identify(src/log) by extension 'ignore'
[2.274s] Level 1:colcon.colcon_core.package_identification:_identify(src/log) ignored
[2.274s] Level 1:colcon.colcon_core.package_identification:_identify(src/planner) by extensions ['ignore', 'ignore_ament_install']
[2.274s] Level 1:colcon.colcon_core.package_identification:_identify(src/planner) by extension 'ignore'
[2.275s] Level 1:colcon.colcon_core.package_identification:_identify(src/planner) by extension 'ignore_ament_install'
[2.275s] Level 1:colcon.colcon_core.package_identification:_identify(src/planner) by extensions ['colcon_pkg']
[2.275s] Level 1:colcon.colcon_core.package_identification:_identify(src/planner) by extension 'colcon_pkg'
[2.275s] Level 1:colcon.colcon_core.package_identification:_identify(src/planner) by extensions ['colcon_meta']
[2.275s] Level 1:colcon.colcon_core.package_identification:_identify(src/planner) by extension 'colcon_meta'
[2.275s] Level 1:colcon.colcon_core.package_identification:_identify(src/planner) by extensions ['ros']
[2.275s] Level 1:colcon.colcon_core.package_identification:_identify(src/planner) by extension 'ros'
[2.276s] DEBUG:colcon.colcon_core.package_identification:Package 'src/planner' with type 'ros.ament_python' and name 'planner'
[2.277s] Level 1:colcon.colcon_core.package_identification:_identify(src/sym_bringup) by extensions ['ignore', 'ignore_ament_install']
[2.277s] Level 1:colcon.colcon_core.package_identification:_identify(src/sym_bringup) by extension 'ignore'
[2.277s] Level 1:colcon.colcon_core.package_identification:_identify(src/sym_bringup) by extension 'ignore_ament_install'
[2.277s] Level 1:colcon.colcon_core.package_identification:_identify(src/sym_bringup) by extensions ['colcon_pkg']
[2.277s] Level 1:colcon.colcon_core.package_identification:_identify(src/sym_bringup) by extension 'colcon_pkg'
[2.277s] Level 1:colcon.colcon_core.package_identification:_identify(src/sym_bringup) by extensions ['colcon_meta']
[2.277s] Level 1:colcon.colcon_core.package_identification:_identify(src/sym_bringup) by extension 'colcon_meta'
[2.278s] Level 1:colcon.colcon_core.package_identification:_identify(src/sym_bringup) by extensions ['ros']
[2.278s] Level 1:colcon.colcon_core.package_identification:_identify(src/sym_bringup) by extension 'ros'
[2.279s] DEBUG:colcon.colcon_core.package_identification:Package 'src/sym_bringup' with type 'ros.ament_cmake' and name 'sym_bringup'
[2.279s] Level 1:colcon.colcon_core.package_identification:_identify(src/urdf_example-main) by extensions ['ignore', 'ignore_ament_install']
[2.279s] Level 1:colcon.colcon_core.package_identification:_identify(src/urdf_example-main) by extension 'ignore'
[2.279s] Level 1:colcon.colcon_core.package_identification:_identify(src/urdf_example-main) by extension 'ignore_ament_install'
[2.280s] Level 1:colcon.colcon_core.package_identification:_identify(src/urdf_example-main) by extensions ['colcon_pkg']
[2.280s] Level 1:colcon.colcon_core.package_identification:_identify(src/urdf_example-main) by extension 'colcon_pkg'
[2.280s] Level 1:colcon.colcon_core.package_identification:_identify(src/urdf_example-main) by extensions ['colcon_meta']
[2.280s] Level 1:colcon.colcon_core.package_identification:_identify(src/urdf_example-main) by extension 'colcon_meta'
[2.280s] Level 1:colcon.colcon_core.package_identification:_identify(src/urdf_example-main) by extensions ['ros']
[2.280s] Level 1:colcon.colcon_core.package_identification:_identify(src/urdf_example-main) by extension 'ros'
[2.280s] Level 1:colcon.colcon_core.package_identification:_identify(src/urdf_example-main) by extensions ['cmake', 'python']
[2.280s] Level 1:colcon.colcon_core.package_identification:_identify(src/urdf_example-main) by extension 'cmake'
[2.280s] Level 1:colcon.colcon_core.package_identification:_identify(src/urdf_example-main) by extension 'python'
[2.281s] Level 1:colcon.colcon_core.package_identification:_identify(src/urdf_example-main) by extensions ['python_setup_py']
[2.281s] Level 1:colcon.colcon_core.package_identification:_identify(src/urdf_example-main) by extension 'python_setup_py'
[2.281s] Level 1:colcon.colcon_core.package_identification:_identify(src/urdf_example-main/build) by extensions ['ignore', 'ignore_ament_install']
[2.281s] Level 1:colcon.colcon_core.package_identification:_identify(src/urdf_example-main/build) by extension 'ignore'
[2.281s] Level 1:colcon.colcon_core.package_identification:_identify(src/urdf_example-main/build) ignored
[2.281s] Level 1:colcon.colcon_core.package_identification:_identify(src/urdf_example-main/install) by extensions ['ignore', 'ignore_ament_install']
[2.282s] Level 1:colcon.colcon_core.package_identification:_identify(src/urdf_example-main/install) by extension 'ignore'
[2.282s] Level 1:colcon.colcon_core.package_identification:_identify(src/urdf_example-main/install) ignored
[2.282s] Level 1:colcon.colcon_core.package_identification:_identify(src/urdf_example-main/log) by extensions ['ignore', 'ignore_ament_install']
[2.282s] Level 1:colcon.colcon_core.package_identification:_identify(src/urdf_example-main/log) by extension 'ignore'
[2.282s] Level 1:colcon.colcon_core.package_identification:_identify(src/urdf_example-main/log) ignored
[2.283s] Level 1:colcon.colcon_core.package_identification:_identify(src/urdf_example-main/urdf_example-main) by extensions ['ignore', 'ignore_ament_install']
[2.283s] Level 1:colcon.colcon_core.package_identification:_identify(src/urdf_example-main/urdf_example-main) by extension 'ignore'
[2.283s] Level 1:colcon.colcon_core.package_identification:_identify(src/urdf_example-main/urdf_example-main) by extension 'ignore_ament_install'
[2.283s] Level 1:colcon.colcon_core.package_identification:_identify(src/urdf_example-main/urdf_example-main) by extensions ['colcon_pkg']
[2.283s] Level 1:colcon.colcon_core.package_identification:_identify(src/urdf_example-main/urdf_example-main) by extension 'colcon_pkg'
[2.283s] Level 1:colcon.colcon_core.package_identification:_identify(src/urdf_example-main/urdf_example-main) by extensions ['colcon_meta']
[2.283s] Level 1:colcon.colcon_core.package_identification:_identify(src/urdf_example-main/urdf_example-main) by extension 'colcon_meta'
[2.283s] Level 1:colcon.colcon_core.package_identification:_identify(src/urdf_example-main/urdf_example-main) by extensions ['ros']
[2.283s] Level 1:colcon.colcon_core.package_identification:_identify(src/urdf_example-main/urdf_example-main) by extension 'ros'
[2.284s] DEBUG:colcon.colcon_core.package_identification:Package 'src/urdf_example-main/urdf_example-main' with type 'ros.ament_cmake' and name 'urdf_example'
[2.284s] Level 1:colcon.colcon_core.package_discovery:discover_packages(recursive) using defaults
[2.285s] Level 1:colcon.colcon_core.package_discovery:discover_packages(ignore) discover
[2.285s] Level 1:colcon.colcon_core.package_discovery:discover_packages(ignore) using defaults
[2.285s] Level 1:colcon.colcon_core.package_discovery:discover_packages(path) discover
[2.285s] Level 1:colcon.colcon_core.package_discovery:discover_packages(path) using defaults
[2.525s] Level 1:colcon.colcon_core.package_discovery:discover_packages(prefix_path) check parameters
[2.525s] Level 1:colcon.colcon_core.package_discovery:discover_packages(prefix_path) discover
[2.608s] DEBUG:colcon.colcon_installed_package_information.package_discovery:Found 7 installed packages in /home/giacomo/thesis_ws/install
[2.647s] DEBUG:colcon.colcon_installed_package_information.package_discovery:Found 5 installed packages in /home/giacomo/ros2_ws/install
[2.686s] DEBUG:colcon.colcon_installed_package_information.package_discovery:Found 280 installed packages in /opt/ros/humble
[2.689s] Level 1:colcon.colcon_core.package_discovery:discover_packages(prefix_path) using defaults
[2.883s] Level 5:colcon.colcon_core.verb:set package 'custom_message' build argument 'cmake_args' from command line to 'None'
[2.883s] Level 5:colcon.colcon_core.verb:set package 'custom_message' build argument 'cmake_target' from command line to 'None'
[2.883s] Level 5:colcon.colcon_core.verb:set package 'custom_message' build argument 'cmake_target_skip_unavailable' from command line to 'False'
[2.883s] Level 5:colcon.colcon_core.verb:set package 'custom_message' build argument 'cmake_clean_cache' from command line to 'False'
[2.883s] Level 5:colcon.colcon_core.verb:set package 'custom_message' build argument 'cmake_clean_first' from command line to 'False'
[2.883s] Level 5:colcon.colcon_core.verb:set package 'custom_message' build argument 'cmake_force_configure' from command line to 'False'
[2.883s] Level 5:colcon.colcon_core.verb:set package 'custom_message' build argument 'ament_cmake_args' from command line to 'None'
[2.883s] Level 5:colcon.colcon_core.verb:set package 'custom_message' build argument 'catkin_cmake_args' from command line to 'None'
[2.883s] Level 5:colcon.colcon_core.verb:set package 'custom_message' build argument 'catkin_skip_building_tests' from command line to 'False'
[2.883s] DEBUG:colcon.colcon_core.verb:Building package 'custom_message' with the following arguments: {'ament_cmake_args': None, 'build_base': '/home/giacomo/thesis_ws/build/custom_message', 'catkin_cmake_args': None, 'catkin_skip_building_tests': False, 'cmake_args': None, 'cmake_clean_cache': False, 'cmake_clean_first': False, 'cmake_force_configure': False, 'cmake_target': None, 'cmake_target_skip_unavailable': False, 'install_base': '/home/giacomo/thesis_ws/install/custom_message', 'merge_install': False, 'path': '/home/giacomo/thesis_ws/src/custom_message', 'symlink_install': True, 'test_result_base': None}
[2.918s] Level 5:colcon.colcon_core.verb:set package 'planner' build argument 'cmake_args' from command line to 'None'
[2.918s] Level 5:colcon.colcon_core.verb:set package 'planner' build argument 'cmake_target' from command line to 'None'
[2.918s] Level 5:colcon.colcon_core.verb:set package 'planner' build argument 'cmake_target_skip_unavailable' from command line to 'False'
[2.918s] Level 5:colcon.colcon_core.verb:set package 'planner' build argument 'cmake_clean_cache' from command line to 'False'
[2.918s] Level 5:colcon.colcon_core.verb:set package 'planner' build argument 'cmake_clean_first' from command line to 'False'
[2.918s] Level 5:colcon.colcon_core.verb:set package 'planner' build argument 'cmake_force_configure' from command line to 'False'
[2.918s] Level 5:colcon.colcon_core.verb:set package 'planner' build argument 'ament_cmake_args' from command line to 'None'
[2.919s] Level 5:colcon.colcon_core.verb:set package 'planner' build argument 'catkin_cmake_args' from command line to 'None'
[2.919s] Level 5:colcon.colcon_core.verb:set package 'planner' build argument 'catkin_skip_building_tests' from command line to 'False'
[2.919s] DEBUG:colcon.colcon_core.verb:Building package 'planner' with the following arguments: {'ament_cmake_args': None, 'build_base': '/home/giacomo/thesis_ws/build/planner', 'catkin_cmake_args': None, 'catkin_skip_building_tests': False, 'cmake_args': None, 'cmake_clean_cache': False, 'cmake_clean_first': False, 'cmake_force_configure': False, 'cmake_target': None, 'cmake_target_skip_unavailable': False, 'install_base': '/home/giacomo/thesis_ws/install/planner', 'merge_install': False, 'path': '/home/giacomo/thesis_ws/src/planner', 'symlink_install': True, 'test_result_base': None}
[2.955s] Level 5:colcon.colcon_core.verb:set package 'urdf_example' build argument 'cmake_args' from command line to 'None'
[2.955s] Level 5:colcon.colcon_core.verb:set package 'urdf_example' build argument 'cmake_target' from command line to 'None'
[2.955s] Level 5:colcon.colcon_core.verb:set package 'urdf_example' build argument 'cmake_target_skip_unavailable' from command line to 'False'
[2.955s] Level 5:colcon.colcon_core.verb:set package 'urdf_example' build argument 'cmake_clean_cache' from command line to 'False'
[2.955s] Level 5:colcon.colcon_core.verb:set package 'urdf_example' build argument 'cmake_clean_first' from command line to 'False'
[2.955s] Level 5:colcon.colcon_core.verb:set package 'urdf_example' build argument 'cmake_force_configure' from command line to 'False'
[2.955s] Level 5:colcon.colcon_core.verb:set package 'urdf_example' build argument 'ament_cmake_args' from command line to 'None'
[2.955s] Level 5:colcon.colcon_core.verb:set package 'urdf_example' build argument 'catkin_cmake_args' from command line to 'None'
[2.955s] Level 5:colcon.colcon_core.verb:set package 'urdf_example' build argument 'catkin_skip_building_tests' from command line to 'False'
[2.955s] DEBUG:colcon.colcon_core.verb:Building package 'urdf_example' with the following arguments: {'ament_cmake_args': None, 'build_base': '/home/giacomo/thesis_ws/build/urdf_example', 'catkin_cmake_args': None, 'catkin_skip_building_tests': False, 'cmake_args': None, 'cmake_clean_cache': False, 'cmake_clean_first': False, 'cmake_force_configure': False, 'cmake_target': None, 'cmake_target_skip_unavailable': False, 'install_base': '/home/giacomo/thesis_ws/install/urdf_example', 'merge_install': False, 'path': '/home/giacomo/thesis_ws/src/urdf_example-main/urdf_example-main', 'symlink_install': True, 'test_result_base': None}
[3.014s] Level 5:colcon.colcon_core.verb:set package 'bumper_cars' build argument 'cmake_args' from command line to 'None'
[3.014s] Level 5:colcon.colcon_core.verb:set package 'bumper_cars' build argument 'cmake_target' from command line to 'None'
[3.014s] Level 5:colcon.colcon_core.verb:set package 'bumper_cars' build argument 'cmake_target_skip_unavailable' from command line to 'False'
[3.014s] Level 5:colcon.colcon_core.verb:set package 'bumper_cars' build argument 'cmake_clean_cache' from command line to 'False'
[3.014s] Level 5:colcon.colcon_core.verb:set package 'bumper_cars' build argument 'cmake_clean_first' from command line to 'False'
[3.014s] Level 5:colcon.colcon_core.verb:set package 'bumper_cars' build argument 'cmake_force_configure' from command line to 'False'
[3.014s] Level 5:colcon.colcon_core.verb:set package 'bumper_cars' build argument 'ament_cmake_args' from command line to 'None'
[3.014s] Level 5:colcon.colcon_core.verb:set package 'bumper_cars' build argument 'catkin_cmake_args' from command line to 'None'
[3.015s] Level 5:colcon.colcon_core.verb:set package 'bumper_cars' build argument 'catkin_skip_building_tests' from command line to 'False'
[3.015s] DEBUG:colcon.colcon_core.verb:Building package 'bumper_cars' with the following arguments: {'ament_cmake_args': None, 'build_base': '/home/giacomo/thesis_ws/build/bumper_cars', 'catkin_cmake_args': None, 'catkin_skip_building_tests': False, 'cmake_args': None, 'cmake_clean_cache': False, 'cmake_clean_first': False, 'cmake_force_configure': False, 'cmake_target': None, 'cmake_target_skip_unavailable': False, 'install_base': '/home/giacomo/thesis_ws/install/bumper_cars', 'merge_install': False, 'path': '/home/giacomo/thesis_ws/src/bumper_cars', 'symlink_install': True, 'test_result_base': None}
[3.051s] Level 5:colcon.colcon_core.verb:set package 'sym_bringup' build argument 'cmake_args' from command line to 'None'
[3.051s] Level 5:colcon.colcon_core.verb:set package 'sym_bringup' build argument 'cmake_target' from command line to 'None'
[3.051s] Level 5:colcon.colcon_core.verb:set package 'sym_bringup' build argument 'cmake_target_skip_unavailable' from command line to 'False'
[3.051s] Level 5:colcon.colcon_core.verb:set package 'sym_bringup' build argument 'cmake_clean_cache' from command line to 'False'
[3.051s] Level 5:colcon.colcon_core.verb:set package 'sym_bringup' build argument 'cmake_clean_first' from command line to 'False'
[3.051s] Level 5:colcon.colcon_core.verb:set package 'sym_bringup' build argument 'cmake_force_configure' from command line to 'False'
[3.051s] Level 5:colcon.colcon_core.verb:set package 'sym_bringup' build argument 'ament_cmake_args' from command line to 'None'
[3.051s] Level 5:colcon.colcon_core.verb:set package 'sym_bringup' build argument 'catkin_cmake_args' from command line to 'None'
[3.051s] Level 5:colcon.colcon_core.verb:set package 'sym_bringup' build argument 'catkin_skip_building_tests' from command line to 'False'
[3.051s] DEBUG:colcon.colcon_core.verb:Building package 'sym_bringup' with the following arguments: {'ament_cmake_args': None, 'build_base': '/home/giacomo/thesis_ws/build/sym_bringup', 'catkin_cmake_args': None, 'catkin_skip_building_tests': False, 'cmake_args': None, 'cmake_clean_cache': False, 'cmake_clean_first': False, 'cmake_force_configure': False, 'cmake_target': None, 'cmake_target_skip_unavailable': False, 'install_base': '/home/giacomo/thesis_ws/install/sym_bringup', 'merge_install': False, 'path': '/home/giacomo/thesis_ws/src/sym_bringup', 'symlink_install': True, 'test_result_base': None}
[3.090s] INFO:colcon.colcon_core.executor:Executing jobs using 'parallel' executor
[3.131s] DEBUG:colcon.colcon_parallel_executor.executor.parallel:run_until_complete
[3.132s] INFO:colcon.colcon_ros.task.ament_cmake.build:Building ROS package in '/home/giacomo/thesis_ws/src/custom_message' with build type 'ament_cmake'
[3.132s] INFO:colcon.colcon_cmake.task.cmake.build:Building CMake package in '/home/giacomo/thesis_ws/src/custom_message'
[3.179s] INFO:colcon.colcon_core.plugin_system:Skipping extension 'colcon_core.shell.bat': Not used on non-Windows systems
[3.179s] INFO:colcon.colcon_core.shell:Skip shell extension 'powershell' for command environment: Not usable outside of PowerShell
[3.180s] DEBUG:colcon.colcon_core.shell:Skip shell extension 'dsv' for command environment
[3.356s] INFO:colcon.colcon_ros.task.ament_python.build:Building ROS package in '/home/giacomo/thesis_ws/src/planner' with build type 'ament_python'
[3.356s] Level 1:colcon.colcon_core.shell:create_environment_hook('planner', 'ament_prefix_path')
[3.401s] INFO:colcon.colcon_core.shell:Creating environment hook '/home/giacomo/thesis_ws/install/planner/share/planner/hook/ament_prefix_path.ps1'
[3.403s] INFO:colcon.colcon_core.shell:Creating environment descriptor '/home/giacomo/thesis_ws/install/planner/share/planner/hook/ament_prefix_path.dsv'
[3.403s] INFO:colcon.colcon_core.shell:Creating environment hook '/home/giacomo/thesis_ws/install/planner/share/planner/hook/ament_prefix_path.sh'
[3.448s] INFO:colcon.colcon_core.shell:Skip shell extension 'powershell' for command environment: Not usable outside of PowerShell
[3.448s] DEBUG:colcon.colcon_core.shell:Skip shell extension 'dsv' for command environment
[3.612s] INFO:colcon.colcon_ros.task.ament_cmake.build:Building ROS package in '/home/giacomo/thesis_ws/src/urdf_example-main/urdf_example-main' with build type 'ament_cmake'
[3.612s] INFO:colcon.colcon_cmake.task.cmake.build:Building CMake package in '/home/giacomo/thesis_ws/src/urdf_example-main/urdf_example-main'
[3.657s] INFO:colcon.colcon_core.shell:Skip shell extension 'powershell' for command environment: Not usable outside of PowerShell
[3.657s] DEBUG:colcon.colcon_core.shell:Skip shell extension 'dsv' for command environment
[3.830s] DEBUG:colcon.colcon_core.event_handler.log_command:Invoking command in '/home/giacomo/thesis_ws/build/custom_message': CMAKE_PREFIX_PATH=${CMAKE_PREFIX_PATH}:/home/giacomo/thesis_ws/install/planner:/home/giacomo/thesis_ws/install/bumper_cars:/home/giacomo/ros2_ws/install/py_pubsub:/home/giacomo/ros2_ws/install/my_robot_controller:/home/giacomo/ros2_ws/install/py_srvcli:/opt/ros/humble /usr/bin/cmake --build /home/giacomo/thesis_ws/build/custom_message -- -j8 -l8
[4.415s] INFO:colcon.colcon_core.task.python.build:Building Python package in '/home/giacomo/thesis_ws/src/planner'
[4.446s] INFO:colcon.colcon_core.shell:Skip shell extension 'powershell' for command environment: Not usable outside of PowerShell
[4.446s] DEBUG:colcon.colcon_core.shell:Skip shell extension 'dsv' for command environment
[4.560s] DEBUG:colcon.colcon_core.event_handler.log_command:Invoking command in '/home/giacomo/thesis_ws/build/urdf_example': CMAKE_PREFIX_PATH=${CMAKE_PREFIX_PATH}:/home/giacomo/thesis_ws/install/planner:/home/giacomo/thesis_ws/install/bumper_cars:/home/giacomo/ros2_ws/install/py_pubsub:/home/giacomo/ros2_ws/install/my_robot_controller:/home/giacomo/ros2_ws/install/py_srvcli:/opt/ros/humble /usr/bin/cmake --build /home/giacomo/thesis_ws/build/urdf_example -- -j8 -l8
[4.619s] DEBUG:colcon.colcon_core.event_handler.log_command:Invoked command in '/home/giacomo/thesis_ws/build/urdf_example' returned '0': CMAKE_PREFIX_PATH=${CMAKE_PREFIX_PATH}:/home/giacomo/thesis_ws/install/planner:/home/giacomo/thesis_ws/install/bumper_cars:/home/giacomo/ros2_ws/install/py_pubsub:/home/giacomo/ros2_ws/install/my_robot_controller:/home/giacomo/ros2_ws/install/py_srvcli:/opt/ros/humble /usr/bin/cmake --build /home/giacomo/thesis_ws/build/urdf_example -- -j8 -l8
[4.662s] DEBUG:colcon.colcon_core.event_handler.log_command:Invoking command in '/home/giacomo/thesis_ws/build/urdf_example': CMAKE_PREFIX_PATH=${CMAKE_PREFIX_PATH}:/home/giacomo/thesis_ws/install/planner:/home/giacomo/thesis_ws/install/bumper_cars:/home/giacomo/ros2_ws/install/py_pubsub:/home/giacomo/ros2_ws/install/my_robot_controller:/home/giacomo/ros2_ws/install/py_srvcli:/opt/ros/humble /usr/bin/cmake --install /home/giacomo/thesis_ws/build/urdf_example
[4.693s] Level 1:colcon.colcon_core.environment:create_environment_scripts_only(urdf_example)
[4.694s] DEBUG:colcon.colcon_core.event_handler.log_command:Invoked command in '/home/giacomo/thesis_ws/build/urdf_example' returned '0': CMAKE_PREFIX_PATH=${CMAKE_PREFIX_PATH}:/home/giacomo/thesis_ws/install/planner:/home/giacomo/thesis_ws/install/bumper_cars:/home/giacomo/ros2_ws/install/py_pubsub:/home/giacomo/ros2_ws/install/my_robot_controller:/home/giacomo/ros2_ws/install/py_srvcli:/opt/ros/humble /usr/bin/cmake --install /home/giacomo/thesis_ws/build/urdf_example
[4.723s] Level 1:colcon.colcon_core.environment:checking '/home/giacomo/thesis_ws/install/urdf_example' for CMake module files
[4.724s] Level 1:colcon.colcon_core.environment:checking '/home/giacomo/thesis_ws/install/urdf_example' for CMake config files
[4.724s] Level 1:colcon.colcon_core.shell:create_environment_hook('urdf_example', 'cmake_prefix_path')
[4.758s] INFO:colcon.colcon_core.shell:Creating environment hook '/home/giacomo/thesis_ws/install/urdf_example/share/urdf_example/hook/cmake_prefix_path.ps1'
[4.759s] INFO:colcon.colcon_core.shell:Creating environment descriptor '/home/giacomo/thesis_ws/install/urdf_example/share/urdf_example/hook/cmake_prefix_path.dsv'
[4.760s] INFO:colcon.colcon_core.shell:Creating environment hook '/home/giacomo/thesis_ws/install/urdf_example/share/urdf_example/hook/cmake_prefix_path.sh'
[4.761s] Level 1:colcon.colcon_core.environment:checking '/home/giacomo/thesis_ws/install/urdf_example/bin'
[4.761s] Level 1:colcon.colcon_core.environment:checking '/home/giacomo/thesis_ws/install/urdf_example/lib/pkgconfig/urdf_example.pc'
[4.761s] Level 1:colcon.colcon_core.environment:checking '/home/giacomo/thesis_ws/install/urdf_example/lib/python3.10/site-packages'
[4.762s] Level 1:colcon.colcon_core.environment:checking '/home/giacomo/thesis_ws/install/urdf_example/bin'
[4.794s] INFO:colcon.colcon_core.shell:Creating package script '/home/giacomo/thesis_ws/install/urdf_example/share/urdf_example/package.ps1'
[4.796s] INFO:colcon.colcon_core.shell:Creating package descriptor '/home/giacomo/thesis_ws/install/urdf_example/share/urdf_example/package.dsv'
[4.797s] INFO:colcon.colcon_core.shell:Creating package script '/home/giacomo/thesis_ws/install/urdf_example/share/urdf_example/package.sh'
[4.799s] INFO:colcon.colcon_core.shell:Creating package script '/home/giacomo/thesis_ws/install/urdf_example/share/urdf_example/package.bash'
[4.801s] INFO:colcon.colcon_core.shell:Creating package script '/home/giacomo/thesis_ws/install/urdf_example/share/urdf_example/package.zsh'
[4.802s] Level 1:colcon.colcon_core.environment:create_file_with_runtime_dependencies(/home/giacomo/thesis_ws/install/urdf_example/share/colcon-core/packages/urdf_example)
[4.805s] DEBUG:colcon.colcon_core.event_handler.log_command:Invoked command in '/home/giacomo/thesis_ws/build/custom_message' returned '0': CMAKE_PREFIX_PATH=${CMAKE_PREFIX_PATH}:/home/giacomo/thesis_ws/install/planner:/home/giacomo/thesis_ws/install/bumper_cars:/home/giacomo/ros2_ws/install/py_pubsub:/home/giacomo/ros2_ws/install/my_robot_controller:/home/giacomo/ros2_ws/install/py_srvcli:/opt/ros/humble /usr/bin/cmake --build /home/giacomo/thesis_ws/build/custom_message -- -j8 -l8
[4.871s] Level 1:colcon.colcon_core.environment:create_environment_scripts_only(urdf_example)
[4.911s] Level 1:colcon.colcon_core.environment:checking '/home/giacomo/thesis_ws/install/urdf_example' for CMake module files
[4.912s] Level 1:colcon.colcon_core.environment:checking '/home/giacomo/thesis_ws/install/urdf_example' for CMake config files
[4.913s] Level 1:colcon.colcon_core.shell:create_environment_hook('urdf_example', 'cmake_prefix_path')
[4.950s] INFO:colcon.colcon_core.shell:Creating environment hook '/home/giacomo/thesis_ws/install/urdf_example/share/urdf_example/hook/cmake_prefix_path.ps1'
[4.951s] INFO:colcon.colcon_core.shell:Creating environment descriptor '/home/giacomo/thesis_ws/install/urdf_example/share/urdf_example/hook/cmake_prefix_path.dsv'
[4.952s] INFO:colcon.colcon_core.shell:Creating environment hook '/home/giacomo/thesis_ws/install/urdf_example/share/urdf_example/hook/cmake_prefix_path.sh'
[4.953s] Level 1:colcon.colcon_core.environment:checking '/home/giacomo/thesis_ws/install/urdf_example/bin'
[4.953s] Level 1:colcon.colcon_core.environment:checking '/home/giacomo/thesis_ws/install/urdf_example/lib/pkgconfig/urdf_example.pc'
[4.954s] Level 1:colcon.colcon_core.environment:checking '/home/giacomo/thesis_ws/install/urdf_example/lib/python3.10/site-packages'
[4.955s] Level 1:colcon.colcon_core.environment:checking '/home/giacomo/thesis_ws/install/urdf_example/bin'
[4.991s] INFO:colcon.colcon_core.shell:Creating package script '/home/giacomo/thesis_ws/install/urdf_example/share/urdf_example/package.ps1'
[4.992s] INFO:colcon.colcon_core.shell:Creating package descriptor '/home/giacomo/thesis_ws/install/urdf_example/share/urdf_example/package.dsv'
[4.993s] INFO:colcon.colcon_core.shell:Creating package script '/home/giacomo/thesis_ws/install/urdf_example/share/urdf_example/package.sh'
[4.994s] INFO:colcon.colcon_core.shell:Creating package script '/home/giacomo/thesis_ws/install/urdf_example/share/urdf_example/package.bash'
[4.995s] INFO:colcon.colcon_core.shell:Creating package script '/home/giacomo/thesis_ws/install/urdf_example/share/urdf_example/package.zsh'
[4.996s] Level 1:colcon.colcon_core.environment:create_file_with_runtime_dependencies(/home/giacomo/thesis_ws/install/urdf_example/share/colcon-core/packages/urdf_example)
[5.082s] DEBUG:colcon.colcon_core.event_handler.log_command:Invoking command in '/home/giacomo/thesis_ws/build/custom_message': CMAKE_PREFIX_PATH=${CMAKE_PREFIX_PATH}:/home/giacomo/thesis_ws/install/planner:/home/giacomo/thesis_ws/install/bumper_cars:/home/giacomo/ros2_ws/install/py_pubsub:/home/giacomo/ros2_ws/install/my_robot_controller:/home/giacomo/ros2_ws/install/py_srvcli:/opt/ros/humble /usr/bin/cmake --install /home/giacomo/thesis_ws/build/custom_message
[5.257s] Level 1:colcon.colcon_core.environment:create_environment_scripts_only(custom_message)
[5.267s] DEBUG:colcon.colcon_core.event_handler.log_command:Invoked command in '/home/giacomo/thesis_ws/build/custom_message' returned '0': CMAKE_PREFIX_PATH=${CMAKE_PREFIX_PATH}:/home/giacomo/thesis_ws/install/planner:/home/giacomo/thesis_ws/install/bumper_cars:/home/giacomo/ros2_ws/install/py_pubsub:/home/giacomo/ros2_ws/install/my_robot_controller:/home/giacomo/ros2_ws/install/py_srvcli:/opt/ros/humble /usr/bin/cmake --install /home/giacomo/thesis_ws/build/custom_message
[5.295s] Level 1:colcon.colcon_core.environment:checking '/home/giacomo/thesis_ws/install/custom_message' for CMake module files
[5.297s] Level 1:colcon.colcon_core.environment:checking '/home/giacomo/thesis_ws/install/custom_message' for CMake config files
[5.299s] Level 1:colcon.colcon_core.shell:create_environment_hook('custom_message', 'cmake_prefix_path')
[5.337s] INFO:colcon.colcon_core.shell:Creating environment hook '/home/giacomo/thesis_ws/install/custom_message/share/custom_message/hook/cmake_prefix_path.ps1'
[5.338s] INFO:colcon.colcon_core.shell:Creating environment descriptor '/home/giacomo/thesis_ws/install/custom_message/share/custom_message/hook/cmake_prefix_path.dsv'
[5.339s] INFO:colcon.colcon_core.shell:Creating environment hook '/home/giacomo/thesis_ws/install/custom_message/share/custom_message/hook/cmake_prefix_path.sh'
[5.340s] Level 1:colcon.colcon_core.environment:checking '/home/giacomo/thesis_ws/install/custom_message/lib'
[5.340s] Level 1:colcon.colcon_core.shell:create_environment_hook('custom_message', 'ld_library_path_lib')
[5.369s] INFO:colcon.colcon_core.shell:Creating environment hook '/home/giacomo/thesis_ws/install/custom_message/share/custom_message/hook/ld_library_path_lib.ps1'
[5.370s] INFO:colcon.colcon_core.shell:Creating environment descriptor '/home/giacomo/thesis_ws/install/custom_message/share/custom_message/hook/ld_library_path_lib.dsv'
[5.370s] INFO:colcon.colcon_core.shell:Creating environment hook '/home/giacomo/thesis_ws/install/custom_message/share/custom_message/hook/ld_library_path_lib.sh'
[5.371s] Level 1:colcon.colcon_core.environment:checking '/home/giacomo/thesis_ws/install/custom_message/bin'
[5.371s] Level 1:colcon.colcon_core.environment:checking '/home/giacomo/thesis_ws/install/custom_message/lib/pkgconfig/custom_message.pc'
[5.372s] Level 1:colcon.colcon_core.environment:checking '/home/giacomo/thesis_ws/install/custom_message/lib/python3.10/site-packages'
[5.372s] Level 1:colcon.colcon_core.environment:checking '/home/giacomo/thesis_ws/install/custom_message/bin'
[5.408s] INFO:colcon.colcon_core.shell:Creating package script '/home/giacomo/thesis_ws/install/custom_message/share/custom_message/package.ps1'
[5.409s] INFO:colcon.colcon_core.shell:Creating package descriptor '/home/giacomo/thesis_ws/install/custom_message/share/custom_message/package.dsv'
[5.410s] INFO:colcon.colcon_core.shell:Creating package script '/home/giacomo/thesis_ws/install/custom_message/share/custom_message/package.sh'
[5.411s] INFO:colcon.colcon_core.shell:Creating package script '/home/giacomo/thesis_ws/install/custom_message/share/custom_message/package.bash'
[5.412s] INFO:colcon.colcon_core.shell:Creating package script '/home/giacomo/thesis_ws/install/custom_message/share/custom_message/package.zsh'
[5.412s] Level 1:colcon.colcon_core.environment:create_file_with_runtime_dependencies(/home/giacomo/thesis_ws/install/custom_message/share/colcon-core/packages/custom_message)
[5.638s] Level 1:colcon.colcon_core.environment:create_environment_scripts_only(custom_message)
[5.672s] Level 1:colcon.colcon_core.environment:checking '/home/giacomo/thesis_ws/install/custom_message' for CMake module files
[5.674s] Level 1:colcon.colcon_core.environment:checking '/home/giacomo/thesis_ws/install/custom_message' for CMake config files
[5.676s] Level 1:colcon.colcon_core.shell:create_environment_hook('custom_message', 'cmake_prefix_path')
[5.711s] INFO:colcon.colcon_core.shell:Creating environment hook '/home/giacomo/thesis_ws/install/custom_message/share/custom_message/hook/cmake_prefix_path.ps1'
[5.712s] INFO:colcon.colcon_core.shell:Creating environment descriptor '/home/giacomo/thesis_ws/install/custom_message/share/custom_message/hook/cmake_prefix_path.dsv'
[5.712s] INFO:colcon.colcon_core.shell:Creating environment hook '/home/giacomo/thesis_ws/install/custom_message/share/custom_message/hook/cmake_prefix_path.sh'
[5.713s] Level 1:colcon.colcon_core.environment:checking '/home/giacomo/thesis_ws/install/custom_message/lib'
[5.714s] Level 1:colcon.colcon_core.shell:create_environment_hook('custom_message', 'ld_library_path_lib')
[5.748s] INFO:colcon.colcon_core.shell:Creating environment hook '/home/giacomo/thesis_ws/install/custom_message/share/custom_message/hook/ld_library_path_lib.ps1'
[5.749s] INFO:colcon.colcon_core.shell:Creating environment descriptor '/home/giacomo/thesis_ws/install/custom_message/share/custom_message/hook/ld_library_path_lib.dsv'
[5.750s] INFO:colcon.colcon_core.shell:Creating environment hook '/home/giacomo/thesis_ws/install/custom_message/share/custom_message/hook/ld_library_path_lib.sh'
[5.750s] Level 1:colcon.colcon_core.environment:checking '/home/giacomo/thesis_ws/install/custom_message/bin'
[5.750s] Level 1:colcon.colcon_core.environment:checking '/home/giacomo/thesis_ws/install/custom_message/lib/pkgconfig/custom_message.pc'
[5.751s] Level 1:colcon.colcon_core.environment:checking '/home/giacomo/thesis_ws/install/custom_message/lib/python3.10/site-packages'
[5.751s] Level 1:colcon.colcon_core.environment:checking '/home/giacomo/thesis_ws/install/custom_message/bin'
[5.787s] INFO:colcon.colcon_core.shell:Creating package script '/home/giacomo/thesis_ws/install/custom_message/share/custom_message/package.ps1'
[5.788s] INFO:colcon.colcon_core.shell:Creating package descriptor '/home/giacomo/thesis_ws/install/custom_message/share/custom_message/package.dsv'
[5.789s] INFO:colcon.colcon_core.shell:Creating package script '/home/giacomo/thesis_ws/install/custom_message/share/custom_message/package.sh'
[5.790s] INFO:colcon.colcon_core.shell:Creating package script '/home/giacomo/thesis_ws/install/custom_message/share/custom_message/package.bash'
[5.791s] INFO:colcon.colcon_core.shell:Creating package script '/home/giacomo/thesis_ws/install/custom_message/share/custom_message/package.zsh'
[5.792s] Level 1:colcon.colcon_core.environment:create_file_with_runtime_dependencies(/home/giacomo/thesis_ws/install/custom_message/share/colcon-core/packages/custom_message)
[5.794s] INFO:colcon.colcon_ros.task.ament_python.build:Building ROS package in '/home/giacomo/thesis_ws/src/bumper_cars' with build type 'ament_python'
[5.795s] Level 1:colcon.colcon_core.shell:create_environment_hook('bumper_cars', 'ament_prefix_path')
[5.827s] INFO:colcon.colcon_core.shell:Creating environment hook '/home/giacomo/thesis_ws/install/bumper_cars/share/bumper_cars/hook/ament_prefix_path.ps1'
[5.828s] INFO:colcon.colcon_core.shell:Creating environment descriptor '/home/giacomo/thesis_ws/install/bumper_cars/share/bumper_cars/hook/ament_prefix_path.dsv'
[5.828s] INFO:colcon.colcon_core.shell:Creating environment hook '/home/giacomo/thesis_ws/install/bumper_cars/share/bumper_cars/hook/ament_prefix_path.sh'
[5.850s] INFO:colcon.colcon_core.shell:Skip shell extension 'powershell' for command environment: Not usable outside of PowerShell
[5.850s] DEBUG:colcon.colcon_core.shell:Skip shell extension 'dsv' for command environment
[5.931s] DEBUG:colcon.colcon_core.event_handler.log_command:Invoking command in '/home/giacomo/thesis_ws/build/planner': PYTHONPATH=/home/giacomo/thesis_ws/build/planner/prefix_override:/home/giacomo/thesis_ws/install/planner/lib/python3.10/site-packages:${PYTHONPATH} /usr/bin/python3 setup.py develop --editable --build-directory /home/giacomo/thesis_ws/build/planner/build --no-deps install_data
[6.279s] INFO:colcon.colcon_core.task.python.build:Building Python package in '/home/giacomo/thesis_ws/src/bumper_cars'
[6.301s] INFO:colcon.colcon_core.shell:Skip shell extension 'powershell' for command environment: Not usable outside of PowerShell
[6.301s] DEBUG:colcon.colcon_core.shell:Skip shell extension 'dsv' for command environment
[6.832s] Level 1:colcon.colcon_core.shell:create_environment_hook('planner', 'pythonpath_develop')
[6.833s] DEBUG:colcon.colcon_core.event_handler.log_command:Invoked command in '/home/giacomo/thesis_ws/build/planner' returned '0': PYTHONPATH=/home/giacomo/thesis_ws/build/planner/prefix_override:/home/giacomo/thesis_ws/install/planner/lib/python3.10/site-packages:${PYTHONPATH} /usr/bin/python3 setup.py develop --editable --build-directory /home/giacomo/thesis_ws/build/planner/build --no-deps install_data
[6.849s] INFO:colcon.colcon_core.shell:Creating environment hook '/home/giacomo/thesis_ws/build/planner/share/planner/hook/pythonpath_develop.ps1'
[6.850s] INFO:colcon.colcon_core.shell:Creating environment descriptor '/home/giacomo/thesis_ws/build/planner/share/planner/hook/pythonpath_develop.dsv'
[6.850s] INFO:colcon.colcon_core.shell:Creating environment hook '/home/giacomo/thesis_ws/build/planner/share/planner/hook/pythonpath_develop.sh'
[6.867s] Level 1:colcon.colcon_core.environment:checking '/home/giacomo/thesis_ws/install/planner' for CMake module files
[6.868s] Level 1:colcon.colcon_core.environment:checking '/home/giacomo/thesis_ws/install/planner' for CMake config files
[6.868s] Level 1:colcon.colcon_core.environment:checking '/home/giacomo/thesis_ws/install/planner/lib'
[6.868s] Level 1:colcon.colcon_core.environment:checking '/home/giacomo/thesis_ws/install/planner/bin'
[6.868s] Level 1:colcon.colcon_core.environment:checking '/home/giacomo/thesis_ws/install/planner/lib/pkgconfig/planner.pc'
[6.869s] Level 1:colcon.colcon_core.environment:checking '/home/giacomo/thesis_ws/install/planner/lib/python3.10/site-packages'
[6.869s] Level 1:colcon.colcon_core.shell:create_environment_hook('planner', 'pythonpath')
[6.888s] INFO:colcon.colcon_core.shell:Creating environment hook '/home/giacomo/thesis_ws/install/planner/share/planner/hook/pythonpath.ps1'
[6.889s] INFO:colcon.colcon_core.shell:Creating environment descriptor '/home/giacomo/thesis_ws/install/planner/share/planner/hook/pythonpath.dsv'
[6.889s] INFO:colcon.colcon_core.shell:Creating environment hook '/home/giacomo/thesis_ws/install/planner/share/planner/hook/pythonpath.sh'
[6.890s] Level 1:colcon.colcon_core.environment:checking '/home/giacomo/thesis_ws/install/planner/bin'
[6.890s] Level 1:colcon.colcon_core.environment:create_environment_scripts_only(planner)
[6.908s] INFO:colcon.colcon_core.shell:Creating package script '/home/giacomo/thesis_ws/install/planner/share/planner/package.ps1'
[6.909s] INFO:colcon.colcon_core.shell:Creating package descriptor '/home/giacomo/thesis_ws/install/planner/share/planner/package.dsv'
[6.909s] INFO:colcon.colcon_core.shell:Creating package script '/home/giacomo/thesis_ws/install/planner/share/planner/package.sh'
[6.910s] INFO:colcon.colcon_core.shell:Creating package script '/home/giacomo/thesis_ws/install/planner/share/planner/package.bash'
[6.910s] INFO:colcon.colcon_core.shell:Creating package script '/home/giacomo/thesis_ws/install/planner/share/planner/package.zsh'
[6.911s] Level 1:colcon.colcon_core.environment:create_file_with_runtime_dependencies(/home/giacomo/thesis_ws/install/planner/share/colcon-core/packages/planner)
[7.015s] DEBUG:colcon.colcon_core.event_handler.log_command:Invoking command in '/home/giacomo/thesis_ws/build/bumper_cars': CMAKE_PREFIX_PATH=/home/giacomo/thesis_ws/install/custom_message:/home/giacomo/thesis_ws/install/urdf_example:/home/giacomo/thesis_ws/install/sym_bringup:/home/giacomo/thesis_ws/install/my_bot:/home/giacomo/ros2_ws/install/tutorial_interfaces:/home/giacomo/ros2_ws/install/turtlesim PYTHONPATH=/home/giacomo/thesis_ws/build/bumper_cars/prefix_override:/home/giacomo/thesis_ws/install/bumper_cars/lib/python3.10/site-packages:${PYTHONPATH} /usr/bin/python3 setup.py develop --editable --build-directory /home/giacomo/thesis_ws/build/bumper_cars/build --no-deps install_data
[7.712s] Level 1:colcon.colcon_core.shell:create_environment_hook('bumper_cars', 'pythonpath_develop')
[7.713s] DEBUG:colcon.colcon_core.event_handler.log_command:Invoked command in '/home/giacomo/thesis_ws/build/bumper_cars' returned '0': CMAKE_PREFIX_PATH=/home/giacomo/thesis_ws/install/custom_message:/home/giacomo/thesis_ws/install/urdf_example:/home/giacomo/thesis_ws/install/sym_bringup:/home/giacomo/thesis_ws/install/my_bot:/home/giacomo/ros2_ws/install/tutorial_interfaces:/home/giacomo/ros2_ws/install/turtlesim PYTHONPATH=/home/giacomo/thesis_ws/build/bumper_cars/prefix_override:/home/giacomo/thesis_ws/install/bumper_cars/lib/python3.10/site-packages:${PYTHONPATH} /usr/bin/python3 setup.py develop --editable --build-directory /home/giacomo/thesis_ws/build/bumper_cars/build --no-deps install_data
[7.731s] INFO:colcon.colcon_core.shell:Creating environment hook '/home/giacomo/thesis_ws/build/bumper_cars/share/bumper_cars/hook/pythonpath_develop.ps1'
[7.731s] INFO:colcon.colcon_core.shell:Creating environment descriptor '/home/giacomo/thesis_ws/build/bumper_cars/share/bumper_cars/hook/pythonpath_develop.dsv'
[7.732s] INFO:colcon.colcon_core.shell:Creating environment hook '/home/giacomo/thesis_ws/build/bumper_cars/share/bumper_cars/hook/pythonpath_develop.sh'
[7.747s] Level 1:colcon.colcon_core.environment:checking '/home/giacomo/thesis_ws/install/bumper_cars' for CMake module files
[7.748s] Level 1:colcon.colcon_core.environment:checking '/home/giacomo/thesis_ws/install/bumper_cars' for CMake config files
[7.748s] Level 1:colcon.colcon_core.environment:checking '/home/giacomo/thesis_ws/install/bumper_cars/lib'
[7.748s] Level 1:colcon.colcon_core.environment:checking '/home/giacomo/thesis_ws/install/bumper_cars/bin'
[7.748s] Level 1:colcon.colcon_core.environment:checking '/home/giacomo/thesis_ws/install/bumper_cars/lib/pkgconfig/bumper_cars.pc'
[7.749s] Level 1:colcon.colcon_core.environment:checking '/home/giacomo/thesis_ws/install/bumper_cars/lib/python3.10/site-packages'
[7.749s] Level 1:colcon.colcon_core.shell:create_environment_hook('bumper_cars', 'pythonpath')
[7.763s] INFO:colcon.colcon_core.shell:Creating environment hook '/home/giacomo/thesis_ws/install/bumper_cars/share/bumper_cars/hook/pythonpath.ps1'
[7.764s] INFO:colcon.colcon_core.shell:Creating environment descriptor '/home/giacomo/thesis_ws/install/bumper_cars/share/bumper_cars/hook/pythonpath.dsv'
[7.764s] INFO:colcon.colcon_core.shell:Creating environment hook '/home/giacomo/thesis_ws/install/bumper_cars/share/bumper_cars/hook/pythonpath.sh'
[7.765s] Level 1:colcon.colcon_core.environment:checking '/home/giacomo/thesis_ws/install/bumper_cars/bin'
[7.765s] Level 1:colcon.colcon_core.environment:create_environment_scripts_only(bumper_cars)
[7.781s] INFO:colcon.colcon_core.shell:Creating package script '/home/giacomo/thesis_ws/install/bumper_cars/share/bumper_cars/package.ps1'
[7.782s] INFO:colcon.colcon_core.shell:Creating package descriptor '/home/giacomo/thesis_ws/install/bumper_cars/share/bumper_cars/package.dsv'
[7.783s] INFO:colcon.colcon_core.shell:Creating package script '/home/giacomo/thesis_ws/install/bumper_cars/share/bumper_cars/package.sh'
[7.783s] INFO:colcon.colcon_core.shell:Creating package script '/home/giacomo/thesis_ws/install/bumper_cars/share/bumper_cars/package.bash'
[7.783s] INFO:colcon.colcon_core.shell:Creating package script '/home/giacomo/thesis_ws/install/bumper_cars/share/bumper_cars/package.zsh'
[7.784s] Level 1:colcon.colcon_core.environment:create_file_with_runtime_dependencies(/home/giacomo/thesis_ws/install/bumper_cars/share/colcon-core/packages/bumper_cars)
[7.785s] INFO:colcon.colcon_ros.task.ament_cmake.build:Building ROS package in '/home/giacomo/thesis_ws/src/sym_bringup' with build type 'ament_cmake'
[7.785s] INFO:colcon.colcon_cmake.task.cmake.build:Building CMake package in '/home/giacomo/thesis_ws/src/sym_bringup'
[7.803s] INFO:colcon.colcon_core.shell:Skip shell extension 'powershell' for command environment: Not usable outside of PowerShell
[7.803s] DEBUG:colcon.colcon_core.shell:Skip shell extension 'dsv' for command environment
[7.883s] DEBUG:colcon.colcon_core.event_handler.log_command:Invoking command in '/home/giacomo/thesis_ws/build/sym_bringup': AMENT_PREFIX_PATH=/home/giacomo/thesis_ws/install/bumper_cars:/home/giacomo/thesis_ws/install/planner:/home/giacomo/thesis_ws/install/urdf_example:/home/giacomo/thesis_ws/install/sym_bringup:/home/giacomo/thesis_ws/install/my_bot:/home/giacomo/thesis_ws/install/custom_message:/home/giacomo/ros2_ws/install/py_pubsub:/home/giacomo/ros2_ws/install/tutorial_interfaces:/home/giacomo/ros2_ws/install/my_robot_controller:/home/giacomo/ros2_ws/install/turtlesim:/home/giacomo/ros2_ws/install/py_srvcli:/opt/ros/humble CMAKE_PREFIX_PATH=/home/giacomo/thesis_ws/install/custom_message:/home/giacomo/thesis_ws/install/urdf_example:/home/giacomo/thesis_ws/install/sym_bringup:/home/giacomo/thesis_ws/install/my_bot:/home/giacomo/ros2_ws/install/tutorial_interfaces:/home/giacomo/ros2_ws/install/turtlesim:/home/giacomo/thesis_ws/install/planner:/home/giacomo/thesis_ws/install/bumper_cars:/home/giacomo/ros2_ws/install/py_pubsub:/home/giacomo/ros2_ws/install/my_robot_controller:/home/giacomo/ros2_ws/install/py_srvcli:/opt/ros/humble PYTHONPATH=/home/giacomo/thesis_ws/build/bumper_cars:/home/giacomo/thesis_ws/install/bumper_cars/lib/python3.10/site-packages:/home/giacomo/thesis_ws/build/planner:/home/giacomo/thesis_ws/install/planner/lib/python3.10/site-packages:/home/giacomo/thesis_ws/install/custom_message/local/lib/python3.10/dist-packages:/home/giacomo/ros2_ws/install/py_pubsub/lib/python3.10/site-packages:/home/giacomo/ros2_ws/install/tutorial_interfaces/local/lib/python3.10/dist-packages:/home/giacomo/ros2_ws/build/my_robot_controller:/home/giacomo/ros2_ws/install/my_robot_controller/lib/python3.10/site-packages:/home/giacomo/ros2_ws/install/turtlesim/local/lib/python3.10/dist-packages:/home/giacomo/ros2_ws/build/py_srvcli:/home/giacomo/ros2_ws/install/py_srvcli/lib/python3.10/site-packages:/opt/ros/humble/lib/python3.10/site-packages:/opt/ros/humble/local/lib/python3.10/dist-packages /usr/bin/cmake --build /home/giacomo/thesis_ws/build/sym_bringup -- -j8 -l8
[7.925s] DEBUG:colcon.colcon_core.event_handler.log_command:Invoked command in '/home/giacomo/thesis_ws/build/sym_bringup' returned '0': AMENT_PREFIX_PATH=/home/giacomo/thesis_ws/install/bumper_cars:/home/giacomo/thesis_ws/install/planner:/home/giacomo/thesis_ws/install/urdf_example:/home/giacomo/thesis_ws/install/sym_bringup:/home/giacomo/thesis_ws/install/my_bot:/home/giacomo/thesis_ws/install/custom_message:/home/giacomo/ros2_ws/install/py_pubsub:/home/giacomo/ros2_ws/install/tutorial_interfaces:/home/giacomo/ros2_ws/install/my_robot_controller:/home/giacomo/ros2_ws/install/turtlesim:/home/giacomo/ros2_ws/install/py_srvcli:/opt/ros/humble CMAKE_PREFIX_PATH=/home/giacomo/thesis_ws/install/custom_message:/home/giacomo/thesis_ws/install/urdf_example:/home/giacomo/thesis_ws/install/sym_bringup:/home/giacomo/thesis_ws/install/my_bot:/home/giacomo/ros2_ws/install/tutorial_interfaces:/home/giacomo/ros2_ws/install/turtlesim:/home/giacomo/thesis_ws/install/planner:/home/giacomo/thesis_ws/install/bumper_cars:/home/giacomo/ros2_ws/install/py_pubsub:/home/giacomo/ros2_ws/install/my_robot_controller:/home/giacomo/ros2_ws/install/py_srvcli:/opt/ros/humble PYTHONPATH=/home/giacomo/thesis_ws/build/bumper_cars:/home/giacomo/thesis_ws/install/bumper_cars/lib/python3.10/site-packages:/home/giacomo/thesis_ws/build/planner:/home/giacomo/thesis_ws/install/planner/lib/python3.10/site-packages:/home/giacomo/thesis_ws/install/custom_message/local/lib/python3.10/dist-packages:/home/giacomo/ros2_ws/install/py_pubsub/lib/python3.10/site-packages:/home/giacomo/ros2_ws/install/tutorial_interfaces/local/lib/python3.10/dist-packages:/home/giacomo/ros2_ws/build/my_robot_controller:/home/giacomo/ros2_ws/install/my_robot_controller/lib/python3.10/site-packages:/home/giacomo/ros2_ws/install/turtlesim/local/lib/python3.10/dist-packages:/home/giacomo/ros2_ws/build/py_srvcli:/home/giacomo/ros2_ws/install/py_srvcli/lib/python3.10/site-packages:/opt/ros/humble/lib/python3.10/site-packages:/opt/ros/humble/local/lib/python3.10/dist-packages /usr/bin/cmake --build /home/giacomo/thesis_ws/build/sym_bringup -- -j8 -l8
[7.949s] DEBUG:colcon.colcon_core.event_handler.log_command:Invoking command in '/home/giacomo/thesis_ws/build/sym_bringup': AMENT_PREFIX_PATH=/home/giacomo/thesis_ws/install/bumper_cars:/home/giacomo/thesis_ws/install/planner:/home/giacomo/thesis_ws/install/urdf_example:/home/giacomo/thesis_ws/install/sym_bringup:/home/giacomo/thesis_ws/install/my_bot:/home/giacomo/thesis_ws/install/custom_message:/home/giacomo/ros2_ws/install/py_pubsub:/home/giacomo/ros2_ws/install/tutorial_interfaces:/home/giacomo/ros2_ws/install/my_robot_controller:/home/giacomo/ros2_ws/install/turtlesim:/home/giacomo/ros2_ws/install/py_srvcli:/opt/ros/humble CMAKE_PREFIX_PATH=/home/giacomo/thesis_ws/install/custom_message:/home/giacomo/thesis_ws/install/urdf_example:/home/giacomo/thesis_ws/install/sym_bringup:/home/giacomo/thesis_ws/install/my_bot:/home/giacomo/ros2_ws/install/tutorial_interfaces:/home/giacomo/ros2_ws/install/turtlesim:/home/giacomo/thesis_ws/install/planner:/home/giacomo/thesis_ws/install/bumper_cars:/home/giacomo/ros2_ws/install/py_pubsub:/home/giacomo/ros2_ws/install/my_robot_controller:/home/giacomo/ros2_ws/install/py_srvcli:/opt/ros/humble PYTHONPATH=/home/giacomo/thesis_ws/build/bumper_cars:/home/giacomo/thesis_ws/install/bumper_cars/lib/python3.10/site-packages:/home/giacomo/thesis_ws/build/planner:/home/giacomo/thesis_ws/install/planner/lib/python3.10/site-packages:/home/giacomo/thesis_ws/install/custom_message/local/lib/python3.10/dist-packages:/home/giacomo/ros2_ws/install/py_pubsub/lib/python3.10/site-packages:/home/giacomo/ros2_ws/install/tutorial_interfaces/local/lib/python3.10/dist-packages:/home/giacomo/ros2_ws/build/my_robot_controller:/home/giacomo/ros2_ws/install/my_robot_controller/lib/python3.10/site-packages:/home/giacomo/ros2_ws/install/turtlesim/local/lib/python3.10/dist-packages:/home/giacomo/ros2_ws/build/py_srvcli:/home/giacomo/ros2_ws/install/py_srvcli/lib/python3.10/site-packages:/opt/ros/humble/lib/python3.10/site-packages:/opt/ros/humble/local/lib/python3.10/dist-packages /usr/bin/cmake --install /home/giacomo/thesis_ws/build/sym_bringup
[7.973s] Level 1:colcon.colcon_core.environment:create_environment_scripts_only(sym_bringup)
[7.974s] DEBUG:colcon.colcon_core.event_handler.log_command:Invoked command in '/home/giacomo/thesis_ws/build/sym_bringup' returned '0': AMENT_PREFIX_PATH=/home/giacomo/thesis_ws/install/bumper_cars:/home/giacomo/thesis_ws/install/planner:/home/giacomo/thesis_ws/install/urdf_example:/home/giacomo/thesis_ws/install/sym_bringup:/home/giacomo/thesis_ws/install/my_bot:/home/giacomo/thesis_ws/install/custom_message:/home/giacomo/ros2_ws/install/py_pubsub:/home/giacomo/ros2_ws/install/tutorial_interfaces:/home/giacomo/ros2_ws/install/my_robot_controller:/home/giacomo/ros2_ws/install/turtlesim:/home/giacomo/ros2_ws/install/py_srvcli:/opt/ros/humble CMAKE_PREFIX_PATH=/home/giacomo/thesis_ws/install/custom_message:/home/giacomo/thesis_ws/install/urdf_example:/home/giacomo/thesis_ws/install/sym_bringup:/home/giacomo/thesis_ws/install/my_bot:/home/giacomo/ros2_ws/install/tutorial_interfaces:/home/giacomo/ros2_ws/install/turtlesim:/home/giacomo/thesis_ws/install/planner:/home/giacomo/thesis_ws/install/bumper_cars:/home/giacomo/ros2_ws/install/py_pubsub:/home/giacomo/ros2_ws/install/my_robot_controller:/home/giacomo/ros2_ws/install/py_srvcli:/opt/ros/humble PYTHONPATH=/home/giacomo/thesis_ws/build/bumper_cars:/home/giacomo/thesis_ws/install/bumper_cars/lib/python3.10/site-packages:/home/giacomo/thesis_ws/build/planner:/home/giacomo/thesis_ws/install/planner/lib/python3.10/site-packages:/home/giacomo/thesis_ws/install/custom_message/local/lib/python3.10/dist-packages:/home/giacomo/ros2_ws/install/py_pubsub/lib/python3.10/site-packages:/home/giacomo/ros2_ws/install/tutorial_interfaces/local/lib/python3.10/dist-packages:/home/giacomo/ros2_ws/build/my_robot_controller:/home/giacomo/ros2_ws/install/my_robot_controller/lib/python3.10/site-packages:/home/giacomo/ros2_ws/install/turtlesim/local/lib/python3.10/dist-packages:/home/giacomo/ros2_ws/build/py_srvcli:/home/giacomo/ros2_ws/install/py_srvcli/lib/python3.10/site-packages:/opt/ros/humble/lib/python3.10/site-packages:/opt/ros/humble/local/lib/python3.10/dist-packages /usr/bin/cmake --install /home/giacomo/thesis_ws/build/sym_bringup
[7.991s] Level 1:colcon.colcon_core.environment:checking '/home/giacomo/thesis_ws/install/sym_bringup' for CMake module files
[7.992s] Level 1:colcon.colcon_core.environment:checking '/home/giacomo/thesis_ws/install/sym_bringup' for CMake config files
[7.992s] Level 1:colcon.colcon_core.shell:create_environment_hook('sym_bringup', 'cmake_prefix_path')
[8.018s] INFO:colcon.colcon_core.shell:Creating environment hook '/home/giacomo/thesis_ws/install/sym_bringup/share/sym_bringup/hook/cmake_prefix_path.ps1'
[8.019s] INFO:colcon.colcon_core.shell:Creating environment descriptor '/home/giacomo/thesis_ws/install/sym_bringup/share/sym_bringup/hook/cmake_prefix_path.dsv'
[8.019s] INFO:colcon.colcon_core.shell:Creating environment hook '/home/giacomo/thesis_ws/install/sym_bringup/share/sym_bringup/hook/cmake_prefix_path.sh'
[8.020s] Level 1:colcon.colcon_core.environment:checking '/home/giacomo/thesis_ws/install/sym_bringup/bin'
[8.020s] Level 1:colcon.colcon_core.environment:checking '/home/giacomo/thesis_ws/install/sym_bringup/lib/pkgconfig/sym_bringup.pc'
[8.020s] Level 1:colcon.colcon_core.environment:checking '/home/giacomo/thesis_ws/install/sym_bringup/lib/python3.10/site-packages'
[8.020s] Level 1:colcon.colcon_core.environment:checking '/home/giacomo/thesis_ws/install/sym_bringup/bin'
[8.035s] INFO:colcon.colcon_core.shell:Creating package script '/home/giacomo/thesis_ws/install/sym_bringup/share/sym_bringup/package.ps1'
[8.035s] INFO:colcon.colcon_core.shell:Creating package descriptor '/home/giacomo/thesis_ws/install/sym_bringup/share/sym_bringup/package.dsv'
[8.036s] INFO:colcon.colcon_core.shell:Creating package script '/home/giacomo/thesis_ws/install/sym_bringup/share/sym_bringup/package.sh'
[8.036s] INFO:colcon.colcon_core.shell:Creating package script '/home/giacomo/thesis_ws/install/sym_bringup/share/sym_bringup/package.bash'
[8.037s] INFO:colcon.colcon_core.shell:Creating package script '/home/giacomo/thesis_ws/install/sym_bringup/share/sym_bringup/package.zsh'
[8.037s] Level 1:colcon.colcon_core.environment:create_file_with_runtime_dependencies(/home/giacomo/thesis_ws/install/sym_bringup/share/colcon-core/packages/sym_bringup)
[8.073s] Level 1:colcon.colcon_core.environment:create_environment_scripts_only(sym_bringup)
[8.088s] Level 1:colcon.colcon_core.environment:checking '/home/giacomo/thesis_ws/install/sym_bringup' for CMake module files
[8.089s] Level 1:colcon.colcon_core.environment:checking '/home/giacomo/thesis_ws/install/sym_bringup' for CMake config files
[8.089s] Level 1:colcon.colcon_core.shell:create_environment_hook('sym_bringup', 'cmake_prefix_path')
[8.106s] INFO:colcon.colcon_core.shell:Creating environment hook '/home/giacomo/thesis_ws/install/sym_bringup/share/sym_bringup/hook/cmake_prefix_path.ps1'
[8.107s] INFO:colcon.colcon_core.shell:Creating environment descriptor '/home/giacomo/thesis_ws/install/sym_bringup/share/sym_bringup/hook/cmake_prefix_path.dsv'
[8.107s] INFO:colcon.colcon_core.shell:Creating environment hook '/home/giacomo/thesis_ws/install/sym_bringup/share/sym_bringup/hook/cmake_prefix_path.sh'
[8.108s] Level 1:colcon.colcon_core.environment:checking '/home/giacomo/thesis_ws/install/sym_bringup/bin'
[8.108s] Level 1:colcon.colcon_core.environment:checking '/home/giacomo/thesis_ws/install/sym_bringup/lib/pkgconfig/sym_bringup.pc'
[8.108s] Level 1:colcon.colcon_core.environment:checking '/home/giacomo/thesis_ws/install/sym_bringup/lib/python3.10/site-packages'
[8.108s] Level 1:colcon.colcon_core.environment:checking '/home/giacomo/thesis_ws/install/sym_bringup/bin'
[8.127s] INFO:colcon.colcon_core.shell:Creating package script '/home/giacomo/thesis_ws/install/sym_bringup/share/sym_bringup/package.ps1'
[8.127s] INFO:colcon.colcon_core.shell:Creating package descriptor '/home/giacomo/thesis_ws/install/sym_bringup/share/sym_bringup/package.dsv'
[8.128s] INFO:colcon.colcon_core.shell:Creating package script '/home/giacomo/thesis_ws/install/sym_bringup/share/sym_bringup/package.sh'
[8.128s] INFO:colcon.colcon_core.shell:Creating package script '/home/giacomo/thesis_ws/install/sym_bringup/share/sym_bringup/package.bash'
[8.129s] INFO:colcon.colcon_core.shell:Creating package script '/home/giacomo/thesis_ws/install/sym_bringup/share/sym_bringup/package.zsh'
[8.129s] Level 1:colcon.colcon_core.environment:create_file_with_runtime_dependencies(/home/giacomo/thesis_ws/install/sym_bringup/share/colcon-core/packages/sym_bringup)
[8.129s] DEBUG:colcon.colcon_parallel_executor.executor.parallel:closing loop
[8.130s] DEBUG:colcon.colcon_parallel_executor.executor.parallel:loop closed
[8.130s] DEBUG:colcon.colcon_parallel_executor.executor.parallel:run_until_complete finished with '0'
[8.130s] DEBUG:colcon.colcon_core.event_reactor:joining thread
[8.151s] INFO:colcon.colcon_core.plugin_system:Skipping extension 'colcon_notification.desktop_notification.terminal_notifier': Not used on non-Darwin systems
[8.151s] INFO:colcon.colcon_core.plugin_system:Skipping extension 'colcon_notification.desktop_notification.win32': Not used on non-Windows systems
[8.151s] INFO:colcon.colcon_notification.desktop_notification:Sending desktop notification using 'notify2'
[8.162s] DEBUG:colcon.colcon_core.event_reactor:joined thread
[8.181s] INFO:colcon.colcon_core.shell:Creating prefix script '/home/giacomo/thesis_ws/install/local_setup.ps1'
[8.182s] INFO:colcon.colcon_core.shell:Creating prefix util module '/home/giacomo/thesis_ws/install/_local_setup_util_ps1.py'
[8.183s] INFO:colcon.colcon_core.shell:Creating prefix chain script '/home/giacomo/thesis_ws/install/setup.ps1'
[8.200s] INFO:colcon.colcon_core.shell:Creating prefix script '/home/giacomo/thesis_ws/install/local_setup.sh'
[8.201s] INFO:colcon.colcon_core.shell:Creating prefix util module '/home/giacomo/thesis_ws/install/_local_setup_util_sh.py'
[8.201s] INFO:colcon.colcon_core.shell:Creating prefix chain script '/home/giacomo/thesis_ws/install/setup.sh'
[8.218s] INFO:colcon.colcon_core.shell:Creating prefix script '/home/giacomo/thesis_ws/install/local_setup.bash'
[8.218s] INFO:colcon.colcon_core.shell:Creating prefix chain script '/home/giacomo/thesis_ws/install/setup.bash'
[8.234s] INFO:colcon.colcon_core.shell:Creating prefix script '/home/giacomo/thesis_ws/install/local_setup.zsh'
[8.234s] INFO:colcon.colcon_core.shell:Creating prefix chain script '/home/giacomo/thesis_ws/install/setup.zsh'
