[0.888s] Invoking command in '/home/giacomo/thesis_ws/src/build/bumper_cars': AMENT_PREFIX_PATH=/home/giacomo/thesis_ws/src/install/custom_message:${AMENT_PREFIX_PATH} CMAKE_PREFIX_PATH=/home/giacomo/thesis_ws/src/install/custom_message:${CMAKE_PREFIX_PATH} LD_LIBRARY_PATH=/home/giacomo/thesis_ws/src/install/custom_message/lib:${LD_LIBRARY_PATH} PYTHONPATH=/home/giacomo/thesis_ws/src/build/bumper_cars/prefix_override:/home/giacomo/thesis_ws/src/install/bumper_cars/lib/python3.10/site-packages:/home/giacomo/thesis_ws/src/install/custom_message/local/lib/python3.10/dist-packages:${PYTHONPATH} /usr/bin/python3 setup.py develop --editable --build-directory /home/giacomo/thesis_ws/src/build/bumper_cars/build --no-deps install_data
[1.186s] running develop
[1.192s] /home/giacomo/.local/lib/python3.10/site-packages/setuptools/command/develop.py:40: EasyInstallDeprecationWarning: easy_install command is deprecated.
[1.193s] !!
[1.193s] 
[1.193s]         ********************************************************************************
[1.193s]         Please avoid running ``setup.py`` and ``easy_install``.
[1.193s]         Instead, use pypa/build, pypa/installer or other
[1.194s]         standards-based tools.
[1.194s] 
[1.194s]         See https://github.com/pypa/setuptools/issues/917 for details.
[1.194s]         ********************************************************************************
[1.194s] 
[1.194s] !!
[1.195s]   easy_install.initialize_options(self)
[1.232s] /home/giacomo/.local/lib/python3.10/site-packages/setuptools/_distutils/cmd.py:66: SetuptoolsDeprecationWarning: setup.py install is deprecated.
[1.232s] !!
[1.232s] 
[1.232s]         ********************************************************************************
[1.232s]         Please avoid running ``setup.py`` directly.
[1.232s]         Instead, use pypa/build, pypa/installer or other
[1.232s]         standards-based tools.
[1.232s] 
[1.232s]         See https://blog.ganssle.io/articles/2021/10/setup-py-deprecated.html for details.
[1.232s]         ********************************************************************************
[1.232s] 
[1.232s] !!
[1.232s]   self.initialize_options()
[1.432s] running egg_info
[1.432s] creating bumper_cars.egg-info
[1.455s] writing bumper_cars.egg-info/PKG-INFO
[1.455s] writing dependency_links to bumper_cars.egg-info/dependency_links.txt
[1.456s] writing entry points to bumper_cars.egg-info/entry_points.txt
[1.456s] writing requirements to bumper_cars.egg-info/requires.txt
[1.456s] writing top-level names to bumper_cars.egg-info/top_level.txt
[1.456s] writing manifest file 'bumper_cars.egg-info/SOURCES.txt'
[1.495s] reading manifest file 'bumper_cars.egg-info/SOURCES.txt'
[1.495s] writing manifest file 'bumper_cars.egg-info/SOURCES.txt'
[1.513s] running build_ext
[1.514s] Creating /home/giacomo/thesis_ws/src/install/bumper_cars/lib/python3.10/site-packages/bumper-cars.egg-link (link to .)
[1.514s] Installing controller script to /home/giacomo/thesis_ws/src/install/bumper_cars/lib/bumper_cars
[1.514s] Installing model script to /home/giacomo/thesis_ws/src/install/bumper_cars/lib/bumper_cars
[1.515s] Installing plotter script to /home/giacomo/thesis_ws/src/install/bumper_cars/lib/bumper_cars
[1.515s] Installing sensor script to /home/giacomo/thesis_ws/src/install/bumper_cars/lib/bumper_cars
[1.515s] 
[1.515s] Installed /home/giacomo/thesis_ws/src/build/bumper_cars
[1.515s] running install_data
[1.515s] creating /home/giacomo/thesis_ws/src/install/bumper_cars/share/ament_index
[1.516s] creating /home/giacomo/thesis_ws/src/install/bumper_cars/share/ament_index/resource_index
[1.516s] creating /home/giacomo/thesis_ws/src/install/bumper_cars/share/ament_index/resource_index/packages
[1.516s] copying resource/bumper_cars -> /home/giacomo/thesis_ws/src/install/bumper_cars/share/ament_index/resource_index/packages
[1.516s] copying package.xml -> /home/giacomo/thesis_ws/src/install/bumper_cars/share/bumper_cars
[1.551s] Invoked command in '/home/giacomo/thesis_ws/src/build/bumper_cars' returned '0': AMENT_PREFIX_PATH=/home/giacomo/thesis_ws/src/install/custom_message:${AMENT_PREFIX_PATH} CMAKE_PREFIX_PATH=/home/giacomo/thesis_ws/src/install/custom_message:${CMAKE_PREFIX_PATH} LD_LIBRARY_PATH=/home/giacomo/thesis_ws/src/install/custom_message/lib:${LD_LIBRARY_PATH} PYTHONPATH=/home/giacomo/thesis_ws/src/build/bumper_cars/prefix_override:/home/giacomo/thesis_ws/src/install/bumper_cars/lib/python3.10/site-packages:/home/giacomo/thesis_ws/src/install/custom_message/local/lib/python3.10/dist-packages:${PYTHONPATH} /usr/bin/python3 setup.py develop --editable --build-directory /home/giacomo/thesis_ws/src/build/bumper_cars/build --no-deps install_data
