[0.928s] DEBUG:colcon:Command line arguments: ['/usr/bin/colcon', 'build', '--symlink-install']
[0.929s] DEBUG:colcon:Parsed command line arguments: Namespace(log_base=None, log_level=None, verb_name='build', build_base='build', install_base='install', merge_install=False, symlink_install=True, test_result_base=None, continue_on_error=False, executor='parallel', parallel_workers=8, event_handlers=None, ignore_user_meta=False, metas=['./colcon.meta'], base_paths=['.'], packages_ignore=None, packages_ignore_regex=None, paths=None, packages_up_to=None, packages_up_to_regex=None, packages_above=None, packages_above_and_dependencies=None, packages_above_depth=None, packages_select_by_dep=None, packages_skip_by_dep=None, packages_skip_up_to=None, packages_select_build_failed=False, packages_skip_build_finished=False, packages_select_test_failures=False, packages_skip_test_passed=False, packages_select=None, packages_skip=None, packages_select_regex=None, packages_skip_regex=None, packages_start=None, packages_end=None, allow_overriding=[], cmake_args=None, cmake_target=None, cmake_target_skip_unavailable=False, cmake_clean_cache=False, cmake_clean_first=False, cmake_force_configure=False, ament_cmake_args=None, catkin_cmake_args=None, catkin_skip_building_tests=False, verb_parser=<colcon_defaults.argument_parser.defaults.DefaultArgumentsDecorator object at 0x7f3c25739ea0>, verb_extension=<colcon_core.verb.build.BuildVerb object at 0x7f3c257399c0>, main=<bound method BuildVerb.main of <colcon_core.verb.build.BuildVerb object at 0x7f3c257399c0>>)
[0.981s] Level 1:colcon.colcon_core.package_discovery:discover_packages(colcon_meta) check parameters
[0.981s] Level 1:colcon.colcon_core.package_discovery:discover_packages(recursive) check parameters
[0.981s] Level 1:colcon.colcon_core.package_discovery:discover_packages(ignore) check parameters
[0.981s] Level 1:colcon.colcon_core.package_discovery:discover_packages(path) check parameters
[0.981s] Level 1:colcon.colcon_core.package_discovery:discover_packages(colcon_meta) discover
[0.981s] Level 1:colcon.colcon_core.package_discovery:discover_packages(recursive) discover
[0.981s] INFO:colcon.colcon_core.package_discovery:Crawling recursively for packages in '/home/giacomo/thesis_ws'
[0.981s] Level 1:colcon.colcon_core.package_identification:_identify(.) by extensions ['ignore', 'ignore_ament_install']
[0.981s] Level 1:colcon.colcon_core.package_identification:_identify(.) by extension 'ignore'
[0.981s] Level 1:colcon.colcon_core.package_identification:_identify(.) by extension 'ignore_ament_install'
[0.981s] Level 1:colcon.colcon_core.package_identification:_identify(.) by extensions ['colcon_pkg']
[0.981s] Level 1:colcon.colcon_core.package_identification:_identify(.) by extension 'colcon_pkg'
[0.981s] Level 1:colcon.colcon_core.package_identification:_identify(.) by extensions ['colcon_meta']
[0.981s] Level 1:colcon.colcon_core.package_identification:_identify(.) by extension 'colcon_meta'
[0.981s] Level 1:colcon.colcon_core.package_identification:_identify(.) by extensions ['ros']
[0.981s] Level 1:colcon.colcon_core.package_identification:_identify(.) by extension 'ros'
[0.994s] Level 1:colcon.colcon_core.package_identification:_identify(.) by extensions ['cmake', 'python']
[0.994s] Level 1:colcon.colcon_core.package_identification:_identify(.) by extension 'cmake'
[0.994s] Level 1:colcon.colcon_core.package_identification:_identify(.) by extension 'python'
[0.994s] Level 1:colcon.colcon_core.package_identification:_identify(.) by extensions ['python_setup_py']
[0.994s] Level 1:colcon.colcon_core.package_identification:_identify(.) by extension 'python_setup_py'
[0.994s] Level 1:colcon.colcon_core.package_identification:_identify(build) by extensions ['ignore', 'ignore_ament_install']
[0.994s] Level 1:colcon.colcon_core.package_identification:_identify(build) by extension 'ignore'
[0.994s] Level 1:colcon.colcon_core.package_identification:_identify(build) ignored
[0.994s] Level 1:colcon.colcon_core.package_identification:_identify(install) by extensions ['ignore', 'ignore_ament_install']
[0.995s] Level 1:colcon.colcon_core.package_identification:_identify(install) by extension 'ignore'
[0.995s] Level 1:colcon.colcon_core.package_identification:_identify(install) ignored
[0.995s] Level 1:colcon.colcon_core.package_identification:_identify(log) by extensions ['ignore', 'ignore_ament_install']
[0.995s] Level 1:colcon.colcon_core.package_identification:_identify(log) by extension 'ignore'
[0.995s] Level 1:colcon.colcon_core.package_identification:_identify(log) ignored
[0.995s] Level 1:colcon.colcon_core.package_identification:_identify(src) by extensions ['ignore', 'ignore_ament_install']
[0.995s] Level 1:colcon.colcon_core.package_identification:_identify(src) by extension 'ignore'
[0.995s] Level 1:colcon.colcon_core.package_identification:_identify(src) by extension 'ignore_ament_install'
[0.995s] Level 1:colcon.colcon_core.package_identification:_identify(src) by extensions ['colcon_pkg']
[0.995s] Level 1:colcon.colcon_core.package_identification:_identify(src) by extension 'colcon_pkg'
[0.995s] Level 1:colcon.colcon_core.package_identification:_identify(src) by extensions ['colcon_meta']
[0.995s] Level 1:colcon.colcon_core.package_identification:_identify(src) by extension 'colcon_meta'
[0.995s] Level 1:colcon.colcon_core.package_identification:_identify(src) by extensions ['ros']
[0.995s] Level 1:colcon.colcon_core.package_identification:_identify(src) by extension 'ros'
[0.995s] Level 1:colcon.colcon_core.package_identification:_identify(src) by extensions ['cmake', 'python']
[0.995s] Level 1:colcon.colcon_core.package_identification:_identify(src) by extension 'cmake'
[0.995s] Level 1:colcon.colcon_core.package_identification:_identify(src) by extension 'python'
[0.995s] Level 1:colcon.colcon_core.package_identification:_identify(src) by extensions ['python_setup_py']
[0.995s] Level 1:colcon.colcon_core.package_identification:_identify(src) by extension 'python_setup_py'
[0.996s] Level 1:colcon.colcon_core.package_identification:_identify(src/bumper_cars) by extensions ['ignore', 'ignore_ament_install']
[0.996s] Level 1:colcon.colcon_core.package_identification:_identify(src/bumper_cars) by extension 'ignore'
[0.996s] Level 1:colcon.colcon_core.package_identification:_identify(src/bumper_cars) by extension 'ignore_ament_install'
[0.996s] Level 1:colcon.colcon_core.package_identification:_identify(src/bumper_cars) by extensions ['colcon_pkg']
[0.996s] Level 1:colcon.colcon_core.package_identification:_identify(src/bumper_cars) by extension 'colcon_pkg'
[0.996s] Level 1:colcon.colcon_core.package_identification:_identify(src/bumper_cars) by extensions ['colcon_meta']
[0.996s] Level 1:colcon.colcon_core.package_identification:_identify(src/bumper_cars) by extension 'colcon_meta'
[0.996s] Level 1:colcon.colcon_core.package_identification:_identify(src/bumper_cars) by extensions ['ros']
[0.996s] Level 1:colcon.colcon_core.package_identification:_identify(src/bumper_cars) by extension 'ros'
[0.998s] DEBUG:colcon.colcon_core.package_identification:Package 'src/bumper_cars' with type 'ros.ament_python' and name 'bumper_cars'
[0.999s] Level 1:colcon.colcon_core.package_identification:_identify(src/custom_message) by extensions ['ignore', 'ignore_ament_install']
[0.999s] Level 1:colcon.colcon_core.package_identification:_identify(src/custom_message) by extension 'ignore'
[0.999s] Level 1:colcon.colcon_core.package_identification:_identify(src/custom_message) by extension 'ignore_ament_install'
[0.999s] Level 1:colcon.colcon_core.package_identification:_identify(src/custom_message) by extensions ['colcon_pkg']
[0.999s] Level 1:colcon.colcon_core.package_identification:_identify(src/custom_message) by extension 'colcon_pkg'
[0.999s] Level 1:colcon.colcon_core.package_identification:_identify(src/custom_message) by extensions ['colcon_meta']
[0.999s] Level 1:colcon.colcon_core.package_identification:_identify(src/custom_message) by extension 'colcon_meta'
[0.999s] Level 1:colcon.colcon_core.package_identification:_identify(src/custom_message) by extensions ['ros']
[0.999s] Level 1:colcon.colcon_core.package_identification:_identify(src/custom_message) by extension 'ros'
[0.999s] DEBUG:colcon.colcon_core.package_identification:Package 'src/custom_message' with type 'ros.ament_cmake' and name 'custom_message'
[0.999s] Level 1:colcon.colcon_core.package_identification:_identify(src/my_bot) by extensions ['ignore', 'ignore_ament_install']
[0.999s] Level 1:colcon.colcon_core.package_identification:_identify(src/my_bot) by extension 'ignore'
[1.000s] Level 1:colcon.colcon_core.package_identification:_identify(src/my_bot) by extension 'ignore_ament_install'
[1.000s] Level 1:colcon.colcon_core.package_identification:_identify(src/my_bot) by extensions ['colcon_pkg']
[1.000s] Level 1:colcon.colcon_core.package_identification:_identify(src/my_bot) by extension 'colcon_pkg'
[1.000s] Level 1:colcon.colcon_core.package_identification:_identify(src/my_bot) by extensions ['colcon_meta']
[1.000s] Level 1:colcon.colcon_core.package_identification:_identify(src/my_bot) by extension 'colcon_meta'
[1.000s] Level 1:colcon.colcon_core.package_identification:_identify(src/my_bot) by extensions ['ros']
[1.000s] Level 1:colcon.colcon_core.package_identification:_identify(src/my_bot) by extension 'ros'
[1.000s] DEBUG:colcon.colcon_core.package_identification:Package 'src/my_bot' with type 'ros.ament_cmake' and name 'my_bot'
[1.000s] Level 1:colcon.colcon_core.package_identification:_identify(src/sym_bringup) by extensions ['ignore', 'ignore_ament_install']
[1.000s] Level 1:colcon.colcon_core.package_identification:_identify(src/sym_bringup) by extension 'ignore'
[1.000s] Level 1:colcon.colcon_core.package_identification:_identify(src/sym_bringup) by extension 'ignore_ament_install'
[1.000s] Level 1:colcon.colcon_core.package_identification:_identify(src/sym_bringup) by extensions ['colcon_pkg']
[1.000s] Level 1:colcon.colcon_core.package_identification:_identify(src/sym_bringup) by extension 'colcon_pkg'
[1.000s] Level 1:colcon.colcon_core.package_identification:_identify(src/sym_bringup) by extensions ['colcon_meta']
[1.000s] Level 1:colcon.colcon_core.package_identification:_identify(src/sym_bringup) by extension 'colcon_meta'
[1.001s] Level 1:colcon.colcon_core.package_identification:_identify(src/sym_bringup) by extensions ['ros']
[1.001s] Level 1:colcon.colcon_core.package_identification:_identify(src/sym_bringup) by extension 'ros'
[1.001s] DEBUG:colcon.colcon_core.package_identification:Package 'src/sym_bringup' with type 'ros.ament_cmake' and name 'sym_bringup'
[1.001s] Level 1:colcon.colcon_core.package_identification:_identify(src/urdf_example-main) by extensions ['ignore', 'ignore_ament_install']
[1.001s] Level 1:colcon.colcon_core.package_identification:_identify(src/urdf_example-main) by extension 'ignore'
[1.001s] Level 1:colcon.colcon_core.package_identification:_identify(src/urdf_example-main) by extension 'ignore_ament_install'
[1.001s] Level 1:colcon.colcon_core.package_identification:_identify(src/urdf_example-main) by extensions ['colcon_pkg']
[1.001s] Level 1:colcon.colcon_core.package_identification:_identify(src/urdf_example-main) by extension 'colcon_pkg'
[1.001s] Level 1:colcon.colcon_core.package_identification:_identify(src/urdf_example-main) by extensions ['colcon_meta']
[1.001s] Level 1:colcon.colcon_core.package_identification:_identify(src/urdf_example-main) by extension 'colcon_meta'
[1.001s] Level 1:colcon.colcon_core.package_identification:_identify(src/urdf_example-main) by extensions ['ros']
[1.001s] Level 1:colcon.colcon_core.package_identification:_identify(src/urdf_example-main) by extension 'ros'
[1.001s] Level 1:colcon.colcon_core.package_identification:_identify(src/urdf_example-main) by extensions ['cmake', 'python']
[1.001s] Level 1:colcon.colcon_core.package_identification:_identify(src/urdf_example-main) by extension 'cmake'
[1.001s] Level 1:colcon.colcon_core.package_identification:_identify(src/urdf_example-main) by extension 'python'
[1.002s] Level 1:colcon.colcon_core.package_identification:_identify(src/urdf_example-main) by extensions ['python_setup_py']
[1.002s] Level 1:colcon.colcon_core.package_identification:_identify(src/urdf_example-main) by extension 'python_setup_py'
[1.002s] Level 1:colcon.colcon_core.package_identification:_identify(src/urdf_example-main/build) by extensions ['ignore', 'ignore_ament_install']
[1.002s] Level 1:colcon.colcon_core.package_identification:_identify(src/urdf_example-main/build) by extension 'ignore'
[1.002s] Level 1:colcon.colcon_core.package_identification:_identify(src/urdf_example-main/build) ignored
[1.002s] Level 1:colcon.colcon_core.package_identification:_identify(src/urdf_example-main/install) by extensions ['ignore', 'ignore_ament_install']
[1.002s] Level 1:colcon.colcon_core.package_identification:_identify(src/urdf_example-main/install) by extension 'ignore'
[1.002s] Level 1:colcon.colcon_core.package_identification:_identify(src/urdf_example-main/install) ignored
[1.002s] Level 1:colcon.colcon_core.package_identification:_identify(src/urdf_example-main/log) by extensions ['ignore', 'ignore_ament_install']
[1.002s] Level 1:colcon.colcon_core.package_identification:_identify(src/urdf_example-main/log) by extension 'ignore'
[1.002s] Level 1:colcon.colcon_core.package_identification:_identify(src/urdf_example-main/log) ignored
[1.002s] Level 1:colcon.colcon_core.package_identification:_identify(src/urdf_example-main/urdf_example-main) by extensions ['ignore', 'ignore_ament_install']
[1.002s] Level 1:colcon.colcon_core.package_identification:_identify(src/urdf_example-main/urdf_example-main) by extension 'ignore'
[1.002s] Level 1:colcon.colcon_core.package_identification:_identify(src/urdf_example-main/urdf_example-main) by extension 'ignore_ament_install'
[1.002s] Level 1:colcon.colcon_core.package_identification:_identify(src/urdf_example-main/urdf_example-main) by extensions ['colcon_pkg']
[1.002s] Level 1:colcon.colcon_core.package_identification:_identify(src/urdf_example-main/urdf_example-main) by extension 'colcon_pkg'
[1.002s] Level 1:colcon.colcon_core.package_identification:_identify(src/urdf_example-main/urdf_example-main) by extensions ['colcon_meta']
[1.003s] Level 1:colcon.colcon_core.package_identification:_identify(src/urdf_example-main/urdf_example-main) by extension 'colcon_meta'
[1.003s] Level 1:colcon.colcon_core.package_identification:_identify(src/urdf_example-main/urdf_example-main) by extensions ['ros']
[1.003s] Level 1:colcon.colcon_core.package_identification:_identify(src/urdf_example-main/urdf_example-main) by extension 'ros'
[1.003s] DEBUG:colcon.colcon_core.package_identification:Package 'src/urdf_example-main/urdf_example-main' with type 'ros.ament_cmake' and name 'urdf_example'
[1.003s] Level 1:colcon.colcon_core.package_discovery:discover_packages(recursive) using defaults
[1.003s] Level 1:colcon.colcon_core.package_discovery:discover_packages(ignore) discover
[1.003s] Level 1:colcon.colcon_core.package_discovery:discover_packages(ignore) using defaults
[1.003s] Level 1:colcon.colcon_core.package_discovery:discover_packages(path) discover
[1.003s] Level 1:colcon.colcon_core.package_discovery:discover_packages(path) using defaults
[1.092s] Level 1:colcon.colcon_core.package_discovery:discover_packages(prefix_path) check parameters
[1.092s] Level 1:colcon.colcon_core.package_discovery:discover_packages(prefix_path) discover
[1.121s] DEBUG:colcon.colcon_installed_package_information.package_discovery:Found 5 installed packages in /home/giacomo/thesis_ws/install
[1.136s] DEBUG:colcon.colcon_installed_package_information.package_discovery:Found 5 installed packages in /home/giacomo/ros2_ws/install
[1.151s] DEBUG:colcon.colcon_installed_package_information.package_discovery:Found 280 installed packages in /opt/ros/humble
[1.152s] Level 1:colcon.colcon_core.package_discovery:discover_packages(prefix_path) using defaults
[1.222s] Level 5:colcon.colcon_core.verb:set package 'custom_message' build argument 'cmake_args' from command line to 'None'
[1.222s] Level 5:colcon.colcon_core.verb:set package 'custom_message' build argument 'cmake_target' from command line to 'None'
[1.222s] Level 5:colcon.colcon_core.verb:set package 'custom_message' build argument 'cmake_target_skip_unavailable' from command line to 'False'
[1.222s] Level 5:colcon.colcon_core.verb:set package 'custom_message' build argument 'cmake_clean_cache' from command line to 'False'
[1.222s] Level 5:colcon.colcon_core.verb:set package 'custom_message' build argument 'cmake_clean_first' from command line to 'False'
[1.223s] Level 5:colcon.colcon_core.verb:set package 'custom_message' build argument 'cmake_force_configure' from command line to 'False'
[1.223s] Level 5:colcon.colcon_core.verb:set package 'custom_message' build argument 'ament_cmake_args' from command line to 'None'
[1.223s] Level 5:colcon.colcon_core.verb:set package 'custom_message' build argument 'catkin_cmake_args' from command line to 'None'
[1.223s] Level 5:colcon.colcon_core.verb:set package 'custom_message' build argument 'catkin_skip_building_tests' from command line to 'False'
[1.223s] DEBUG:colcon.colcon_core.verb:Building package 'custom_message' with the following arguments: {'ament_cmake_args': None, 'build_base': '/home/giacomo/thesis_ws/build/custom_message', 'catkin_cmake_args': None, 'catkin_skip_building_tests': False, 'cmake_args': None, 'cmake_clean_cache': False, 'cmake_clean_first': False, 'cmake_force_configure': False, 'cmake_target': None, 'cmake_target_skip_unavailable': False, 'install_base': '/home/giacomo/thesis_ws/install/custom_message', 'merge_install': False, 'path': '/home/giacomo/thesis_ws/src/custom_message', 'symlink_install': True, 'test_result_base': None}
[1.238s] Level 5:colcon.colcon_core.verb:set package 'my_bot' build argument 'cmake_args' from command line to 'None'
[1.238s] Level 5:colcon.colcon_core.verb:set package 'my_bot' build argument 'cmake_target' from command line to 'None'
[1.238s] Level 5:colcon.colcon_core.verb:set package 'my_bot' build argument 'cmake_target_skip_unavailable' from command line to 'False'
[1.238s] Level 5:colcon.colcon_core.verb:set package 'my_bot' build argument 'cmake_clean_cache' from command line to 'False'
[1.238s] Level 5:colcon.colcon_core.verb:set package 'my_bot' build argument 'cmake_clean_first' from command line to 'False'
[1.238s] Level 5:colcon.colcon_core.verb:set package 'my_bot' build argument 'cmake_force_configure' from command line to 'False'
[1.238s] Level 5:colcon.colcon_core.verb:set package 'my_bot' build argument 'ament_cmake_args' from command line to 'None'
[1.238s] Level 5:colcon.colcon_core.verb:set package 'my_bot' build argument 'catkin_cmake_args' from command line to 'None'
[1.238s] Level 5:colcon.colcon_core.verb:set package 'my_bot' build argument 'catkin_skip_building_tests' from command line to 'False'
[1.238s] DEBUG:colcon.colcon_core.verb:Building package 'my_bot' with the following arguments: {'ament_cmake_args': None, 'build_base': '/home/giacomo/thesis_ws/build/my_bot', 'catkin_cmake_args': None, 'catkin_skip_building_tests': False, 'cmake_args': None, 'cmake_clean_cache': False, 'cmake_clean_first': False, 'cmake_force_configure': False, 'cmake_target': None, 'cmake_target_skip_unavailable': False, 'install_base': '/home/giacomo/thesis_ws/install/my_bot', 'merge_install': False, 'path': '/home/giacomo/thesis_ws/src/my_bot', 'symlink_install': True, 'test_result_base': None}
[1.252s] Level 5:colcon.colcon_core.verb:set package 'urdf_example' build argument 'cmake_args' from command line to 'None'
[1.252s] Level 5:colcon.colcon_core.verb:set package 'urdf_example' build argument 'cmake_target' from command line to 'None'
[1.252s] Level 5:colcon.colcon_core.verb:set package 'urdf_example' build argument 'cmake_target_skip_unavailable' from command line to 'False'
[1.252s] Level 5:colcon.colcon_core.verb:set package 'urdf_example' build argument 'cmake_clean_cache' from command line to 'False'
[1.252s] Level 5:colcon.colcon_core.verb:set package 'urdf_example' build argument 'cmake_clean_first' from command line to 'False'
[1.252s] Level 5:colcon.colcon_core.verb:set package 'urdf_example' build argument 'cmake_force_configure' from command line to 'False'
[1.252s] Level 5:colcon.colcon_core.verb:set package 'urdf_example' build argument 'ament_cmake_args' from command line to 'None'
[1.252s] Level 5:colcon.colcon_core.verb:set package 'urdf_example' build argument 'catkin_cmake_args' from command line to 'None'
[1.252s] Level 5:colcon.colcon_core.verb:set package 'urdf_example' build argument 'catkin_skip_building_tests' from command line to 'False'
[1.252s] DEBUG:colcon.colcon_core.verb:Building package 'urdf_example' with the following arguments: {'ament_cmake_args': None, 'build_base': '/home/giacomo/thesis_ws/build/urdf_example', 'catkin_cmake_args': None, 'catkin_skip_building_tests': False, 'cmake_args': None, 'cmake_clean_cache': False, 'cmake_clean_first': False, 'cmake_force_configure': False, 'cmake_target': None, 'cmake_target_skip_unavailable': False, 'install_base': '/home/giacomo/thesis_ws/install/urdf_example', 'merge_install': False, 'path': '/home/giacomo/thesis_ws/src/urdf_example-main/urdf_example-main', 'symlink_install': True, 'test_result_base': None}
[1.277s] Level 5:colcon.colcon_core.verb:set package 'bumper_cars' build argument 'cmake_args' from command line to 'None'
[1.277s] Level 5:colcon.colcon_core.verb:set package 'bumper_cars' build argument 'cmake_target' from command line to 'None'
[1.277s] Level 5:colcon.colcon_core.verb:set package 'bumper_cars' build argument 'cmake_target_skip_unavailable' from command line to 'False'
[1.277s] Level 5:colcon.colcon_core.verb:set package 'bumper_cars' build argument 'cmake_clean_cache' from command line to 'False'
[1.277s] Level 5:colcon.colcon_core.verb:set package 'bumper_cars' build argument 'cmake_clean_first' from command line to 'False'
[1.277s] Level 5:colcon.colcon_core.verb:set package 'bumper_cars' build argument 'cmake_force_configure' from command line to 'False'
[1.277s] Level 5:colcon.colcon_core.verb:set package 'bumper_cars' build argument 'ament_cmake_args' from command line to 'None'
[1.277s] Level 5:colcon.colcon_core.verb:set package 'bumper_cars' build argument 'catkin_cmake_args' from command line to 'None'
[1.277s] Level 5:colcon.colcon_core.verb:set package 'bumper_cars' build argument 'catkin_skip_building_tests' from command line to 'False'
[1.277s] DEBUG:colcon.colcon_core.verb:Building package 'bumper_cars' with the following arguments: {'ament_cmake_args': None, 'build_base': '/home/giacomo/thesis_ws/build/bumper_cars', 'catkin_cmake_args': None, 'catkin_skip_building_tests': False, 'cmake_args': None, 'cmake_clean_cache': False, 'cmake_clean_first': False, 'cmake_force_configure': False, 'cmake_target': None, 'cmake_target_skip_unavailable': False, 'install_base': '/home/giacomo/thesis_ws/install/bumper_cars', 'merge_install': False, 'path': '/home/giacomo/thesis_ws/src/bumper_cars', 'symlink_install': True, 'test_result_base': None}
[1.291s] Level 5:colcon.colcon_core.verb:set package 'sym_bringup' build argument 'cmake_args' from command line to 'None'
[1.291s] Level 5:colcon.colcon_core.verb:set package 'sym_bringup' build argument 'cmake_target' from command line to 'None'
[1.291s] Level 5:colcon.colcon_core.verb:set package 'sym_bringup' build argument 'cmake_target_skip_unavailable' from command line to 'False'
[1.292s] Level 5:colcon.colcon_core.verb:set package 'sym_bringup' build argument 'cmake_clean_cache' from command line to 'False'
[1.292s] Level 5:colcon.colcon_core.verb:set package 'sym_bringup' build argument 'cmake_clean_first' from command line to 'False'
[1.292s] Level 5:colcon.colcon_core.verb:set package 'sym_bringup' build argument 'cmake_force_configure' from command line to 'False'
[1.292s] Level 5:colcon.colcon_core.verb:set package 'sym_bringup' build argument 'ament_cmake_args' from command line to 'None'
[1.292s] Level 5:colcon.colcon_core.verb:set package 'sym_bringup' build argument 'catkin_cmake_args' from command line to 'None'
[1.292s] Level 5:colcon.colcon_core.verb:set package 'sym_bringup' build argument 'catkin_skip_building_tests' from command line to 'False'
[1.292s] DEBUG:colcon.colcon_core.verb:Building package 'sym_bringup' with the following arguments: {'ament_cmake_args': None, 'build_base': '/home/giacomo/thesis_ws/build/sym_bringup', 'catkin_cmake_args': None, 'catkin_skip_building_tests': False, 'cmake_args': None, 'cmake_clean_cache': False, 'cmake_clean_first': False, 'cmake_force_configure': False, 'cmake_target': None, 'cmake_target_skip_unavailable': False, 'install_base': '/home/giacomo/thesis_ws/install/sym_bringup', 'merge_install': False, 'path': '/home/giacomo/thesis_ws/src/sym_bringup', 'symlink_install': True, 'test_result_base': None}
[1.305s] INFO:colcon.colcon_core.executor:Executing jobs using 'parallel' executor
[1.320s] DEBUG:colcon.colcon_parallel_executor.executor.parallel:run_until_complete
[1.320s] INFO:colcon.colcon_ros.task.ament_cmake.build:Building ROS package in '/home/giacomo/thesis_ws/src/custom_message' with build type 'ament_cmake'
[1.320s] INFO:colcon.colcon_cmake.task.cmake.build:Building CMake package in '/home/giacomo/thesis_ws/src/custom_message'
[1.337s] INFO:colcon.colcon_core.plugin_system:Skipping extension 'colcon_core.shell.bat': Not used on non-Windows systems
[1.337s] INFO:colcon.colcon_core.shell:Skip shell extension 'powershell' for command environment: Not usable outside of PowerShell
[1.337s] DEBUG:colcon.colcon_core.shell:Skip shell extension 'dsv' for command environment
[1.395s] INFO:colcon.colcon_ros.task.ament_cmake.build:Building ROS package in '/home/giacomo/thesis_ws/src/my_bot' with build type 'ament_cmake'
[1.395s] INFO:colcon.colcon_cmake.task.cmake.build:Building CMake package in '/home/giacomo/thesis_ws/src/my_bot'
[1.410s] INFO:colcon.colcon_core.shell:Skip shell extension 'powershell' for command environment: Not usable outside of PowerShell
[1.410s] DEBUG:colcon.colcon_core.shell:Skip shell extension 'dsv' for command environment
[1.471s] INFO:colcon.colcon_ros.task.ament_cmake.build:Building ROS package in '/home/giacomo/thesis_ws/src/urdf_example-main/urdf_example-main' with build type 'ament_cmake'
[1.471s] INFO:colcon.colcon_cmake.task.cmake.build:Building CMake package in '/home/giacomo/thesis_ws/src/urdf_example-main/urdf_example-main'
[1.488s] INFO:colcon.colcon_core.shell:Skip shell extension 'powershell' for command environment: Not usable outside of PowerShell
[1.488s] DEBUG:colcon.colcon_core.shell:Skip shell extension 'dsv' for command environment
[1.560s] DEBUG:colcon.colcon_core.event_handler.log_command:Invoking command in '/home/giacomo/thesis_ws/build/custom_message': CMAKE_PREFIX_PATH=${CMAKE_PREFIX_PATH}:/home/giacomo/thesis_ws/install/bumper_cars:/home/giacomo/ros2_ws/install/py_pubsub:/home/giacomo/ros2_ws/install/my_robot_controller:/home/giacomo/ros2_ws/install/py_srvcli:/opt/ros/humble /usr/bin/cmake --build /home/giacomo/thesis_ws/build/custom_message -- -j8 -l8
[1.564s] DEBUG:colcon.colcon_core.event_handler.log_command:Invoking command in '/home/giacomo/thesis_ws/build/my_bot': CMAKE_PREFIX_PATH=${CMAKE_PREFIX_PATH}:/home/giacomo/thesis_ws/install/bumper_cars:/home/giacomo/ros2_ws/install/py_pubsub:/home/giacomo/ros2_ws/install/my_robot_controller:/home/giacomo/ros2_ws/install/py_srvcli:/opt/ros/humble /usr/bin/cmake /home/giacomo/thesis_ws/src/my_bot -DAMENT_CMAKE_SYMLINK_INSTALL=1 -DCMAKE_INSTALL_PREFIX=/home/giacomo/thesis_ws/install/my_bot
[1.571s] DEBUG:colcon.colcon_core.event_handler.log_command:Invoking command in '/home/giacomo/thesis_ws/build/urdf_example': CMAKE_PREFIX_PATH=${CMAKE_PREFIX_PATH}:/home/giacomo/thesis_ws/install/bumper_cars:/home/giacomo/ros2_ws/install/py_pubsub:/home/giacomo/ros2_ws/install/my_robot_controller:/home/giacomo/ros2_ws/install/py_srvcli:/opt/ros/humble /usr/bin/cmake --build /home/giacomo/thesis_ws/build/urdf_example -- -j8 -l8
[1.984s] DEBUG:colcon.colcon_core.event_handler.log_command:Invoked command in '/home/giacomo/thesis_ws/build/urdf_example' returned '0': CMAKE_PREFIX_PATH=${CMAKE_PREFIX_PATH}:/home/giacomo/thesis_ws/install/bumper_cars:/home/giacomo/ros2_ws/install/py_pubsub:/home/giacomo/ros2_ws/install/my_robot_controller:/home/giacomo/ros2_ws/install/py_srvcli:/opt/ros/humble /usr/bin/cmake --build /home/giacomo/thesis_ws/build/urdf_example -- -j8 -l8
[2.021s] DEBUG:colcon.colcon_core.event_handler.log_command:Invoking command in '/home/giacomo/thesis_ws/build/urdf_example': CMAKE_PREFIX_PATH=${CMAKE_PREFIX_PATH}:/home/giacomo/thesis_ws/install/bumper_cars:/home/giacomo/ros2_ws/install/py_pubsub:/home/giacomo/ros2_ws/install/my_robot_controller:/home/giacomo/ros2_ws/install/py_srvcli:/opt/ros/humble /usr/bin/cmake --install /home/giacomo/thesis_ws/build/urdf_example
[2.048s] Level 1:colcon.colcon_core.environment:create_environment_scripts_only(urdf_example)
[2.049s] DEBUG:colcon.colcon_core.event_handler.log_command:Invoked command in '/home/giacomo/thesis_ws/build/urdf_example' returned '0': CMAKE_PREFIX_PATH=${CMAKE_PREFIX_PATH}:/home/giacomo/thesis_ws/install/bumper_cars:/home/giacomo/ros2_ws/install/py_pubsub:/home/giacomo/ros2_ws/install/my_robot_controller:/home/giacomo/ros2_ws/install/py_srvcli:/opt/ros/humble /usr/bin/cmake --install /home/giacomo/thesis_ws/build/urdf_example
[2.088s] Level 1:colcon.colcon_core.environment:checking '/home/giacomo/thesis_ws/install/urdf_example' for CMake module files
[2.089s] Level 1:colcon.colcon_core.environment:checking '/home/giacomo/thesis_ws/install/urdf_example' for CMake config files
[2.089s] Level 1:colcon.colcon_core.shell:create_environment_hook('urdf_example', 'cmake_prefix_path')
[2.115s] INFO:colcon.colcon_core.shell:Creating environment hook '/home/giacomo/thesis_ws/install/urdf_example/share/urdf_example/hook/cmake_prefix_path.ps1'
[2.116s] INFO:colcon.colcon_core.shell:Creating environment descriptor '/home/giacomo/thesis_ws/install/urdf_example/share/urdf_example/hook/cmake_prefix_path.dsv'
[2.116s] INFO:colcon.colcon_core.shell:Creating environment hook '/home/giacomo/thesis_ws/install/urdf_example/share/urdf_example/hook/cmake_prefix_path.sh'
[2.117s] Level 1:colcon.colcon_core.environment:checking '/home/giacomo/thesis_ws/install/urdf_example/bin'
[2.117s] Level 1:colcon.colcon_core.environment:checking '/home/giacomo/thesis_ws/install/urdf_example/lib/pkgconfig/urdf_example.pc'
[2.118s] Level 1:colcon.colcon_core.environment:checking '/home/giacomo/thesis_ws/install/urdf_example/lib/python3.10/site-packages'
[2.118s] Level 1:colcon.colcon_core.environment:checking '/home/giacomo/thesis_ws/install/urdf_example/bin'
[2.137s] INFO:colcon.colcon_core.shell:Creating package script '/home/giacomo/thesis_ws/install/urdf_example/share/urdf_example/package.ps1'
[2.137s] INFO:colcon.colcon_core.shell:Creating package descriptor '/home/giacomo/thesis_ws/install/urdf_example/share/urdf_example/package.dsv'
[2.138s] INFO:colcon.colcon_core.shell:Creating package script '/home/giacomo/thesis_ws/install/urdf_example/share/urdf_example/package.sh'
[2.139s] INFO:colcon.colcon_core.shell:Creating package script '/home/giacomo/thesis_ws/install/urdf_example/share/urdf_example/package.bash'
[2.139s] INFO:colcon.colcon_core.shell:Creating package script '/home/giacomo/thesis_ws/install/urdf_example/share/urdf_example/package.zsh'
[2.140s] Level 1:colcon.colcon_core.environment:create_file_with_runtime_dependencies(/home/giacomo/thesis_ws/install/urdf_example/share/colcon-core/packages/urdf_example)
[2.142s] DEBUG:colcon.colcon_core.event_handler.log_command:Invoked command in '/home/giacomo/thesis_ws/build/custom_message' returned '0': CMAKE_PREFIX_PATH=${CMAKE_PREFIX_PATH}:/home/giacomo/thesis_ws/install/bumper_cars:/home/giacomo/ros2_ws/install/py_pubsub:/home/giacomo/ros2_ws/install/my_robot_controller:/home/giacomo/ros2_ws/install/py_srvcli:/opt/ros/humble /usr/bin/cmake --build /home/giacomo/thesis_ws/build/custom_message -- -j8 -l8
[2.198s] Level 1:colcon.colcon_core.environment:create_environment_scripts_only(urdf_example)
[2.217s] Level 1:colcon.colcon_core.environment:checking '/home/giacomo/thesis_ws/install/urdf_example' for CMake module files
[2.217s] Level 1:colcon.colcon_core.environment:checking '/home/giacomo/thesis_ws/install/urdf_example' for CMake config files
[2.218s] Level 1:colcon.colcon_core.shell:create_environment_hook('urdf_example', 'cmake_prefix_path')
[2.236s] INFO:colcon.colcon_core.shell:Creating environment hook '/home/giacomo/thesis_ws/install/urdf_example/share/urdf_example/hook/cmake_prefix_path.ps1'
[2.237s] INFO:colcon.colcon_core.shell:Creating environment descriptor '/home/giacomo/thesis_ws/install/urdf_example/share/urdf_example/hook/cmake_prefix_path.dsv'
[2.237s] INFO:colcon.colcon_core.shell:Creating environment hook '/home/giacomo/thesis_ws/install/urdf_example/share/urdf_example/hook/cmake_prefix_path.sh'
[2.238s] Level 1:colcon.colcon_core.environment:checking '/home/giacomo/thesis_ws/install/urdf_example/bin'
[2.238s] Level 1:colcon.colcon_core.environment:checking '/home/giacomo/thesis_ws/install/urdf_example/lib/pkgconfig/urdf_example.pc'
[2.238s] Level 1:colcon.colcon_core.environment:checking '/home/giacomo/thesis_ws/install/urdf_example/lib/python3.10/site-packages'
[2.238s] Level 1:colcon.colcon_core.environment:checking '/home/giacomo/thesis_ws/install/urdf_example/bin'
[2.259s] INFO:colcon.colcon_core.shell:Creating package script '/home/giacomo/thesis_ws/install/urdf_example/share/urdf_example/package.ps1'
[2.260s] INFO:colcon.colcon_core.shell:Creating package descriptor '/home/giacomo/thesis_ws/install/urdf_example/share/urdf_example/package.dsv'
[2.260s] INFO:colcon.colcon_core.shell:Creating package script '/home/giacomo/thesis_ws/install/urdf_example/share/urdf_example/package.sh'
[2.261s] INFO:colcon.colcon_core.shell:Creating package script '/home/giacomo/thesis_ws/install/urdf_example/share/urdf_example/package.bash'
[2.261s] INFO:colcon.colcon_core.shell:Creating package script '/home/giacomo/thesis_ws/install/urdf_example/share/urdf_example/package.zsh'
[2.262s] Level 1:colcon.colcon_core.environment:create_file_with_runtime_dependencies(/home/giacomo/thesis_ws/install/urdf_example/share/colcon-core/packages/urdf_example)
[2.270s] DEBUG:colcon.colcon_core.event_handler.log_command:Invoking command in '/home/giacomo/thesis_ws/build/custom_message': CMAKE_PREFIX_PATH=${CMAKE_PREFIX_PATH}:/home/giacomo/thesis_ws/install/bumper_cars:/home/giacomo/ros2_ws/install/py_pubsub:/home/giacomo/ros2_ws/install/my_robot_controller:/home/giacomo/ros2_ws/install/py_srvcli:/opt/ros/humble /usr/bin/cmake --install /home/giacomo/thesis_ws/build/custom_message
[2.368s] Level 1:colcon.colcon_core.environment:create_environment_scripts_only(custom_message)
[2.369s] DEBUG:colcon.colcon_core.event_handler.log_command:Invoked command in '/home/giacomo/thesis_ws/build/custom_message' returned '0': CMAKE_PREFIX_PATH=${CMAKE_PREFIX_PATH}:/home/giacomo/thesis_ws/install/bumper_cars:/home/giacomo/ros2_ws/install/py_pubsub:/home/giacomo/ros2_ws/install/my_robot_controller:/home/giacomo/ros2_ws/install/py_srvcli:/opt/ros/humble /usr/bin/cmake --install /home/giacomo/thesis_ws/build/custom_message
[2.386s] Level 1:colcon.colcon_core.environment:checking '/home/giacomo/thesis_ws/install/custom_message' for CMake module files
[2.387s] Level 1:colcon.colcon_core.environment:checking '/home/giacomo/thesis_ws/install/custom_message' for CMake config files
[2.388s] Level 1:colcon.colcon_core.shell:create_environment_hook('custom_message', 'cmake_prefix_path')
[2.405s] INFO:colcon.colcon_core.shell:Creating environment hook '/home/giacomo/thesis_ws/install/custom_message/share/custom_message/hook/cmake_prefix_path.ps1'
[2.405s] INFO:colcon.colcon_core.shell:Creating environment descriptor '/home/giacomo/thesis_ws/install/custom_message/share/custom_message/hook/cmake_prefix_path.dsv'
[2.406s] INFO:colcon.colcon_core.shell:Creating environment hook '/home/giacomo/thesis_ws/install/custom_message/share/custom_message/hook/cmake_prefix_path.sh'
[2.406s] Level 1:colcon.colcon_core.environment:checking '/home/giacomo/thesis_ws/install/custom_message/lib'
[2.406s] Level 1:colcon.colcon_core.shell:create_environment_hook('custom_message', 'ld_library_path_lib')
[2.424s] INFO:colcon.colcon_core.shell:Creating environment hook '/home/giacomo/thesis_ws/install/custom_message/share/custom_message/hook/ld_library_path_lib.ps1'
[2.424s] INFO:colcon.colcon_core.shell:Creating environment descriptor '/home/giacomo/thesis_ws/install/custom_message/share/custom_message/hook/ld_library_path_lib.dsv'
[2.425s] INFO:colcon.colcon_core.shell:Creating environment hook '/home/giacomo/thesis_ws/install/custom_message/share/custom_message/hook/ld_library_path_lib.sh'
[2.425s] Level 1:colcon.colcon_core.environment:checking '/home/giacomo/thesis_ws/install/custom_message/bin'
[2.425s] Level 1:colcon.colcon_core.environment:checking '/home/giacomo/thesis_ws/install/custom_message/lib/pkgconfig/custom_message.pc'
[2.425s] Level 1:colcon.colcon_core.environment:checking '/home/giacomo/thesis_ws/install/custom_message/lib/python3.10/site-packages'
[2.425s] Level 1:colcon.colcon_core.environment:checking '/home/giacomo/thesis_ws/install/custom_message/bin'
[2.442s] INFO:colcon.colcon_core.shell:Creating package script '/home/giacomo/thesis_ws/install/custom_message/share/custom_message/package.ps1'
[2.442s] INFO:colcon.colcon_core.shell:Creating package descriptor '/home/giacomo/thesis_ws/install/custom_message/share/custom_message/package.dsv'
[2.443s] INFO:colcon.colcon_core.shell:Creating package script '/home/giacomo/thesis_ws/install/custom_message/share/custom_message/package.sh'
[2.443s] INFO:colcon.colcon_core.shell:Creating package script '/home/giacomo/thesis_ws/install/custom_message/share/custom_message/package.bash'
[2.444s] INFO:colcon.colcon_core.shell:Creating package script '/home/giacomo/thesis_ws/install/custom_message/share/custom_message/package.zsh'
[2.444s] Level 1:colcon.colcon_core.environment:create_file_with_runtime_dependencies(/home/giacomo/thesis_ws/install/custom_message/share/colcon-core/packages/custom_message)
[2.592s] Level 1:colcon.colcon_core.environment:create_environment_scripts_only(custom_message)
[2.611s] Level 1:colcon.colcon_core.environment:checking '/home/giacomo/thesis_ws/install/custom_message' for CMake module files
[2.611s] Level 1:colcon.colcon_core.environment:checking '/home/giacomo/thesis_ws/install/custom_message' for CMake config files
[2.613s] Level 1:colcon.colcon_core.shell:create_environment_hook('custom_message', 'cmake_prefix_path')
[2.639s] INFO:colcon.colcon_core.shell:Creating environment hook '/home/giacomo/thesis_ws/install/custom_message/share/custom_message/hook/cmake_prefix_path.ps1'
[2.640s] INFO:colcon.colcon_core.shell:Creating environment descriptor '/home/giacomo/thesis_ws/install/custom_message/share/custom_message/hook/cmake_prefix_path.dsv'
[2.640s] INFO:colcon.colcon_core.shell:Creating environment hook '/home/giacomo/thesis_ws/install/custom_message/share/custom_message/hook/cmake_prefix_path.sh'
[2.641s] Level 1:colcon.colcon_core.environment:checking '/home/giacomo/thesis_ws/install/custom_message/lib'
[2.641s] Level 1:colcon.colcon_core.shell:create_environment_hook('custom_message', 'ld_library_path_lib')
[2.676s] INFO:colcon.colcon_core.shell:Creating environment hook '/home/giacomo/thesis_ws/install/custom_message/share/custom_message/hook/ld_library_path_lib.ps1'
[2.677s] INFO:colcon.colcon_core.shell:Creating environment descriptor '/home/giacomo/thesis_ws/install/custom_message/share/custom_message/hook/ld_library_path_lib.dsv'
[2.677s] INFO:colcon.colcon_core.shell:Creating environment hook '/home/giacomo/thesis_ws/install/custom_message/share/custom_message/hook/ld_library_path_lib.sh'
[2.677s] Level 1:colcon.colcon_core.environment:checking '/home/giacomo/thesis_ws/install/custom_message/bin'
[2.678s] Level 1:colcon.colcon_core.environment:checking '/home/giacomo/thesis_ws/install/custom_message/lib/pkgconfig/custom_message.pc'
[2.678s] Level 1:colcon.colcon_core.environment:checking '/home/giacomo/thesis_ws/install/custom_message/lib/python3.10/site-packages'
[2.678s] Level 1:colcon.colcon_core.environment:checking '/home/giacomo/thesis_ws/install/custom_message/bin'
[2.697s] INFO:colcon.colcon_core.shell:Creating package script '/home/giacomo/thesis_ws/install/custom_message/share/custom_message/package.ps1'
[2.698s] INFO:colcon.colcon_core.shell:Creating package descriptor '/home/giacomo/thesis_ws/install/custom_message/share/custom_message/package.dsv'
[2.699s] INFO:colcon.colcon_core.shell:Creating package script '/home/giacomo/thesis_ws/install/custom_message/share/custom_message/package.sh'
[2.699s] INFO:colcon.colcon_core.shell:Creating package script '/home/giacomo/thesis_ws/install/custom_message/share/custom_message/package.bash'
[2.700s] INFO:colcon.colcon_core.shell:Creating package script '/home/giacomo/thesis_ws/install/custom_message/share/custom_message/package.zsh'
[2.700s] Level 1:colcon.colcon_core.environment:create_file_with_runtime_dependencies(/home/giacomo/thesis_ws/install/custom_message/share/colcon-core/packages/custom_message)
[2.700s] INFO:colcon.colcon_ros.task.ament_python.build:Building ROS package in '/home/giacomo/thesis_ws/src/bumper_cars' with build type 'ament_python'
[2.701s] Level 1:colcon.colcon_core.shell:create_environment_hook('bumper_cars', 'ament_prefix_path')
[2.725s] INFO:colcon.colcon_core.shell:Creating environment hook '/home/giacomo/thesis_ws/install/bumper_cars/share/bumper_cars/hook/ament_prefix_path.ps1'
[2.726s] INFO:colcon.colcon_core.shell:Creating environment descriptor '/home/giacomo/thesis_ws/install/bumper_cars/share/bumper_cars/hook/ament_prefix_path.dsv'
[2.726s] INFO:colcon.colcon_core.shell:Creating environment hook '/home/giacomo/thesis_ws/install/bumper_cars/share/bumper_cars/hook/ament_prefix_path.sh'
[2.755s] INFO:colcon.colcon_core.shell:Skip shell extension 'powershell' for command environment: Not usable outside of PowerShell
[2.755s] DEBUG:colcon.colcon_core.shell:Skip shell extension 'dsv' for command environment
[2.881s] DEBUG:colcon.colcon_core.event_handler.log_command:Invoked command in '/home/giacomo/thesis_ws/build/my_bot' returned '0': CMAKE_PREFIX_PATH=${CMAKE_PREFIX_PATH}:/home/giacomo/thesis_ws/install/bumper_cars:/home/giacomo/ros2_ws/install/py_pubsub:/home/giacomo/ros2_ws/install/my_robot_controller:/home/giacomo/ros2_ws/install/py_srvcli:/opt/ros/humble /usr/bin/cmake /home/giacomo/thesis_ws/src/my_bot -DAMENT_CMAKE_SYMLINK_INSTALL=1 -DCMAKE_INSTALL_PREFIX=/home/giacomo/thesis_ws/install/my_bot
[2.883s] DEBUG:colcon.colcon_core.event_handler.log_command:Invoking command in '/home/giacomo/thesis_ws/build/my_bot': CMAKE_PREFIX_PATH=${CMAKE_PREFIX_PATH}:/home/giacomo/thesis_ws/install/bumper_cars:/home/giacomo/ros2_ws/install/py_pubsub:/home/giacomo/ros2_ws/install/my_robot_controller:/home/giacomo/ros2_ws/install/py_srvcli:/opt/ros/humble /usr/bin/cmake --build /home/giacomo/thesis_ws/build/my_bot -- -j8 -l8
[3.144s] INFO:colcon.colcon_core.task.python.build:Building Python package in '/home/giacomo/thesis_ws/src/bumper_cars'
[3.162s] INFO:colcon.colcon_core.shell:Skip shell extension 'powershell' for command environment: Not usable outside of PowerShell
[3.162s] DEBUG:colcon.colcon_core.shell:Skip shell extension 'dsv' for command environment
[3.245s] DEBUG:colcon.colcon_core.event_handler.log_command:Invoked command in '/home/giacomo/thesis_ws/build/my_bot' returned '0': CMAKE_PREFIX_PATH=${CMAKE_PREFIX_PATH}:/home/giacomo/thesis_ws/install/bumper_cars:/home/giacomo/ros2_ws/install/py_pubsub:/home/giacomo/ros2_ws/install/my_robot_controller:/home/giacomo/ros2_ws/install/py_srvcli:/opt/ros/humble /usr/bin/cmake --build /home/giacomo/thesis_ws/build/my_bot -- -j8 -l8
[3.275s] DEBUG:colcon.colcon_core.event_handler.log_command:Invoking command in '/home/giacomo/thesis_ws/build/my_bot': CMAKE_PREFIX_PATH=${CMAKE_PREFIX_PATH}:/home/giacomo/thesis_ws/install/bumper_cars:/home/giacomo/ros2_ws/install/py_pubsub:/home/giacomo/ros2_ws/install/my_robot_controller:/home/giacomo/ros2_ws/install/py_srvcli:/opt/ros/humble /usr/bin/cmake --install /home/giacomo/thesis_ws/build/my_bot
[3.893s] DEBUG:colcon.colcon_core.event_handler.log_command:Invoking command in '/home/giacomo/thesis_ws/build/bumper_cars': CMAKE_PREFIX_PATH=/home/giacomo/thesis_ws/install/custom_message:/home/giacomo/thesis_ws/install/urdf_example:/home/giacomo/thesis_ws/install/sym_bringup:/home/giacomo/ros2_ws/install/tutorial_interfaces:/home/giacomo/ros2_ws/install/turtlesim PYTHONPATH=/home/giacomo/thesis_ws/build/bumper_cars/prefix_override:/home/giacomo/thesis_ws/install/bumper_cars/lib/python3.10/site-packages:${PYTHONPATH} /usr/bin/python3 setup.py develop --editable --build-directory /home/giacomo/thesis_ws/build/bumper_cars/build --no-deps install_data
[4.437s] Level 1:colcon.colcon_core.environment:create_environment_scripts_only(my_bot)
[4.438s] DEBUG:colcon.colcon_core.event_handler.log_command:Invoked command in '/home/giacomo/thesis_ws/build/my_bot' returned '0': CMAKE_PREFIX_PATH=${CMAKE_PREFIX_PATH}:/home/giacomo/thesis_ws/install/bumper_cars:/home/giacomo/ros2_ws/install/py_pubsub:/home/giacomo/ros2_ws/install/my_robot_controller:/home/giacomo/ros2_ws/install/py_srvcli:/opt/ros/humble /usr/bin/cmake --install /home/giacomo/thesis_ws/build/my_bot
[4.455s] Level 1:colcon.colcon_core.environment:checking '/home/giacomo/thesis_ws/install/my_bot' for CMake module files
[4.455s] Level 1:colcon.colcon_core.environment:checking '/home/giacomo/thesis_ws/install/my_bot' for CMake config files
[4.457s] Level 1:colcon.colcon_core.shell:create_environment_hook('my_bot', 'cmake_prefix_path')
[4.474s] INFO:colcon.colcon_core.shell:Creating environment hook '/home/giacomo/thesis_ws/install/my_bot/share/my_bot/hook/cmake_prefix_path.ps1'
[4.474s] INFO:colcon.colcon_core.shell:Creating environment descriptor '/home/giacomo/thesis_ws/install/my_bot/share/my_bot/hook/cmake_prefix_path.dsv'
[4.475s] INFO:colcon.colcon_core.shell:Creating environment hook '/home/giacomo/thesis_ws/install/my_bot/share/my_bot/hook/cmake_prefix_path.sh'
[4.475s] Level 1:colcon.colcon_core.environment:checking '/home/giacomo/thesis_ws/install/my_bot/bin'
[4.475s] Level 1:colcon.colcon_core.environment:checking '/home/giacomo/thesis_ws/install/my_bot/lib/pkgconfig/my_bot.pc'
[4.476s] Level 1:colcon.colcon_core.environment:checking '/home/giacomo/thesis_ws/install/my_bot/lib/python3.10/site-packages'
[4.476s] Level 1:colcon.colcon_core.environment:checking '/home/giacomo/thesis_ws/install/my_bot/bin'
[4.492s] INFO:colcon.colcon_core.shell:Creating package script '/home/giacomo/thesis_ws/install/my_bot/share/my_bot/package.ps1'
[4.493s] INFO:colcon.colcon_core.shell:Creating package descriptor '/home/giacomo/thesis_ws/install/my_bot/share/my_bot/package.dsv'
[4.493s] INFO:colcon.colcon_core.shell:Creating package script '/home/giacomo/thesis_ws/install/my_bot/share/my_bot/package.sh'
[4.494s] INFO:colcon.colcon_core.shell:Creating package script '/home/giacomo/thesis_ws/install/my_bot/share/my_bot/package.bash'
[4.494s] INFO:colcon.colcon_core.shell:Creating package script '/home/giacomo/thesis_ws/install/my_bot/share/my_bot/package.zsh'
[4.495s] Level 1:colcon.colcon_core.environment:create_file_with_runtime_dependencies(/home/giacomo/thesis_ws/install/my_bot/share/colcon-core/packages/my_bot)
[4.537s] Level 1:colcon.colcon_core.environment:create_environment_scripts_only(my_bot)
[4.556s] Level 1:colcon.colcon_core.environment:checking '/home/giacomo/thesis_ws/install/my_bot' for CMake module files
[4.556s] Level 1:colcon.colcon_core.environment:checking '/home/giacomo/thesis_ws/install/my_bot' for CMake config files
[4.558s] Level 1:colcon.colcon_core.shell:create_environment_hook('my_bot', 'cmake_prefix_path')
[4.577s] INFO:colcon.colcon_core.shell:Creating environment hook '/home/giacomo/thesis_ws/install/my_bot/share/my_bot/hook/cmake_prefix_path.ps1'
[4.577s] INFO:colcon.colcon_core.shell:Creating environment descriptor '/home/giacomo/thesis_ws/install/my_bot/share/my_bot/hook/cmake_prefix_path.dsv'
[4.578s] INFO:colcon.colcon_core.shell:Creating environment hook '/home/giacomo/thesis_ws/install/my_bot/share/my_bot/hook/cmake_prefix_path.sh'
[4.578s] Level 1:colcon.colcon_core.environment:checking '/home/giacomo/thesis_ws/install/my_bot/bin'
[4.578s] Level 1:colcon.colcon_core.environment:checking '/home/giacomo/thesis_ws/install/my_bot/lib/pkgconfig/my_bot.pc'
[4.579s] Level 1:colcon.colcon_core.environment:checking '/home/giacomo/thesis_ws/install/my_bot/lib/python3.10/site-packages'
[4.579s] Level 1:colcon.colcon_core.environment:checking '/home/giacomo/thesis_ws/install/my_bot/bin'
[4.600s] INFO:colcon.colcon_core.shell:Creating package script '/home/giacomo/thesis_ws/install/my_bot/share/my_bot/package.ps1'
[4.600s] INFO:colcon.colcon_core.shell:Creating package descriptor '/home/giacomo/thesis_ws/install/my_bot/share/my_bot/package.dsv'
[4.601s] INFO:colcon.colcon_core.shell:Creating package script '/home/giacomo/thesis_ws/install/my_bot/share/my_bot/package.sh'
[4.601s] INFO:colcon.colcon_core.shell:Creating package script '/home/giacomo/thesis_ws/install/my_bot/share/my_bot/package.bash'
[4.601s] INFO:colcon.colcon_core.shell:Creating package script '/home/giacomo/thesis_ws/install/my_bot/share/my_bot/package.zsh'
[4.602s] Level 1:colcon.colcon_core.environment:create_file_with_runtime_dependencies(/home/giacomo/thesis_ws/install/my_bot/share/colcon-core/packages/my_bot)
[4.613s] Level 1:colcon.colcon_core.shell:create_environment_hook('bumper_cars', 'pythonpath_develop')
[4.614s] DEBUG:colcon.colcon_core.event_handler.log_command:Invoked command in '/home/giacomo/thesis_ws/build/bumper_cars' returned '0': CMAKE_PREFIX_PATH=/home/giacomo/thesis_ws/install/custom_message:/home/giacomo/thesis_ws/install/urdf_example:/home/giacomo/thesis_ws/install/sym_bringup:/home/giacomo/ros2_ws/install/tutorial_interfaces:/home/giacomo/ros2_ws/install/turtlesim PYTHONPATH=/home/giacomo/thesis_ws/build/bumper_cars/prefix_override:/home/giacomo/thesis_ws/install/bumper_cars/lib/python3.10/site-packages:${PYTHONPATH} /usr/bin/python3 setup.py develop --editable --build-directory /home/giacomo/thesis_ws/build/bumper_cars/build --no-deps install_data
[4.631s] INFO:colcon.colcon_core.shell:Creating environment hook '/home/giacomo/thesis_ws/build/bumper_cars/share/bumper_cars/hook/pythonpath_develop.ps1'
[4.631s] INFO:colcon.colcon_core.shell:Creating environment descriptor '/home/giacomo/thesis_ws/build/bumper_cars/share/bumper_cars/hook/pythonpath_develop.dsv'
[4.632s] INFO:colcon.colcon_core.shell:Creating environment hook '/home/giacomo/thesis_ws/build/bumper_cars/share/bumper_cars/hook/pythonpath_develop.sh'
[4.647s] Level 1:colcon.colcon_core.environment:checking '/home/giacomo/thesis_ws/install/bumper_cars' for CMake module files
[4.647s] Level 1:colcon.colcon_core.environment:checking '/home/giacomo/thesis_ws/install/bumper_cars' for CMake config files
[4.648s] Level 1:colcon.colcon_core.environment:checking '/home/giacomo/thesis_ws/install/bumper_cars/lib'
[4.648s] Level 1:colcon.colcon_core.environment:checking '/home/giacomo/thesis_ws/install/bumper_cars/bin'
[4.648s] Level 1:colcon.colcon_core.environment:checking '/home/giacomo/thesis_ws/install/bumper_cars/lib/pkgconfig/bumper_cars.pc'
[4.648s] Level 1:colcon.colcon_core.environment:checking '/home/giacomo/thesis_ws/install/bumper_cars/lib/python3.10/site-packages'
[4.648s] Level 1:colcon.colcon_core.shell:create_environment_hook('bumper_cars', 'pythonpath')
[4.662s] INFO:colcon.colcon_core.shell:Creating environment hook '/home/giacomo/thesis_ws/install/bumper_cars/share/bumper_cars/hook/pythonpath.ps1'
[4.662s] INFO:colcon.colcon_core.shell:Creating environment descriptor '/home/giacomo/thesis_ws/install/bumper_cars/share/bumper_cars/hook/pythonpath.dsv'
[4.663s] INFO:colcon.colcon_core.shell:Creating environment hook '/home/giacomo/thesis_ws/install/bumper_cars/share/bumper_cars/hook/pythonpath.sh'
[4.663s] Level 1:colcon.colcon_core.environment:checking '/home/giacomo/thesis_ws/install/bumper_cars/bin'
[4.663s] Level 1:colcon.colcon_core.environment:create_environment_scripts_only(bumper_cars)
[4.678s] INFO:colcon.colcon_core.shell:Creating package script '/home/giacomo/thesis_ws/install/bumper_cars/share/bumper_cars/package.ps1'
[4.678s] INFO:colcon.colcon_core.shell:Creating package descriptor '/home/giacomo/thesis_ws/install/bumper_cars/share/bumper_cars/package.dsv'
[4.679s] INFO:colcon.colcon_core.shell:Creating package script '/home/giacomo/thesis_ws/install/bumper_cars/share/bumper_cars/package.sh'
[4.679s] INFO:colcon.colcon_core.shell:Creating package script '/home/giacomo/thesis_ws/install/bumper_cars/share/bumper_cars/package.bash'
[4.680s] INFO:colcon.colcon_core.shell:Creating package script '/home/giacomo/thesis_ws/install/bumper_cars/share/bumper_cars/package.zsh'
[4.680s] Level 1:colcon.colcon_core.environment:create_file_with_runtime_dependencies(/home/giacomo/thesis_ws/install/bumper_cars/share/colcon-core/packages/bumper_cars)
[4.680s] INFO:colcon.colcon_ros.task.ament_cmake.build:Building ROS package in '/home/giacomo/thesis_ws/src/sym_bringup' with build type 'ament_cmake'
[4.680s] INFO:colcon.colcon_cmake.task.cmake.build:Building CMake package in '/home/giacomo/thesis_ws/src/sym_bringup'
[4.698s] INFO:colcon.colcon_core.shell:Skip shell extension 'powershell' for command environment: Not usable outside of PowerShell
[4.698s] DEBUG:colcon.colcon_core.shell:Skip shell extension 'dsv' for command environment
[4.768s] DEBUG:colcon.colcon_core.event_handler.log_command:Invoking command in '/home/giacomo/thesis_ws/build/sym_bringup': AMENT_PREFIX_PATH=/home/giacomo/thesis_ws/install/bumper_cars:/home/giacomo/thesis_ws/install/urdf_example:/home/giacomo/thesis_ws/install/sym_bringup:/home/giacomo/thesis_ws/install/custom_message:/home/giacomo/ros2_ws/install/py_pubsub:/home/giacomo/ros2_ws/install/tutorial_interfaces:/home/giacomo/ros2_ws/install/my_robot_controller:/home/giacomo/ros2_ws/install/turtlesim:/home/giacomo/ros2_ws/install/py_srvcli:/opt/ros/humble CMAKE_PREFIX_PATH=/home/giacomo/thesis_ws/install/custom_message:/home/giacomo/thesis_ws/install/urdf_example:/home/giacomo/thesis_ws/install/sym_bringup:/home/giacomo/ros2_ws/install/tutorial_interfaces:/home/giacomo/ros2_ws/install/turtlesim:/home/giacomo/thesis_ws/install/bumper_cars:/home/giacomo/ros2_ws/install/py_pubsub:/home/giacomo/ros2_ws/install/my_robot_controller:/home/giacomo/ros2_ws/install/py_srvcli:/opt/ros/humble /usr/bin/cmake --build /home/giacomo/thesis_ws/build/sym_bringup -- -j8 -l8
[4.802s] DEBUG:colcon.colcon_core.event_handler.log_command:Invoked command in '/home/giacomo/thesis_ws/build/sym_bringup' returned '0': AMENT_PREFIX_PATH=/home/giacomo/thesis_ws/install/bumper_cars:/home/giacomo/thesis_ws/install/urdf_example:/home/giacomo/thesis_ws/install/sym_bringup:/home/giacomo/thesis_ws/install/custom_message:/home/giacomo/ros2_ws/install/py_pubsub:/home/giacomo/ros2_ws/install/tutorial_interfaces:/home/giacomo/ros2_ws/install/my_robot_controller:/home/giacomo/ros2_ws/install/turtlesim:/home/giacomo/ros2_ws/install/py_srvcli:/opt/ros/humble CMAKE_PREFIX_PATH=/home/giacomo/thesis_ws/install/custom_message:/home/giacomo/thesis_ws/install/urdf_example:/home/giacomo/thesis_ws/install/sym_bringup:/home/giacomo/ros2_ws/install/tutorial_interfaces:/home/giacomo/ros2_ws/install/turtlesim:/home/giacomo/thesis_ws/install/bumper_cars:/home/giacomo/ros2_ws/install/py_pubsub:/home/giacomo/ros2_ws/install/my_robot_controller:/home/giacomo/ros2_ws/install/py_srvcli:/opt/ros/humble /usr/bin/cmake --build /home/giacomo/thesis_ws/build/sym_bringup -- -j8 -l8
[4.828s] DEBUG:colcon.colcon_core.event_handler.log_command:Invoking command in '/home/giacomo/thesis_ws/build/sym_bringup': AMENT_PREFIX_PATH=/home/giacomo/thesis_ws/install/bumper_cars:/home/giacomo/thesis_ws/install/urdf_example:/home/giacomo/thesis_ws/install/sym_bringup:/home/giacomo/thesis_ws/install/custom_message:/home/giacomo/ros2_ws/install/py_pubsub:/home/giacomo/ros2_ws/install/tutorial_interfaces:/home/giacomo/ros2_ws/install/my_robot_controller:/home/giacomo/ros2_ws/install/turtlesim:/home/giacomo/ros2_ws/install/py_srvcli:/opt/ros/humble CMAKE_PREFIX_PATH=/home/giacomo/thesis_ws/install/custom_message:/home/giacomo/thesis_ws/install/urdf_example:/home/giacomo/thesis_ws/install/sym_bringup:/home/giacomo/ros2_ws/install/tutorial_interfaces:/home/giacomo/ros2_ws/install/turtlesim:/home/giacomo/thesis_ws/install/bumper_cars:/home/giacomo/ros2_ws/install/py_pubsub:/home/giacomo/ros2_ws/install/my_robot_controller:/home/giacomo/ros2_ws/install/py_srvcli:/opt/ros/humble /usr/bin/cmake --install /home/giacomo/thesis_ws/build/sym_bringup
[4.850s] Level 1:colcon.colcon_core.environment:create_environment_scripts_only(sym_bringup)
[4.851s] DEBUG:colcon.colcon_core.event_handler.log_command:Invoked command in '/home/giacomo/thesis_ws/build/sym_bringup' returned '0': AMENT_PREFIX_PATH=/home/giacomo/thesis_ws/install/bumper_cars:/home/giacomo/thesis_ws/install/urdf_example:/home/giacomo/thesis_ws/install/sym_bringup:/home/giacomo/thesis_ws/install/custom_message:/home/giacomo/ros2_ws/install/py_pubsub:/home/giacomo/ros2_ws/install/tutorial_interfaces:/home/giacomo/ros2_ws/install/my_robot_controller:/home/giacomo/ros2_ws/install/turtlesim:/home/giacomo/ros2_ws/install/py_srvcli:/opt/ros/humble CMAKE_PREFIX_PATH=/home/giacomo/thesis_ws/install/custom_message:/home/giacomo/thesis_ws/install/urdf_example:/home/giacomo/thesis_ws/install/sym_bringup:/home/giacomo/ros2_ws/install/tutorial_interfaces:/home/giacomo/ros2_ws/install/turtlesim:/home/giacomo/thesis_ws/install/bumper_cars:/home/giacomo/ros2_ws/install/py_pubsub:/home/giacomo/ros2_ws/install/my_robot_controller:/home/giacomo/ros2_ws/install/py_srvcli:/opt/ros/humble /usr/bin/cmake --install /home/giacomo/thesis_ws/build/sym_bringup
[4.869s] Level 1:colcon.colcon_core.environment:checking '/home/giacomo/thesis_ws/install/sym_bringup' for CMake module files
[4.869s] Level 1:colcon.colcon_core.environment:checking '/home/giacomo/thesis_ws/install/sym_bringup' for CMake config files
[4.870s] Level 1:colcon.colcon_core.shell:create_environment_hook('sym_bringup', 'cmake_prefix_path')
[4.885s] INFO:colcon.colcon_core.shell:Creating environment hook '/home/giacomo/thesis_ws/install/sym_bringup/share/sym_bringup/hook/cmake_prefix_path.ps1'
[4.886s] INFO:colcon.colcon_core.shell:Creating environment descriptor '/home/giacomo/thesis_ws/install/sym_bringup/share/sym_bringup/hook/cmake_prefix_path.dsv'
[4.886s] INFO:colcon.colcon_core.shell:Creating environment hook '/home/giacomo/thesis_ws/install/sym_bringup/share/sym_bringup/hook/cmake_prefix_path.sh'
[4.886s] Level 1:colcon.colcon_core.environment:checking '/home/giacomo/thesis_ws/install/sym_bringup/bin'
[4.886s] Level 1:colcon.colcon_core.environment:checking '/home/giacomo/thesis_ws/install/sym_bringup/lib/pkgconfig/sym_bringup.pc'
[4.887s] Level 1:colcon.colcon_core.environment:checking '/home/giacomo/thesis_ws/install/sym_bringup/lib/python3.10/site-packages'
[4.887s] Level 1:colcon.colcon_core.environment:checking '/home/giacomo/thesis_ws/install/sym_bringup/bin'
[4.902s] INFO:colcon.colcon_core.shell:Creating package script '/home/giacomo/thesis_ws/install/sym_bringup/share/sym_bringup/package.ps1'
[4.902s] INFO:colcon.colcon_core.shell:Creating package descriptor '/home/giacomo/thesis_ws/install/sym_bringup/share/sym_bringup/package.dsv'
[4.902s] INFO:colcon.colcon_core.shell:Creating package script '/home/giacomo/thesis_ws/install/sym_bringup/share/sym_bringup/package.sh'
[4.903s] INFO:colcon.colcon_core.shell:Creating package script '/home/giacomo/thesis_ws/install/sym_bringup/share/sym_bringup/package.bash'
[4.903s] INFO:colcon.colcon_core.shell:Creating package script '/home/giacomo/thesis_ws/install/sym_bringup/share/sym_bringup/package.zsh'
[4.903s] Level 1:colcon.colcon_core.environment:create_file_with_runtime_dependencies(/home/giacomo/thesis_ws/install/sym_bringup/share/colcon-core/packages/sym_bringup)
[4.949s] Level 1:colcon.colcon_core.environment:create_environment_scripts_only(sym_bringup)
[4.966s] Level 1:colcon.colcon_core.environment:checking '/home/giacomo/thesis_ws/install/sym_bringup' for CMake module files
[4.966s] Level 1:colcon.colcon_core.environment:checking '/home/giacomo/thesis_ws/install/sym_bringup' for CMake config files
[4.967s] Level 1:colcon.colcon_core.shell:create_environment_hook('sym_bringup', 'cmake_prefix_path')
[4.982s] INFO:colcon.colcon_core.shell:Creating environment hook '/home/giacomo/thesis_ws/install/sym_bringup/share/sym_bringup/hook/cmake_prefix_path.ps1'
[4.983s] INFO:colcon.colcon_core.shell:Creating environment descriptor '/home/giacomo/thesis_ws/install/sym_bringup/share/sym_bringup/hook/cmake_prefix_path.dsv'
[4.983s] INFO:colcon.colcon_core.shell:Creating environment hook '/home/giacomo/thesis_ws/install/sym_bringup/share/sym_bringup/hook/cmake_prefix_path.sh'
[4.984s] Level 1:colcon.colcon_core.environment:checking '/home/giacomo/thesis_ws/install/sym_bringup/bin'
[4.984s] Level 1:colcon.colcon_core.environment:checking '/home/giacomo/thesis_ws/install/sym_bringup/lib/pkgconfig/sym_bringup.pc'
[4.984s] Level 1:colcon.colcon_core.environment:checking '/home/giacomo/thesis_ws/install/sym_bringup/lib/python3.10/site-packages'
[4.984s] Level 1:colcon.colcon_core.environment:checking '/home/giacomo/thesis_ws/install/sym_bringup/bin'
[4.998s] INFO:colcon.colcon_core.shell:Creating package script '/home/giacomo/thesis_ws/install/sym_bringup/share/sym_bringup/package.ps1'
[4.999s] INFO:colcon.colcon_core.shell:Creating package descriptor '/home/giacomo/thesis_ws/install/sym_bringup/share/sym_bringup/package.dsv'
[4.999s] INFO:colcon.colcon_core.shell:Creating package script '/home/giacomo/thesis_ws/install/sym_bringup/share/sym_bringup/package.sh'
[4.999s] INFO:colcon.colcon_core.shell:Creating package script '/home/giacomo/thesis_ws/install/sym_bringup/share/sym_bringup/package.bash'
[5.000s] INFO:colcon.colcon_core.shell:Creating package script '/home/giacomo/thesis_ws/install/sym_bringup/share/sym_bringup/package.zsh'
[5.000s] Level 1:colcon.colcon_core.environment:create_file_with_runtime_dependencies(/home/giacomo/thesis_ws/install/sym_bringup/share/colcon-core/packages/sym_bringup)
[5.001s] DEBUG:colcon.colcon_parallel_executor.executor.parallel:closing loop
[5.001s] DEBUG:colcon.colcon_parallel_executor.executor.parallel:loop closed
[5.001s] DEBUG:colcon.colcon_parallel_executor.executor.parallel:run_until_complete finished with '0'
[5.001s] DEBUG:colcon.colcon_core.event_reactor:joining thread
[5.022s] INFO:colcon.colcon_core.plugin_system:Skipping extension 'colcon_notification.desktop_notification.terminal_notifier': Not used on non-Darwin systems
[5.022s] INFO:colcon.colcon_core.plugin_system:Skipping extension 'colcon_notification.desktop_notification.win32': Not used on non-Windows systems
[5.022s] INFO:colcon.colcon_notification.desktop_notification:Sending desktop notification using 'notify2'
[5.044s] DEBUG:colcon.colcon_core.event_reactor:joined thread
[5.083s] INFO:colcon.colcon_core.shell:Creating prefix script '/home/giacomo/thesis_ws/install/local_setup.ps1'
[5.085s] INFO:colcon.colcon_core.shell:Creating prefix util module '/home/giacomo/thesis_ws/install/_local_setup_util_ps1.py'
[5.087s] INFO:colcon.colcon_core.shell:Creating prefix chain script '/home/giacomo/thesis_ws/install/setup.ps1'
[5.116s] INFO:colcon.colcon_core.shell:Creating prefix script '/home/giacomo/thesis_ws/install/local_setup.sh'
[5.117s] INFO:colcon.colcon_core.shell:Creating prefix util module '/home/giacomo/thesis_ws/install/_local_setup_util_sh.py'
[5.117s] INFO:colcon.colcon_core.shell:Creating prefix chain script '/home/giacomo/thesis_ws/install/setup.sh'
[5.135s] INFO:colcon.colcon_core.shell:Creating prefix script '/home/giacomo/thesis_ws/install/local_setup.bash'
[5.136s] INFO:colcon.colcon_core.shell:Creating prefix chain script '/home/giacomo/thesis_ws/install/setup.bash'
[5.152s] INFO:colcon.colcon_core.shell:Creating prefix script '/home/giacomo/thesis_ws/install/local_setup.zsh'
[5.152s] INFO:colcon.colcon_core.shell:Creating prefix chain script '/home/giacomo/thesis_ws/install/setup.zsh'
