[0.094s] Invoking command in '/home/giacomo/thesis_ws/build/urdf_example': CMAKE_PREFIX_PATH=${CMAKE_PREFIX_PATH}:/home/giacomo/thesis_ws/install/bumper_cars:/home/giacomo/ros2_ws/install/py_pubsub:/home/giacomo/ros2_ws/install/my_robot_controller:/home/giacomo/ros2_ws/install/py_srvcli:/opt/ros/humble /usr/bin/cmake --build /home/giacomo/thesis_ws/build/urdf_example -- -j8 -l8
[0.118s] -- Found ament_cmake: 1.3.5 (/opt/ros/humble/share/ament_cmake/cmake)
[0.305s] -- Override CMake install command with custom implementation using symlinks instead of copying resources
[0.313s] -- Found ament_lint_auto: 0.12.8 (/opt/ros/humble/share/ament_lint_auto/cmake)
[0.406s] -- Added test 'copyright' to check source files copyright and LICENSE
[0.408s] -- Added test 'flake8' to check Python code syntax and style conventions
[0.409s] -- Added test 'lint_cmake' to check CMake code style
[0.409s] -- Added test 'pep257' to check Python code against some of the docstring style conventions in PEP 257
[0.410s] -- Added test 'xmllint' to check XML markup files
[0.411s] -- Configuring done
[0.415s] -- Generating done
[0.416s] -- Build files have been written to: /home/giacomo/thesis_ws/build/urdf_example
[0.442s] Invoked command in '/home/giacomo/thesis_ws/build/urdf_example' returned '0': CMAKE_PREFIX_PATH=${CMAKE_PREFIX_PATH}:/home/giacomo/thesis_ws/install/bumper_cars:/home/giacomo/ros2_ws/install/py_pubsub:/home/giacomo/ros2_ws/install/my_robot_controller:/home/giacomo/ros2_ws/install/py_srvcli:/opt/ros/humble /usr/bin/cmake --build /home/giacomo/thesis_ws/build/urdf_example -- -j8 -l8
[0.481s] Invoking command in '/home/giacomo/thesis_ws/build/urdf_example': CMAKE_PREFIX_PATH=${CMAKE_PREFIX_PATH}:/home/giacomo/thesis_ws/install/bumper_cars:/home/giacomo/ros2_ws/install/py_pubsub:/home/giacomo/ros2_ws/install/my_robot_controller:/home/giacomo/ros2_ws/install/py_srvcli:/opt/ros/humble /usr/bin/cmake --install /home/giacomo/thesis_ws/build/urdf_example
[0.489s] -- Install configuration: ""
[0.490s] -- Execute custom install script
[0.490s] -- Up-to-date symlink: /home/giacomo/thesis_ws/install/urdf_example/share/urdf_example/description/example_gazebo.xacro
[0.491s] -- Up-to-date symlink: /home/giacomo/thesis_ws/install/urdf_example/share/urdf_example/description/example_include.xacro
[0.491s] -- Up-to-date symlink: /home/giacomo/thesis_ws/install/urdf_example/share/urdf_example/description/example_robot.urdf.xacro
[0.491s] -- Up-to-date symlink: /home/giacomo/thesis_ws/install/urdf_example/share/urdf_example/launch/rsp.launch.py
[0.491s] -- Up-to-date symlink: /home/giacomo/thesis_ws/install/urdf_example/share/urdf_example/launch/rsp_sim.launch.py
[0.491s] -- Up-to-date symlink: /home/giacomo/thesis_ws/install/urdf_example/share/urdf_example/worlds/test_world.world
[0.491s] -- Up-to-date symlink: /home/giacomo/thesis_ws/install/urdf_example/share/ament_index/resource_index/package_run_dependencies/urdf_example
[0.492s] -- Up-to-date symlink: /home/giacomo/thesis_ws/install/urdf_example/share/ament_index/resource_index/parent_prefix_path/urdf_example
[0.492s] -- Up-to-date symlink: /home/giacomo/thesis_ws/install/urdf_example/share/urdf_example/environment/ament_prefix_path.sh
[0.492s] -- Up-to-date symlink: /home/giacomo/thesis_ws/install/urdf_example/share/urdf_example/environment/ament_prefix_path.dsv
[0.492s] -- Up-to-date symlink: /home/giacomo/thesis_ws/install/urdf_example/share/urdf_example/environment/path.sh
[0.493s] -- Up-to-date symlink: /home/giacomo/thesis_ws/install/urdf_example/share/urdf_example/environment/path.dsv
[0.493s] -- Up-to-date symlink: /home/giacomo/thesis_ws/install/urdf_example/share/urdf_example/local_setup.bash
[0.493s] -- Up-to-date symlink: /home/giacomo/thesis_ws/install/urdf_example/share/urdf_example/local_setup.sh
[0.494s] -- Up-to-date symlink: /home/giacomo/thesis_ws/install/urdf_example/share/urdf_example/local_setup.zsh
[0.494s] -- Up-to-date symlink: /home/giacomo/thesis_ws/install/urdf_example/share/urdf_example/local_setup.dsv
[0.494s] -- Symlinking: /home/giacomo/thesis_ws/install/urdf_example/share/urdf_example/package.dsv
[0.505s] -- Up-to-date symlink: /home/giacomo/thesis_ws/install/urdf_example/share/ament_index/resource_index/packages/urdf_example
[0.506s] -- Up-to-date symlink: /home/giacomo/thesis_ws/install/urdf_example/share/urdf_example/cmake/urdf_exampleConfig.cmake
[0.506s] -- Up-to-date symlink: /home/giacomo/thesis_ws/install/urdf_example/share/urdf_example/cmake/urdf_exampleConfig-version.cmake
[0.506s] -- Up-to-date symlink: /home/giacomo/thesis_ws/install/urdf_example/share/urdf_example/package.xml
[0.509s] Invoked command in '/home/giacomo/thesis_ws/build/urdf_example' returned '0': CMAKE_PREFIX_PATH=${CMAKE_PREFIX_PATH}:/home/giacomo/thesis_ws/install/bumper_cars:/home/giacomo/ros2_ws/install/py_pubsub:/home/giacomo/ros2_ws/install/my_robot_controller:/home/giacomo/ros2_ws/install/py_srvcli:/opt/ros/humble /usr/bin/cmake --install /home/giacomo/thesis_ws/build/urdf_example
