[4.601s] Invoking command in '/home/giacomo/thesis_ws/build/planner': PYTHONPATH=/home/giacomo/thesis_ws/build/planner/prefix_override:/home/giacomo/thesis_ws/install/planner/lib/python3.10/site-packages:${PYTHONPATH} /usr/bin/python3 setup.py develop --editable --build-directory /home/giacomo/thesis_ws/build/planner/build --no-deps install_data
[6.096s] /home/giacomo/.local/lib/python3.10/site-packages/setuptools/command/develop.py:40: EasyInstallDeprecationWarning: easy_install command is deprecated.
[6.098s] !!
[6.099s] 
[6.100s]         ********************************************************************************
[6.103s]         Please avoid running ``setup.py`` and ``easy_install``.
[6.104s]         Instead, use pypa/build, pypa/installer or other
[6.105s]         standards-based tools.
[6.106s] 
[6.108s]         See https://github.com/pypa/setuptools/issues/917 for details.
[6.109s]         ********************************************************************************
[6.110s] 
[6.112s] !!
[6.113s]   easy_install.initialize_options(self)
[6.114s] running develop
[6.263s] /home/giacomo/.local/lib/python3.10/site-packages/setuptools/_distutils/cmd.py:66: SetuptoolsDeprecationWarning: setup.py install is deprecated.
[6.265s] !!
[6.267s] 
[6.270s]         ********************************************************************************
[6.272s]         Please avoid running ``setup.py`` directly.
[6.274s]         Instead, use pypa/build, pypa/installer or other
[6.277s]         standards-based tools.
[6.279s] 
[6.281s]         See https://blog.ganssle.io/articles/2021/10/setup-py-deprecated.html for details.
[6.284s]         ********************************************************************************
[6.286s] 
[6.288s] !!
[6.291s]   self.initialize_options()
[7.165s] running egg_info
[7.245s] writing planner.egg-info/PKG-INFO
[7.249s] writing dependency_links to planner.egg-info/dependency_links.txt
[7.250s] writing requirements to planner.egg-info/requires.txt
[7.250s] writing top-level names to planner.egg-info/top_level.txt
[7.419s] reading manifest file 'planner.egg-info/SOURCES.txt'
[7.423s] writing manifest file 'planner.egg-info/SOURCES.txt'
[7.517s] running build_ext
[7.519s] Creating /home/giacomo/thesis_ws/install/planner/lib/python3.10/site-packages/planner.egg-link (link to .)
[7.523s] 
[7.523s] Installed /home/giacomo/thesis_ws/build/planner
[7.526s] running install_data
[8.421s] Invoked command in '/home/giacomo/thesis_ws/build/planner' returned '0': PYTHONPATH=/home/giacomo/thesis_ws/build/planner/prefix_override:/home/giacomo/thesis_ws/install/planner/lib/python3.10/site-packages:${PYTHONPATH} /usr/bin/python3 setup.py develop --editable --build-directory /home/giacomo/thesis_ws/build/planner/build --no-deps install_data
