[0.234s] Invoking command in '/home/giacomo/thesis_ws/build/custom_message': CMAKE_PREFIX_PATH=${CMAKE_PREFIX_PATH}:/home/giacomo/thesis_ws/install/bumper_cars:/home/giacomo/ros2_ws/install/py_pubsub:/home/giacomo/ros2_ws/install/my_robot_controller:/home/giacomo/ros2_ws/install/py_srvcli:/opt/ros/humble /usr/bin/cmake --build /home/giacomo/thesis_ws/build/custom_message -- -j8 -l8
[0.264s] -- Found ament_cmake: 1.3.5 (/opt/ros/humble/share/ament_cmake/cmake)
[0.448s] -- Override CMake install command with custom implementation using symlinks instead of copying resources
[0.456s] -- Found rosidl_default_generators: 1.2.0 (/opt/ros/humble/share/rosidl_default_generators/cmake)
[0.458s] -- Using all available rosidl_typesupport_c: rosidl_typesupport_fastrtps_c;rosidl_typesupport_introspection_c
[0.463s] -- Found rosidl_adapter: 3.1.5 (/opt/ros/humble/share/rosidl_adapter/cmake)
[0.499s] -- Using all available rosidl_typesupport_cpp: rosidl_typesupport_fastrtps_cpp;rosidl_typesupport_introspection_cpp
[0.809s] -- Found ament_cmake_ros: 0.10.0 (/opt/ros/humble/share/ament_cmake_ros/cmake)
[0.981s] -- Using all available rosidl_typesupport_c: rosidl_typesupport_fastrtps_c;rosidl_typesupport_introspection_c
[1.211s] -- Using all available rosidl_typesupport_cpp: rosidl_typesupport_fastrtps_cpp;rosidl_typesupport_introspection_cpp
[1.233s] -- Found python_cmake_module: 0.10.0 (/opt/ros/humble/share/python_cmake_module/cmake)
[1.255s] -- Using PYTHON_EXECUTABLE: /usr/bin/python3
[1.255s] -- Using PYTHON_INCLUDE_DIRS: /usr/include/python3.10
[1.255s] -- Using PYTHON_LIBRARIES: /usr/lib/x86_64-linux-gnu/libpython3.10.so
[1.277s] -- Configuring done
[1.311s] -- Generating done
[1.315s] -- Build files have been written to: /home/giacomo/thesis_ws/build/custom_message
[1.342s] [  1%] [34m[1mGenerating C code for ROS interfaces[0m
[1.353s] [  3%] [34m[1mGenerating C++ code for ROS interfaces[0m
[1.363s] [  3%] Built target ament_cmake_python_symlink_custom_message
[1.612s] running egg_info
[1.633s] writing custom_message.egg-info/PKG-INFO
[1.633s] writing dependency_links to custom_message.egg-info/dependency_links.txt
[1.634s] writing top-level names to custom_message.egg-info/top_level.txt
[1.692s] reading manifest file 'custom_message.egg-info/SOURCES.txt'
[1.693s] writing manifest file 'custom_message.egg-info/SOURCES.txt'
[1.722s] [  3%] Built target ament_cmake_python_build_custom_message_egg
[1.896s] [  3%] Built target custom_message__cpp
[1.916s] [  4%] [34m[1mGenerating C++ type support dispatch for ROS interfaces[0m
[1.916s] [  6%] [34m[1mGenerating C++ type support for eProsima Fast-RTPS[0m
[1.919s] [  7%] [34m[1mGenerating C++ introspection for ROS interfaces[0m
[1.927s] [35m[1mConsolidate compiler generated dependencies of target custom_message__rosidl_generator_c[0m
[1.952s] [ 11%] [32mBuilding C object CMakeFiles/custom_message__rosidl_generator_c.dir/rosidl_generator_c/custom_message/msg/detail/full_state__functions.c.o[0m
[1.952s] [ 12%] [32mBuilding C object CMakeFiles/custom_message__rosidl_generator_c.dir/rosidl_generator_c/custom_message/msg/detail/control_inputs__functions.c.o[0m
[1.953s] [ 14%] [32mBuilding C object CMakeFiles/custom_message__rosidl_generator_c.dir/rosidl_generator_c/custom_message/msg/detail/coordinate__functions.c.o[0m
[1.954s] [ 14%] [32mBuilding C object CMakeFiles/custom_message__rosidl_generator_c.dir/rosidl_generator_c/custom_message/msg/detail/state__functions.c.o[0m
[1.955s] [ 15%] [32mBuilding C object CMakeFiles/custom_message__rosidl_generator_c.dir/rosidl_generator_c/custom_message/msg/detail/path__functions.c.o[0m
[2.053s] [ 17%] [32m[1mLinking C shared library libcustom_message__rosidl_generator_c.so[0m
[2.102s] [ 17%] Built target custom_message__rosidl_generator_c
[2.116s] [ 19%] [34m[1mGenerating C type support for eProsima Fast-RTPS[0m
[2.121s] [ 22%] [34m[1mGenerating C introspection for ROS interfaces[0m
[2.121s] [ 22%] [34m[1mGenerating C type support dispatch for ROS interfaces[0m
[2.488s] [35m[1mConsolidate compiler generated dependencies of target custom_message__rosidl_typesupport_cpp[0m
[2.532s] [ 25%] [32mBuilding CXX object CMakeFiles/custom_message__rosidl_typesupport_cpp.dir/rosidl_typesupport_cpp/custom_message/msg/full_state__type_support.cpp.o[0m
[2.533s] [ 26%] [32mBuilding CXX object CMakeFiles/custom_message__rosidl_typesupport_cpp.dir/rosidl_typesupport_cpp/custom_message/msg/state__type_support.cpp.o[0m
[2.537s] [ 26%] [32mBuilding CXX object CMakeFiles/custom_message__rosidl_typesupport_cpp.dir/rosidl_typesupport_cpp/custom_message/msg/control_inputs__type_support.cpp.o[0m
[2.931s] [35m[1mConsolidate compiler generated dependencies of target custom_message__rosidl_typesupport_fastrtps_cpp[0m
[2.979s] [ 28%] [32mBuilding CXX object CMakeFiles/custom_message__rosidl_typesupport_fastrtps_cpp.dir/rosidl_typesupport_fastrtps_cpp/custom_message/msg/detail/dds_fastrtps/control_inputs__type_support.cpp.o[0m
[3.088s] [35m[1mConsolidate compiler generated dependencies of target custom_message__rosidl_typesupport_introspection_cpp[0m
[3.136s] [ 30%] [32mBuilding CXX object CMakeFiles/custom_message__rosidl_typesupport_introspection_cpp.dir/rosidl_typesupport_introspection_cpp/custom_message/msg/detail/control_inputs__type_support.cpp.o[0m
[3.179s] [35m[1mConsolidate compiler generated dependencies of target custom_message__rosidl_typesupport_c[0m
[3.212s] [ 31%] [32mBuilding CXX object CMakeFiles/custom_message__rosidl_typesupport_c.dir/rosidl_typesupport_c/custom_message/msg/control_inputs__type_support.cpp.o[0m
[3.291s] [ 33%] [32mBuilding CXX object CMakeFiles/custom_message__rosidl_typesupport_c.dir/rosidl_typesupport_c/custom_message/msg/state__type_support.cpp.o[0m
[3.327s] [ 34%] [32mBuilding CXX object CMakeFiles/custom_message__rosidl_typesupport_fastrtps_cpp.dir/rosidl_typesupport_fastrtps_cpp/custom_message/msg/detail/dds_fastrtps/state__type_support.cpp.o[0m
[3.358s] [ 36%] [32mBuilding CXX object CMakeFiles/custom_message__rosidl_typesupport_c.dir/rosidl_typesupport_c/custom_message/msg/full_state__type_support.cpp.o[0m
[3.367s] [ 38%] [32mBuilding CXX object CMakeFiles/custom_message__rosidl_typesupport_c.dir/rosidl_typesupport_c/custom_message/msg/path__type_support.cpp.o[0m
[3.379s] [ 39%] [32mBuilding CXX object CMakeFiles/custom_message__rosidl_typesupport_cpp.dir/rosidl_typesupport_cpp/custom_message/msg/path__type_support.cpp.o[0m
[3.442s] [ 41%] [32mBuilding CXX object CMakeFiles/custom_message__rosidl_typesupport_c.dir/rosidl_typesupport_c/custom_message/msg/coordinate__type_support.cpp.o[0m
[3.498s] [ 42%] [32mBuilding CXX object CMakeFiles/custom_message__rosidl_typesupport_cpp.dir/rosidl_typesupport_cpp/custom_message/msg/coordinate__type_support.cpp.o[0m
[3.503s] [35m[1mConsolidate compiler generated dependencies of target custom_message__rosidl_typesupport_introspection_c[0m
[3.516s] [35m[1mConsolidate compiler generated dependencies of target custom_message__rosidl_typesupport_fastrtps_c[0m
[3.526s] [ 44%] [32m[1mLinking CXX shared library libcustom_message__rosidl_typesupport_c.so[0m
[3.549s] [ 46%] [32mBuilding C object CMakeFiles/custom_message__rosidl_typesupport_introspection_c.dir/rosidl_typesupport_introspection_c/custom_message/msg/detail/control_inputs__type_support.c.o[0m
[3.558s] [ 47%] [32mBuilding CXX object CMakeFiles/custom_message__rosidl_typesupport_fastrtps_c.dir/rosidl_typesupport_fastrtps_c/custom_message/msg/detail/control_inputs__type_support_c.cpp.o[0m
[3.647s] [ 47%] Built target custom_message__rosidl_typesupport_c
[3.662s] [ 49%] [32mBuilding C object CMakeFiles/custom_message__rosidl_typesupport_introspection_c.dir/rosidl_typesupport_introspection_c/custom_message/msg/detail/state__type_support.c.o[0m
[3.671s] [ 50%] [32mBuilding C object CMakeFiles/custom_message__rosidl_typesupport_introspection_c.dir/rosidl_typesupport_introspection_c/custom_message/msg/detail/full_state__type_support.c.o[0m
[3.760s] [ 52%] [32mBuilding C object CMakeFiles/custom_message__rosidl_typesupport_introspection_c.dir/rosidl_typesupport_introspection_c/custom_message/msg/detail/path__type_support.c.o[0m
[3.769s] [ 53%] [32mBuilding C object CMakeFiles/custom_message__rosidl_typesupport_introspection_c.dir/rosidl_typesupport_introspection_c/custom_message/msg/detail/coordinate__type_support.c.o[0m
[3.866s] [ 55%] [32mBuilding CXX object CMakeFiles/custom_message__rosidl_typesupport_fastrtps_c.dir/rosidl_typesupport_fastrtps_c/custom_message/msg/detail/state__type_support_c.cpp.o[0m
[3.884s] [ 57%] [32m[1mLinking C shared library libcustom_message__rosidl_typesupport_introspection_c.so[0m
[3.982s] [ 57%] Built target custom_message__rosidl_typesupport_introspection_c
[4.007s] [ 58%] [32mBuilding CXX object CMakeFiles/custom_message__rosidl_typesupport_fastrtps_c.dir/rosidl_typesupport_fastrtps_c/custom_message/msg/detail/full_state__type_support_c.cpp.o[0m
[4.041s] [ 60%] [32mBuilding CXX object CMakeFiles/custom_message__rosidl_typesupport_fastrtps_cpp.dir/rosidl_typesupport_fastrtps_cpp/custom_message/msg/detail/dds_fastrtps/full_state__type_support.cpp.o[0m
[4.120s] [ 61%] [32mBuilding CXX object CMakeFiles/custom_message__rosidl_typesupport_fastrtps_cpp.dir/rosidl_typesupport_fastrtps_cpp/custom_message/msg/detail/dds_fastrtps/path__type_support.cpp.o[0m
[4.161s] [ 63%] [32mBuilding CXX object CMakeFiles/custom_message__rosidl_typesupport_introspection_cpp.dir/rosidl_typesupport_introspection_cpp/custom_message/msg/detail/state__type_support.cpp.o[0m
[4.237s] [ 65%] [32m[1mLinking CXX shared library libcustom_message__rosidl_typesupport_cpp.so[0m
[4.345s] [ 65%] Built target custom_message__rosidl_typesupport_cpp
[4.366s] [ 66%] [32mBuilding CXX object CMakeFiles/custom_message__rosidl_typesupport_introspection_cpp.dir/rosidl_typesupport_introspection_cpp/custom_message/msg/detail/full_state__type_support.cpp.o[0m
[4.376s] [ 68%] [32mBuilding CXX object CMakeFiles/custom_message__rosidl_typesupport_fastrtps_cpp.dir/rosidl_typesupport_fastrtps_cpp/custom_message/msg/detail/dds_fastrtps/coordinate__type_support.cpp.o[0m
[4.548s] [ 69%] [32mBuilding CXX object CMakeFiles/custom_message__rosidl_typesupport_fastrtps_c.dir/rosidl_typesupport_fastrtps_c/custom_message/msg/detail/path__type_support_c.cpp.o[0m
[4.794s] [ 71%] [32mBuilding CXX object CMakeFiles/custom_message__rosidl_typesupport_fastrtps_c.dir/rosidl_typesupport_fastrtps_c/custom_message/msg/detail/coordinate__type_support_c.cpp.o[0m
[4.972s] [ 73%] [32mBuilding CXX object CMakeFiles/custom_message__rosidl_typesupport_introspection_cpp.dir/rosidl_typesupport_introspection_cpp/custom_message/msg/detail/path__type_support.cpp.o[0m
[5.058s] [ 74%] [32mBuilding CXX object CMakeFiles/custom_message__rosidl_typesupport_introspection_cpp.dir/rosidl_typesupport_introspection_cpp/custom_message/msg/detail/coordinate__type_support.cpp.o[0m
[5.394s] [ 76%] [32m[1mLinking CXX shared library libcustom_message__rosidl_typesupport_fastrtps_cpp.so[0m
[5.492s] [ 77%] [32m[1mLinking CXX shared library libcustom_message__rosidl_typesupport_fastrtps_c.so[0m
[5.527s] [ 77%] Built target custom_message__rosidl_typesupport_fastrtps_cpp
[5.612s] [ 77%] Built target custom_message__rosidl_typesupport_fastrtps_c
[5.703s] [ 79%] [32m[1mLinking CXX shared library libcustom_message__rosidl_typesupport_introspection_cpp.so[0m
[5.780s] [ 79%] Built target custom_message__rosidl_typesupport_introspection_cpp
[5.802s] [ 79%] Built target custom_message
[5.825s] [ 80%] [34m[1mGenerating Python code for ROS interfaces[0m
[6.450s] [ 80%] Built target custom_message__py
[6.460s] [35m[1mConsolidate compiler generated dependencies of target custom_message__rosidl_generator_py[0m
[6.482s] [ 82%] [32mBuilding C object CMakeFiles/custom_message__rosidl_generator_py.dir/rosidl_generator_py/custom_message/msg/_state_s.c.o[0m
[6.483s] [ 84%] [32mBuilding C object CMakeFiles/custom_message__rosidl_generator_py.dir/rosidl_generator_py/custom_message/msg/_full_state_s.c.o[0m
[6.485s] [ 85%] [32mBuilding C object CMakeFiles/custom_message__rosidl_generator_py.dir/rosidl_generator_py/custom_message/msg/_coordinate_s.c.o[0m
[6.486s] [ 87%] [32mBuilding C object CMakeFiles/custom_message__rosidl_generator_py.dir/rosidl_generator_py/custom_message/msg/_control_inputs_s.c.o[0m
[6.489s] [ 88%] [32mBuilding C object CMakeFiles/custom_message__rosidl_generator_py.dir/rosidl_generator_py/custom_message/msg/_path_s.c.o[0m
[6.697s] [ 90%] [32m[1mLinking C shared library rosidl_generator_py/custom_message/libcustom_message__rosidl_generator_py.so[0m
[6.735s] [ 90%] Built target custom_message__rosidl_generator_py
[6.749s] [35m[1mConsolidate compiler generated dependencies of target custom_message__rosidl_typesupport_introspection_c__pyext[0m
[6.749s] [35m[1mConsolidate compiler generated dependencies of target custom_message__rosidl_typesupport_c__pyext[0m
[6.749s] [35m[1mConsolidate compiler generated dependencies of target custom_message__rosidl_typesupport_fastrtps_c__pyext[0m
[6.773s] [ 92%] [32mBuilding C object CMakeFiles/custom_message__rosidl_typesupport_introspection_c__pyext.dir/rosidl_generator_py/custom_message/_custom_message_s.ep.rosidl_typesupport_introspection_c.c.o[0m
[6.774s] [ 95%] [32mBuilding C object CMakeFiles/custom_message__rosidl_typesupport_c__pyext.dir/rosidl_generator_py/custom_message/_custom_message_s.ep.rosidl_typesupport_c.c.o[0m
[6.775s] [ 95%] [32mBuilding C object CMakeFiles/custom_message__rosidl_typesupport_fastrtps_c__pyext.dir/rosidl_generator_py/custom_message/_custom_message_s.ep.rosidl_typesupport_fastrtps_c.c.o[0m
[6.931s] [ 96%] [32m[1mLinking C shared library rosidl_generator_py/custom_message/custom_message_s__rosidl_typesupport_introspection_c.cpython-310-x86_64-linux-gnu.so[0m
[6.932s] [ 98%] [32m[1mLinking C shared library rosidl_generator_py/custom_message/custom_message_s__rosidl_typesupport_c.cpython-310-x86_64-linux-gnu.so[0m
[6.944s] [100%] [32m[1mLinking C shared library rosidl_generator_py/custom_message/custom_message_s__rosidl_typesupport_fastrtps_c.cpython-310-x86_64-linux-gnu.so[0m
[6.984s] [100%] Built target custom_message__rosidl_typesupport_introspection_c__pyext
[6.985s] [100%] Built target custom_message__rosidl_typesupport_c__pyext
[6.997s] [100%] Built target custom_message__rosidl_typesupport_fastrtps_c__pyext
[7.011s] Invoked command in '/home/giacomo/thesis_ws/build/custom_message' returned '0': CMAKE_PREFIX_PATH=${CMAKE_PREFIX_PATH}:/home/giacomo/thesis_ws/install/bumper_cars:/home/giacomo/ros2_ws/install/py_pubsub:/home/giacomo/ros2_ws/install/my_robot_controller:/home/giacomo/ros2_ws/install/py_srvcli:/opt/ros/humble /usr/bin/cmake --build /home/giacomo/thesis_ws/build/custom_message -- -j8 -l8
[7.177s] Invoking command in '/home/giacomo/thesis_ws/build/custom_message': CMAKE_PREFIX_PATH=${CMAKE_PREFIX_PATH}:/home/giacomo/thesis_ws/install/bumper_cars:/home/giacomo/ros2_ws/install/py_pubsub:/home/giacomo/ros2_ws/install/my_robot_controller:/home/giacomo/ros2_ws/install/py_srvcli:/opt/ros/humble /usr/bin/cmake --install /home/giacomo/thesis_ws/build/custom_message
[7.186s] -- Install configuration: ""
[7.186s] -- Execute custom install script
[7.186s] -- Up-to-date symlink: /home/giacomo/thesis_ws/install/custom_message/share/ament_index/resource_index/rosidl_interfaces/custom_message
[7.187s] -- Up-to-date symlink: /home/giacomo/thesis_ws/install/custom_message/include/custom_message/custom_message/msg/control_inputs.h
[7.187s] -- Up-to-date symlink: /home/giacomo/thesis_ws/install/custom_message/include/custom_message/custom_message/msg/coordinate.h
[7.188s] -- Up-to-date symlink: /home/giacomo/thesis_ws/install/custom_message/include/custom_message/custom_message/msg/detail/control_inputs__functions.h
[7.188s] -- Up-to-date symlink: /home/giacomo/thesis_ws/install/custom_message/include/custom_message/custom_message/msg/detail/control_inputs__struct.h
[7.188s] -- Up-to-date symlink: /home/giacomo/thesis_ws/install/custom_message/include/custom_message/custom_message/msg/detail/control_inputs__type_support.h
[7.188s] -- Up-to-date symlink: /home/giacomo/thesis_ws/install/custom_message/include/custom_message/custom_message/msg/detail/coordinate__functions.h
[7.188s] -- Up-to-date symlink: /home/giacomo/thesis_ws/install/custom_message/include/custom_message/custom_message/msg/detail/coordinate__struct.h
[7.188s] -- Up-to-date symlink: /home/giacomo/thesis_ws/install/custom_message/include/custom_message/custom_message/msg/detail/coordinate__type_support.h
[7.189s] -- Up-to-date symlink: /home/giacomo/thesis_ws/install/custom_message/include/custom_message/custom_message/msg/detail/full_state__functions.h
[7.189s] -- Up-to-date symlink: /home/giacomo/thesis_ws/install/custom_message/include/custom_message/custom_message/msg/detail/full_state__struct.h
[7.189s] -- Up-to-date symlink: /home/giacomo/thesis_ws/install/custom_message/include/custom_message/custom_message/msg/detail/full_state__type_support.h
[7.189s] -- Up-to-date symlink: /home/giacomo/thesis_ws/install/custom_message/include/custom_message/custom_message/msg/detail/path__functions.h
[7.189s] -- Up-to-date symlink: /home/giacomo/thesis_ws/install/custom_message/include/custom_message/custom_message/msg/detail/path__struct.h
[7.189s] -- Up-to-date symlink: /home/giacomo/thesis_ws/install/custom_message/include/custom_message/custom_message/msg/detail/path__type_support.h
[7.189s] -- Up-to-date symlink: /home/giacomo/thesis_ws/install/custom_message/include/custom_message/custom_message/msg/detail/state__functions.h
[7.190s] -- Up-to-date symlink: /home/giacomo/thesis_ws/install/custom_message/include/custom_message/custom_message/msg/detail/state__struct.h
[7.190s] -- Up-to-date symlink: /home/giacomo/thesis_ws/install/custom_message/include/custom_message/custom_message/msg/detail/state__type_support.h
[7.190s] -- Up-to-date symlink: /home/giacomo/thesis_ws/install/custom_message/include/custom_message/custom_message/msg/full_state.h
[7.190s] -- Up-to-date symlink: /home/giacomo/thesis_ws/install/custom_message/include/custom_message/custom_message/msg/path.h
[7.190s] -- Up-to-date symlink: /home/giacomo/thesis_ws/install/custom_message/include/custom_message/custom_message/msg/rosidl_generator_c__visibility_control.h
[7.190s] -- Up-to-date symlink: /home/giacomo/thesis_ws/install/custom_message/include/custom_message/custom_message/msg/state.h
[7.191s] -- Up-to-date symlink: /home/giacomo/thesis_ws/install/custom_message/share/custom_message/environment/library_path.sh
[7.191s] -- Up-to-date symlink: /home/giacomo/thesis_ws/install/custom_message/share/custom_message/environment/library_path.dsv
[7.191s] -- Up-to-date symlink: /home/giacomo/thesis_ws/install/custom_message/include/custom_message/custom_message/msg/detail/control_inputs__rosidl_typesupport_fastrtps_c.h
[7.192s] -- Up-to-date symlink: /home/giacomo/thesis_ws/install/custom_message/include/custom_message/custom_message/msg/detail/coordinate__rosidl_typesupport_fastrtps_c.h
[7.192s] -- Up-to-date symlink: /home/giacomo/thesis_ws/install/custom_message/include/custom_message/custom_message/msg/detail/full_state__rosidl_typesupport_fastrtps_c.h
[7.192s] -- Up-to-date symlink: /home/giacomo/thesis_ws/install/custom_message/include/custom_message/custom_message/msg/detail/path__rosidl_typesupport_fastrtps_c.h
[7.192s] -- Up-to-date symlink: /home/giacomo/thesis_ws/install/custom_message/include/custom_message/custom_message/msg/detail/state__rosidl_typesupport_fastrtps_c.h
[7.192s] -- Up-to-date symlink: /home/giacomo/thesis_ws/install/custom_message/include/custom_message/custom_message/msg/rosidl_typesupport_fastrtps_c__visibility_control.h
[7.193s] -- Up-to-date symlink: /home/giacomo/thesis_ws/install/custom_message/include/custom_message/custom_message/msg/detail/control_inputs__rosidl_typesupport_introspection_c.h
[7.193s] -- Up-to-date symlink: /home/giacomo/thesis_ws/install/custom_message/include/custom_message/custom_message/msg/detail/coordinate__rosidl_typesupport_introspection_c.h
[7.193s] -- Up-to-date symlink: /home/giacomo/thesis_ws/install/custom_message/include/custom_message/custom_message/msg/detail/full_state__rosidl_typesupport_introspection_c.h
[7.193s] -- Up-to-date symlink: /home/giacomo/thesis_ws/install/custom_message/include/custom_message/custom_message/msg/detail/path__rosidl_typesupport_introspection_c.h
[7.193s] -- Up-to-date symlink: /home/giacomo/thesis_ws/install/custom_message/include/custom_message/custom_message/msg/detail/state__rosidl_typesupport_introspection_c.h
[7.194s] -- Up-to-date symlink: /home/giacomo/thesis_ws/install/custom_message/include/custom_message/custom_message/msg/rosidl_typesupport_introspection_c__visibility_control.h
[7.194s] -- Up-to-date symlink: /home/giacomo/thesis_ws/install/custom_message/include/custom_message/custom_message/msg/control_inputs.hpp
[7.195s] -- Up-to-date symlink: /home/giacomo/thesis_ws/install/custom_message/include/custom_message/custom_message/msg/coordinate.hpp
[7.195s] -- Up-to-date symlink: /home/giacomo/thesis_ws/install/custom_message/include/custom_message/custom_message/msg/detail/control_inputs__builder.hpp
[7.195s] -- Up-to-date symlink: /home/giacomo/thesis_ws/install/custom_message/include/custom_message/custom_message/msg/detail/control_inputs__struct.hpp
[7.195s] -- Up-to-date symlink: /home/giacomo/thesis_ws/install/custom_message/include/custom_message/custom_message/msg/detail/control_inputs__traits.hpp
[7.195s] -- Up-to-date symlink: /home/giacomo/thesis_ws/install/custom_message/include/custom_message/custom_message/msg/detail/coordinate__builder.hpp
[7.195s] -- Up-to-date symlink: /home/giacomo/thesis_ws/install/custom_message/include/custom_message/custom_message/msg/detail/coordinate__struct.hpp
[7.196s] -- Up-to-date symlink: /home/giacomo/thesis_ws/install/custom_message/include/custom_message/custom_message/msg/detail/coordinate__traits.hpp
[7.196s] -- Up-to-date symlink: /home/giacomo/thesis_ws/install/custom_message/include/custom_message/custom_message/msg/detail/full_state__builder.hpp
[7.196s] -- Up-to-date symlink: /home/giacomo/thesis_ws/install/custom_message/include/custom_message/custom_message/msg/detail/full_state__struct.hpp
[7.196s] -- Up-to-date symlink: /home/giacomo/thesis_ws/install/custom_message/include/custom_message/custom_message/msg/detail/full_state__traits.hpp
[7.196s] -- Up-to-date symlink: /home/giacomo/thesis_ws/install/custom_message/include/custom_message/custom_message/msg/detail/path__builder.hpp
[7.196s] -- Up-to-date symlink: /home/giacomo/thesis_ws/install/custom_message/include/custom_message/custom_message/msg/detail/path__struct.hpp
[7.197s] -- Up-to-date symlink: /home/giacomo/thesis_ws/install/custom_message/include/custom_message/custom_message/msg/detail/path__traits.hpp
[7.197s] -- Up-to-date symlink: /home/giacomo/thesis_ws/install/custom_message/include/custom_message/custom_message/msg/detail/state__builder.hpp
[7.197s] -- Up-to-date symlink: /home/giacomo/thesis_ws/install/custom_message/include/custom_message/custom_message/msg/detail/state__struct.hpp
[7.197s] -- Up-to-date symlink: /home/giacomo/thesis_ws/install/custom_message/include/custom_message/custom_message/msg/detail/state__traits.hpp
[7.197s] -- Up-to-date symlink: /home/giacomo/thesis_ws/install/custom_message/include/custom_message/custom_message/msg/full_state.hpp
[7.198s] -- Up-to-date symlink: /home/giacomo/thesis_ws/install/custom_message/include/custom_message/custom_message/msg/path.hpp
[7.198s] -- Up-to-date symlink: /home/giacomo/thesis_ws/install/custom_message/include/custom_message/custom_message/msg/state.hpp
[7.199s] -- Up-to-date symlink: /home/giacomo/thesis_ws/install/custom_message/include/custom_message/custom_message/msg/detail/control_inputs__rosidl_typesupport_fastrtps_cpp.hpp
[7.199s] -- Up-to-date symlink: /home/giacomo/thesis_ws/install/custom_message/include/custom_message/custom_message/msg/detail/coordinate__rosidl_typesupport_fastrtps_cpp.hpp
[7.199s] -- Up-to-date symlink: /home/giacomo/thesis_ws/install/custom_message/include/custom_message/custom_message/msg/detail/full_state__rosidl_typesupport_fastrtps_cpp.hpp
[7.199s] -- Up-to-date symlink: /home/giacomo/thesis_ws/install/custom_message/include/custom_message/custom_message/msg/detail/path__rosidl_typesupport_fastrtps_cpp.hpp
[7.200s] -- Up-to-date symlink: /home/giacomo/thesis_ws/install/custom_message/include/custom_message/custom_message/msg/detail/state__rosidl_typesupport_fastrtps_cpp.hpp
[7.200s] -- Up-to-date symlink: /home/giacomo/thesis_ws/install/custom_message/include/custom_message/custom_message/msg/rosidl_typesupport_fastrtps_cpp__visibility_control.h
[7.200s] -- Up-to-date symlink: /home/giacomo/thesis_ws/install/custom_message/include/custom_message/custom_message/msg/detail/control_inputs__rosidl_typesupport_introspection_cpp.hpp
[7.200s] -- Up-to-date symlink: /home/giacomo/thesis_ws/install/custom_message/include/custom_message/custom_message/msg/detail/coordinate__rosidl_typesupport_introspection_cpp.hpp
[7.200s] -- Up-to-date symlink: /home/giacomo/thesis_ws/install/custom_message/include/custom_message/custom_message/msg/detail/full_state__rosidl_typesupport_introspection_cpp.hpp
[7.200s] -- Up-to-date symlink: /home/giacomo/thesis_ws/install/custom_message/include/custom_message/custom_message/msg/detail/path__rosidl_typesupport_introspection_cpp.hpp
[7.201s] -- Up-to-date symlink: /home/giacomo/thesis_ws/install/custom_message/include/custom_message/custom_message/msg/detail/state__rosidl_typesupport_introspection_cpp.hpp
[7.201s] -- Up-to-date symlink: /home/giacomo/thesis_ws/install/custom_message/share/custom_message/environment/pythonpath.sh
[7.201s] -- Up-to-date symlink: /home/giacomo/thesis_ws/install/custom_message/share/custom_message/environment/pythonpath.dsv
[7.201s] -- Up-to-date symlink: /home/giacomo/thesis_ws/install/custom_message/local/lib/python3.10/dist-packages/custom_message-0.0.0-py3.10.egg-info/PKG-INFO
[7.201s] -- Up-to-date symlink: /home/giacomo/thesis_ws/install/custom_message/local/lib/python3.10/dist-packages/custom_message-0.0.0-py3.10.egg-info/SOURCES.txt
[7.202s] -- Up-to-date symlink: /home/giacomo/thesis_ws/install/custom_message/local/lib/python3.10/dist-packages/custom_message-0.0.0-py3.10.egg-info/dependency_links.txt
[7.202s] -- Up-to-date symlink: /home/giacomo/thesis_ws/install/custom_message/local/lib/python3.10/dist-packages/custom_message-0.0.0-py3.10.egg-info/top_level.txt
[7.202s] -- Up-to-date symlink: /home/giacomo/thesis_ws/install/custom_message/local/lib/python3.10/dist-packages/custom_message/__init__.py
[7.203s] -- Up-to-date symlink: /home/giacomo/thesis_ws/install/custom_message/local/lib/python3.10/dist-packages/custom_message/_custom_message_s.ep.rosidl_typesupport_c.c
[7.203s] -- Up-to-date symlink: /home/giacomo/thesis_ws/install/custom_message/local/lib/python3.10/dist-packages/custom_message/_custom_message_s.ep.rosidl_typesupport_fastrtps_c.c
[7.203s] -- Up-to-date symlink: /home/giacomo/thesis_ws/install/custom_message/local/lib/python3.10/dist-packages/custom_message/_custom_message_s.ep.rosidl_typesupport_introspection_c.c
[7.203s] -- Up-to-date symlink: /home/giacomo/thesis_ws/install/custom_message/local/lib/python3.10/dist-packages/custom_message/custom_message_s__rosidl_typesupport_c.cpython-310-x86_64-linux-gnu.so
[7.203s] -- Up-to-date symlink: /home/giacomo/thesis_ws/install/custom_message/local/lib/python3.10/dist-packages/custom_message/custom_message_s__rosidl_typesupport_fastrtps_c.cpython-310-x86_64-linux-gnu.so
[7.203s] -- Up-to-date symlink: /home/giacomo/thesis_ws/install/custom_message/local/lib/python3.10/dist-packages/custom_message/custom_message_s__rosidl_typesupport_introspection_c.cpython-310-x86_64-linux-gnu.so
[7.204s] -- Up-to-date symlink: /home/giacomo/thesis_ws/install/custom_message/local/lib/python3.10/dist-packages/custom_message/libcustom_message__rosidl_generator_py.so
[7.204s] -- Up-to-date symlink: /home/giacomo/thesis_ws/install/custom_message/local/lib/python3.10/dist-packages/custom_message/msg/__init__.py
[7.204s] -- Up-to-date symlink: /home/giacomo/thesis_ws/install/custom_message/local/lib/python3.10/dist-packages/custom_message/msg/_control_inputs.py
[7.204s] -- Up-to-date symlink: /home/giacomo/thesis_ws/install/custom_message/local/lib/python3.10/dist-packages/custom_message/msg/_control_inputs_s.c
[7.204s] -- Up-to-date symlink: /home/giacomo/thesis_ws/install/custom_message/local/lib/python3.10/dist-packages/custom_message/msg/_coordinate.py
[7.204s] -- Up-to-date symlink: /home/giacomo/thesis_ws/install/custom_message/local/lib/python3.10/dist-packages/custom_message/msg/_coordinate_s.c
[7.204s] -- Up-to-date symlink: /home/giacomo/thesis_ws/install/custom_message/local/lib/python3.10/dist-packages/custom_message/msg/_full_state.py
[7.205s] -- Up-to-date symlink: /home/giacomo/thesis_ws/install/custom_message/local/lib/python3.10/dist-packages/custom_message/msg/_full_state_s.c
[7.205s] -- Up-to-date symlink: /home/giacomo/thesis_ws/install/custom_message/local/lib/python3.10/dist-packages/custom_message/msg/_path.py
[7.205s] -- Up-to-date symlink: /home/giacomo/thesis_ws/install/custom_message/local/lib/python3.10/dist-packages/custom_message/msg/_path_s.c
[7.205s] -- Up-to-date symlink: /home/giacomo/thesis_ws/install/custom_message/local/lib/python3.10/dist-packages/custom_message/msg/_state.py
[7.205s] -- Up-to-date symlink: /home/giacomo/thesis_ws/install/custom_message/local/lib/python3.10/dist-packages/custom_message/msg/_state_s.c
[7.205s] -- Up-to-date symlink: /home/giacomo/thesis_ws/install/custom_message/local/lib/python3.10/dist-packages/custom_message/custom_message_s__rosidl_typesupport_fastrtps_c.cpython-310-x86_64-linux-gnu.so
[7.206s] -- Up-to-date symlink: /home/giacomo/thesis_ws/install/custom_message/local/lib/python3.10/dist-packages/custom_message/custom_message_s__rosidl_typesupport_introspection_c.cpython-310-x86_64-linux-gnu.so
[7.206s] -- Up-to-date symlink: /home/giacomo/thesis_ws/install/custom_message/local/lib/python3.10/dist-packages/custom_message/custom_message_s__rosidl_typesupport_c.cpython-310-x86_64-linux-gnu.so
[7.206s] -- Up-to-date symlink: /home/giacomo/thesis_ws/install/custom_message/share/custom_message/msg/ControlInputs.idl
[7.206s] -- Up-to-date symlink: /home/giacomo/thesis_ws/install/custom_message/share/custom_message/msg/State.idl
[7.206s] -- Up-to-date symlink: /home/giacomo/thesis_ws/install/custom_message/share/custom_message/msg/FullState.idl
[7.207s] -- Up-to-date symlink: /home/giacomo/thesis_ws/install/custom_message/share/custom_message/msg/Path.idl
[7.207s] -- Up-to-date symlink: /home/giacomo/thesis_ws/install/custom_message/share/custom_message/msg/Coordinate.idl
[7.207s] -- Up-to-date symlink: /home/giacomo/thesis_ws/install/custom_message/share/custom_message/msg/ControlInputs.msg
[7.207s] -- Up-to-date symlink: /home/giacomo/thesis_ws/install/custom_message/share/custom_message/msg/State.msg
[7.207s] -- Up-to-date symlink: /home/giacomo/thesis_ws/install/custom_message/share/custom_message/msg/FullState.msg
[7.207s] -- Up-to-date symlink: /home/giacomo/thesis_ws/install/custom_message/share/custom_message/msg/Path.msg
[7.208s] -- Up-to-date symlink: /home/giacomo/thesis_ws/install/custom_message/share/custom_message/msg/Coordinate.msg
[7.208s] -- Up-to-date symlink: /home/giacomo/thesis_ws/install/custom_message/share/ament_index/resource_index/package_run_dependencies/custom_message
[7.208s] -- Up-to-date symlink: /home/giacomo/thesis_ws/install/custom_message/share/ament_index/resource_index/parent_prefix_path/custom_message
[7.208s] -- Up-to-date symlink: /home/giacomo/thesis_ws/install/custom_message/share/custom_message/environment/ament_prefix_path.sh
[7.208s] -- Up-to-date symlink: /home/giacomo/thesis_ws/install/custom_message/share/custom_message/environment/ament_prefix_path.dsv
[7.209s] -- Up-to-date symlink: /home/giacomo/thesis_ws/install/custom_message/share/custom_message/environment/path.sh
[7.209s] -- Up-to-date symlink: /home/giacomo/thesis_ws/install/custom_message/share/custom_message/environment/path.dsv
[7.209s] -- Up-to-date symlink: /home/giacomo/thesis_ws/install/custom_message/share/custom_message/local_setup.bash
[7.209s] -- Up-to-date symlink: /home/giacomo/thesis_ws/install/custom_message/share/custom_message/local_setup.sh
[7.209s] -- Up-to-date symlink: /home/giacomo/thesis_ws/install/custom_message/share/custom_message/local_setup.zsh
[7.209s] -- Up-to-date symlink: /home/giacomo/thesis_ws/install/custom_message/share/custom_message/local_setup.dsv
[7.210s] -- Symlinking: /home/giacomo/thesis_ws/install/custom_message/share/custom_message/package.dsv
[7.220s] -- Up-to-date symlink: /home/giacomo/thesis_ws/install/custom_message/share/ament_index/resource_index/packages/custom_message
[7.220s] -- Up-to-date symlink: /home/giacomo/thesis_ws/install/custom_message/share/custom_message/cmake/rosidl_cmake-extras.cmake
[7.220s] -- Up-to-date symlink: /home/giacomo/thesis_ws/install/custom_message/share/custom_message/cmake/ament_cmake_export_include_directories-extras.cmake
[7.220s] -- Up-to-date symlink: /home/giacomo/thesis_ws/install/custom_message/share/custom_message/cmake/ament_cmake_export_libraries-extras.cmake
[7.220s] -- Up-to-date symlink: /home/giacomo/thesis_ws/install/custom_message/share/custom_message/cmake/ament_cmake_export_targets-extras.cmake
[7.220s] -- Up-to-date symlink: /home/giacomo/thesis_ws/install/custom_message/share/custom_message/cmake/rosidl_cmake_export_typesupport_targets-extras.cmake
[7.221s] -- Up-to-date symlink: /home/giacomo/thesis_ws/install/custom_message/share/custom_message/cmake/ament_cmake_export_dependencies-extras.cmake
[7.221s] -- Up-to-date symlink: /home/giacomo/thesis_ws/install/custom_message/share/custom_message/cmake/rosidl_cmake_export_typesupport_libraries-extras.cmake
[7.221s] -- Up-to-date symlink: /home/giacomo/thesis_ws/install/custom_message/share/custom_message/cmake/custom_messageConfig.cmake
[7.221s] -- Up-to-date symlink: /home/giacomo/thesis_ws/install/custom_message/share/custom_message/cmake/custom_messageConfig-version.cmake
[7.221s] -- Up-to-date symlink: /home/giacomo/thesis_ws/install/custom_message/share/custom_message/package.xml
[7.222s] -- Installing: /home/giacomo/thesis_ws/install/custom_message/lib/libcustom_message__rosidl_generator_c.so
[7.222s] -- Set runtime path of "/home/giacomo/thesis_ws/install/custom_message/lib/libcustom_message__rosidl_generator_c.so" to ""
[7.222s] -- Installing: /home/giacomo/thesis_ws/install/custom_message/lib/libcustom_message__rosidl_typesupport_fastrtps_c.so
[7.223s] -- Set runtime path of "/home/giacomo/thesis_ws/install/custom_message/lib/libcustom_message__rosidl_typesupport_fastrtps_c.so" to ""
[7.223s] -- Installing: /home/giacomo/thesis_ws/install/custom_message/lib/libcustom_message__rosidl_typesupport_introspection_c.so
[7.224s] -- Set runtime path of "/home/giacomo/thesis_ws/install/custom_message/lib/libcustom_message__rosidl_typesupport_introspection_c.so" to ""
[7.224s] -- Installing: /home/giacomo/thesis_ws/install/custom_message/lib/libcustom_message__rosidl_typesupport_c.so
[7.224s] -- Set runtime path of "/home/giacomo/thesis_ws/install/custom_message/lib/libcustom_message__rosidl_typesupport_c.so" to ""
[7.225s] -- Installing: /home/giacomo/thesis_ws/install/custom_message/lib/libcustom_message__rosidl_typesupport_fastrtps_cpp.so
[7.225s] -- Set runtime path of "/home/giacomo/thesis_ws/install/custom_message/lib/libcustom_message__rosidl_typesupport_fastrtps_cpp.so" to ""
[7.226s] -- Installing: /home/giacomo/thesis_ws/install/custom_message/lib/libcustom_message__rosidl_typesupport_introspection_cpp.so
[7.226s] -- Set runtime path of "/home/giacomo/thesis_ws/install/custom_message/lib/libcustom_message__rosidl_typesupport_introspection_cpp.so" to ""
[7.227s] -- Installing: /home/giacomo/thesis_ws/install/custom_message/lib/libcustom_message__rosidl_typesupport_cpp.so
[7.227s] -- Set runtime path of "/home/giacomo/thesis_ws/install/custom_message/lib/libcustom_message__rosidl_typesupport_cpp.so" to ""
[7.274s] Listing '/home/giacomo/thesis_ws/install/custom_message/local/lib/python3.10/dist-packages/custom_message'...
[7.274s] Compiling '/home/giacomo/thesis_ws/install/custom_message/local/lib/python3.10/dist-packages/custom_message/__init__.py'...
[7.274s] Listing '/home/giacomo/thesis_ws/install/custom_message/local/lib/python3.10/dist-packages/custom_message/msg'...
[7.274s] Compiling '/home/giacomo/thesis_ws/install/custom_message/local/lib/python3.10/dist-packages/custom_message/msg/__init__.py'...
[7.274s] Compiling '/home/giacomo/thesis_ws/install/custom_message/local/lib/python3.10/dist-packages/custom_message/msg/_control_inputs.py'...
[7.274s] Compiling '/home/giacomo/thesis_ws/install/custom_message/local/lib/python3.10/dist-packages/custom_message/msg/_coordinate.py'...
[7.274s] Compiling '/home/giacomo/thesis_ws/install/custom_message/local/lib/python3.10/dist-packages/custom_message/msg/_full_state.py'...
[7.274s] Compiling '/home/giacomo/thesis_ws/install/custom_message/local/lib/python3.10/dist-packages/custom_message/msg/_path.py'...
[7.275s] Compiling '/home/giacomo/thesis_ws/install/custom_message/local/lib/python3.10/dist-packages/custom_message/msg/_state.py'...
[7.279s] -- Installing: /home/giacomo/thesis_ws/install/custom_message/lib/libcustom_message__rosidl_generator_py.so
[7.280s] -- Set runtime path of "/home/giacomo/thesis_ws/install/custom_message/lib/libcustom_message__rosidl_generator_py.so" to ""
[7.280s] -- Up-to-date: /home/giacomo/thesis_ws/install/custom_message/share/custom_message/cmake/export_custom_message__rosidl_generator_cExport.cmake
[7.281s] -- Up-to-date: /home/giacomo/thesis_ws/install/custom_message/share/custom_message/cmake/export_custom_message__rosidl_generator_cExport-noconfig.cmake
[7.281s] -- Up-to-date: /home/giacomo/thesis_ws/install/custom_message/share/custom_message/cmake/export_custom_message__rosidl_typesupport_fastrtps_cExport.cmake
[7.281s] -- Up-to-date: /home/giacomo/thesis_ws/install/custom_message/share/custom_message/cmake/export_custom_message__rosidl_typesupport_fastrtps_cExport-noconfig.cmake
[7.281s] -- Up-to-date: /home/giacomo/thesis_ws/install/custom_message/share/custom_message/cmake/custom_message__rosidl_typesupport_introspection_cExport.cmake
[7.281s] -- Up-to-date: /home/giacomo/thesis_ws/install/custom_message/share/custom_message/cmake/custom_message__rosidl_typesupport_introspection_cExport-noconfig.cmake
[7.281s] -- Up-to-date: /home/giacomo/thesis_ws/install/custom_message/share/custom_message/cmake/custom_message__rosidl_typesupport_cExport.cmake
[7.282s] -- Up-to-date: /home/giacomo/thesis_ws/install/custom_message/share/custom_message/cmake/custom_message__rosidl_typesupport_cExport-noconfig.cmake
[7.282s] -- Up-to-date: /home/giacomo/thesis_ws/install/custom_message/share/custom_message/cmake/export_custom_message__rosidl_generator_cppExport.cmake
[7.282s] -- Up-to-date: /home/giacomo/thesis_ws/install/custom_message/share/custom_message/cmake/export_custom_message__rosidl_typesupport_fastrtps_cppExport.cmake
[7.282s] -- Up-to-date: /home/giacomo/thesis_ws/install/custom_message/share/custom_message/cmake/export_custom_message__rosidl_typesupport_fastrtps_cppExport-noconfig.cmake
[7.282s] -- Up-to-date: /home/giacomo/thesis_ws/install/custom_message/share/custom_message/cmake/custom_message__rosidl_typesupport_introspection_cppExport.cmake
[7.282s] -- Up-to-date: /home/giacomo/thesis_ws/install/custom_message/share/custom_message/cmake/custom_message__rosidl_typesupport_introspection_cppExport-noconfig.cmake
[7.282s] -- Up-to-date: /home/giacomo/thesis_ws/install/custom_message/share/custom_message/cmake/custom_message__rosidl_typesupport_cppExport.cmake
[7.282s] -- Up-to-date: /home/giacomo/thesis_ws/install/custom_message/share/custom_message/cmake/custom_message__rosidl_typesupport_cppExport-noconfig.cmake
[7.282s] -- Up-to-date: /home/giacomo/thesis_ws/install/custom_message/share/custom_message/cmake/export_custom_message__rosidl_generator_pyExport.cmake
[7.282s] -- Up-to-date: /home/giacomo/thesis_ws/install/custom_message/share/custom_message/cmake/export_custom_message__rosidl_generator_pyExport-noconfig.cmake
[7.286s] Invoked command in '/home/giacomo/thesis_ws/build/custom_message' returned '0': CMAKE_PREFIX_PATH=${CMAKE_PREFIX_PATH}:/home/giacomo/thesis_ws/install/bumper_cars:/home/giacomo/ros2_ws/install/py_pubsub:/home/giacomo/ros2_ws/install/my_robot_controller:/home/giacomo/ros2_ws/install/py_srvcli:/opt/ros/humble /usr/bin/cmake --install /home/giacomo/thesis_ws/build/custom_message
