[0.250s] Invoking command in '/home/giacomo/thesis_ws/src/build/custom_message': CMAKE_PREFIX_PATH=${CMAKE_PREFIX_PATH}:/home/giacomo/thesis_ws/install/bumper_cars:/home/giacomo/ros2_ws/install/py_pubsub:/home/giacomo/ros2_ws/install/my_robot_controller:/home/giacomo/ros2_ws/install/py_srvcli:/opt/ros/humble /usr/bin/cmake /home/giacomo/thesis_ws/src/custom_message -DAMENT_CMAKE_SYMLINK_INSTALL=1 -DCMAKE_INSTALL_PREFIX=/home/giacomo/thesis_ws/src/install/custom_message
[0.370s] -- The C compiler identification is GNU 11.4.0
[0.464s] -- The CXX compiler identification is GNU 11.4.0
[0.477s] -- Detecting C compiler ABI info
[0.562s] -- Detecting C compiler ABI info - done
[0.572s] -- Check for working C compiler: /usr/bin/cc - skipped
[0.572s] -- Detecting C compile features
[0.573s] -- Detecting C compile features - done
[0.577s] -- Detecting CXX compiler ABI info
[0.680s] -- Detecting CXX compiler ABI info - done
[0.692s] -- Check for working CXX compiler: /usr/bin/c++ - skipped
[0.692s] -- Detecting CXX compile features
[0.693s] -- Detecting CXX compile features - done
[0.698s] -- Found ament_cmake: 1.3.5 (/opt/ros/humble/share/ament_cmake/cmake)
[1.260s] -- Found Python3: /usr/bin/python3.10 (found version "3.10.12") found components: Interpreter 
[1.348s] -- Override CMake install command with custom implementation using symlinks instead of copying resources
[1.399s] -- Found rosidl_default_generators: 1.2.0 (/opt/ros/humble/share/rosidl_default_generators/cmake)
[1.409s] -- Using all available rosidl_typesupport_c: rosidl_typesupport_fastrtps_c;rosidl_typesupport_introspection_c
[1.424s] -- Found rosidl_adapter: 3.1.5 (/opt/ros/humble/share/rosidl_adapter/cmake)
[1.518s] -- Using all available rosidl_typesupport_cpp: rosidl_typesupport_fastrtps_cpp;rosidl_typesupport_introspection_cpp
[1.963s] -- Found ament_cmake_ros: 0.10.0 (/opt/ros/humble/share/ament_cmake_ros/cmake)
[2.207s] -- Using all available rosidl_typesupport_c: rosidl_typesupport_fastrtps_c;rosidl_typesupport_introspection_c
[2.492s] -- Using all available rosidl_typesupport_cpp: rosidl_typesupport_fastrtps_cpp;rosidl_typesupport_introspection_cpp
[2.523s] -- Found PythonInterp: /usr/bin/python3 (found suitable version "3.10.12", minimum required is "3.6") 
[2.525s] -- Found python_cmake_module: 0.10.0 (/opt/ros/humble/share/python_cmake_module/cmake)
[2.561s] -- Found PythonLibs: /usr/lib/x86_64-linux-gnu/libpython3.10.so (found suitable version "3.10.12", minimum required is "3.5") 
[2.562s] -- Using PYTHON_EXECUTABLE: /usr/bin/python3
[2.562s] -- Using PYTHON_INCLUDE_DIRS: /usr/include/python3.10
[2.562s] -- Using PYTHON_LIBRARIES: /usr/lib/x86_64-linux-gnu/libpython3.10.so
[2.593s] -- Found PythonExtra: .so  
[2.647s] -- Configuring done
[2.684s] -- Generating done
[2.687s] -- Build files have been written to: /home/giacomo/thesis_ws/src/build/custom_message
[2.696s] Invoked command in '/home/giacomo/thesis_ws/src/build/custom_message' returned '0': CMAKE_PREFIX_PATH=${CMAKE_PREFIX_PATH}:/home/giacomo/thesis_ws/install/bumper_cars:/home/giacomo/ros2_ws/install/py_pubsub:/home/giacomo/ros2_ws/install/my_robot_controller:/home/giacomo/ros2_ws/install/py_srvcli:/opt/ros/humble /usr/bin/cmake /home/giacomo/thesis_ws/src/custom_message -DAMENT_CMAKE_SYMLINK_INSTALL=1 -DCMAKE_INSTALL_PREFIX=/home/giacomo/thesis_ws/src/install/custom_message
[2.698s] Invoking command in '/home/giacomo/thesis_ws/src/build/custom_message': CMAKE_PREFIX_PATH=${CMAKE_PREFIX_PATH}:/home/giacomo/thesis_ws/install/bumper_cars:/home/giacomo/ros2_ws/install/py_pubsub:/home/giacomo/ros2_ws/install/my_robot_controller:/home/giacomo/ros2_ws/install/py_srvcli:/opt/ros/humble /usr/bin/cmake --build /home/giacomo/thesis_ws/src/build/custom_message -- -j8 -l8
[2.740s] [  2%] [34m[1mGenerating C code for ROS interfaces[0m
[2.753s] [  4%] [34m[1mGenerating C++ code for ROS interfaces[0m
[2.764s] [  4%] Built target ament_cmake_python_symlink_custom_message
[3.037s] running egg_info
[3.038s] creating custom_message.egg-info
[3.058s] writing custom_message.egg-info/PKG-INFO
[3.059s] writing dependency_links to custom_message.egg-info/dependency_links.txt
[3.059s] writing top-level names to custom_message.egg-info/top_level.txt
[3.059s] writing manifest file 'custom_message.egg-info/SOURCES.txt'
[3.186s] reading manifest file 'custom_message.egg-info/SOURCES.txt'
[3.186s] writing manifest file 'custom_message.egg-info/SOURCES.txt'
[3.219s] [  4%] Built target ament_cmake_python_build_custom_message_egg
[3.272s] [  4%] Built target custom_message__cpp
[3.292s] [  6%] [34m[1mGenerating C++ type support for eProsima Fast-RTPS[0m
[3.305s] [  8%] [34m[1mGenerating C++ introspection for ROS interfaces[0m
[3.305s] [ 10%] [34m[1mGenerating C++ type support dispatch for ROS interfaces[0m
[3.343s] [ 12%] [32mBuilding C object CMakeFiles/custom_message__rosidl_generator_c.dir/rosidl_generator_c/custom_message/msg/detail/state__functions.c.o[0m
[3.346s] [ 14%] [32mBuilding C object CMakeFiles/custom_message__rosidl_generator_c.dir/rosidl_generator_c/custom_message/msg/detail/control_inputs__functions.c.o[0m
[3.347s] [ 17%] [32mBuilding C object CMakeFiles/custom_message__rosidl_generator_c.dir/rosidl_generator_c/custom_message/msg/detail/full_state__functions.c.o[0m
[3.431s] [ 19%] [32m[1mLinking C shared library libcustom_message__rosidl_generator_c.so[0m
[3.481s] [ 19%] Built target custom_message__rosidl_generator_c
[3.495s] [ 21%] [34m[1mGenerating C type support for eProsima Fast-RTPS[0m
[3.500s] [ 25%] [34m[1mGenerating C introspection for ROS interfaces[0m
[3.500s] [ 25%] [34m[1mGenerating C type support dispatch for ROS interfaces[0m
[3.766s] [ 27%] [32mBuilding CXX object CMakeFiles/custom_message__rosidl_typesupport_introspection_cpp.dir/rosidl_typesupport_introspection_cpp/custom_message/msg/detail/control_inputs__type_support.cpp.o[0m
[3.767s] [ 31%] [32mBuilding CXX object CMakeFiles/custom_message__rosidl_typesupport_introspection_cpp.dir/rosidl_typesupport_introspection_cpp/custom_message/msg/detail/state__type_support.cpp.o[0m
[3.768s] [ 31%] [32mBuilding CXX object CMakeFiles/custom_message__rosidl_typesupport_introspection_cpp.dir/rosidl_typesupport_introspection_cpp/custom_message/msg/detail/full_state__type_support.cpp.o[0m
[3.899s] [ 34%] [32mBuilding CXX object CMakeFiles/custom_message__rosidl_typesupport_cpp.dir/rosidl_typesupport_cpp/custom_message/msg/control_inputs__type_support.cpp.o[0m
[3.915s] [ 36%] [32mBuilding CXX object CMakeFiles/custom_message__rosidl_typesupport_fastrtps_cpp.dir/rosidl_typesupport_fastrtps_cpp/custom_message/msg/detail/dds_fastrtps/control_inputs__type_support.cpp.o[0m
[4.163s] [ 38%] [32mBuilding CXX object CMakeFiles/custom_message__rosidl_typesupport_c.dir/rosidl_typesupport_c/custom_message/msg/control_inputs__type_support.cpp.o[0m
[4.227s] [ 40%] [32mBuilding CXX object CMakeFiles/custom_message__rosidl_typesupport_c.dir/rosidl_typesupport_c/custom_message/msg/state__type_support.cpp.o[0m
[4.290s] [ 42%] [32mBuilding CXX object CMakeFiles/custom_message__rosidl_typesupport_c.dir/rosidl_typesupport_c/custom_message/msg/full_state__type_support.cpp.o[0m
[4.359s] [ 44%] [32m[1mLinking CXX shared library libcustom_message__rosidl_typesupport_c.so[0m
[4.389s] [ 46%] [32mBuilding CXX object CMakeFiles/custom_message__rosidl_typesupport_fastrtps_c.dir/rosidl_typesupport_fastrtps_c/custom_message/msg/detail/control_inputs__type_support_c.cpp.o[0m
[4.395s] [ 48%] [32mBuilding C object CMakeFiles/custom_message__rosidl_typesupport_introspection_c.dir/rosidl_typesupport_introspection_c/custom_message/msg/detail/control_inputs__type_support.c.o[0m
[4.453s] [ 48%] Built target custom_message__rosidl_typesupport_c
[4.473s] [ 51%] [32mBuilding CXX object CMakeFiles/custom_message__rosidl_typesupport_fastrtps_cpp.dir/rosidl_typesupport_fastrtps_cpp/custom_message/msg/detail/dds_fastrtps/state__type_support.cpp.o[0m
[4.488s] [ 53%] [32mBuilding C object CMakeFiles/custom_message__rosidl_typesupport_introspection_c.dir/rosidl_typesupport_introspection_c/custom_message/msg/detail/state__type_support.c.o[0m
[4.491s] [ 55%] [32mBuilding CXX object CMakeFiles/custom_message__rosidl_typesupport_cpp.dir/rosidl_typesupport_cpp/custom_message/msg/state__type_support.cpp.o[0m
[4.565s] [ 57%] [32mBuilding C object CMakeFiles/custom_message__rosidl_typesupport_introspection_c.dir/rosidl_typesupport_introspection_c/custom_message/msg/detail/full_state__type_support.c.o[0m
[4.636s] [ 59%] [32m[1mLinking C shared library libcustom_message__rosidl_typesupport_introspection_c.so[0m
[4.642s] [ 61%] [32mBuilding CXX object CMakeFiles/custom_message__rosidl_typesupport_fastrtps_c.dir/rosidl_typesupport_fastrtps_c/custom_message/msg/detail/state__type_support_c.cpp.o[0m
[4.667s] [ 63%] [32mBuilding CXX object CMakeFiles/custom_message__rosidl_typesupport_fastrtps_c.dir/rosidl_typesupport_fastrtps_c/custom_message/msg/detail/full_state__type_support_c.cpp.o[0m
[4.673s] [ 65%] [32m[1mLinking CXX shared library libcustom_message__rosidl_typesupport_introspection_cpp.so[0m
[4.712s] [ 65%] Built target custom_message__rosidl_typesupport_introspection_c
[4.730s] [ 68%] [32mBuilding CXX object CMakeFiles/custom_message__rosidl_typesupport_cpp.dir/rosidl_typesupport_cpp/custom_message/msg/full_state__type_support.cpp.o[0m
[4.765s] [ 68%] Built target custom_message__rosidl_typesupport_introspection_cpp
[4.783s] [ 70%] [32mBuilding CXX object CMakeFiles/custom_message__rosidl_typesupport_fastrtps_cpp.dir/rosidl_typesupport_fastrtps_cpp/custom_message/msg/detail/dds_fastrtps/full_state__type_support.cpp.o[0m
[5.258s] [ 72%] [32m[1mLinking CXX shared library libcustom_message__rosidl_typesupport_cpp.so[0m
[5.312s] [ 72%] Built target custom_message__rosidl_typesupport_cpp
[5.324s] [ 74%] [32m[1mLinking CXX shared library libcustom_message__rosidl_typesupport_fastrtps_c.so[0m
[5.340s] [ 76%] [32m[1mLinking CXX shared library libcustom_message__rosidl_typesupport_fastrtps_cpp.so[0m
[5.433s] [ 76%] Built target custom_message__rosidl_typesupport_fastrtps_c
[5.454s] [ 76%] Built target custom_message__rosidl_typesupport_fastrtps_cpp
[5.479s] [ 76%] Built target custom_message
[5.504s] [ 78%] [34m[1mGenerating Python code for ROS interfaces[0m
[5.964s] [ 78%] Built target custom_message__py
[5.984s] [ 85%] [32mBuilding C object CMakeFiles/custom_message__rosidl_generator_py.dir/rosidl_generator_py/custom_message/msg/_control_inputs_s.c.o[0m
[5.984s] [ 85%] [32mBuilding C object CMakeFiles/custom_message__rosidl_generator_py.dir/rosidl_generator_py/custom_message/msg/_state_s.c.o[0m
[5.985s] [ 85%] [32mBuilding C object CMakeFiles/custom_message__rosidl_generator_py.dir/rosidl_generator_py/custom_message/msg/_full_state_s.c.o[0m
[6.117s] [ 87%] [32m[1mLinking C shared library rosidl_generator_py/custom_message/libcustom_message__rosidl_generator_py.so[0m
[6.153s] [ 87%] Built target custom_message__rosidl_generator_py
[6.177s] [ 93%] [32mBuilding C object CMakeFiles/custom_message__rosidl_typesupport_c__pyext.dir/rosidl_generator_py/custom_message/_custom_message_s.ep.rosidl_typesupport_c.c.o[0m
[6.177s] [ 93%] [32mBuilding C object CMakeFiles/custom_message__rosidl_typesupport_introspection_c__pyext.dir/rosidl_generator_py/custom_message/_custom_message_s.ep.rosidl_typesupport_introspection_c.c.o[0m
[6.178s] [ 93%] [32mBuilding C object CMakeFiles/custom_message__rosidl_typesupport_fastrtps_c__pyext.dir/rosidl_generator_py/custom_message/_custom_message_s.ep.rosidl_typesupport_fastrtps_c.c.o[0m
[6.284s] [ 95%] [32m[1mLinking C shared library rosidl_generator_py/custom_message/custom_message_s__rosidl_typesupport_c.cpython-310-x86_64-linux-gnu.so[0m
[6.286s] [ 97%] [32m[1mLinking C shared library rosidl_generator_py/custom_message/custom_message_s__rosidl_typesupport_introspection_c.cpython-310-x86_64-linux-gnu.so[0m
[6.290s] [100%] [32m[1mLinking C shared library rosidl_generator_py/custom_message/custom_message_s__rosidl_typesupport_fastrtps_c.cpython-310-x86_64-linux-gnu.so[0m
[6.323s] [100%] Built target custom_message__rosidl_typesupport_c__pyext
[6.325s] [100%] Built target custom_message__rosidl_typesupport_introspection_c__pyext
[6.330s] [100%] Built target custom_message__rosidl_typesupport_fastrtps_c__pyext
[6.342s] Invoked command in '/home/giacomo/thesis_ws/src/build/custom_message' returned '0': CMAKE_PREFIX_PATH=${CMAKE_PREFIX_PATH}:/home/giacomo/thesis_ws/install/bumper_cars:/home/giacomo/ros2_ws/install/py_pubsub:/home/giacomo/ros2_ws/install/my_robot_controller:/home/giacomo/ros2_ws/install/py_srvcli:/opt/ros/humble /usr/bin/cmake --build /home/giacomo/thesis_ws/src/build/custom_message -- -j8 -l8
[6.448s] Invoking command in '/home/giacomo/thesis_ws/src/build/custom_message': CMAKE_PREFIX_PATH=${CMAKE_PREFIX_PATH}:/home/giacomo/thesis_ws/install/bumper_cars:/home/giacomo/ros2_ws/install/py_pubsub:/home/giacomo/ros2_ws/install/my_robot_controller:/home/giacomo/ros2_ws/install/py_srvcli:/opt/ros/humble /usr/bin/cmake --install /home/giacomo/thesis_ws/src/build/custom_message
[6.456s] -- Install configuration: ""
[6.457s] -- Execute custom install script
[6.457s] -- Symlinking: /home/giacomo/thesis_ws/src/install/custom_message/share/ament_index/resource_index/rosidl_interfaces/custom_message
[6.467s] -- Symlinking: /home/giacomo/thesis_ws/src/install/custom_message/include/custom_message/custom_message/msg/control_inputs.h
[6.477s] -- Symlinking: /home/giacomo/thesis_ws/src/install/custom_message/include/custom_message/custom_message/msg/detail/control_inputs__functions.h
[6.487s] -- Symlinking: /home/giacomo/thesis_ws/src/install/custom_message/include/custom_message/custom_message/msg/detail/control_inputs__struct.h
[6.496s] -- Symlinking: /home/giacomo/thesis_ws/src/install/custom_message/include/custom_message/custom_message/msg/detail/control_inputs__type_support.h
[6.504s] -- Symlinking: /home/giacomo/thesis_ws/src/install/custom_message/include/custom_message/custom_message/msg/detail/full_state__functions.h
[6.512s] -- Symlinking: /home/giacomo/thesis_ws/src/install/custom_message/include/custom_message/custom_message/msg/detail/full_state__struct.h
[6.520s] -- Symlinking: /home/giacomo/thesis_ws/src/install/custom_message/include/custom_message/custom_message/msg/detail/full_state__type_support.h
[6.529s] -- Symlinking: /home/giacomo/thesis_ws/src/install/custom_message/include/custom_message/custom_message/msg/detail/state__functions.h
[6.537s] -- Symlinking: /home/giacomo/thesis_ws/src/install/custom_message/include/custom_message/custom_message/msg/detail/state__struct.h
[6.545s] -- Symlinking: /home/giacomo/thesis_ws/src/install/custom_message/include/custom_message/custom_message/msg/detail/state__type_support.h
[6.554s] -- Symlinking: /home/giacomo/thesis_ws/src/install/custom_message/include/custom_message/custom_message/msg/full_state.h
[6.564s] -- Symlinking: /home/giacomo/thesis_ws/src/install/custom_message/include/custom_message/custom_message/msg/rosidl_generator_c__visibility_control.h
[6.574s] -- Symlinking: /home/giacomo/thesis_ws/src/install/custom_message/include/custom_message/custom_message/msg/state.h
[6.583s] -- Symlinking: /home/giacomo/thesis_ws/src/install/custom_message/share/custom_message/environment/library_path.sh
[6.591s] -- Symlinking: /home/giacomo/thesis_ws/src/install/custom_message/share/custom_message/environment/library_path.dsv
[6.599s] -- Symlinking: /home/giacomo/thesis_ws/src/install/custom_message/include/custom_message/custom_message/msg/detail/control_inputs__rosidl_typesupport_fastrtps_c.h
[6.607s] -- Symlinking: /home/giacomo/thesis_ws/src/install/custom_message/include/custom_message/custom_message/msg/detail/full_state__rosidl_typesupport_fastrtps_c.h
[6.615s] -- Symlinking: /home/giacomo/thesis_ws/src/install/custom_message/include/custom_message/custom_message/msg/detail/state__rosidl_typesupport_fastrtps_c.h
[6.623s] -- Symlinking: /home/giacomo/thesis_ws/src/install/custom_message/include/custom_message/custom_message/msg/rosidl_typesupport_fastrtps_c__visibility_control.h
[6.632s] -- Symlinking: /home/giacomo/thesis_ws/src/install/custom_message/include/custom_message/custom_message/msg/detail/control_inputs__rosidl_typesupport_introspection_c.h
[6.641s] -- Symlinking: /home/giacomo/thesis_ws/src/install/custom_message/include/custom_message/custom_message/msg/detail/full_state__rosidl_typesupport_introspection_c.h
[6.650s] -- Symlinking: /home/giacomo/thesis_ws/src/install/custom_message/include/custom_message/custom_message/msg/detail/state__rosidl_typesupport_introspection_c.h
[6.659s] -- Symlinking: /home/giacomo/thesis_ws/src/install/custom_message/include/custom_message/custom_message/msg/rosidl_typesupport_introspection_c__visibility_control.h
[6.667s] -- Symlinking: /home/giacomo/thesis_ws/src/install/custom_message/include/custom_message/custom_message/msg/control_inputs.hpp
[6.676s] -- Symlinking: /home/giacomo/thesis_ws/src/install/custom_message/include/custom_message/custom_message/msg/detail/control_inputs__builder.hpp
[6.684s] -- Symlinking: /home/giacomo/thesis_ws/src/install/custom_message/include/custom_message/custom_message/msg/detail/control_inputs__struct.hpp
[6.692s] -- Symlinking: /home/giacomo/thesis_ws/src/install/custom_message/include/custom_message/custom_message/msg/detail/control_inputs__traits.hpp
[6.700s] -- Symlinking: /home/giacomo/thesis_ws/src/install/custom_message/include/custom_message/custom_message/msg/detail/full_state__builder.hpp
[6.709s] -- Symlinking: /home/giacomo/thesis_ws/src/install/custom_message/include/custom_message/custom_message/msg/detail/full_state__struct.hpp
[6.717s] -- Symlinking: /home/giacomo/thesis_ws/src/install/custom_message/include/custom_message/custom_message/msg/detail/full_state__traits.hpp
[6.726s] -- Symlinking: /home/giacomo/thesis_ws/src/install/custom_message/include/custom_message/custom_message/msg/detail/state__builder.hpp
[6.734s] -- Symlinking: /home/giacomo/thesis_ws/src/install/custom_message/include/custom_message/custom_message/msg/detail/state__struct.hpp
[6.742s] -- Symlinking: /home/giacomo/thesis_ws/src/install/custom_message/include/custom_message/custom_message/msg/detail/state__traits.hpp
[6.751s] -- Symlinking: /home/giacomo/thesis_ws/src/install/custom_message/include/custom_message/custom_message/msg/full_state.hpp
[6.759s] -- Symlinking: /home/giacomo/thesis_ws/src/install/custom_message/include/custom_message/custom_message/msg/state.hpp
[6.768s] -- Symlinking: /home/giacomo/thesis_ws/src/install/custom_message/include/custom_message/custom_message/msg/detail/control_inputs__rosidl_typesupport_fastrtps_cpp.hpp
[6.778s] -- Symlinking: /home/giacomo/thesis_ws/src/install/custom_message/include/custom_message/custom_message/msg/detail/full_state__rosidl_typesupport_fastrtps_cpp.hpp
[6.787s] -- Symlinking: /home/giacomo/thesis_ws/src/install/custom_message/include/custom_message/custom_message/msg/detail/state__rosidl_typesupport_fastrtps_cpp.hpp
[6.796s] -- Symlinking: /home/giacomo/thesis_ws/src/install/custom_message/include/custom_message/custom_message/msg/rosidl_typesupport_fastrtps_cpp__visibility_control.h
[6.806s] -- Symlinking: /home/giacomo/thesis_ws/src/install/custom_message/include/custom_message/custom_message/msg/detail/control_inputs__rosidl_typesupport_introspection_cpp.hpp
[6.815s] -- Symlinking: /home/giacomo/thesis_ws/src/install/custom_message/include/custom_message/custom_message/msg/detail/full_state__rosidl_typesupport_introspection_cpp.hpp
[6.824s] -- Symlinking: /home/giacomo/thesis_ws/src/install/custom_message/include/custom_message/custom_message/msg/detail/state__rosidl_typesupport_introspection_cpp.hpp
[6.833s] -- Symlinking: /home/giacomo/thesis_ws/src/install/custom_message/share/custom_message/environment/pythonpath.sh
[6.842s] -- Symlinking: /home/giacomo/thesis_ws/src/install/custom_message/share/custom_message/environment/pythonpath.dsv
[6.852s] -- Symlinking: /home/giacomo/thesis_ws/src/install/custom_message/local/lib/python3.10/dist-packages/custom_message-0.0.0-py3.10.egg-info/PKG-INFO
[6.861s] -- Symlinking: /home/giacomo/thesis_ws/src/install/custom_message/local/lib/python3.10/dist-packages/custom_message-0.0.0-py3.10.egg-info/SOURCES.txt
[6.871s] -- Symlinking: /home/giacomo/thesis_ws/src/install/custom_message/local/lib/python3.10/dist-packages/custom_message-0.0.0-py3.10.egg-info/dependency_links.txt
[6.880s] -- Symlinking: /home/giacomo/thesis_ws/src/install/custom_message/local/lib/python3.10/dist-packages/custom_message-0.0.0-py3.10.egg-info/top_level.txt
[6.889s] -- Symlinking: /home/giacomo/thesis_ws/src/install/custom_message/local/lib/python3.10/dist-packages/custom_message/__init__.py
[6.899s] -- Symlinking: /home/giacomo/thesis_ws/src/install/custom_message/local/lib/python3.10/dist-packages/custom_message/_custom_message_s.ep.rosidl_typesupport_c.c
[6.908s] -- Symlinking: /home/giacomo/thesis_ws/src/install/custom_message/local/lib/python3.10/dist-packages/custom_message/_custom_message_s.ep.rosidl_typesupport_fastrtps_c.c
[6.917s] -- Symlinking: /home/giacomo/thesis_ws/src/install/custom_message/local/lib/python3.10/dist-packages/custom_message/_custom_message_s.ep.rosidl_typesupport_introspection_c.c
[6.927s] -- Symlinking: /home/giacomo/thesis_ws/src/install/custom_message/local/lib/python3.10/dist-packages/custom_message/custom_message_s__rosidl_typesupport_c.cpython-310-x86_64-linux-gnu.so
[6.936s] -- Symlinking: /home/giacomo/thesis_ws/src/install/custom_message/local/lib/python3.10/dist-packages/custom_message/custom_message_s__rosidl_typesupport_fastrtps_c.cpython-310-x86_64-linux-gnu.so
[6.945s] -- Symlinking: /home/giacomo/thesis_ws/src/install/custom_message/local/lib/python3.10/dist-packages/custom_message/custom_message_s__rosidl_typesupport_introspection_c.cpython-310-x86_64-linux-gnu.so
[6.955s] -- Symlinking: /home/giacomo/thesis_ws/src/install/custom_message/local/lib/python3.10/dist-packages/custom_message/libcustom_message__rosidl_generator_py.so
[6.964s] -- Symlinking: /home/giacomo/thesis_ws/src/install/custom_message/local/lib/python3.10/dist-packages/custom_message/msg/__init__.py
[6.974s] -- Symlinking: /home/giacomo/thesis_ws/src/install/custom_message/local/lib/python3.10/dist-packages/custom_message/msg/_control_inputs.py
[6.983s] -- Symlinking: /home/giacomo/thesis_ws/src/install/custom_message/local/lib/python3.10/dist-packages/custom_message/msg/_control_inputs_s.c
[6.993s] -- Symlinking: /home/giacomo/thesis_ws/src/install/custom_message/local/lib/python3.10/dist-packages/custom_message/msg/_full_state.py
[7.002s] -- Symlinking: /home/giacomo/thesis_ws/src/install/custom_message/local/lib/python3.10/dist-packages/custom_message/msg/_full_state_s.c
[7.011s] -- Symlinking: /home/giacomo/thesis_ws/src/install/custom_message/local/lib/python3.10/dist-packages/custom_message/msg/_state.py
[7.020s] -- Symlinking: /home/giacomo/thesis_ws/src/install/custom_message/local/lib/python3.10/dist-packages/custom_message/msg/_state_s.c
[7.028s] -- Up-to-date symlink: /home/giacomo/thesis_ws/src/install/custom_message/local/lib/python3.10/dist-packages/custom_message/custom_message_s__rosidl_typesupport_fastrtps_c.cpython-310-x86_64-linux-gnu.so
[7.029s] -- Up-to-date symlink: /home/giacomo/thesis_ws/src/install/custom_message/local/lib/python3.10/dist-packages/custom_message/custom_message_s__rosidl_typesupport_introspection_c.cpython-310-x86_64-linux-gnu.so
[7.029s] -- Up-to-date symlink: /home/giacomo/thesis_ws/src/install/custom_message/local/lib/python3.10/dist-packages/custom_message/custom_message_s__rosidl_typesupport_c.cpython-310-x86_64-linux-gnu.so
[7.029s] -- Symlinking: /home/giacomo/thesis_ws/src/install/custom_message/share/custom_message/msg/ControlInputs.idl
[7.038s] -- Symlinking: /home/giacomo/thesis_ws/src/install/custom_message/share/custom_message/msg/State.idl
[7.046s] -- Symlinking: /home/giacomo/thesis_ws/src/install/custom_message/share/custom_message/msg/FullState.idl
[7.055s] -- Symlinking: /home/giacomo/thesis_ws/src/install/custom_message/share/custom_message/msg/ControlInputs.msg
[7.063s] -- Symlinking: /home/giacomo/thesis_ws/src/install/custom_message/share/custom_message/msg/State.msg
[7.071s] -- Symlinking: /home/giacomo/thesis_ws/src/install/custom_message/share/custom_message/msg/FullState.msg
[7.079s] -- Symlinking: /home/giacomo/thesis_ws/src/install/custom_message/share/ament_index/resource_index/package_run_dependencies/custom_message
[7.088s] -- Symlinking: /home/giacomo/thesis_ws/src/install/custom_message/share/ament_index/resource_index/parent_prefix_path/custom_message
[7.096s] -- Symlinking: /home/giacomo/thesis_ws/src/install/custom_message/share/custom_message/environment/ament_prefix_path.sh
[7.104s] -- Symlinking: /home/giacomo/thesis_ws/src/install/custom_message/share/custom_message/environment/ament_prefix_path.dsv
[7.112s] -- Symlinking: /home/giacomo/thesis_ws/src/install/custom_message/share/custom_message/environment/path.sh
[7.120s] -- Symlinking: /home/giacomo/thesis_ws/src/install/custom_message/share/custom_message/environment/path.dsv
[7.129s] -- Symlinking: /home/giacomo/thesis_ws/src/install/custom_message/share/custom_message/local_setup.bash
[7.137s] -- Symlinking: /home/giacomo/thesis_ws/src/install/custom_message/share/custom_message/local_setup.sh
[7.145s] -- Symlinking: /home/giacomo/thesis_ws/src/install/custom_message/share/custom_message/local_setup.zsh
[7.154s] -- Symlinking: /home/giacomo/thesis_ws/src/install/custom_message/share/custom_message/local_setup.dsv
[7.162s] -- Symlinking: /home/giacomo/thesis_ws/src/install/custom_message/share/custom_message/package.dsv
[7.171s] -- Symlinking: /home/giacomo/thesis_ws/src/install/custom_message/share/ament_index/resource_index/packages/custom_message
[7.179s] -- Symlinking: /home/giacomo/thesis_ws/src/install/custom_message/share/custom_message/cmake/rosidl_cmake-extras.cmake
[7.188s] -- Symlinking: /home/giacomo/thesis_ws/src/install/custom_message/share/custom_message/cmake/ament_cmake_export_include_directories-extras.cmake
[7.196s] -- Symlinking: /home/giacomo/thesis_ws/src/install/custom_message/share/custom_message/cmake/ament_cmake_export_libraries-extras.cmake
[7.203s] -- Symlinking: /home/giacomo/thesis_ws/src/install/custom_message/share/custom_message/cmake/ament_cmake_export_targets-extras.cmake
[7.212s] -- Symlinking: /home/giacomo/thesis_ws/src/install/custom_message/share/custom_message/cmake/rosidl_cmake_export_typesupport_targets-extras.cmake
[7.220s] -- Symlinking: /home/giacomo/thesis_ws/src/install/custom_message/share/custom_message/cmake/ament_cmake_export_dependencies-extras.cmake
[7.228s] -- Symlinking: /home/giacomo/thesis_ws/src/install/custom_message/share/custom_message/cmake/rosidl_cmake_export_typesupport_libraries-extras.cmake
[7.236s] -- Symlinking: /home/giacomo/thesis_ws/src/install/custom_message/share/custom_message/cmake/custom_messageConfig.cmake
[7.245s] -- Symlinking: /home/giacomo/thesis_ws/src/install/custom_message/share/custom_message/cmake/custom_messageConfig-version.cmake
[7.253s] -- Symlinking: /home/giacomo/thesis_ws/src/install/custom_message/share/custom_message/package.xml
[7.262s] -- Installing: /home/giacomo/thesis_ws/src/install/custom_message/lib/libcustom_message__rosidl_generator_c.so
[7.262s] -- Set runtime path of "/home/giacomo/thesis_ws/src/install/custom_message/lib/libcustom_message__rosidl_generator_c.so" to ""
[7.262s] -- Installing: /home/giacomo/thesis_ws/src/install/custom_message/lib/libcustom_message__rosidl_typesupport_fastrtps_c.so
[7.263s] -- Set runtime path of "/home/giacomo/thesis_ws/src/install/custom_message/lib/libcustom_message__rosidl_typesupport_fastrtps_c.so" to ""
[7.263s] -- Installing: /home/giacomo/thesis_ws/src/install/custom_message/lib/libcustom_message__rosidl_typesupport_introspection_c.so
[7.263s] -- Set runtime path of "/home/giacomo/thesis_ws/src/install/custom_message/lib/libcustom_message__rosidl_typesupport_introspection_c.so" to ""
[7.263s] -- Installing: /home/giacomo/thesis_ws/src/install/custom_message/lib/libcustom_message__rosidl_typesupport_c.so
[7.264s] -- Set runtime path of "/home/giacomo/thesis_ws/src/install/custom_message/lib/libcustom_message__rosidl_typesupport_c.so" to ""
[7.264s] -- Installing: /home/giacomo/thesis_ws/src/install/custom_message/lib/libcustom_message__rosidl_typesupport_fastrtps_cpp.so
[7.264s] -- Set runtime path of "/home/giacomo/thesis_ws/src/install/custom_message/lib/libcustom_message__rosidl_typesupport_fastrtps_cpp.so" to ""
[7.264s] -- Installing: /home/giacomo/thesis_ws/src/install/custom_message/lib/libcustom_message__rosidl_typesupport_introspection_cpp.so
[7.265s] -- Set runtime path of "/home/giacomo/thesis_ws/src/install/custom_message/lib/libcustom_message__rosidl_typesupport_introspection_cpp.so" to ""
[7.265s] -- Installing: /home/giacomo/thesis_ws/src/install/custom_message/lib/libcustom_message__rosidl_typesupport_cpp.so
[7.265s] -- Set runtime path of "/home/giacomo/thesis_ws/src/install/custom_message/lib/libcustom_message__rosidl_typesupport_cpp.so" to ""
[7.319s] Listing '/home/giacomo/thesis_ws/src/install/custom_message/local/lib/python3.10/dist-packages/custom_message'...
[7.319s] Compiling '/home/giacomo/thesis_ws/src/install/custom_message/local/lib/python3.10/dist-packages/custom_message/__init__.py'...
[7.319s] Listing '/home/giacomo/thesis_ws/src/install/custom_message/local/lib/python3.10/dist-packages/custom_message/msg'...
[7.319s] Compiling '/home/giacomo/thesis_ws/src/install/custom_message/local/lib/python3.10/dist-packages/custom_message/msg/__init__.py'...
[7.319s] Compiling '/home/giacomo/thesis_ws/src/install/custom_message/local/lib/python3.10/dist-packages/custom_message/msg/_control_inputs.py'...
[7.319s] Compiling '/home/giacomo/thesis_ws/src/install/custom_message/local/lib/python3.10/dist-packages/custom_message/msg/_full_state.py'...
[7.319s] Compiling '/home/giacomo/thesis_ws/src/install/custom_message/local/lib/python3.10/dist-packages/custom_message/msg/_state.py'...
[7.323s] -- Installing: /home/giacomo/thesis_ws/src/install/custom_message/lib/libcustom_message__rosidl_generator_py.so
[7.324s] -- Set runtime path of "/home/giacomo/thesis_ws/src/install/custom_message/lib/libcustom_message__rosidl_generator_py.so" to ""
[7.324s] -- Installing: /home/giacomo/thesis_ws/src/install/custom_message/share/custom_message/cmake/export_custom_message__rosidl_generator_cExport.cmake
[7.324s] -- Installing: /home/giacomo/thesis_ws/src/install/custom_message/share/custom_message/cmake/export_custom_message__rosidl_generator_cExport-noconfig.cmake
[7.324s] -- Installing: /home/giacomo/thesis_ws/src/install/custom_message/share/custom_message/cmake/export_custom_message__rosidl_typesupport_fastrtps_cExport.cmake
[7.325s] -- Installing: /home/giacomo/thesis_ws/src/install/custom_message/share/custom_message/cmake/export_custom_message__rosidl_typesupport_fastrtps_cExport-noconfig.cmake
[7.325s] -- Installing: /home/giacomo/thesis_ws/src/install/custom_message/share/custom_message/cmake/custom_message__rosidl_typesupport_introspection_cExport.cmake
[7.325s] -- Installing: /home/giacomo/thesis_ws/src/install/custom_message/share/custom_message/cmake/custom_message__rosidl_typesupport_introspection_cExport-noconfig.cmake
[7.325s] -- Installing: /home/giacomo/thesis_ws/src/install/custom_message/share/custom_message/cmake/custom_message__rosidl_typesupport_cExport.cmake
[7.325s] -- Installing: /home/giacomo/thesis_ws/src/install/custom_message/share/custom_message/cmake/custom_message__rosidl_typesupport_cExport-noconfig.cmake
[7.326s] -- Installing: /home/giacomo/thesis_ws/src/install/custom_message/share/custom_message/cmake/export_custom_message__rosidl_generator_cppExport.cmake
[7.326s] -- Installing: /home/giacomo/thesis_ws/src/install/custom_message/share/custom_message/cmake/export_custom_message__rosidl_typesupport_fastrtps_cppExport.cmake
[7.326s] -- Installing: /home/giacomo/thesis_ws/src/install/custom_message/share/custom_message/cmake/export_custom_message__rosidl_typesupport_fastrtps_cppExport-noconfig.cmake
[7.326s] -- Installing: /home/giacomo/thesis_ws/src/install/custom_message/share/custom_message/cmake/custom_message__rosidl_typesupport_introspection_cppExport.cmake
[7.326s] -- Installing: /home/giacomo/thesis_ws/src/install/custom_message/share/custom_message/cmake/custom_message__rosidl_typesupport_introspection_cppExport-noconfig.cmake
[7.327s] -- Installing: /home/giacomo/thesis_ws/src/install/custom_message/share/custom_message/cmake/custom_message__rosidl_typesupport_cppExport.cmake
[7.327s] -- Installing: /home/giacomo/thesis_ws/src/install/custom_message/share/custom_message/cmake/custom_message__rosidl_typesupport_cppExport-noconfig.cmake
[7.327s] -- Installing: /home/giacomo/thesis_ws/src/install/custom_message/share/custom_message/cmake/export_custom_message__rosidl_generator_pyExport.cmake
[7.327s] -- Installing: /home/giacomo/thesis_ws/src/install/custom_message/share/custom_message/cmake/export_custom_message__rosidl_generator_pyExport-noconfig.cmake
[7.330s] Invoked command in '/home/giacomo/thesis_ws/src/build/custom_message' returned '0': CMAKE_PREFIX_PATH=${CMAKE_PREFIX_PATH}:/home/giacomo/thesis_ws/install/bumper_cars:/home/giacomo/ros2_ws/install/py_pubsub:/home/giacomo/ros2_ws/install/my_robot_controller:/home/giacomo/ros2_ws/install/py_srvcli:/opt/ros/humble /usr/bin/cmake --install /home/giacomo/thesis_ws/src/build/custom_message
