[0.023s] Invoking command in '/home/giacomo/thesis_ws/build/custom_message': CMAKE_PREFIX_PATH=${CMAKE_PREFIX_PATH}:/home/giacomo/thesis_ws/install/bumper_cars:/home/giacomo/ros2_ws/install/py_pubsub:/home/giacomo/ros2_ws/install/my_robot_controller:/home/giacomo/ros2_ws/install/py_srvcli:/opt/ros/humble /usr/bin/cmake /home/giacomo/thesis_ws/src/custom_message -DCMAKE_INSTALL_PREFIX=/home/giacomo/thesis_ws/install/custom_message
[0.040s] -- Found ament_cmake: 1.3.5 (/opt/ros/humble/share/ament_cmake/cmake)
[0.222s] -- Override CMake install command with custom implementation using symlinks instead of copying resources
[0.231s] -- Found rosidl_default_generators: 1.2.0 (/opt/ros/humble/share/rosidl_default_generators/cmake)
[0.233s] -- Using all available rosidl_typesupport_c: rosidl_typesupport_fastrtps_c;rosidl_typesupport_introspection_c
[0.237s] -- Found rosidl_adapter: 3.1.5 (/opt/ros/humble/share/rosidl_adapter/cmake)
[0.279s] -- Using all available rosidl_typesupport_cpp: rosidl_typesupport_fastrtps_cpp;rosidl_typesupport_introspection_cpp
[0.694s] -- Found ament_cmake_ros: 0.10.0 (/opt/ros/humble/share/ament_cmake_ros/cmake)
[0.905s] -- Using all available rosidl_typesupport_c: rosidl_typesupport_fastrtps_c;rosidl_typesupport_introspection_c
[1.211s] -- Using all available rosidl_typesupport_cpp: rosidl_typesupport_fastrtps_cpp;rosidl_typesupport_introspection_cpp
[1.238s] -- Found python_cmake_module: 0.10.0 (/opt/ros/humble/share/python_cmake_module/cmake)
[1.268s] -- Using PYTHON_EXECUTABLE: /usr/bin/python3
[1.269s] -- Using PYTHON_INCLUDE_DIRS: /usr/include/python3.10
[1.269s] -- Using PYTHON_LIBRARIES: /usr/lib/x86_64-linux-gnu/libpython3.10.so
[1.314s] -- Configuring done
[1.356s] -- Generating done
[1.361s] -- Build files have been written to: /home/giacomo/thesis_ws/build/custom_message
[1.369s] Invoked command in '/home/giacomo/thesis_ws/build/custom_message' returned '0': CMAKE_PREFIX_PATH=${CMAKE_PREFIX_PATH}:/home/giacomo/thesis_ws/install/bumper_cars:/home/giacomo/ros2_ws/install/py_pubsub:/home/giacomo/ros2_ws/install/my_robot_controller:/home/giacomo/ros2_ws/install/py_srvcli:/opt/ros/humble /usr/bin/cmake /home/giacomo/thesis_ws/src/custom_message -DCMAKE_INSTALL_PREFIX=/home/giacomo/thesis_ws/install/custom_message
[1.371s] Invoking command in '/home/giacomo/thesis_ws/build/custom_message': CMAKE_PREFIX_PATH=${CMAKE_PREFIX_PATH}:/home/giacomo/thesis_ws/install/bumper_cars:/home/giacomo/ros2_ws/install/py_pubsub:/home/giacomo/ros2_ws/install/my_robot_controller:/home/giacomo/ros2_ws/install/py_srvcli:/opt/ros/humble /usr/bin/cmake --build /home/giacomo/thesis_ws/build/custom_message -- -j8 -l8
[1.423s] [35m[1mConsolidate compiler generated dependencies of target custom_message__rosidl_generator_c[0m
[1.437s] [  2%] Built target custom_message__cpp
[1.444s] [ 12%] Built target custom_message__rosidl_generator_c
[1.452s] [ 12%] Built target ament_cmake_python_symlink_custom_message
[1.462s] [35m[1mConsolidate compiler generated dependencies of target custom_message__rosidl_typesupport_fastrtps_cpp[0m
[1.468s] [35m[1mConsolidate compiler generated dependencies of target custom_message__rosidl_typesupport_cpp[0m
[1.478s] [35m[1mConsolidate compiler generated dependencies of target custom_message__rosidl_typesupport_introspection_cpp[0m
[1.479s] [35m[1mConsolidate compiler generated dependencies of target custom_message__rosidl_typesupport_fastrtps_c[0m
[1.486s] [35m[1mConsolidate compiler generated dependencies of target custom_message__rosidl_typesupport_introspection_c[0m
[1.486s] [35m[1mConsolidate compiler generated dependencies of target custom_message__rosidl_typesupport_c[0m
[1.516s] [ 23%] Built target custom_message__rosidl_typesupport_fastrtps_c
[1.519s] [ 34%] Built target custom_message__rosidl_typesupport_cpp
[1.520s] [ 44%] Built target custom_message__rosidl_typesupport_introspection_c
[1.521s] [ 55%] Built target custom_message__rosidl_typesupport_fastrtps_cpp
[1.522s] [ 65%] Built target custom_message__rosidl_typesupport_introspection_cpp
[1.526s] [ 76%] Built target custom_message__rosidl_typesupport_c
[1.563s] [ 76%] Built target custom_message
[1.595s] [ 78%] Built target custom_message__py
[1.619s] [35m[1mConsolidate compiler generated dependencies of target custom_message__rosidl_generator_py[0m
[1.645s] [ 87%] Built target custom_message__rosidl_generator_py
[1.665s] [35m[1mConsolidate compiler generated dependencies of target custom_message__rosidl_typesupport_fastrtps_c__pyext[0m
[1.665s] [35m[1mConsolidate compiler generated dependencies of target custom_message__rosidl_typesupport_c__pyext[0m
[1.665s] [35m[1mConsolidate compiler generated dependencies of target custom_message__rosidl_typesupport_introspection_c__pyext[0m
[1.693s] [100%] Built target custom_message__rosidl_typesupport_c__pyext
[1.693s] [100%] Built target custom_message__rosidl_typesupport_fastrtps_c__pyext
[1.693s] [100%] Built target custom_message__rosidl_typesupport_introspection_c__pyext
[1.862s] running egg_info
[1.895s] writing custom_message.egg-info/PKG-INFO
[1.895s] writing dependency_links to custom_message.egg-info/dependency_links.txt
[1.895s] writing top-level names to custom_message.egg-info/top_level.txt
[1.978s] reading manifest file 'custom_message.egg-info/SOURCES.txt'
[1.979s] writing manifest file 'custom_message.egg-info/SOURCES.txt'
[2.015s] [100%] Built target ament_cmake_python_build_custom_message_egg
[2.032s] Invoked command in '/home/giacomo/thesis_ws/build/custom_message' returned '0': CMAKE_PREFIX_PATH=${CMAKE_PREFIX_PATH}:/home/giacomo/thesis_ws/install/bumper_cars:/home/giacomo/ros2_ws/install/py_pubsub:/home/giacomo/ros2_ws/install/my_robot_controller:/home/giacomo/ros2_ws/install/py_srvcli:/opt/ros/humble /usr/bin/cmake --build /home/giacomo/thesis_ws/build/custom_message -- -j8 -l8
[2.202s] Invoking command in '/home/giacomo/thesis_ws/build/custom_message': CMAKE_PREFIX_PATH=${CMAKE_PREFIX_PATH}:/home/giacomo/thesis_ws/install/bumper_cars:/home/giacomo/ros2_ws/install/py_pubsub:/home/giacomo/ros2_ws/install/my_robot_controller:/home/giacomo/ros2_ws/install/py_srvcli:/opt/ros/humble /usr/bin/cmake --install /home/giacomo/thesis_ws/build/custom_message
[2.212s] -- Install configuration: ""
[2.213s] -- Execute custom install script
[2.213s] -- Up-to-date symlink: /home/giacomo/thesis_ws/install/custom_message/share/ament_index/resource_index/rosidl_interfaces/custom_message
[2.214s] -- Up-to-date symlink: /home/giacomo/thesis_ws/install/custom_message/include/custom_message/custom_message/msg/control_inputs.h
[2.214s] -- Up-to-date symlink: /home/giacomo/thesis_ws/install/custom_message/include/custom_message/custom_message/msg/detail/control_inputs__functions.h
[2.214s] -- Up-to-date symlink: /home/giacomo/thesis_ws/install/custom_message/include/custom_message/custom_message/msg/detail/control_inputs__struct.h
[2.214s] -- Up-to-date symlink: /home/giacomo/thesis_ws/install/custom_message/include/custom_message/custom_message/msg/detail/control_inputs__type_support.h
[2.214s] -- Up-to-date symlink: /home/giacomo/thesis_ws/install/custom_message/include/custom_message/custom_message/msg/detail/full_state__functions.h
[2.215s] -- Up-to-date symlink: /home/giacomo/thesis_ws/install/custom_message/include/custom_message/custom_message/msg/detail/full_state__struct.h
[2.215s] -- Up-to-date symlink: /home/giacomo/thesis_ws/install/custom_message/include/custom_message/custom_message/msg/detail/full_state__type_support.h
[2.215s] -- Up-to-date symlink: /home/giacomo/thesis_ws/install/custom_message/include/custom_message/custom_message/msg/detail/state__functions.h
[2.215s] -- Up-to-date symlink: /home/giacomo/thesis_ws/install/custom_message/include/custom_message/custom_message/msg/detail/state__struct.h
[2.216s] -- Up-to-date symlink: /home/giacomo/thesis_ws/install/custom_message/include/custom_message/custom_message/msg/detail/state__type_support.h
[2.216s] -- Up-to-date symlink: /home/giacomo/thesis_ws/install/custom_message/include/custom_message/custom_message/msg/full_state.h
[2.216s] -- Up-to-date symlink: /home/giacomo/thesis_ws/install/custom_message/include/custom_message/custom_message/msg/rosidl_generator_c__visibility_control.h
[2.216s] -- Up-to-date symlink: /home/giacomo/thesis_ws/install/custom_message/include/custom_message/custom_message/msg/state.h
[2.216s] -- Up-to-date symlink: /home/giacomo/thesis_ws/install/custom_message/share/custom_message/environment/library_path.sh
[2.216s] -- Up-to-date symlink: /home/giacomo/thesis_ws/install/custom_message/share/custom_message/environment/library_path.dsv
[2.217s] -- Up-to-date symlink: /home/giacomo/thesis_ws/install/custom_message/include/custom_message/custom_message/msg/detail/control_inputs__rosidl_typesupport_fastrtps_c.h
[2.217s] -- Up-to-date symlink: /home/giacomo/thesis_ws/install/custom_message/include/custom_message/custom_message/msg/detail/full_state__rosidl_typesupport_fastrtps_c.h
[2.217s] -- Up-to-date symlink: /home/giacomo/thesis_ws/install/custom_message/include/custom_message/custom_message/msg/detail/state__rosidl_typesupport_fastrtps_c.h
[2.218s] -- Up-to-date symlink: /home/giacomo/thesis_ws/install/custom_message/include/custom_message/custom_message/msg/rosidl_typesupport_fastrtps_c__visibility_control.h
[2.218s] -- Up-to-date symlink: /home/giacomo/thesis_ws/install/custom_message/include/custom_message/custom_message/msg/detail/control_inputs__rosidl_typesupport_introspection_c.h
[2.218s] -- Up-to-date symlink: /home/giacomo/thesis_ws/install/custom_message/include/custom_message/custom_message/msg/detail/full_state__rosidl_typesupport_introspection_c.h
[2.218s] -- Up-to-date symlink: /home/giacomo/thesis_ws/install/custom_message/include/custom_message/custom_message/msg/detail/state__rosidl_typesupport_introspection_c.h
[2.218s] -- Up-to-date symlink: /home/giacomo/thesis_ws/install/custom_message/include/custom_message/custom_message/msg/rosidl_typesupport_introspection_c__visibility_control.h
[2.219s] -- Up-to-date symlink: /home/giacomo/thesis_ws/install/custom_message/include/custom_message/custom_message/msg/control_inputs.hpp
[2.219s] -- Up-to-date symlink: /home/giacomo/thesis_ws/install/custom_message/include/custom_message/custom_message/msg/detail/control_inputs__builder.hpp
[2.219s] -- Up-to-date symlink: /home/giacomo/thesis_ws/install/custom_message/include/custom_message/custom_message/msg/detail/control_inputs__struct.hpp
[2.219s] -- Up-to-date symlink: /home/giacomo/thesis_ws/install/custom_message/include/custom_message/custom_message/msg/detail/control_inputs__traits.hpp
[2.220s] -- Up-to-date symlink: /home/giacomo/thesis_ws/install/custom_message/include/custom_message/custom_message/msg/detail/full_state__builder.hpp
[2.220s] -- Up-to-date symlink: /home/giacomo/thesis_ws/install/custom_message/include/custom_message/custom_message/msg/detail/full_state__struct.hpp
[2.220s] -- Up-to-date symlink: /home/giacomo/thesis_ws/install/custom_message/include/custom_message/custom_message/msg/detail/full_state__traits.hpp
[2.221s] -- Up-to-date symlink: /home/giacomo/thesis_ws/install/custom_message/include/custom_message/custom_message/msg/detail/state__builder.hpp
[2.221s] -- Up-to-date symlink: /home/giacomo/thesis_ws/install/custom_message/include/custom_message/custom_message/msg/detail/state__struct.hpp
[2.221s] -- Up-to-date symlink: /home/giacomo/thesis_ws/install/custom_message/include/custom_message/custom_message/msg/detail/state__traits.hpp
[2.221s] -- Up-to-date symlink: /home/giacomo/thesis_ws/install/custom_message/include/custom_message/custom_message/msg/full_state.hpp
[2.221s] -- Up-to-date symlink: /home/giacomo/thesis_ws/install/custom_message/include/custom_message/custom_message/msg/state.hpp
[2.222s] -- Up-to-date symlink: /home/giacomo/thesis_ws/install/custom_message/include/custom_message/custom_message/msg/detail/control_inputs__rosidl_typesupport_fastrtps_cpp.hpp
[2.222s] -- Up-to-date symlink: /home/giacomo/thesis_ws/install/custom_message/include/custom_message/custom_message/msg/detail/full_state__rosidl_typesupport_fastrtps_cpp.hpp
[2.223s] -- Up-to-date symlink: /home/giacomo/thesis_ws/install/custom_message/include/custom_message/custom_message/msg/detail/state__rosidl_typesupport_fastrtps_cpp.hpp
[2.223s] -- Up-to-date symlink: /home/giacomo/thesis_ws/install/custom_message/include/custom_message/custom_message/msg/rosidl_typesupport_fastrtps_cpp__visibility_control.h
[2.223s] -- Up-to-date symlink: /home/giacomo/thesis_ws/install/custom_message/include/custom_message/custom_message/msg/detail/control_inputs__rosidl_typesupport_introspection_cpp.hpp
[2.223s] -- Up-to-date symlink: /home/giacomo/thesis_ws/install/custom_message/include/custom_message/custom_message/msg/detail/full_state__rosidl_typesupport_introspection_cpp.hpp
[2.224s] -- Up-to-date symlink: /home/giacomo/thesis_ws/install/custom_message/include/custom_message/custom_message/msg/detail/state__rosidl_typesupport_introspection_cpp.hpp
[2.224s] -- Up-to-date symlink: /home/giacomo/thesis_ws/install/custom_message/share/custom_message/environment/pythonpath.sh
[2.224s] -- Up-to-date symlink: /home/giacomo/thesis_ws/install/custom_message/share/custom_message/environment/pythonpath.dsv
[2.225s] -- Up-to-date symlink: /home/giacomo/thesis_ws/install/custom_message/local/lib/python3.10/dist-packages/custom_message-0.0.0-py3.10.egg-info/PKG-INFO
[2.225s] -- Up-to-date symlink: /home/giacomo/thesis_ws/install/custom_message/local/lib/python3.10/dist-packages/custom_message-0.0.0-py3.10.egg-info/SOURCES.txt
[2.225s] -- Up-to-date symlink: /home/giacomo/thesis_ws/install/custom_message/local/lib/python3.10/dist-packages/custom_message-0.0.0-py3.10.egg-info/dependency_links.txt
[2.226s] -- Up-to-date symlink: /home/giacomo/thesis_ws/install/custom_message/local/lib/python3.10/dist-packages/custom_message-0.0.0-py3.10.egg-info/top_level.txt
[2.227s] -- Up-to-date symlink: /home/giacomo/thesis_ws/install/custom_message/local/lib/python3.10/dist-packages/custom_message/__init__.py
[2.227s] -- Up-to-date symlink: /home/giacomo/thesis_ws/install/custom_message/local/lib/python3.10/dist-packages/custom_message/_custom_message_s.ep.rosidl_typesupport_c.c
[2.227s] -- Up-to-date symlink: /home/giacomo/thesis_ws/install/custom_message/local/lib/python3.10/dist-packages/custom_message/_custom_message_s.ep.rosidl_typesupport_fastrtps_c.c
[2.227s] -- Up-to-date symlink: /home/giacomo/thesis_ws/install/custom_message/local/lib/python3.10/dist-packages/custom_message/_custom_message_s.ep.rosidl_typesupport_introspection_c.c
[2.227s] -- Up-to-date symlink: /home/giacomo/thesis_ws/install/custom_message/local/lib/python3.10/dist-packages/custom_message/custom_message_s__rosidl_typesupport_c.cpython-310-x86_64-linux-gnu.so
[2.228s] -- Up-to-date symlink: /home/giacomo/thesis_ws/install/custom_message/local/lib/python3.10/dist-packages/custom_message/custom_message_s__rosidl_typesupport_fastrtps_c.cpython-310-x86_64-linux-gnu.so
[2.228s] -- Up-to-date symlink: /home/giacomo/thesis_ws/install/custom_message/local/lib/python3.10/dist-packages/custom_message/custom_message_s__rosidl_typesupport_introspection_c.cpython-310-x86_64-linux-gnu.so
[2.228s] -- Up-to-date symlink: /home/giacomo/thesis_ws/install/custom_message/local/lib/python3.10/dist-packages/custom_message/libcustom_message__rosidl_generator_py.so
[2.228s] -- Up-to-date symlink: /home/giacomo/thesis_ws/install/custom_message/local/lib/python3.10/dist-packages/custom_message/msg/__init__.py
[2.228s] -- Up-to-date symlink: /home/giacomo/thesis_ws/install/custom_message/local/lib/python3.10/dist-packages/custom_message/msg/_control_inputs.py
[2.229s] -- Up-to-date symlink: /home/giacomo/thesis_ws/install/custom_message/local/lib/python3.10/dist-packages/custom_message/msg/_control_inputs_s.c
[2.229s] -- Up-to-date symlink: /home/giacomo/thesis_ws/install/custom_message/local/lib/python3.10/dist-packages/custom_message/msg/_full_state.py
[2.229s] -- Up-to-date symlink: /home/giacomo/thesis_ws/install/custom_message/local/lib/python3.10/dist-packages/custom_message/msg/_full_state_s.c
[2.229s] -- Up-to-date symlink: /home/giacomo/thesis_ws/install/custom_message/local/lib/python3.10/dist-packages/custom_message/msg/_state.py
[2.230s] -- Up-to-date symlink: /home/giacomo/thesis_ws/install/custom_message/local/lib/python3.10/dist-packages/custom_message/msg/_state_s.c
[2.230s] -- Up-to-date symlink: /home/giacomo/thesis_ws/install/custom_message/local/lib/python3.10/dist-packages/custom_message/custom_message_s__rosidl_typesupport_fastrtps_c.cpython-310-x86_64-linux-gnu.so
[2.231s] -- Up-to-date symlink: /home/giacomo/thesis_ws/install/custom_message/local/lib/python3.10/dist-packages/custom_message/custom_message_s__rosidl_typesupport_introspection_c.cpython-310-x86_64-linux-gnu.so
[2.231s] -- Up-to-date symlink: /home/giacomo/thesis_ws/install/custom_message/local/lib/python3.10/dist-packages/custom_message/custom_message_s__rosidl_typesupport_c.cpython-310-x86_64-linux-gnu.so
[2.231s] -- Up-to-date symlink: /home/giacomo/thesis_ws/install/custom_message/share/custom_message/msg/ControlInputs.idl
[2.232s] -- Up-to-date symlink: /home/giacomo/thesis_ws/install/custom_message/share/custom_message/msg/State.idl
[2.232s] -- Up-to-date symlink: /home/giacomo/thesis_ws/install/custom_message/share/custom_message/msg/FullState.idl
[2.232s] -- Up-to-date symlink: /home/giacomo/thesis_ws/install/custom_message/share/custom_message/msg/ControlInputs.msg
[2.233s] -- Up-to-date symlink: /home/giacomo/thesis_ws/install/custom_message/share/custom_message/msg/State.msg
[2.233s] -- Up-to-date symlink: /home/giacomo/thesis_ws/install/custom_message/share/custom_message/msg/FullState.msg
[2.233s] -- Up-to-date symlink: /home/giacomo/thesis_ws/install/custom_message/share/ament_index/resource_index/package_run_dependencies/custom_message
[2.234s] -- Up-to-date symlink: /home/giacomo/thesis_ws/install/custom_message/share/ament_index/resource_index/parent_prefix_path/custom_message
[2.234s] -- Up-to-date symlink: /home/giacomo/thesis_ws/install/custom_message/share/custom_message/environment/ament_prefix_path.sh
[2.234s] -- Up-to-date symlink: /home/giacomo/thesis_ws/install/custom_message/share/custom_message/environment/ament_prefix_path.dsv
[2.234s] -- Up-to-date symlink: /home/giacomo/thesis_ws/install/custom_message/share/custom_message/environment/path.sh
[2.235s] -- Up-to-date symlink: /home/giacomo/thesis_ws/install/custom_message/share/custom_message/environment/path.dsv
[2.235s] -- Up-to-date symlink: /home/giacomo/thesis_ws/install/custom_message/share/custom_message/local_setup.bash
[2.235s] -- Up-to-date symlink: /home/giacomo/thesis_ws/install/custom_message/share/custom_message/local_setup.sh
[2.235s] -- Up-to-date symlink: /home/giacomo/thesis_ws/install/custom_message/share/custom_message/local_setup.zsh
[2.235s] -- Up-to-date symlink: /home/giacomo/thesis_ws/install/custom_message/share/custom_message/local_setup.dsv
[2.236s] -- Symlinking: /home/giacomo/thesis_ws/install/custom_message/share/custom_message/package.dsv
[2.248s] -- Up-to-date symlink: /home/giacomo/thesis_ws/install/custom_message/share/ament_index/resource_index/packages/custom_message
[2.248s] -- Up-to-date symlink: /home/giacomo/thesis_ws/install/custom_message/share/custom_message/cmake/rosidl_cmake-extras.cmake
[2.248s] -- Up-to-date symlink: /home/giacomo/thesis_ws/install/custom_message/share/custom_message/cmake/ament_cmake_export_include_directories-extras.cmake
[2.249s] -- Up-to-date symlink: /home/giacomo/thesis_ws/install/custom_message/share/custom_message/cmake/ament_cmake_export_libraries-extras.cmake
[2.249s] -- Up-to-date symlink: /home/giacomo/thesis_ws/install/custom_message/share/custom_message/cmake/ament_cmake_export_targets-extras.cmake
[2.249s] -- Up-to-date symlink: /home/giacomo/thesis_ws/install/custom_message/share/custom_message/cmake/rosidl_cmake_export_typesupport_targets-extras.cmake
[2.250s] -- Up-to-date symlink: /home/giacomo/thesis_ws/install/custom_message/share/custom_message/cmake/ament_cmake_export_dependencies-extras.cmake
[2.250s] -- Up-to-date symlink: /home/giacomo/thesis_ws/install/custom_message/share/custom_message/cmake/rosidl_cmake_export_typesupport_libraries-extras.cmake
[2.250s] -- Up-to-date symlink: /home/giacomo/thesis_ws/install/custom_message/share/custom_message/cmake/custom_messageConfig.cmake
[2.251s] -- Up-to-date symlink: /home/giacomo/thesis_ws/install/custom_message/share/custom_message/cmake/custom_messageConfig-version.cmake
[2.251s] -- Up-to-date symlink: /home/giacomo/thesis_ws/install/custom_message/share/custom_message/package.xml
[2.251s] -- Up-to-date: /home/giacomo/thesis_ws/install/custom_message/lib/libcustom_message__rosidl_generator_c.so
[2.252s] -- Up-to-date: /home/giacomo/thesis_ws/install/custom_message/lib/libcustom_message__rosidl_typesupport_fastrtps_c.so
[2.253s] -- Up-to-date: /home/giacomo/thesis_ws/install/custom_message/lib/libcustom_message__rosidl_typesupport_introspection_c.so
[2.253s] -- Up-to-date: /home/giacomo/thesis_ws/install/custom_message/lib/libcustom_message__rosidl_typesupport_c.so
[2.254s] -- Up-to-date: /home/giacomo/thesis_ws/install/custom_message/lib/libcustom_message__rosidl_typesupport_fastrtps_cpp.so
[2.254s] -- Up-to-date: /home/giacomo/thesis_ws/install/custom_message/lib/libcustom_message__rosidl_typesupport_introspection_cpp.so
[2.255s] -- Up-to-date: /home/giacomo/thesis_ws/install/custom_message/lib/libcustom_message__rosidl_typesupport_cpp.so
[2.310s] Listing '/home/giacomo/thesis_ws/install/custom_message/local/lib/python3.10/dist-packages/custom_message'...
[2.311s] Compiling '/home/giacomo/thesis_ws/install/custom_message/local/lib/python3.10/dist-packages/custom_message/__init__.py'...
[2.311s] Listing '/home/giacomo/thesis_ws/install/custom_message/local/lib/python3.10/dist-packages/custom_message/msg'...
[2.316s] -- Up-to-date: /home/giacomo/thesis_ws/install/custom_message/lib/libcustom_message__rosidl_generator_py.so
[2.316s] -- Up-to-date: /home/giacomo/thesis_ws/install/custom_message/share/custom_message/cmake/export_custom_message__rosidl_generator_cExport.cmake
[2.316s] -- Up-to-date: /home/giacomo/thesis_ws/install/custom_message/share/custom_message/cmake/export_custom_message__rosidl_generator_cExport-noconfig.cmake
[2.317s] -- Up-to-date: /home/giacomo/thesis_ws/install/custom_message/share/custom_message/cmake/export_custom_message__rosidl_typesupport_fastrtps_cExport.cmake
[2.317s] -- Up-to-date: /home/giacomo/thesis_ws/install/custom_message/share/custom_message/cmake/export_custom_message__rosidl_typesupport_fastrtps_cExport-noconfig.cmake
[2.317s] -- Up-to-date: /home/giacomo/thesis_ws/install/custom_message/share/custom_message/cmake/custom_message__rosidl_typesupport_introspection_cExport.cmake
[2.317s] -- Up-to-date: /home/giacomo/thesis_ws/install/custom_message/share/custom_message/cmake/custom_message__rosidl_typesupport_introspection_cExport-noconfig.cmake
[2.318s] -- Up-to-date: /home/giacomo/thesis_ws/install/custom_message/share/custom_message/cmake/custom_message__rosidl_typesupport_cExport.cmake
[2.318s] -- Up-to-date: /home/giacomo/thesis_ws/install/custom_message/share/custom_message/cmake/custom_message__rosidl_typesupport_cExport-noconfig.cmake
[2.318s] -- Up-to-date: /home/giacomo/thesis_ws/install/custom_message/share/custom_message/cmake/export_custom_message__rosidl_generator_cppExport.cmake
[2.318s] -- Up-to-date: /home/giacomo/thesis_ws/install/custom_message/share/custom_message/cmake/export_custom_message__rosidl_typesupport_fastrtps_cppExport.cmake
[2.319s] -- Up-to-date: /home/giacomo/thesis_ws/install/custom_message/share/custom_message/cmake/export_custom_message__rosidl_typesupport_fastrtps_cppExport-noconfig.cmake
[2.319s] -- Up-to-date: /home/giacomo/thesis_ws/install/custom_message/share/custom_message/cmake/custom_message__rosidl_typesupport_introspection_cppExport.cmake
[2.319s] -- Up-to-date: /home/giacomo/thesis_ws/install/custom_message/share/custom_message/cmake/custom_message__rosidl_typesupport_introspection_cppExport-noconfig.cmake
[2.319s] -- Up-to-date: /home/giacomo/thesis_ws/install/custom_message/share/custom_message/cmake/custom_message__rosidl_typesupport_cppExport.cmake
[2.319s] -- Up-to-date: /home/giacomo/thesis_ws/install/custom_message/share/custom_message/cmake/custom_message__rosidl_typesupport_cppExport-noconfig.cmake
[2.320s] -- Up-to-date: /home/giacomo/thesis_ws/install/custom_message/share/custom_message/cmake/export_custom_message__rosidl_generator_pyExport.cmake
[2.320s] -- Up-to-date: /home/giacomo/thesis_ws/install/custom_message/share/custom_message/cmake/export_custom_message__rosidl_generator_pyExport-noconfig.cmake
[2.321s] Invoked command in '/home/giacomo/thesis_ws/build/custom_message' returned '0': CMAKE_PREFIX_PATH=${CMAKE_PREFIX_PATH}:/home/giacomo/thesis_ws/install/bumper_cars:/home/giacomo/ros2_ws/install/py_pubsub:/home/giacomo/ros2_ws/install/my_robot_controller:/home/giacomo/ros2_ws/install/py_srvcli:/opt/ros/humble /usr/bin/cmake --install /home/giacomo/thesis_ws/build/custom_message
