running develop
running egg_info
writing bumper_cars.egg-info/PKG-INFO
writing dependency_links to bumper_cars.egg-info/dependency_links.txt
writing entry points to bumper_cars.egg-info/entry_points.txt
writing requirements to bumper_cars.egg-info/requires.txt
writing top-level names to bumper_cars.egg-info/top_level.txt
reading manifest file 'bumper_cars.egg-info/SOURCES.txt'
writing manifest file 'bumper_cars.egg-info/SOURCES.txt'
running build_ext
Creating /home/giacomo/thesis_ws/install/bumper_cars/lib/python3.10/site-packages/bumper-cars.egg-link (link to .)
Installing controller script to /home/giacomo/thesis_ws/install/bumper_cars/lib/bumper_cars
Installing model script to /home/giacomo/thesis_ws/install/bumper_cars/lib/bumper_cars
Installing plotter script to /home/giacomo/thesis_ws/install/bumper_cars/lib/bumper_cars
Installing robot_model script to /home/giacomo/thesis_ws/install/bumper_cars/lib/bumper_cars
Installing sensor script to /home/giacomo/thesis_ws/install/bumper_cars/lib/bumper_cars
Installing state_publisher script to /home/giacomo/thesis_ws/install/bumper_cars/lib/bumper_cars
Installing state_subscriber script to /home/giacomo/thesis_ws/install/bumper_cars/lib/bumper_cars

Installed /home/giacomo/thesis_ws/build/bumper_cars
running install_data
copying package.xml -> /home/giacomo/thesis_ws/install/bumper_cars/share/bumper_cars
