[0.017s] Invoking command in '/home/giacomo/thesis_ws/build/my_box_bot_gazebo': CMAKE_PREFIX_PATH=${CMAKE_PREFIX_PATH}:/home/giacomo/thesis_ws/install/bumper_cars:/home/giacomo/ros2_ws/install/py_pubsub:/home/giacomo/ros2_ws/install/my_robot_controller:/home/giacomo/ros2_ws/install/py_srvcli:/opt/ros/humble /usr/bin/cmake /home/giacomo/thesis_ws/src/my_box_bot_gazebo -DAMENT_CMAKE_SYMLINK_INSTALL=1 -DCMAKE_INSTALL_PREFIX=/home/giacomo/thesis_ws/install/my_box_bot_gazebo
[0.029s] -- Found ament_cmake: 1.3.5 (/opt/ros/humble/share/ament_cmake/cmake)
[0.186s] -- Override CMake install command with custom implementation using symlinks instead of copying resources
[0.198s] -- Found rclpy: 3.3.9 (/opt/ros/humble/share/rclpy/cmake)
[0.198s] -- Found gazebo_ros: 3.7.0 (/opt/ros/humble/share/gazebo_ros/cmake)
[0.250s] -- Found rosidl_generator_c: 3.1.5 (/opt/ros/humble/share/rosidl_generator_c/cmake)
[0.254s] -- Found rosidl_adapter: 3.1.5 (/opt/ros/humble/share/rosidl_adapter/cmake)
[0.264s] -- Found rosidl_generator_cpp: 3.1.5 (/opt/ros/humble/share/rosidl_generator_cpp/cmake)
[0.276s] -- Using all available rosidl_typesupport_c: rosidl_typesupport_fastrtps_c;rosidl_typesupport_introspection_c
[0.293s] -- Using all available rosidl_typesupport_cpp: rosidl_typesupport_fastrtps_cpp;rosidl_typesupport_introspection_cpp
[0.359s] -- Found rmw_implementation_cmake: 6.1.1 (/opt/ros/humble/share/rmw_implementation_cmake/cmake)
[0.361s] -- Found rmw_fastrtps_cpp: 6.2.3 (/opt/ros/humble/share/rmw_fastrtps_cpp/cmake)
[0.501s] -- Using RMW implementation 'rmw_fastrtps_cpp' as default
[0.752s] -- Found DART: /usr/include (Required is at least version "6.6") found components: dart 
[0.782s] -- Found Protobuf: /usr/lib/x86_64-linux-gnu/libprotobuf.so (found version "3.12.4") 
[0.785s] -- Looking for ignition-math6 -- found version 6.15.0
[0.790s] -- Searching for dependencies of ignition-math6
[0.792s] -- Looking for OGRE...
[0.798s] -- Found Ogre Ghadamon (1.9.0)
[0.798s] -- Found OGRE: optimized;/usr/lib/x86_64-linux-gnu/libOgreMain.so;debug;/usr/lib/x86_64-linux-gnu/libOgreMain.so
[0.810s] -- Looking for OGRE_Paging...
[0.810s] -- Found OGRE_Paging: optimized;/usr/lib/x86_64-linux-gnu/libOgrePaging.so;debug;/usr/lib/x86_64-linux-gnu/libOgrePaging.so
[0.810s] -- Looking for OGRE_Terrain...
[0.811s] -- Found OGRE_Terrain: optimized;/usr/lib/x86_64-linux-gnu/libOgreTerrain.so;debug;/usr/lib/x86_64-linux-gnu/libOgreTerrain.so
[0.811s] -- Looking for OGRE_Property...
[0.811s] -- Found OGRE_Property: optimized;/usr/lib/x86_64-linux-gnu/libOgreProperty.so;debug;/usr/lib/x86_64-linux-gnu/libOgreProperty.so
[0.811s] -- Looking for OGRE_RTShaderSystem...
[0.811s] -- Found OGRE_RTShaderSystem: optimized;/usr/lib/x86_64-linux-gnu/libOgreRTShaderSystem.so;debug;/usr/lib/x86_64-linux-gnu/libOgreRTShaderSystem.so
[0.811s] -- Looking for OGRE_Volume...
[0.811s] -- Found OGRE_Volume: optimized;/usr/lib/x86_64-linux-gnu/libOgreVolume.so;debug;/usr/lib/x86_64-linux-gnu/libOgreVolume.so
[0.812s] -- Looking for OGRE_Overlay...
[0.812s] -- Found OGRE_Overlay: optimized;/usr/lib/x86_64-linux-gnu/libOgreOverlay.so;debug;/usr/lib/x86_64-linux-gnu/libOgreOverlay.so
[0.942s] -- Looking for ignition-math6 -- found version 6.15.0
[0.942s] -- Looking for ignition-transport8 -- found version 8.2.1
[0.943s] -- Searching for dependencies of ignition-transport8
[0.962s] -- Found Protobuf: /usr/lib/x86_64-linux-gnu/libprotobuf.so (found suitable version "3.12.4", minimum required is "3") 
[0.974s] -- Config-file not installed for ZeroMQ -- checking for pkg-config
[0.979s] -- Checking for module 'libzmq >= 4'
[0.994s] --   Found libzmq , version 4.3.4
[1.041s] -- Checking for module 'uuid'
[1.056s] --   Found uuid, version 2.37.2
[1.095s] -- Looking for ignition-msgs5 -- found version 5.8.1
[1.096s] -- Searching for dependencies of ignition-msgs5
[1.117s] -- Looking for ignition-math6 -- found version 6.15.0
[1.125s] -- Checking for module 'tinyxml2'
[1.141s] --   Found tinyxml2, version 9.0.0
[1.184s] -- Looking for ignition-msgs5 -- found version 5.8.1
[1.185s] -- Looking for ignition-common3 -- found version 3.14.0
[1.185s] -- Searching for dependencies of ignition-common3
[1.186s] -- Looking for dlfcn.h - found
[1.186s] -- Looking for libdl - found
[1.200s] -- Searching for <ignition-common3> component [graphics]
[1.201s] -- Looking for ignition-common3-graphics -- found version 3.14.0
[1.202s] -- Searching for dependencies of ignition-common3-graphics
[1.203s] -- Looking for ignition-math6 -- found version 6.15.0
[1.204s] -- Looking for ignition-fuel_tools4 -- found version 4.4.0
[1.205s] -- Searching for dependencies of ignition-fuel_tools4
[1.264s] -- Checking for module 'jsoncpp'
[1.287s] --   Found jsoncpp, version 1.9.5
[1.387s] -- Checking for module 'libzip'
[1.404s] --   Found libzip, version 1.7.3
[1.447s] -- Looking for ignition-common3 -- found version 3.14.0
[1.448s] -- Looking for ignition-math6 -- found version 6.15.0
[1.449s] -- Looking for ignition-msgs5 -- found version 5.8.1
[1.452s] -- Gazebo version: 11.10
[1.498s] [31mCMake Error at CMakeLists.txt:12 (find_package):
[1.498s] -- Configuring incomplete, errors occurred!
[1.498s] See also "/home/giacomo/thesis_ws/build/my_box_bot_gazebo/CMakeFiles/CMakeOutput.log".
[1.499s]   By not providing "Findmy_box_bot_description.cmake" in CMAKE_MODULE_PATH
[1.499s]   this project has asked CMake to find a package configuration file provided
[1.499s]   by "my_box_bot_description", but CMake did not find one.
[1.499s] 
[1.499s]   Could not find a package configuration file provided by
[1.500s]   "my_box_bot_description" with any of the following names:
[1.500s] 
[1.500s]     my_box_bot_descriptionConfig.cmake
[1.500s]     my_box_bot_description-config.cmake
[1.500s] 
[1.500s]   Add the installation prefix of "my_box_bot_description" to
[1.501s]   CMAKE_PREFIX_PATH or set "my_box_bot_description_DIR" to a directory
[1.501s]   containing one of the above files.  If "my_box_bot_description" provides a
[1.501s]   separate development package or SDK, be sure it has been installed.
[1.501s] 
[1.501s] [0m
[1.518s] Invoked command in '/home/giacomo/thesis_ws/build/my_box_bot_gazebo' returned '1': CMAKE_PREFIX_PATH=${CMAKE_PREFIX_PATH}:/home/giacomo/thesis_ws/install/bumper_cars:/home/giacomo/ros2_ws/install/py_pubsub:/home/giacomo/ros2_ws/install/my_robot_controller:/home/giacomo/ros2_ws/install/py_srvcli:/opt/ros/humble /usr/bin/cmake /home/giacomo/thesis_ws/src/my_box_bot_gazebo -DAMENT_CMAKE_SYMLINK_INSTALL=1 -DCMAKE_INSTALL_PREFIX=/home/giacomo/thesis_ws/install/my_box_bot_gazebo
