[1.201s] Invoking command in '/home/giacomo/thesis_ws/build/planner': PYTHONPATH=/home/giacomo/thesis_ws/build/planner/prefix_override:/home/giacomo/thesis_ws/install/planner/lib/python3.10/site-packages:${PYTHONPATH} /usr/bin/python3 setup.py develop --editable --build-directory /home/giacomo/thesis_ws/build/planner/build --no-deps install_data
[1.582s] running develop
[1.582s] /home/giacomo/.local/lib/python3.10/site-packages/setuptools/command/develop.py:40: EasyInstallDeprecationWarning: easy_install command is deprecated.
[1.583s] !!
[1.583s] 
[1.583s]         ********************************************************************************
[1.583s]         Please avoid running ``setup.py`` and ``easy_install``.
[1.583s]         Instead, use pypa/build, pypa/installer or other
[1.583s]         standards-based tools.
[1.584s] 
[1.584s]         See https://github.com/pypa/setuptools/issues/917 for details.
[1.584s]         ********************************************************************************
[1.584s] 
[1.584s] !!
[1.584s]   easy_install.initialize_options(self)
[1.640s] /home/giacomo/.local/lib/python3.10/site-packages/setuptools/_distutils/cmd.py:66: SetuptoolsDeprecationWarning: setup.py install is deprecated.
[1.640s] !!
[1.640s] 
[1.641s]         ********************************************************************************
[1.641s]         Please avoid running ``setup.py`` directly.
[1.641s]         Instead, use pypa/build, pypa/installer or other
[1.641s]         standards-based tools.
[1.641s] 
[1.641s]         See https://blog.ganssle.io/articles/2021/10/setup-py-deprecated.html for details.
[1.642s]         ********************************************************************************
[1.642s] 
[1.642s] !!
[1.642s]   self.initialize_options()
[1.926s] running egg_info
[1.950s] writing planner.egg-info/PKG-INFO
[1.950s] writing dependency_links to planner.egg-info/dependency_links.txt
[1.950s] writing requirements to planner.egg-info/requires.txt
[1.951s] writing top-level names to planner.egg-info/top_level.txt
[2.000s] reading manifest file 'planner.egg-info/SOURCES.txt'
[2.002s] writing manifest file 'planner.egg-info/SOURCES.txt'
[2.028s] running build_ext
[2.028s] Creating /home/giacomo/thesis_ws/install/planner/lib/python3.10/site-packages/planner.egg-link (link to .)
[2.029s] 
[2.029s] Installed /home/giacomo/thesis_ws/build/planner
[2.029s] running install_data
[2.069s] Invoked command in '/home/giacomo/thesis_ws/build/planner' returned '0': PYTHONPATH=/home/giacomo/thesis_ws/build/planner/prefix_override:/home/giacomo/thesis_ws/install/planner/lib/python3.10/site-packages:${PYTHONPATH} /usr/bin/python3 setup.py develop --editable --build-directory /home/giacomo/thesis_ws/build/planner/build --no-deps install_data
