[1.144s] Invoking command in '/home/giacomo/thesis_ws/build/planner': PYTHONPATH=/home/giacomo/thesis_ws/build/planner/prefix_override:/home/giacomo/thesis_ws/install/planner/lib/python3.10/site-packages:${PYTHONPATH} /usr/bin/python3 setup.py develop --editable --build-directory /home/giacomo/thesis_ws/build/planner/build --no-deps install_data
[1.540s] running develop
[1.541s] /home/giacomo/.local/lib/python3.10/site-packages/setuptools/command/develop.py:40: EasyInstallDeprecationWarning: easy_install command is deprecated.
[1.541s] !!
[1.541s] 
[1.541s]         ********************************************************************************
[1.541s]         Please avoid running ``setup.py`` and ``easy_install``.
[1.542s]         Instead, use pypa/build, pypa/installer or other
[1.542s]         standards-based tools.
[1.542s] 
[1.542s]         See https://github.com/pypa/setuptools/issues/917 for details.
[1.542s]         ********************************************************************************
[1.542s] 
[1.542s] !!
[1.543s]   easy_install.initialize_options(self)
[1.590s] /home/giacomo/.local/lib/python3.10/site-packages/setuptools/_distutils/cmd.py:66: SetuptoolsDeprecationWarning: setup.py install is deprecated.
[1.590s] !!
[1.590s] 
[1.590s]         ********************************************************************************
[1.590s]         Please avoid running ``setup.py`` directly.
[1.590s]         Instead, use pypa/build, pypa/installer or other
[1.591s]         standards-based tools.
[1.591s] 
[1.591s]         See https://blog.ganssle.io/articles/2021/10/setup-py-deprecated.html for details.
[1.591s]         ********************************************************************************
[1.591s] 
[1.591s] !!
[1.592s]   self.initialize_options()
[1.865s] running egg_info
[1.887s] writing planner.egg-info/PKG-INFO
[1.889s] writing dependency_links to planner.egg-info/dependency_links.txt
[1.889s] writing requirements to planner.egg-info/requires.txt
[1.889s] writing top-level names to planner.egg-info/top_level.txt
[1.932s] reading manifest file 'planner.egg-info/SOURCES.txt'
[1.933s] writing manifest file 'planner.egg-info/SOURCES.txt'
[1.954s] running build_ext
[1.954s] Creating /home/giacomo/thesis_ws/install/planner/lib/python3.10/site-packages/planner.egg-link (link to .)
[1.956s] 
[1.956s] Installed /home/giacomo/thesis_ws/build/planner
[1.956s] running install_data
[2.003s] Invoked command in '/home/giacomo/thesis_ws/build/planner' returned '0': PYTHONPATH=/home/giacomo/thesis_ws/build/planner/prefix_override:/home/giacomo/thesis_ws/install/planner/lib/python3.10/site-packages:${PYTHONPATH} /usr/bin/python3 setup.py develop --editable --build-directory /home/giacomo/thesis_ws/build/planner/build --no-deps install_data
