[1.300s] Invoking command in '/home/giacomo/thesis_ws/build/planner': PYTHONPATH=/home/giacomo/thesis_ws/build/planner/prefix_override:/home/giacomo/thesis_ws/install/planner/lib/python3.10/site-packages:${PYTHONPATH} /usr/bin/python3 setup.py develop --editable --build-directory /home/giacomo/thesis_ws/build/planner/build --no-deps install_data
[1.677s] running develop
[1.678s] /home/giacomo/.local/lib/python3.10/site-packages/setuptools/command/develop.py:40: EasyInstallDeprecationWarning: easy_install command is deprecated.
[1.678s] !!
[1.678s] 
[1.678s]         ********************************************************************************
[1.678s]         Please avoid running ``setup.py`` and ``easy_install``.
[1.678s]         Instead, use pypa/build, pypa/installer or other
[1.678s]         standards-based tools.
[1.678s] 
[1.678s]         See https://github.com/pypa/setuptools/issues/917 for details.
[1.678s]         ********************************************************************************
[1.678s] 
[1.678s] !!
[1.678s]   easy_install.initialize_options(self)
[1.716s] /home/giacomo/.local/lib/python3.10/site-packages/setuptools/_distutils/cmd.py:66: SetuptoolsDeprecationWarning: setup.py install is deprecated.
[1.716s] !!
[1.716s] 
[1.716s]         ********************************************************************************
[1.716s]         Please avoid running ``setup.py`` directly.
[1.716s]         Instead, use pypa/build, pypa/installer or other
[1.716s]         standards-based tools.
[1.716s] 
[1.716s]         See https://blog.ganssle.io/articles/2021/10/setup-py-deprecated.html for details.
[1.716s]         ********************************************************************************
[1.716s] 
[1.717s] !!
[1.717s]   self.initialize_options()
[1.932s] running egg_info
[1.950s] writing planner.egg-info/PKG-INFO
[1.950s] writing dependency_links to planner.egg-info/dependency_links.txt
[1.951s] writing requirements to planner.egg-info/requires.txt
[1.951s] writing top-level names to planner.egg-info/top_level.txt
[1.988s] reading manifest file 'planner.egg-info/SOURCES.txt'
[1.989s] writing manifest file 'planner.egg-info/SOURCES.txt'
[2.008s] running build_ext
[2.008s] Creating /home/giacomo/thesis_ws/install/planner/lib/python3.10/site-packages/planner.egg-link (link to .)
[2.009s] 
[2.009s] Installed /home/giacomo/thesis_ws/build/planner
[2.009s] running install_data
[2.045s] Invoked command in '/home/giacomo/thesis_ws/build/planner' returned '0': PYTHONPATH=/home/giacomo/thesis_ws/build/planner/prefix_override:/home/giacomo/thesis_ws/install/planner/lib/python3.10/site-packages:${PYTHONPATH} /usr/bin/python3 setup.py develop --editable --build-directory /home/giacomo/thesis_ws/build/planner/build --no-deps install_data
