[1.510s] Invoking command in '/home/giacomo/thesis_ws/build/planner': PYTHONPATH=/home/giacomo/thesis_ws/build/planner/prefix_override:/home/giacomo/thesis_ws/install/planner/lib/python3.10/site-packages:${PYTHONPATH} /usr/bin/python3 setup.py develop --editable --build-directory /home/giacomo/thesis_ws/build/planner/build --no-deps install_data
[1.956s] running develop
[1.957s] /home/giacomo/.local/lib/python3.10/site-packages/setuptools/command/develop.py:40: EasyInstallDeprecationWarning: easy_install command is deprecated.
[1.957s] !!
[1.957s] 
[1.957s]         ********************************************************************************
[1.957s]         Please avoid running ``setup.py`` and ``easy_install``.
[1.957s]         Instead, use pypa/build, pypa/installer or other
[1.957s]         standards-based tools.
[1.957s] 
[1.958s]         See https://github.com/pypa/setuptools/issues/917 for details.
[1.958s]         ********************************************************************************
[1.958s] 
[1.958s] !!
[1.958s]   easy_install.initialize_options(self)
[2.001s] /home/giacomo/.local/lib/python3.10/site-packages/setuptools/_distutils/cmd.py:66: SetuptoolsDeprecationWarning: setup.py install is deprecated.
[2.001s] !!
[2.001s] 
[2.002s]         ********************************************************************************
[2.002s]         Please avoid running ``setup.py`` directly.
[2.002s]         Instead, use pypa/build, pypa/installer or other
[2.002s]         standards-based tools.
[2.002s] 
[2.002s]         See https://blog.ganssle.io/articles/2021/10/setup-py-deprecated.html for details.
[2.002s]         ********************************************************************************
[2.002s] 
[2.003s] !!
[2.003s]   self.initialize_options()
[2.259s] running egg_info
[2.280s] writing planner.egg-info/PKG-INFO
[2.280s] writing dependency_links to planner.egg-info/dependency_links.txt
[2.281s] writing requirements to planner.egg-info/requires.txt
[2.281s] writing top-level names to planner.egg-info/top_level.txt
[2.325s] reading manifest file 'planner.egg-info/SOURCES.txt'
[2.327s] writing manifest file 'planner.egg-info/SOURCES.txt'
[2.350s] running build_ext
[2.350s] Creating /home/giacomo/thesis_ws/install/planner/lib/python3.10/site-packages/planner.egg-link (link to .)
[2.351s] 
[2.351s] Installed /home/giacomo/thesis_ws/build/planner
[2.352s] running install_data
[2.388s] Invoked command in '/home/giacomo/thesis_ws/build/planner' returned '0': PYTHONPATH=/home/giacomo/thesis_ws/build/planner/prefix_override:/home/giacomo/thesis_ws/install/planner/lib/python3.10/site-packages:${PYTHONPATH} /usr/bin/python3 setup.py develop --editable --build-directory /home/giacomo/thesis_ws/build/planner/build --no-deps install_data
