[1.056s] Invoking command in '/home/giacomo/thesis_ws/build/bumper_cars': PYTHONPATH=/home/giacomo/thesis_ws/build/bumper_cars/prefix_override:/home/giacomo/thesis_ws/install/bumper_cars/lib/python3.10/site-packages:${PYTHONPATH} /usr/bin/python3 setup.py develop --editable --build-directory /home/giacomo/thesis_ws/build/bumper_cars/build --no-deps install_data
[1.491s] running develop
[1.497s] /home/giacomo/.local/lib/python3.10/site-packages/setuptools/command/develop.py:40: EasyInstallDeprecationWarning: easy_install command is deprecated.
[1.497s] !!
[1.497s] 
[1.497s]         ********************************************************************************
[1.497s]         Please avoid running ``setup.py`` and ``easy_install``.
[1.497s]         Instead, use pypa/build, pypa/installer or other
[1.497s]         standards-based tools.
[1.497s] 
[1.497s]         See https://github.com/pypa/setuptools/issues/917 for details.
[1.497s]         ********************************************************************************
[1.498s] 
[1.498s] !!
[1.498s]   easy_install.initialize_options(self)
[1.539s] /home/giacomo/.local/lib/python3.10/site-packages/setuptools/_distutils/cmd.py:66: SetuptoolsDeprecationWarning: setup.py install is deprecated.
[1.539s] !!
[1.539s] 
[1.539s]         ********************************************************************************
[1.539s]         Please avoid running ``setup.py`` directly.
[1.539s]         Instead, use pypa/build, pypa/installer or other
[1.539s]         standards-based tools.
[1.539s] 
[1.539s]         See https://blog.ganssle.io/articles/2021/10/setup-py-deprecated.html for details.
[1.540s]         ********************************************************************************
[1.540s] 
[1.540s] !!
[1.540s]   self.initialize_options()
[1.886s] running egg_info
[1.908s] writing bumper_cars.egg-info/PKG-INFO
[1.909s] writing dependency_links to bumper_cars.egg-info/dependency_links.txt
[1.909s] writing entry points to bumper_cars.egg-info/entry_points.txt
[1.910s] writing requirements to bumper_cars.egg-info/requires.txt
[1.910s] writing top-level names to bumper_cars.egg-info/top_level.txt
[1.957s] reading manifest file 'bumper_cars.egg-info/SOURCES.txt'
[1.959s] writing manifest file 'bumper_cars.egg-info/SOURCES.txt'
[1.982s] running build_ext
[1.983s] Creating /home/giacomo/thesis_ws/install/bumper_cars/lib/python3.10/site-packages/bumper-cars.egg-link (link to .)
[1.984s] Installing controller script to /home/giacomo/thesis_ws/install/bumper_cars/lib/bumper_cars
[1.984s] Installing model script to /home/giacomo/thesis_ws/install/bumper_cars/lib/bumper_cars
[1.984s] Installing plotter script to /home/giacomo/thesis_ws/install/bumper_cars/lib/bumper_cars
[1.984s] Installing robot_model script to /home/giacomo/thesis_ws/install/bumper_cars/lib/bumper_cars
[1.984s] Installing sensor script to /home/giacomo/thesis_ws/install/bumper_cars/lib/bumper_cars
[1.984s] Installing state_publisher script to /home/giacomo/thesis_ws/install/bumper_cars/lib/bumper_cars
[1.985s] Installing state_subscriber script to /home/giacomo/thesis_ws/install/bumper_cars/lib/bumper_cars
[1.985s] 
[1.985s] Installed /home/giacomo/thesis_ws/build/bumper_cars
[1.985s] running install_data
[2.032s] Invoked command in '/home/giacomo/thesis_ws/build/bumper_cars' returned '0': PYTHONPATH=/home/giacomo/thesis_ws/build/bumper_cars/prefix_override:/home/giacomo/thesis_ws/install/bumper_cars/lib/python3.10/site-packages:${PYTHONPATH} /usr/bin/python3 setup.py develop --editable --build-directory /home/giacomo/thesis_ws/build/bumper_cars/build --no-deps install_data
