[1.680s] Invoking command in '/home/giacomo/thesis_ws/build/bumper_cars': CMAKE_PREFIX_PATH=/home/giacomo/thesis_ws/install/custom_message:/home/giacomo/thesis_ws/install/urdf_example:/home/giacomo/thesis_ws/install/sym_bringup:/home/giacomo/thesis_ws/install/my_bot:/home/giacomo/ros2_ws/install/tutorial_interfaces:/home/giacomo/ros2_ws/install/turtlesim PYTHONPATH=/home/giacomo/thesis_ws/build/bumper_cars/prefix_override:/home/giacomo/thesis_ws/install/bumper_cars/lib/python3.10/site-packages:${PYTHONPATH} /usr/bin/python3 setup.py develop --editable --build-directory /home/giacomo/thesis_ws/build/bumper_cars/build --no-deps install_data
[2.229s] running develop
[2.229s] /home/giacomo/.local/lib/python3.10/site-packages/setuptools/command/develop.py:40: EasyInstallDeprecationWarning: easy_install command is deprecated.
[2.229s] !!
[2.229s] 
[2.229s]         ********************************************************************************
[2.230s]         Please avoid running ``setup.py`` and ``easy_install``.
[2.230s]         Instead, use pypa/build, pypa/installer or other
[2.230s]         standards-based tools.
[2.230s] 
[2.230s]         See https://github.com/pypa/setuptools/issues/917 for details.
[2.230s]         ********************************************************************************
[2.231s] 
[2.231s] !!
[2.231s]   easy_install.initialize_options(self)
[2.287s] /home/giacomo/.local/lib/python3.10/site-packages/setuptools/_distutils/cmd.py:66: SetuptoolsDeprecationWarning: setup.py install is deprecated.
[2.287s] !!
[2.288s] 
[2.288s]         ********************************************************************************
[2.288s]         Please avoid running ``setup.py`` directly.
[2.288s]         Instead, use pypa/build, pypa/installer or other
[2.288s]         standards-based tools.
[2.288s] 
[2.289s]         See https://blog.ganssle.io/articles/2021/10/setup-py-deprecated.html for details.
[2.289s]         ********************************************************************************
[2.289s] 
[2.289s] !!
[2.289s]   self.initialize_options()
[2.561s] running egg_info
[2.577s] writing bumper_cars.egg-info/PKG-INFO
[2.577s] writing dependency_links to bumper_cars.egg-info/dependency_links.txt
[2.578s] writing entry points to bumper_cars.egg-info/entry_points.txt
[2.578s] writing requirements to bumper_cars.egg-info/requires.txt
[2.578s] writing top-level names to bumper_cars.egg-info/top_level.txt
[2.614s] reading manifest file 'bumper_cars.egg-info/SOURCES.txt'
[2.615s] writing manifest file 'bumper_cars.egg-info/SOURCES.txt'
[2.635s] running build_ext
[2.635s] Creating /home/giacomo/thesis_ws/install/bumper_cars/lib/python3.10/site-packages/bumper-cars.egg-link (link to .)
[2.635s] Installing controller script to /home/giacomo/thesis_ws/install/bumper_cars/lib/bumper_cars
[2.636s] Installing model script to /home/giacomo/thesis_ws/install/bumper_cars/lib/bumper_cars
[2.636s] Installing plotter script to /home/giacomo/thesis_ws/install/bumper_cars/lib/bumper_cars
[2.636s] Installing sensor script to /home/giacomo/thesis_ws/install/bumper_cars/lib/bumper_cars
[2.636s] 
[2.636s] Installed /home/giacomo/thesis_ws/build/bumper_cars
[2.637s] running install_data
[2.667s] Invoked command in '/home/giacomo/thesis_ws/build/bumper_cars' returned '0': CMAKE_PREFIX_PATH=/home/giacomo/thesis_ws/install/custom_message:/home/giacomo/thesis_ws/install/urdf_example:/home/giacomo/thesis_ws/install/sym_bringup:/home/giacomo/thesis_ws/install/my_bot:/home/giacomo/ros2_ws/install/tutorial_interfaces:/home/giacomo/ros2_ws/install/turtlesim PYTHONPATH=/home/giacomo/thesis_ws/build/bumper_cars/prefix_override:/home/giacomo/thesis_ws/install/bumper_cars/lib/python3.10/site-packages:${PYTHONPATH} /usr/bin/python3 setup.py develop --editable --build-directory /home/giacomo/thesis_ws/build/bumper_cars/build --no-deps install_data
