[1.523s] Invoking command in '/home/giacomo/thesis_ws/build/planner': PYTHONPATH=/home/giacomo/thesis_ws/build/planner/prefix_override:/home/giacomo/thesis_ws/install/planner/lib/python3.10/site-packages:${PYTHONPATH} /usr/bin/python3 setup.py develop --editable --build-directory /home/giacomo/thesis_ws/build/planner/build --no-deps install_data
[1.873s] running develop
[1.873s] /home/giacomo/.local/lib/python3.10/site-packages/setuptools/command/develop.py:40: EasyInstallDeprecationWarning: easy_install command is deprecated.
[1.873s] !!
[1.873s] 
[1.873s]         ********************************************************************************
[1.873s]         Please avoid running ``setup.py`` and ``easy_install``.
[1.873s]         Instead, use pypa/build, pypa/installer or other
[1.873s]         standards-based tools.
[1.873s] 
[1.873s]         See https://github.com/pypa/setuptools/issues/917 for details.
[1.874s]         ********************************************************************************
[1.874s] 
[1.874s] !!
[1.874s]   easy_install.initialize_options(self)
[1.910s] /home/giacomo/.local/lib/python3.10/site-packages/setuptools/_distutils/cmd.py:66: SetuptoolsDeprecationWarning: setup.py install is deprecated.
[1.910s] !!
[1.910s] 
[1.910s]         ********************************************************************************
[1.910s]         Please avoid running ``setup.py`` directly.
[1.910s]         Instead, use pypa/build, pypa/installer or other
[1.911s]         standards-based tools.
[1.911s] 
[1.911s]         See https://blog.ganssle.io/articles/2021/10/setup-py-deprecated.html for details.
[1.911s]         ********************************************************************************
[1.911s] 
[1.911s] !!
[1.911s]   self.initialize_options()
[2.117s] running egg_info
[2.134s] writing planner.egg-info/PKG-INFO
[2.134s] writing dependency_links to planner.egg-info/dependency_links.txt
[2.134s] writing requirements to planner.egg-info/requires.txt
[2.135s] writing top-level names to planner.egg-info/top_level.txt
[2.170s] reading manifest file 'planner.egg-info/SOURCES.txt'
[2.171s] writing manifest file 'planner.egg-info/SOURCES.txt'
[2.189s] running build_ext
[2.189s] Creating /home/giacomo/thesis_ws/install/planner/lib/python3.10/site-packages/planner.egg-link (link to .)
[2.190s] 
[2.191s] Installed /home/giacomo/thesis_ws/build/planner
[2.191s] running install_data
[2.223s] Invoked command in '/home/giacomo/thesis_ws/build/planner' returned '0': PYTHONPATH=/home/giacomo/thesis_ws/build/planner/prefix_override:/home/giacomo/thesis_ws/install/planner/lib/python3.10/site-packages:${PYTHONPATH} /usr/bin/python3 setup.py develop --editable --build-directory /home/giacomo/thesis_ws/build/planner/build --no-deps install_data
