[1.244s] Invoking command in '/home/giacomo/thesis_ws/build/planner': PYTHONPATH=/home/giacomo/thesis_ws/build/planner/prefix_override:/home/giacomo/thesis_ws/install/planner/lib/python3.10/site-packages:${PYTHONPATH} /usr/bin/python3 setup.py develop --editable --build-directory /home/giacomo/thesis_ws/build/planner/build --no-deps install_data
[1.630s] running develop
[1.631s] /home/giacomo/.local/lib/python3.10/site-packages/setuptools/command/develop.py:40: EasyInstallDeprecationWarning: easy_install command is deprecated.
[1.631s] !!
[1.631s] 
[1.631s]         ********************************************************************************
[1.631s]         Please avoid running ``setup.py`` and ``easy_install``.
[1.631s]         Instead, use pypa/build, pypa/installer or other
[1.631s]         standards-based tools.
[1.631s] 
[1.631s]         See https://github.com/pypa/setuptools/issues/917 for details.
[1.631s]         ********************************************************************************
[1.631s] 
[1.632s] !!
[1.632s]   easy_install.initialize_options(self)
[1.669s] /home/giacomo/.local/lib/python3.10/site-packages/setuptools/_distutils/cmd.py:66: SetuptoolsDeprecationWarning: setup.py install is deprecated.
[1.669s] !!
[1.669s] 
[1.669s]         ********************************************************************************
[1.669s]         Please avoid running ``setup.py`` directly.
[1.669s]         Instead, use pypa/build, pypa/installer or other
[1.669s]         standards-based tools.
[1.669s] 
[1.669s]         See https://blog.ganssle.io/articles/2021/10/setup-py-deprecated.html for details.
[1.669s]         ********************************************************************************
[1.669s] 
[1.670s] !!
[1.670s]   self.initialize_options()
[1.881s] running egg_info
[1.898s] writing planner.egg-info/PKG-INFO
[1.899s] writing dependency_links to planner.egg-info/dependency_links.txt
[1.899s] writing requirements to planner.egg-info/requires.txt
[1.899s] writing top-level names to planner.egg-info/top_level.txt
[1.945s] reading manifest file 'planner.egg-info/SOURCES.txt'
[1.946s] writing manifest file 'planner.egg-info/SOURCES.txt'
[1.966s] running build_ext
[1.967s] Creating /home/giacomo/thesis_ws/install/planner/lib/python3.10/site-packages/planner.egg-link (link to .)
[1.967s] 
[1.968s] Installed /home/giacomo/thesis_ws/build/planner
[1.968s] running install_data
[1.999s] Invoked command in '/home/giacomo/thesis_ws/build/planner' returned '0': PYTHONPATH=/home/giacomo/thesis_ws/build/planner/prefix_override:/home/giacomo/thesis_ws/install/planner/lib/python3.10/site-packages:${PYTHONPATH} /usr/bin/python3 setup.py develop --editable --build-directory /home/giacomo/thesis_ws/build/planner/build --no-deps install_data
