[1.366s] Invoking command in '/home/giacomo/thesis_ws/build/bumper_cars': CMAKE_PREFIX_PATH=/home/giacomo/thesis_ws/install/custom_message:/home/giacomo/thesis_ws/install/sym_bringup:/home/giacomo/ros2_ws/install/tutorial_interfaces:/home/giacomo/ros2_ws/install/turtlesim PYTHONPATH=/home/giacomo/thesis_ws/build/bumper_cars/prefix_override:/home/giacomo/thesis_ws/install/bumper_cars/lib/python3.10/site-packages:${PYTHONPATH} /usr/bin/python3 setup.py develop --uninstall --editable --build-directory /home/giacomo/thesis_ws/build/bumper_cars/build
[1.887s] running develop
[1.887s] /home/giacomo/.local/lib/python3.10/site-packages/setuptools/command/develop.py:40: EasyInstallDeprecationWarning: easy_install command is deprecated.
[1.887s] !!
[1.887s] 
[1.887s]         ********************************************************************************
[1.887s]         Please avoid running ``setup.py`` and ``easy_install``.
[1.887s]         Instead, use pypa/build, pypa/installer or other
[1.887s]         standards-based tools.
[1.887s] 
[1.887s]         See https://github.com/pypa/setuptools/issues/917 for details.
[1.887s]         ********************************************************************************
[1.887s] 
[1.888s] !!
[1.888s]   easy_install.initialize_options(self)
[1.930s] /home/giacomo/.local/lib/python3.10/site-packages/setuptools/_distutils/cmd.py:66: SetuptoolsDeprecationWarning: setup.py install is deprecated.
[1.930s] !!
[1.930s] 
[1.930s]         ********************************************************************************
[1.930s]         Please avoid running ``setup.py`` directly.
[1.931s]         Instead, use pypa/build, pypa/installer or other
[1.931s]         standards-based tools.
[1.931s] 
[1.931s]         See https://blog.ganssle.io/articles/2021/10/setup-py-deprecated.html for details.
[1.931s]         ********************************************************************************
[1.931s] 
[1.931s] !!
[1.931s]   self.initialize_options()
[2.271s] Removing /home/giacomo/thesis_ws/install/bumper_cars/lib/python3.10/site-packages/bumper-cars.egg-link (link to .)
