[1.421s] Invoking command in '/home/giacomo/thesis_ws/build/planner': PYTHONPATH=/home/giacomo/thesis_ws/build/planner/prefix_override:/home/giacomo/thesis_ws/install/planner/lib/python3.10/site-packages:${PYTHONPATH} /usr/bin/python3 setup.py develop --editable --build-directory /home/giacomo/thesis_ws/build/planner/build --no-deps install_data
[1.832s] running develop
[1.832s] /home/giacomo/.local/lib/python3.10/site-packages/setuptools/command/develop.py:40: EasyInstallDeprecationWarning: easy_install command is deprecated.
[1.832s] !!
[1.832s] 
[1.832s]         ********************************************************************************
[1.832s]         Please avoid running ``setup.py`` and ``easy_install``.
[1.832s]         Instead, use pypa/build, pypa/installer or other
[1.832s]         standards-based tools.
[1.832s] 
[1.832s]         See https://github.com/pypa/setuptools/issues/917 for details.
[1.832s]         ********************************************************************************
[1.832s] 
[1.833s] !!
[1.833s]   easy_install.initialize_options(self)
[1.870s] /home/giacomo/.local/lib/python3.10/site-packages/setuptools/_distutils/cmd.py:66: SetuptoolsDeprecationWarning: setup.py install is deprecated.
[1.871s] !!
[1.871s] 
[1.871s]         ********************************************************************************
[1.871s]         Please avoid running ``setup.py`` directly.
[1.871s]         Instead, use pypa/build, pypa/installer or other
[1.871s]         standards-based tools.
[1.871s] 
[1.871s]         See https://blog.ganssle.io/articles/2021/10/setup-py-deprecated.html for details.
[1.871s]         ********************************************************************************
[1.871s] 
[1.871s] !!
[1.871s]   self.initialize_options()
[2.092s] running egg_info
[2.109s] writing planner.egg-info/PKG-INFO
[2.110s] writing dependency_links to planner.egg-info/dependency_links.txt
[2.110s] writing requirements to planner.egg-info/requires.txt
[2.110s] writing top-level names to planner.egg-info/top_level.txt
[2.149s] reading manifest file 'planner.egg-info/SOURCES.txt'
[2.150s] writing manifest file 'planner.egg-info/SOURCES.txt'
[2.170s] running build_ext
[2.171s] Creating /home/giacomo/thesis_ws/install/planner/lib/python3.10/site-packages/planner.egg-link (link to .)
[2.171s] 
[2.172s] Installed /home/giacomo/thesis_ws/build/planner
[2.172s] running install_data
[2.206s] Invoked command in '/home/giacomo/thesis_ws/build/planner' returned '0': PYTHONPATH=/home/giacomo/thesis_ws/build/planner/prefix_override:/home/giacomo/thesis_ws/install/planner/lib/python3.10/site-packages:${PYTHONPATH} /usr/bin/python3 setup.py develop --editable --build-directory /home/giacomo/thesis_ws/build/planner/build --no-deps install_data
