[1.884s] Invoking command in '/home/giacomo/thesis_ws/build/planner': PYTHONPATH=/home/giacomo/thesis_ws/build/planner/prefix_override:/home/giacomo/thesis_ws/install/planner/lib/python3.10/site-packages:${PYTHONPATH} /usr/bin/python3 setup.py develop --editable --build-directory /home/giacomo/thesis_ws/build/planner/build --no-deps install_data
[2.461s] running develop
[2.474s] /home/giacomo/.local/lib/python3.10/site-packages/setuptools/command/develop.py:40: EasyInstallDeprecationWarning: easy_install command is deprecated.
[2.474s] !!
[2.474s] 
[2.474s]         ********************************************************************************
[2.475s]         Please avoid running ``setup.py`` and ``easy_install``.
[2.475s]         Instead, use pypa/build, pypa/installer or other
[2.475s]         standards-based tools.
[2.475s] 
[2.475s]         See https://github.com/pypa/setuptools/issues/917 for details.
[2.475s]         ********************************************************************************
[2.476s] 
[2.476s] !!
[2.476s]   easy_install.initialize_options(self)
[2.538s] /home/giacomo/.local/lib/python3.10/site-packages/setuptools/_distutils/cmd.py:66: SetuptoolsDeprecationWarning: setup.py install is deprecated.
[2.538s] !!
[2.538s] 
[2.538s]         ********************************************************************************
[2.538s]         Please avoid running ``setup.py`` directly.
[2.538s]         Instead, use pypa/build, pypa/installer or other
[2.539s]         standards-based tools.
[2.539s] 
[2.539s]         See https://blog.ganssle.io/articles/2021/10/setup-py-deprecated.html for details.
[2.539s]         ********************************************************************************
[2.539s] 
[2.539s] !!
[2.539s]   self.initialize_options()
[2.877s] running egg_info
[2.904s] writing planner.egg-info/PKG-INFO
[2.905s] writing dependency_links to planner.egg-info/dependency_links.txt
[2.905s] writing requirements to planner.egg-info/requires.txt
[2.905s] writing top-level names to planner.egg-info/top_level.txt
[2.965s] reading manifest file 'planner.egg-info/SOURCES.txt'
[2.967s] writing manifest file 'planner.egg-info/SOURCES.txt'
[3.013s] running build_ext
[3.014s] Creating /home/giacomo/thesis_ws/install/planner/lib/python3.10/site-packages/planner.egg-link (link to .)
[3.015s] 
[3.015s] Installed /home/giacomo/thesis_ws/build/planner
[3.015s] running install_data
[3.077s] Invoked command in '/home/giacomo/thesis_ws/build/planner' returned '0': PYTHONPATH=/home/giacomo/thesis_ws/build/planner/prefix_override:/home/giacomo/thesis_ws/install/planner/lib/python3.10/site-packages:${PYTHONPATH} /usr/bin/python3 setup.py develop --editable --build-directory /home/giacomo/thesis_ws/build/planner/build --no-deps install_data
