[1.580s] Invoking command in '/home/giacomo/thesis_ws/build/bumper_cars': CMAKE_PREFIX_PATH=/home/giacomo/thesis_ws/install/custom_message:/home/giacomo/thesis_ws/install/urdf_example:/home/giacomo/thesis_ws/install/sym_bringup:/home/giacomo/thesis_ws/install/my_bot:/home/giacomo/ros2_ws/install/tutorial_interfaces:/home/giacomo/ros2_ws/install/turtlesim PYTHONPATH=/home/giacomo/thesis_ws/build/bumper_cars/prefix_override:/home/giacomo/thesis_ws/install/bumper_cars/lib/python3.10/site-packages:${PYTHONPATH} /usr/bin/python3 setup.py develop --editable --build-directory /home/giacomo/thesis_ws/build/bumper_cars/build --no-deps install_data
[2.074s] running develop
[2.074s] /home/giacomo/.local/lib/python3.10/site-packages/setuptools/command/develop.py:40: EasyInstallDeprecationWarning: easy_install command is deprecated.
[2.074s] !!
[2.074s] 
[2.074s]         ********************************************************************************
[2.075s]         Please avoid running ``setup.py`` and ``easy_install``.
[2.075s]         Instead, use pypa/build, pypa/installer or other
[2.075s]         standards-based tools.
[2.075s] 
[2.075s]         See https://github.com/pypa/setuptools/issues/917 for details.
[2.075s]         ********************************************************************************
[2.075s] 
[2.075s] !!
[2.075s]   easy_install.initialize_options(self)
[2.120s] /home/giacomo/.local/lib/python3.10/site-packages/setuptools/_distutils/cmd.py:66: SetuptoolsDeprecationWarning: setup.py install is deprecated.
[2.120s] !!
[2.120s] 
[2.120s]         ********************************************************************************
[2.121s]         Please avoid running ``setup.py`` directly.
[2.121s]         Instead, use pypa/build, pypa/installer or other
[2.121s]         standards-based tools.
[2.121s] 
[2.121s]         See https://blog.ganssle.io/articles/2021/10/setup-py-deprecated.html for details.
[2.121s]         ********************************************************************************
[2.121s] 
[2.121s] !!
[2.121s]   self.initialize_options()
[2.425s] running egg_info
[2.447s] writing bumper_cars.egg-info/PKG-INFO
[2.447s] writing dependency_links to bumper_cars.egg-info/dependency_links.txt
[2.447s] writing entry points to bumper_cars.egg-info/entry_points.txt
[2.448s] writing requirements to bumper_cars.egg-info/requires.txt
[2.448s] writing top-level names to bumper_cars.egg-info/top_level.txt
[2.500s] reading manifest file 'bumper_cars.egg-info/SOURCES.txt'
[2.501s] writing manifest file 'bumper_cars.egg-info/SOURCES.txt'
[2.528s] running build_ext
[2.528s] Creating /home/giacomo/thesis_ws/install/bumper_cars/lib/python3.10/site-packages/bumper-cars.egg-link (link to .)
[2.529s] Installing controller script to /home/giacomo/thesis_ws/install/bumper_cars/lib/bumper_cars
[2.529s] Installing model script to /home/giacomo/thesis_ws/install/bumper_cars/lib/bumper_cars
[2.529s] Installing plotter script to /home/giacomo/thesis_ws/install/bumper_cars/lib/bumper_cars
[2.529s] Installing sensor script to /home/giacomo/thesis_ws/install/bumper_cars/lib/bumper_cars
[2.530s] 
[2.530s] Installed /home/giacomo/thesis_ws/build/bumper_cars
[2.530s] running install_data
[2.596s] Invoked command in '/home/giacomo/thesis_ws/build/bumper_cars' returned '0': CMAKE_PREFIX_PATH=/home/giacomo/thesis_ws/install/custom_message:/home/giacomo/thesis_ws/install/urdf_example:/home/giacomo/thesis_ws/install/sym_bringup:/home/giacomo/thesis_ws/install/my_bot:/home/giacomo/ros2_ws/install/tutorial_interfaces:/home/giacomo/ros2_ws/install/turtlesim PYTHONPATH=/home/giacomo/thesis_ws/build/bumper_cars/prefix_override:/home/giacomo/thesis_ws/install/bumper_cars/lib/python3.10/site-packages:${PYTHONPATH} /usr/bin/python3 setup.py develop --editable --build-directory /home/giacomo/thesis_ws/build/bumper_cars/build --no-deps install_data
