running develop
/home/giacomo/.local/lib/python3.10/site-packages/setuptools/command/develop.py:40: EasyInstallDeprecationWarning: easy_install command is deprecated.
!!

        ********************************************************************************
        Please avoid running ``setup.py`` and ``easy_install``.
        Instead, use pypa/build, pypa/installer or other
        standards-based tools.

        See https://github.com/pypa/setuptools/issues/917 for details.
        ********************************************************************************

!!
  easy_install.initialize_options(self)
/home/giacomo/.local/lib/python3.10/site-packages/setuptools/_distutils/cmd.py:66: SetuptoolsDeprecationWarning: setup.py install is deprecated.
!!

        ********************************************************************************
        Please avoid running ``setup.py`` directly.
        Instead, use pypa/build, pypa/installer or other
        standards-based tools.

        See https://blog.ganssle.io/articles/2021/10/setup-py-deprecated.html for details.
        ********************************************************************************

!!
  self.initialize_options()
Removing /home/giacomo/thesis_ws/install/bumper_cars/lib/python3.10/site-packages/bumper-cars.egg-link (link to .)
running egg_info
writing ../../build/bumper_cars/bumper_cars.egg-info/PKG-INFO
writing dependency_links to ../../build/bumper_cars/bumper_cars.egg-info/dependency_links.txt
writing entry points to ../../build/bumper_cars/bumper_cars.egg-info/entry_points.txt
writing requirements to ../../build/bumper_cars/bumper_cars.egg-info/requires.txt
writing top-level names to ../../build/bumper_cars/bumper_cars.egg-info/top_level.txt
reading manifest file '../../build/bumper_cars/bumper_cars.egg-info/SOURCES.txt'
writing manifest file '../../build/bumper_cars/bumper_cars.egg-info/SOURCES.txt'
running build
running build_py
creating /home/giacomo/thesis_ws/build/bumper_cars/build
creating /home/giacomo/thesis_ws/build/bumper_cars/build/lib
creating /home/giacomo/thesis_ws/build/bumper_cars/build/lib/bumper_cars
copying bumper_cars/state_subscriber.py -> /home/giacomo/thesis_ws/build/bumper_cars/build/lib/bumper_cars
copying bumper_cars/__init__.py -> /home/giacomo/thesis_ws/build/bumper_cars/build/lib/bumper_cars
copying bumper_cars/sensor.py -> /home/giacomo/thesis_ws/build/bumper_cars/build/lib/bumper_cars
copying bumper_cars/controller.py -> /home/giacomo/thesis_ws/build/bumper_cars/build/lib/bumper_cars
copying bumper_cars/state_publisher.py -> /home/giacomo/thesis_ws/build/bumper_cars/build/lib/bumper_cars
copying bumper_cars/car_model.py -> /home/giacomo/thesis_ws/build/bumper_cars/build/lib/bumper_cars
copying bumper_cars/plotter.py -> /home/giacomo/thesis_ws/build/bumper_cars/build/lib/bumper_cars
running install
/home/giacomo/.local/lib/python3.10/site-packages/setuptools/_distutils/cmd.py:66: SetuptoolsDeprecationWarning: setup.py install is deprecated.
!!

        ********************************************************************************
        Please avoid running ``setup.py`` directly.
        Instead, use pypa/build, pypa/installer or other
        standards-based tools.

        See https://blog.ganssle.io/articles/2021/10/setup-py-deprecated.html for details.
        ********************************************************************************

!!
  self.initialize_options()
running install_lib
creating /home/giacomo/thesis_ws/install/bumper_cars/lib/python3.10/site-packages/bumper_cars
copying /home/giacomo/thesis_ws/build/bumper_cars/build/lib/bumper_cars/state_subscriber.py -> /home/giacomo/thesis_ws/install/bumper_cars/lib/python3.10/site-packages/bumper_cars
copying /home/giacomo/thesis_ws/build/bumper_cars/build/lib/bumper_cars/__init__.py -> /home/giacomo/thesis_ws/install/bumper_cars/lib/python3.10/site-packages/bumper_cars
copying /home/giacomo/thesis_ws/build/bumper_cars/build/lib/bumper_cars/sensor.py -> /home/giacomo/thesis_ws/install/bumper_cars/lib/python3.10/site-packages/bumper_cars
copying /home/giacomo/thesis_ws/build/bumper_cars/build/lib/bumper_cars/controller.py -> /home/giacomo/thesis_ws/install/bumper_cars/lib/python3.10/site-packages/bumper_cars
copying /home/giacomo/thesis_ws/build/bumper_cars/build/lib/bumper_cars/state_publisher.py -> /home/giacomo/thesis_ws/install/bumper_cars/lib/python3.10/site-packages/bumper_cars
copying /home/giacomo/thesis_ws/build/bumper_cars/build/lib/bumper_cars/car_model.py -> /home/giacomo/thesis_ws/install/bumper_cars/lib/python3.10/site-packages/bumper_cars
copying /home/giacomo/thesis_ws/build/bumper_cars/build/lib/bumper_cars/plotter.py -> /home/giacomo/thesis_ws/install/bumper_cars/lib/python3.10/site-packages/bumper_cars
byte-compiling /home/giacomo/thesis_ws/install/bumper_cars/lib/python3.10/site-packages/bumper_cars/state_subscriber.py to state_subscriber.cpython-310.pyc
byte-compiling /home/giacomo/thesis_ws/install/bumper_cars/lib/python3.10/site-packages/bumper_cars/__init__.py to __init__.cpython-310.pyc
byte-compiling /home/giacomo/thesis_ws/install/bumper_cars/lib/python3.10/site-packages/bumper_cars/sensor.py to sensor.cpython-310.pyc
byte-compiling /home/giacomo/thesis_ws/install/bumper_cars/lib/python3.10/site-packages/bumper_cars/controller.py to controller.cpython-310.pyc
byte-compiling /home/giacomo/thesis_ws/install/bumper_cars/lib/python3.10/site-packages/bumper_cars/state_publisher.py to state_publisher.cpython-310.pyc
byte-compiling /home/giacomo/thesis_ws/install/bumper_cars/lib/python3.10/site-packages/bumper_cars/car_model.py to car_model.cpython-310.pyc
Sorry: IndentationError: expected an indented block after function definition on line 24 (car_model.py, line 29)
byte-compiling /home/giacomo/thesis_ws/install/bumper_cars/lib/python3.10/site-packages/bumper_cars/plotter.py to plotter.cpython-310.pyc
running install_data
running install_egg_info
Copying ../../build/bumper_cars/bumper_cars.egg-info to /home/giacomo/thesis_ws/install/bumper_cars/lib/python3.10/site-packages/bumper_cars-0.0.0-py3.10.egg-info
running install_scripts
Installing controller script to /home/giacomo/thesis_ws/install/bumper_cars/lib/bumper_cars
Installing model script to /home/giacomo/thesis_ws/install/bumper_cars/lib/bumper_cars
Installing plotter script to /home/giacomo/thesis_ws/install/bumper_cars/lib/bumper_cars
Installing sensor script to /home/giacomo/thesis_ws/install/bumper_cars/lib/bumper_cars
Installing state_publisher script to /home/giacomo/thesis_ws/install/bumper_cars/lib/bumper_cars
Installing state_subscriber script to /home/giacomo/thesis_ws/install/bumper_cars/lib/bumper_cars
writing list of installed files to '/home/giacomo/thesis_ws/build/bumper_cars/install.log'
