[1.366s] Invoking command in '/home/giacomo/thesis_ws/build/planner': PYTHONPATH=/home/giacomo/thesis_ws/build/planner/prefix_override:/home/giacomo/thesis_ws/install/planner/lib/python3.10/site-packages:${PYTHONPATH} /usr/bin/python3 setup.py develop --editable --build-directory /home/giacomo/thesis_ws/build/planner/build --no-deps install_data
[1.816s] running develop
[1.817s] /home/giacomo/.local/lib/python3.10/site-packages/setuptools/command/develop.py:40: EasyInstallDeprecationWarning: easy_install command is deprecated.
[1.817s] !!
[1.817s] 
[1.817s]         ********************************************************************************
[1.817s]         Please avoid running ``setup.py`` and ``easy_install``.
[1.818s]         Instead, use pypa/build, pypa/installer or other
[1.818s]         standards-based tools.
[1.818s] 
[1.818s]         See https://github.com/pypa/setuptools/issues/917 for details.
[1.818s]         ********************************************************************************
[1.819s] 
[1.819s] !!
[1.819s]   easy_install.initialize_options(self)
[1.876s] /home/giacomo/.local/lib/python3.10/site-packages/setuptools/_distutils/cmd.py:66: SetuptoolsDeprecationWarning: setup.py install is deprecated.
[1.876s] !!
[1.876s] 
[1.876s]         ********************************************************************************
[1.876s]         Please avoid running ``setup.py`` directly.
[1.877s]         Instead, use pypa/build, pypa/installer or other
[1.877s]         standards-based tools.
[1.877s] 
[1.877s]         See https://blog.ganssle.io/articles/2021/10/setup-py-deprecated.html for details.
[1.877s]         ********************************************************************************
[1.878s] 
[1.878s] !!
[1.878s]   self.initialize_options()
[2.211s] running egg_info
[2.241s] writing planner.egg-info/PKG-INFO
[2.241s] writing dependency_links to planner.egg-info/dependency_links.txt
[2.242s] writing requirements to planner.egg-info/requires.txt
[2.242s] writing top-level names to planner.egg-info/top_level.txt
[2.298s] reading manifest file 'planner.egg-info/SOURCES.txt'
[2.299s] writing manifest file 'planner.egg-info/SOURCES.txt'
[2.324s] running build_ext
[2.325s] Creating /home/giacomo/thesis_ws/install/planner/lib/python3.10/site-packages/planner.egg-link (link to .)
[2.326s] 
[2.326s] Installed /home/giacomo/thesis_ws/build/planner
[2.326s] running install_data
[2.326s] copying resource/planner -> /home/giacomo/thesis_ws/install/planner/share/ament_index/resource_index/packages
[2.326s] copying package.xml -> /home/giacomo/thesis_ws/install/planner/share/planner
[2.366s] Invoked command in '/home/giacomo/thesis_ws/build/planner' returned '0': PYTHONPATH=/home/giacomo/thesis_ws/build/planner/prefix_override:/home/giacomo/thesis_ws/install/planner/lib/python3.10/site-packages:${PYTHONPATH} /usr/bin/python3 setup.py develop --editable --build-directory /home/giacomo/thesis_ws/build/planner/build --no-deps install_data
