[0.798s] Invoking command in '/home/giacomo/thesis_ws/build/bumper_cars': PYTHONPATH=/home/giacomo/thesis_ws/build/bumper_cars/prefix_override:/home/giacomo/thesis_ws/install/bumper_cars/lib/python3.10/site-packages:${PYTHONPATH} /usr/bin/python3 setup.py develop --editable --build-directory /home/giacomo/thesis_ws/build/bumper_cars/build --no-deps install_data
[1.136s] running develop
[1.136s] /home/giacomo/.local/lib/python3.10/site-packages/setuptools/command/develop.py:40: EasyInstallDeprecationWarning: easy_install command is deprecated.
[1.136s] !!
[1.136s] 
[1.136s]         ********************************************************************************
[1.136s]         Please avoid running ``setup.py`` and ``easy_install``.
[1.136s]         Instead, use pypa/build, pypa/installer or other
[1.136s]         standards-based tools.
[1.136s] 
[1.136s]         See https://github.com/pypa/setuptools/issues/917 for details.
[1.136s]         ********************************************************************************
[1.136s] 
[1.136s] !!
[1.136s]   easy_install.initialize_options(self)
[1.172s] /home/giacomo/.local/lib/python3.10/site-packages/setuptools/_distutils/cmd.py:66: SetuptoolsDeprecationWarning: setup.py install is deprecated.
[1.172s] !!
[1.172s] 
[1.172s]         ********************************************************************************
[1.172s]         Please avoid running ``setup.py`` directly.
[1.172s]         Instead, use pypa/build, pypa/installer or other
[1.172s]         standards-based tools.
[1.172s] 
[1.173s]         See https://blog.ganssle.io/articles/2021/10/setup-py-deprecated.html for details.
[1.173s]         ********************************************************************************
[1.173s] 
[1.173s] !!
[1.173s]   self.initialize_options()
[1.373s] running egg_info
[1.389s] writing bumper_cars.egg-info/PKG-INFO
[1.389s] writing dependency_links to bumper_cars.egg-info/dependency_links.txt
[1.390s] writing entry points to bumper_cars.egg-info/entry_points.txt
[1.390s] writing requirements to bumper_cars.egg-info/requires.txt
[1.390s] writing top-level names to bumper_cars.egg-info/top_level.txt
[1.423s] reading manifest file 'bumper_cars.egg-info/SOURCES.txt'
[1.424s] writing manifest file 'bumper_cars.egg-info/SOURCES.txt'
[1.441s] running build_ext
[1.441s] Creating /home/giacomo/thesis_ws/install/bumper_cars/lib/python3.10/site-packages/bumper-cars.egg-link (link to .)
[1.442s] Installing controller script to /home/giacomo/thesis_ws/install/bumper_cars/lib/bumper_cars
[1.442s] Installing model script to /home/giacomo/thesis_ws/install/bumper_cars/lib/bumper_cars
[1.443s] Installing plotter script to /home/giacomo/thesis_ws/install/bumper_cars/lib/bumper_cars
[1.443s] Installing robot_model script to /home/giacomo/thesis_ws/install/bumper_cars/lib/bumper_cars
[1.443s] Installing sensor script to /home/giacomo/thesis_ws/install/bumper_cars/lib/bumper_cars
[1.443s] Installing state_publisher script to /home/giacomo/thesis_ws/install/bumper_cars/lib/bumper_cars
[1.443s] Installing state_subscriber script to /home/giacomo/thesis_ws/install/bumper_cars/lib/bumper_cars
[1.443s] 
[1.444s] Installed /home/giacomo/thesis_ws/build/bumper_cars
[1.444s] running install_data
[1.479s] Invoked command in '/home/giacomo/thesis_ws/build/bumper_cars' returned '0': PYTHONPATH=/home/giacomo/thesis_ws/build/bumper_cars/prefix_override:/home/giacomo/thesis_ws/install/bumper_cars/lib/python3.10/site-packages:${PYTHONPATH} /usr/bin/python3 setup.py develop --editable --build-directory /home/giacomo/thesis_ws/build/bumper_cars/build --no-deps install_data
