[0.897s] DEBUG:colcon:Command line arguments: ['/usr/bin/colcon', 'build', '--symlink-install']
[0.898s] DEBUG:colcon:Parsed command line arguments: Namespace(log_base=None, log_level=None, verb_name='build', build_base='build', install_base='install', merge_install=False, symlink_install=True, test_result_base=None, continue_on_error=False, executor='parallel', parallel_workers=8, event_handlers=None, ignore_user_meta=False, metas=['./colcon.meta'], base_paths=['.'], packages_ignore=None, packages_ignore_regex=None, paths=None, packages_up_to=None, packages_up_to_regex=None, packages_above=None, packages_above_and_dependencies=None, packages_above_depth=None, packages_select_by_dep=None, packages_skip_by_dep=None, packages_skip_up_to=None, packages_select_build_failed=False, packages_skip_build_finished=False, packages_select_test_failures=False, packages_skip_test_passed=False, packages_select=None, packages_skip=None, packages_select_regex=None, packages_skip_regex=None, packages_start=None, packages_end=None, allow_overriding=[], cmake_args=None, cmake_target=None, cmake_target_skip_unavailable=False, cmake_clean_cache=False, cmake_clean_first=False, cmake_force_configure=False, ament_cmake_args=None, catkin_cmake_args=None, catkin_skip_building_tests=False, verb_parser=<colcon_defaults.argument_parser.defaults.DefaultArgumentsDecorator object at 0x7f88a1931ed0>, verb_extension=<colcon_core.verb.build.BuildVerb object at 0x7f88a19319f0>, main=<bound method BuildVerb.main of <colcon_core.verb.build.BuildVerb object at 0x7f88a19319f0>>)
[0.951s] Level 1:colcon.colcon_core.package_discovery:discover_packages(colcon_meta) check parameters
[0.951s] Level 1:colcon.colcon_core.package_discovery:discover_packages(recursive) check parameters
[0.951s] Level 1:colcon.colcon_core.package_discovery:discover_packages(ignore) check parameters
[0.951s] Level 1:colcon.colcon_core.package_discovery:discover_packages(path) check parameters
[0.951s] Level 1:colcon.colcon_core.package_discovery:discover_packages(colcon_meta) discover
[0.951s] Level 1:colcon.colcon_core.package_discovery:discover_packages(recursive) discover
[0.951s] INFO:colcon.colcon_core.package_discovery:Crawling recursively for packages in '/home/giacomo/thesis_ws/src'
[0.951s] Level 1:colcon.colcon_core.package_identification:_identify(.) by extensions ['ignore', 'ignore_ament_install']
[0.951s] Level 1:colcon.colcon_core.package_identification:_identify(.) by extension 'ignore'
[0.951s] Level 1:colcon.colcon_core.package_identification:_identify(.) by extension 'ignore_ament_install'
[0.951s] Level 1:colcon.colcon_core.package_identification:_identify(.) by extensions ['colcon_pkg']
[0.951s] Level 1:colcon.colcon_core.package_identification:_identify(.) by extension 'colcon_pkg'
[0.951s] Level 1:colcon.colcon_core.package_identification:_identify(.) by extensions ['colcon_meta']
[0.951s] Level 1:colcon.colcon_core.package_identification:_identify(.) by extension 'colcon_meta'
[0.951s] Level 1:colcon.colcon_core.package_identification:_identify(.) by extensions ['ros']
[0.951s] Level 1:colcon.colcon_core.package_identification:_identify(.) by extension 'ros'
[0.964s] Level 1:colcon.colcon_core.package_identification:_identify(.) by extensions ['cmake', 'python']
[0.964s] Level 1:colcon.colcon_core.package_identification:_identify(.) by extension 'cmake'
[0.964s] Level 1:colcon.colcon_core.package_identification:_identify(.) by extension 'python'
[0.964s] Level 1:colcon.colcon_core.package_identification:_identify(.) by extensions ['python_setup_py']
[0.964s] Level 1:colcon.colcon_core.package_identification:_identify(.) by extension 'python_setup_py'
[0.964s] Level 1:colcon.colcon_core.package_identification:_identify(2D_planner) by extensions ['ignore', 'ignore_ament_install']
[0.964s] Level 1:colcon.colcon_core.package_identification:_identify(2D_planner) by extension 'ignore'
[0.964s] Level 1:colcon.colcon_core.package_identification:_identify(2D_planner) by extension 'ignore_ament_install'
[0.965s] Level 1:colcon.colcon_core.package_identification:_identify(2D_planner) by extensions ['colcon_pkg']
[0.965s] Level 1:colcon.colcon_core.package_identification:_identify(2D_planner) by extension 'colcon_pkg'
[0.965s] Level 1:colcon.colcon_core.package_identification:_identify(2D_planner) by extensions ['colcon_meta']
[0.965s] Level 1:colcon.colcon_core.package_identification:_identify(2D_planner) by extension 'colcon_meta'
[0.965s] Level 1:colcon.colcon_core.package_identification:_identify(2D_planner) by extensions ['ros']
[0.965s] Level 1:colcon.colcon_core.package_identification:_identify(2D_planner) by extension 'ros'
[0.965s] Level 1:colcon.colcon_core.package_identification:_identify(2D_planner) by extensions ['cmake', 'python']
[0.965s] Level 1:colcon.colcon_core.package_identification:_identify(2D_planner) by extension 'cmake'
[0.965s] Level 1:colcon.colcon_core.package_identification:_identify(2D_planner) by extension 'python'
[0.965s] Level 1:colcon.colcon_core.package_identification:_identify(2D_planner) by extensions ['python_setup_py']
[0.965s] Level 1:colcon.colcon_core.package_identification:_identify(2D_planner) by extension 'python_setup_py'
[0.965s] Level 1:colcon.colcon_core.package_identification:_identify(build) by extensions ['ignore', 'ignore_ament_install']
[0.965s] Level 1:colcon.colcon_core.package_identification:_identify(build) by extension 'ignore'
[0.965s] Level 1:colcon.colcon_core.package_identification:_identify(build) ignored
[0.965s] Level 1:colcon.colcon_core.package_identification:_identify(bumper_cars) by extensions ['ignore', 'ignore_ament_install']
[0.965s] Level 1:colcon.colcon_core.package_identification:_identify(bumper_cars) by extension 'ignore'
[0.965s] Level 1:colcon.colcon_core.package_identification:_identify(bumper_cars) by extension 'ignore_ament_install'
[0.965s] Level 1:colcon.colcon_core.package_identification:_identify(bumper_cars) by extensions ['colcon_pkg']
[0.965s] Level 1:colcon.colcon_core.package_identification:_identify(bumper_cars) by extension 'colcon_pkg'
[0.965s] Level 1:colcon.colcon_core.package_identification:_identify(bumper_cars) by extensions ['colcon_meta']
[0.965s] Level 1:colcon.colcon_core.package_identification:_identify(bumper_cars) by extension 'colcon_meta'
[0.965s] Level 1:colcon.colcon_core.package_identification:_identify(bumper_cars) by extensions ['ros']
[0.965s] Level 1:colcon.colcon_core.package_identification:_identify(bumper_cars) by extension 'ros'
[0.968s] DEBUG:colcon.colcon_core.package_identification:Package 'bumper_cars' with type 'ros.ament_python' and name 'bumper_cars'
[0.968s] Level 1:colcon.colcon_core.package_identification:_identify(custom_message) by extensions ['ignore', 'ignore_ament_install']
[0.968s] Level 1:colcon.colcon_core.package_identification:_identify(custom_message) by extension 'ignore'
[0.968s] Level 1:colcon.colcon_core.package_identification:_identify(custom_message) by extension 'ignore_ament_install'
[0.968s] Level 1:colcon.colcon_core.package_identification:_identify(custom_message) by extensions ['colcon_pkg']
[0.968s] Level 1:colcon.colcon_core.package_identification:_identify(custom_message) by extension 'colcon_pkg'
[0.969s] Level 1:colcon.colcon_core.package_identification:_identify(custom_message) by extensions ['colcon_meta']
[0.969s] Level 1:colcon.colcon_core.package_identification:_identify(custom_message) by extension 'colcon_meta'
[0.969s] Level 1:colcon.colcon_core.package_identification:_identify(custom_message) by extensions ['ros']
[0.969s] Level 1:colcon.colcon_core.package_identification:_identify(custom_message) by extension 'ros'
[0.969s] DEBUG:colcon.colcon_core.package_identification:Package 'custom_message' with type 'ros.ament_cmake' and name 'custom_message'
[0.969s] Level 1:colcon.colcon_core.package_identification:_identify(install) by extensions ['ignore', 'ignore_ament_install']
[0.969s] Level 1:colcon.colcon_core.package_identification:_identify(install) by extension 'ignore'
[0.969s] Level 1:colcon.colcon_core.package_identification:_identify(install) ignored
[0.969s] Level 1:colcon.colcon_core.package_identification:_identify(log) by extensions ['ignore', 'ignore_ament_install']
[0.969s] Level 1:colcon.colcon_core.package_identification:_identify(log) by extension 'ignore'
[0.969s] Level 1:colcon.colcon_core.package_identification:_identify(log) ignored
[0.969s] Level 1:colcon.colcon_core.package_identification:_identify(my_bot) by extensions ['ignore', 'ignore_ament_install']
[0.969s] Level 1:colcon.colcon_core.package_identification:_identify(my_bot) by extension 'ignore'
[0.970s] Level 1:colcon.colcon_core.package_identification:_identify(my_bot) by extension 'ignore_ament_install'
[0.970s] Level 1:colcon.colcon_core.package_identification:_identify(my_bot) by extensions ['colcon_pkg']
[0.970s] Level 1:colcon.colcon_core.package_identification:_identify(my_bot) by extension 'colcon_pkg'
[0.970s] Level 1:colcon.colcon_core.package_identification:_identify(my_bot) by extensions ['colcon_meta']
[0.970s] Level 1:colcon.colcon_core.package_identification:_identify(my_bot) by extension 'colcon_meta'
[0.970s] Level 1:colcon.colcon_core.package_identification:_identify(my_bot) by extensions ['ros']
[0.970s] Level 1:colcon.colcon_core.package_identification:_identify(my_bot) by extension 'ros'
[0.970s] DEBUG:colcon.colcon_core.package_identification:Package 'my_bot' with type 'ros.ament_cmake' and name 'my_bot'
[0.970s] Level 1:colcon.colcon_core.package_identification:_identify(sym_bringup) by extensions ['ignore', 'ignore_ament_install']
[0.970s] Level 1:colcon.colcon_core.package_identification:_identify(sym_bringup) by extension 'ignore'
[0.970s] Level 1:colcon.colcon_core.package_identification:_identify(sym_bringup) by extension 'ignore_ament_install'
[0.970s] Level 1:colcon.colcon_core.package_identification:_identify(sym_bringup) by extensions ['colcon_pkg']
[0.970s] Level 1:colcon.colcon_core.package_identification:_identify(sym_bringup) by extension 'colcon_pkg'
[0.970s] Level 1:colcon.colcon_core.package_identification:_identify(sym_bringup) by extensions ['colcon_meta']
[0.970s] Level 1:colcon.colcon_core.package_identification:_identify(sym_bringup) by extension 'colcon_meta'
[0.970s] Level 1:colcon.colcon_core.package_identification:_identify(sym_bringup) by extensions ['ros']
[0.970s] Level 1:colcon.colcon_core.package_identification:_identify(sym_bringup) by extension 'ros'
[0.971s] DEBUG:colcon.colcon_core.package_identification:Package 'sym_bringup' with type 'ros.ament_cmake' and name 'sym_bringup'
[0.971s] Level 1:colcon.colcon_core.package_identification:_identify(urdf_example-main) by extensions ['ignore', 'ignore_ament_install']
[0.971s] Level 1:colcon.colcon_core.package_identification:_identify(urdf_example-main) by extension 'ignore'
[0.971s] Level 1:colcon.colcon_core.package_identification:_identify(urdf_example-main) by extension 'ignore_ament_install'
[0.971s] Level 1:colcon.colcon_core.package_identification:_identify(urdf_example-main) by extensions ['colcon_pkg']
[0.971s] Level 1:colcon.colcon_core.package_identification:_identify(urdf_example-main) by extension 'colcon_pkg'
[0.971s] Level 1:colcon.colcon_core.package_identification:_identify(urdf_example-main) by extensions ['colcon_meta']
[0.971s] Level 1:colcon.colcon_core.package_identification:_identify(urdf_example-main) by extension 'colcon_meta'
[0.971s] Level 1:colcon.colcon_core.package_identification:_identify(urdf_example-main) by extensions ['ros']
[0.971s] Level 1:colcon.colcon_core.package_identification:_identify(urdf_example-main) by extension 'ros'
[0.971s] Level 1:colcon.colcon_core.package_identification:_identify(urdf_example-main) by extensions ['cmake', 'python']
[0.971s] Level 1:colcon.colcon_core.package_identification:_identify(urdf_example-main) by extension 'cmake'
[0.971s] Level 1:colcon.colcon_core.package_identification:_identify(urdf_example-main) by extension 'python'
[0.971s] Level 1:colcon.colcon_core.package_identification:_identify(urdf_example-main) by extensions ['python_setup_py']
[0.971s] Level 1:colcon.colcon_core.package_identification:_identify(urdf_example-main) by extension 'python_setup_py'
[0.972s] Level 1:colcon.colcon_core.package_identification:_identify(urdf_example-main/build) by extensions ['ignore', 'ignore_ament_install']
[0.972s] Level 1:colcon.colcon_core.package_identification:_identify(urdf_example-main/build) by extension 'ignore'
[0.972s] Level 1:colcon.colcon_core.package_identification:_identify(urdf_example-main/build) ignored
[0.972s] Level 1:colcon.colcon_core.package_identification:_identify(urdf_example-main/install) by extensions ['ignore', 'ignore_ament_install']
[0.972s] Level 1:colcon.colcon_core.package_identification:_identify(urdf_example-main/install) by extension 'ignore'
[0.972s] Level 1:colcon.colcon_core.package_identification:_identify(urdf_example-main/install) ignored
[0.972s] Level 1:colcon.colcon_core.package_identification:_identify(urdf_example-main/log) by extensions ['ignore', 'ignore_ament_install']
[0.972s] Level 1:colcon.colcon_core.package_identification:_identify(urdf_example-main/log) by extension 'ignore'
[0.972s] Level 1:colcon.colcon_core.package_identification:_identify(urdf_example-main/log) ignored
[0.972s] Level 1:colcon.colcon_core.package_identification:_identify(urdf_example-main/urdf_example-main) by extensions ['ignore', 'ignore_ament_install']
[0.972s] Level 1:colcon.colcon_core.package_identification:_identify(urdf_example-main/urdf_example-main) by extension 'ignore'
[0.972s] Level 1:colcon.colcon_core.package_identification:_identify(urdf_example-main/urdf_example-main) by extension 'ignore_ament_install'
[0.972s] Level 1:colcon.colcon_core.package_identification:_identify(urdf_example-main/urdf_example-main) by extensions ['colcon_pkg']
[0.972s] Level 1:colcon.colcon_core.package_identification:_identify(urdf_example-main/urdf_example-main) by extension 'colcon_pkg'
[0.972s] Level 1:colcon.colcon_core.package_identification:_identify(urdf_example-main/urdf_example-main) by extensions ['colcon_meta']
[0.972s] Level 1:colcon.colcon_core.package_identification:_identify(urdf_example-main/urdf_example-main) by extension 'colcon_meta'
[0.972s] Level 1:colcon.colcon_core.package_identification:_identify(urdf_example-main/urdf_example-main) by extensions ['ros']
[0.972s] Level 1:colcon.colcon_core.package_identification:_identify(urdf_example-main/urdf_example-main) by extension 'ros'
[0.973s] DEBUG:colcon.colcon_core.package_identification:Package 'urdf_example-main/urdf_example-main' with type 'ros.ament_cmake' and name 'urdf_example'
[0.973s] Level 1:colcon.colcon_core.package_discovery:discover_packages(recursive) using defaults
[0.973s] Level 1:colcon.colcon_core.package_discovery:discover_packages(ignore) discover
[0.973s] Level 1:colcon.colcon_core.package_discovery:discover_packages(ignore) using defaults
[0.973s] Level 1:colcon.colcon_core.package_discovery:discover_packages(path) discover
[0.973s] Level 1:colcon.colcon_core.package_discovery:discover_packages(path) using defaults
[1.068s] Level 1:colcon.colcon_core.package_discovery:discover_packages(prefix_path) check parameters
[1.068s] Level 1:colcon.colcon_core.package_discovery:discover_packages(prefix_path) discover
[1.100s] DEBUG:colcon.colcon_installed_package_information.package_discovery:Found 5 installed packages in /home/giacomo/thesis_ws/install
[1.114s] DEBUG:colcon.colcon_installed_package_information.package_discovery:Found 5 installed packages in /home/giacomo/ros2_ws/install
[1.128s] DEBUG:colcon.colcon_installed_package_information.package_discovery:Found 280 installed packages in /opt/ros/humble
[1.129s] Level 1:colcon.colcon_core.package_discovery:discover_packages(prefix_path) using defaults
[1.203s] Level 5:colcon.colcon_core.verb:set package 'custom_message' build argument 'cmake_args' from command line to 'None'
[1.204s] Level 5:colcon.colcon_core.verb:set package 'custom_message' build argument 'cmake_target' from command line to 'None'
[1.204s] Level 5:colcon.colcon_core.verb:set package 'custom_message' build argument 'cmake_target_skip_unavailable' from command line to 'False'
[1.204s] Level 5:colcon.colcon_core.verb:set package 'custom_message' build argument 'cmake_clean_cache' from command line to 'False'
[1.204s] Level 5:colcon.colcon_core.verb:set package 'custom_message' build argument 'cmake_clean_first' from command line to 'False'
[1.204s] Level 5:colcon.colcon_core.verb:set package 'custom_message' build argument 'cmake_force_configure' from command line to 'False'
[1.204s] Level 5:colcon.colcon_core.verb:set package 'custom_message' build argument 'ament_cmake_args' from command line to 'None'
[1.204s] Level 5:colcon.colcon_core.verb:set package 'custom_message' build argument 'catkin_cmake_args' from command line to 'None'
[1.204s] Level 5:colcon.colcon_core.verb:set package 'custom_message' build argument 'catkin_skip_building_tests' from command line to 'False'
[1.204s] DEBUG:colcon.colcon_core.verb:Building package 'custom_message' with the following arguments: {'ament_cmake_args': None, 'build_base': '/home/giacomo/thesis_ws/src/build/custom_message', 'catkin_cmake_args': None, 'catkin_skip_building_tests': False, 'cmake_args': None, 'cmake_clean_cache': False, 'cmake_clean_first': False, 'cmake_force_configure': False, 'cmake_target': None, 'cmake_target_skip_unavailable': False, 'install_base': '/home/giacomo/thesis_ws/src/install/custom_message', 'merge_install': False, 'path': '/home/giacomo/thesis_ws/src/custom_message', 'symlink_install': True, 'test_result_base': None}
[1.217s] Level 5:colcon.colcon_core.verb:set package 'my_bot' build argument 'cmake_args' from command line to 'None'
[1.217s] Level 5:colcon.colcon_core.verb:set package 'my_bot' build argument 'cmake_target' from command line to 'None'
[1.217s] Level 5:colcon.colcon_core.verb:set package 'my_bot' build argument 'cmake_target_skip_unavailable' from command line to 'False'
[1.217s] Level 5:colcon.colcon_core.verb:set package 'my_bot' build argument 'cmake_clean_cache' from command line to 'False'
[1.217s] Level 5:colcon.colcon_core.verb:set package 'my_bot' build argument 'cmake_clean_first' from command line to 'False'
[1.217s] Level 5:colcon.colcon_core.verb:set package 'my_bot' build argument 'cmake_force_configure' from command line to 'False'
[1.217s] Level 5:colcon.colcon_core.verb:set package 'my_bot' build argument 'ament_cmake_args' from command line to 'None'
[1.217s] Level 5:colcon.colcon_core.verb:set package 'my_bot' build argument 'catkin_cmake_args' from command line to 'None'
[1.217s] Level 5:colcon.colcon_core.verb:set package 'my_bot' build argument 'catkin_skip_building_tests' from command line to 'False'
[1.217s] DEBUG:colcon.colcon_core.verb:Building package 'my_bot' with the following arguments: {'ament_cmake_args': None, 'build_base': '/home/giacomo/thesis_ws/src/build/my_bot', 'catkin_cmake_args': None, 'catkin_skip_building_tests': False, 'cmake_args': None, 'cmake_clean_cache': False, 'cmake_clean_first': False, 'cmake_force_configure': False, 'cmake_target': None, 'cmake_target_skip_unavailable': False, 'install_base': '/home/giacomo/thesis_ws/src/install/my_bot', 'merge_install': False, 'path': '/home/giacomo/thesis_ws/src/my_bot', 'symlink_install': True, 'test_result_base': None}
[1.231s] Level 5:colcon.colcon_core.verb:set package 'urdf_example' build argument 'cmake_args' from command line to 'None'
[1.231s] Level 5:colcon.colcon_core.verb:set package 'urdf_example' build argument 'cmake_target' from command line to 'None'
[1.231s] Level 5:colcon.colcon_core.verb:set package 'urdf_example' build argument 'cmake_target_skip_unavailable' from command line to 'False'
[1.231s] Level 5:colcon.colcon_core.verb:set package 'urdf_example' build argument 'cmake_clean_cache' from command line to 'False'
[1.231s] Level 5:colcon.colcon_core.verb:set package 'urdf_example' build argument 'cmake_clean_first' from command line to 'False'
[1.231s] Level 5:colcon.colcon_core.verb:set package 'urdf_example' build argument 'cmake_force_configure' from command line to 'False'
[1.231s] Level 5:colcon.colcon_core.verb:set package 'urdf_example' build argument 'ament_cmake_args' from command line to 'None'
[1.231s] Level 5:colcon.colcon_core.verb:set package 'urdf_example' build argument 'catkin_cmake_args' from command line to 'None'
[1.231s] Level 5:colcon.colcon_core.verb:set package 'urdf_example' build argument 'catkin_skip_building_tests' from command line to 'False'
[1.231s] DEBUG:colcon.colcon_core.verb:Building package 'urdf_example' with the following arguments: {'ament_cmake_args': None, 'build_base': '/home/giacomo/thesis_ws/src/build/urdf_example', 'catkin_cmake_args': None, 'catkin_skip_building_tests': False, 'cmake_args': None, 'cmake_clean_cache': False, 'cmake_clean_first': False, 'cmake_force_configure': False, 'cmake_target': None, 'cmake_target_skip_unavailable': False, 'install_base': '/home/giacomo/thesis_ws/src/install/urdf_example', 'merge_install': False, 'path': '/home/giacomo/thesis_ws/src/urdf_example-main/urdf_example-main', 'symlink_install': True, 'test_result_base': None}
[1.253s] Level 5:colcon.colcon_core.verb:set package 'bumper_cars' build argument 'cmake_args' from command line to 'None'
[1.253s] Level 5:colcon.colcon_core.verb:set package 'bumper_cars' build argument 'cmake_target' from command line to 'None'
[1.253s] Level 5:colcon.colcon_core.verb:set package 'bumper_cars' build argument 'cmake_target_skip_unavailable' from command line to 'False'
[1.253s] Level 5:colcon.colcon_core.verb:set package 'bumper_cars' build argument 'cmake_clean_cache' from command line to 'False'
[1.253s] Level 5:colcon.colcon_core.verb:set package 'bumper_cars' build argument 'cmake_clean_first' from command line to 'False'
[1.253s] Level 5:colcon.colcon_core.verb:set package 'bumper_cars' build argument 'cmake_force_configure' from command line to 'False'
[1.253s] Level 5:colcon.colcon_core.verb:set package 'bumper_cars' build argument 'ament_cmake_args' from command line to 'None'
[1.253s] Level 5:colcon.colcon_core.verb:set package 'bumper_cars' build argument 'catkin_cmake_args' from command line to 'None'
[1.253s] Level 5:colcon.colcon_core.verb:set package 'bumper_cars' build argument 'catkin_skip_building_tests' from command line to 'False'
[1.253s] DEBUG:colcon.colcon_core.verb:Building package 'bumper_cars' with the following arguments: {'ament_cmake_args': None, 'build_base': '/home/giacomo/thesis_ws/src/build/bumper_cars', 'catkin_cmake_args': None, 'catkin_skip_building_tests': False, 'cmake_args': None, 'cmake_clean_cache': False, 'cmake_clean_first': False, 'cmake_force_configure': False, 'cmake_target': None, 'cmake_target_skip_unavailable': False, 'install_base': '/home/giacomo/thesis_ws/src/install/bumper_cars', 'merge_install': False, 'path': '/home/giacomo/thesis_ws/src/bumper_cars', 'symlink_install': True, 'test_result_base': None}
[1.267s] Level 5:colcon.colcon_core.verb:set package 'sym_bringup' build argument 'cmake_args' from command line to 'None'
[1.267s] Level 5:colcon.colcon_core.verb:set package 'sym_bringup' build argument 'cmake_target' from command line to 'None'
[1.267s] Level 5:colcon.colcon_core.verb:set package 'sym_bringup' build argument 'cmake_target_skip_unavailable' from command line to 'False'
[1.267s] Level 5:colcon.colcon_core.verb:set package 'sym_bringup' build argument 'cmake_clean_cache' from command line to 'False'
[1.267s] Level 5:colcon.colcon_core.verb:set package 'sym_bringup' build argument 'cmake_clean_first' from command line to 'False'
[1.267s] Level 5:colcon.colcon_core.verb:set package 'sym_bringup' build argument 'cmake_force_configure' from command line to 'False'
[1.267s] Level 5:colcon.colcon_core.verb:set package 'sym_bringup' build argument 'ament_cmake_args' from command line to 'None'
[1.267s] Level 5:colcon.colcon_core.verb:set package 'sym_bringup' build argument 'catkin_cmake_args' from command line to 'None'
[1.267s] Level 5:colcon.colcon_core.verb:set package 'sym_bringup' build argument 'catkin_skip_building_tests' from command line to 'False'
[1.267s] DEBUG:colcon.colcon_core.verb:Building package 'sym_bringup' with the following arguments: {'ament_cmake_args': None, 'build_base': '/home/giacomo/thesis_ws/src/build/sym_bringup', 'catkin_cmake_args': None, 'catkin_skip_building_tests': False, 'cmake_args': None, 'cmake_clean_cache': False, 'cmake_clean_first': False, 'cmake_force_configure': False, 'cmake_target': None, 'cmake_target_skip_unavailable': False, 'install_base': '/home/giacomo/thesis_ws/src/install/sym_bringup', 'merge_install': False, 'path': '/home/giacomo/thesis_ws/src/sym_bringup', 'symlink_install': True, 'test_result_base': None}
[1.280s] INFO:colcon.colcon_core.executor:Executing jobs using 'parallel' executor
[1.294s] DEBUG:colcon.colcon_parallel_executor.executor.parallel:run_until_complete
[1.294s] INFO:colcon.colcon_ros.task.ament_cmake.build:Building ROS package in '/home/giacomo/thesis_ws/src/custom_message' with build type 'ament_cmake'
[1.294s] INFO:colcon.colcon_cmake.task.cmake.build:Building CMake package in '/home/giacomo/thesis_ws/src/custom_message'
[1.316s] INFO:colcon.colcon_core.plugin_system:Skipping extension 'colcon_core.shell.bat': Not used on non-Windows systems
[1.317s] INFO:colcon.colcon_core.shell:Skip shell extension 'powershell' for command environment: Not usable outside of PowerShell
[1.317s] DEBUG:colcon.colcon_core.shell:Skip shell extension 'dsv' for command environment
[1.376s] INFO:colcon.colcon_ros.task.ament_cmake.build:Building ROS package in '/home/giacomo/thesis_ws/src/my_bot' with build type 'ament_cmake'
[1.376s] INFO:colcon.colcon_cmake.task.cmake.build:Building CMake package in '/home/giacomo/thesis_ws/src/my_bot'
[1.391s] INFO:colcon.colcon_core.shell:Skip shell extension 'powershell' for command environment: Not usable outside of PowerShell
[1.391s] DEBUG:colcon.colcon_core.shell:Skip shell extension 'dsv' for command environment
[1.452s] INFO:colcon.colcon_ros.task.ament_cmake.build:Building ROS package in '/home/giacomo/thesis_ws/src/urdf_example-main/urdf_example-main' with build type 'ament_cmake'
[1.452s] INFO:colcon.colcon_cmake.task.cmake.build:Building CMake package in '/home/giacomo/thesis_ws/src/urdf_example-main/urdf_example-main'
[1.467s] INFO:colcon.colcon_core.shell:Skip shell extension 'powershell' for command environment: Not usable outside of PowerShell
[1.467s] DEBUG:colcon.colcon_core.shell:Skip shell extension 'dsv' for command environment
[1.545s] DEBUG:colcon.colcon_core.event_handler.log_command:Invoking command in '/home/giacomo/thesis_ws/src/build/custom_message': CMAKE_PREFIX_PATH=${CMAKE_PREFIX_PATH}:/home/giacomo/thesis_ws/install/bumper_cars:/home/giacomo/ros2_ws/install/py_pubsub:/home/giacomo/ros2_ws/install/my_robot_controller:/home/giacomo/ros2_ws/install/py_srvcli:/opt/ros/humble /usr/bin/cmake /home/giacomo/thesis_ws/src/custom_message -DAMENT_CMAKE_SYMLINK_INSTALL=1 -DCMAKE_INSTALL_PREFIX=/home/giacomo/thesis_ws/src/install/custom_message
[1.550s] DEBUG:colcon.colcon_core.event_handler.log_command:Invoking command in '/home/giacomo/thesis_ws/src/build/my_bot': CMAKE_PREFIX_PATH=${CMAKE_PREFIX_PATH}:/home/giacomo/thesis_ws/install/bumper_cars:/home/giacomo/ros2_ws/install/py_pubsub:/home/giacomo/ros2_ws/install/my_robot_controller:/home/giacomo/ros2_ws/install/py_srvcli:/opt/ros/humble /usr/bin/cmake /home/giacomo/thesis_ws/src/my_bot -DAMENT_CMAKE_SYMLINK_INSTALL=1 -DCMAKE_INSTALL_PREFIX=/home/giacomo/thesis_ws/src/install/my_bot
[1.555s] DEBUG:colcon.colcon_core.event_handler.log_command:Invoking command in '/home/giacomo/thesis_ws/src/build/urdf_example': CMAKE_PREFIX_PATH=${CMAKE_PREFIX_PATH}:/home/giacomo/thesis_ws/install/bumper_cars:/home/giacomo/ros2_ws/install/py_pubsub:/home/giacomo/ros2_ws/install/my_robot_controller:/home/giacomo/ros2_ws/install/py_srvcli:/opt/ros/humble /usr/bin/cmake /home/giacomo/thesis_ws/src/urdf_example-main/urdf_example-main -DAMENT_CMAKE_SYMLINK_INSTALL=1 -DCMAKE_INSTALL_PREFIX=/home/giacomo/thesis_ws/src/install/urdf_example
[2.875s] DEBUG:colcon.colcon_core.event_handler.log_command:Invoked command in '/home/giacomo/thesis_ws/src/build/urdf_example' returned '0': CMAKE_PREFIX_PATH=${CMAKE_PREFIX_PATH}:/home/giacomo/thesis_ws/install/bumper_cars:/home/giacomo/ros2_ws/install/py_pubsub:/home/giacomo/ros2_ws/install/my_robot_controller:/home/giacomo/ros2_ws/install/py_srvcli:/opt/ros/humble /usr/bin/cmake /home/giacomo/thesis_ws/src/urdf_example-main/urdf_example-main -DAMENT_CMAKE_SYMLINK_INSTALL=1 -DCMAKE_INSTALL_PREFIX=/home/giacomo/thesis_ws/src/install/urdf_example
[2.879s] DEBUG:colcon.colcon_core.event_handler.log_command:Invoking command in '/home/giacomo/thesis_ws/src/build/urdf_example': CMAKE_PREFIX_PATH=${CMAKE_PREFIX_PATH}:/home/giacomo/thesis_ws/install/bumper_cars:/home/giacomo/ros2_ws/install/py_pubsub:/home/giacomo/ros2_ws/install/my_robot_controller:/home/giacomo/ros2_ws/install/py_srvcli:/opt/ros/humble /usr/bin/cmake --build /home/giacomo/thesis_ws/src/build/urdf_example -- -j8 -l8
[2.920s] DEBUG:colcon.colcon_core.event_handler.log_command:Invoked command in '/home/giacomo/thesis_ws/src/build/urdf_example' returned '0': CMAKE_PREFIX_PATH=${CMAKE_PREFIX_PATH}:/home/giacomo/thesis_ws/install/bumper_cars:/home/giacomo/ros2_ws/install/py_pubsub:/home/giacomo/ros2_ws/install/my_robot_controller:/home/giacomo/ros2_ws/install/py_srvcli:/opt/ros/humble /usr/bin/cmake --build /home/giacomo/thesis_ws/src/build/urdf_example -- -j8 -l8
[2.943s] DEBUG:colcon.colcon_core.event_handler.log_command:Invoked command in '/home/giacomo/thesis_ws/src/build/my_bot' returned '0': CMAKE_PREFIX_PATH=${CMAKE_PREFIX_PATH}:/home/giacomo/thesis_ws/install/bumper_cars:/home/giacomo/ros2_ws/install/py_pubsub:/home/giacomo/ros2_ws/install/my_robot_controller:/home/giacomo/ros2_ws/install/py_srvcli:/opt/ros/humble /usr/bin/cmake /home/giacomo/thesis_ws/src/my_bot -DAMENT_CMAKE_SYMLINK_INSTALL=1 -DCMAKE_INSTALL_PREFIX=/home/giacomo/thesis_ws/src/install/my_bot
[2.946s] DEBUG:colcon.colcon_core.event_handler.log_command:Invoking command in '/home/giacomo/thesis_ws/src/build/my_bot': CMAKE_PREFIX_PATH=${CMAKE_PREFIX_PATH}:/home/giacomo/thesis_ws/install/bumper_cars:/home/giacomo/ros2_ws/install/py_pubsub:/home/giacomo/ros2_ws/install/my_robot_controller:/home/giacomo/ros2_ws/install/py_srvcli:/opt/ros/humble /usr/bin/cmake --build /home/giacomo/thesis_ws/src/build/my_bot -- -j8 -l8
[2.958s] DEBUG:colcon.colcon_core.event_handler.log_command:Invoking command in '/home/giacomo/thesis_ws/src/build/urdf_example': CMAKE_PREFIX_PATH=${CMAKE_PREFIX_PATH}:/home/giacomo/thesis_ws/install/bumper_cars:/home/giacomo/ros2_ws/install/py_pubsub:/home/giacomo/ros2_ws/install/my_robot_controller:/home/giacomo/ros2_ws/install/py_srvcli:/opt/ros/humble /usr/bin/cmake --install /home/giacomo/thesis_ws/src/build/urdf_example
[2.990s] DEBUG:colcon.colcon_core.event_handler.log_command:Invoked command in '/home/giacomo/thesis_ws/src/build/my_bot' returned '0': CMAKE_PREFIX_PATH=${CMAKE_PREFIX_PATH}:/home/giacomo/thesis_ws/install/bumper_cars:/home/giacomo/ros2_ws/install/py_pubsub:/home/giacomo/ros2_ws/install/my_robot_controller:/home/giacomo/ros2_ws/install/py_srvcli:/opt/ros/humble /usr/bin/cmake --build /home/giacomo/thesis_ws/src/build/my_bot -- -j8 -l8
[3.019s] DEBUG:colcon.colcon_core.event_handler.log_command:Invoking command in '/home/giacomo/thesis_ws/src/build/my_bot': CMAKE_PREFIX_PATH=${CMAKE_PREFIX_PATH}:/home/giacomo/thesis_ws/install/bumper_cars:/home/giacomo/ros2_ws/install/py_pubsub:/home/giacomo/ros2_ws/install/my_robot_controller:/home/giacomo/ros2_ws/install/py_srvcli:/opt/ros/humble /usr/bin/cmake --install /home/giacomo/thesis_ws/src/build/my_bot
[3.193s] Level 1:colcon.colcon_core.environment:create_environment_scripts_only(urdf_example)
[3.193s] DEBUG:colcon.colcon_core.event_handler.log_command:Invoked command in '/home/giacomo/thesis_ws/src/build/urdf_example' returned '0': CMAKE_PREFIX_PATH=${CMAKE_PREFIX_PATH}:/home/giacomo/thesis_ws/install/bumper_cars:/home/giacomo/ros2_ws/install/py_pubsub:/home/giacomo/ros2_ws/install/my_robot_controller:/home/giacomo/ros2_ws/install/py_srvcli:/opt/ros/humble /usr/bin/cmake --install /home/giacomo/thesis_ws/src/build/urdf_example
[3.224s] Level 1:colcon.colcon_core.environment:checking '/home/giacomo/thesis_ws/src/install/urdf_example' for CMake module files
[3.225s] Level 1:colcon.colcon_core.environment:checking '/home/giacomo/thesis_ws/src/install/urdf_example' for CMake config files
[3.226s] Level 1:colcon.colcon_core.shell:create_environment_hook('urdf_example', 'cmake_prefix_path')
[3.255s] INFO:colcon.colcon_core.shell:Creating environment hook '/home/giacomo/thesis_ws/src/install/urdf_example/share/urdf_example/hook/cmake_prefix_path.ps1'
[3.257s] INFO:colcon.colcon_core.shell:Creating environment descriptor '/home/giacomo/thesis_ws/src/install/urdf_example/share/urdf_example/hook/cmake_prefix_path.dsv'
[3.257s] INFO:colcon.colcon_core.shell:Creating environment hook '/home/giacomo/thesis_ws/src/install/urdf_example/share/urdf_example/hook/cmake_prefix_path.sh'
[3.259s] Level 1:colcon.colcon_core.environment:checking '/home/giacomo/thesis_ws/src/install/urdf_example/bin'
[3.259s] Level 1:colcon.colcon_core.environment:checking '/home/giacomo/thesis_ws/src/install/urdf_example/lib/pkgconfig/urdf_example.pc'
[3.259s] Level 1:colcon.colcon_core.environment:checking '/home/giacomo/thesis_ws/src/install/urdf_example/lib/python3.10/site-packages'
[3.260s] Level 1:colcon.colcon_core.environment:checking '/home/giacomo/thesis_ws/src/install/urdf_example/bin'
[3.282s] INFO:colcon.colcon_core.shell:Creating package script '/home/giacomo/thesis_ws/src/install/urdf_example/share/urdf_example/package.ps1'
[3.283s] INFO:colcon.colcon_core.shell:Creating package descriptor '/home/giacomo/thesis_ws/src/install/urdf_example/share/urdf_example/package.dsv'
[3.284s] INFO:colcon.colcon_core.shell:Creating package script '/home/giacomo/thesis_ws/src/install/urdf_example/share/urdf_example/package.sh'
[3.285s] INFO:colcon.colcon_core.shell:Creating package script '/home/giacomo/thesis_ws/src/install/urdf_example/share/urdf_example/package.bash'
[3.286s] INFO:colcon.colcon_core.shell:Creating package script '/home/giacomo/thesis_ws/src/install/urdf_example/share/urdf_example/package.zsh'
[3.287s] Level 1:colcon.colcon_core.environment:create_file_with_runtime_dependencies(/home/giacomo/thesis_ws/src/install/urdf_example/share/colcon-core/packages/urdf_example)
[3.331s] Level 1:colcon.colcon_core.environment:create_environment_scripts_only(urdf_example)
[3.357s] Level 1:colcon.colcon_core.environment:checking '/home/giacomo/thesis_ws/src/install/urdf_example' for CMake module files
[3.358s] Level 1:colcon.colcon_core.environment:checking '/home/giacomo/thesis_ws/src/install/urdf_example' for CMake config files
[3.358s] Level 1:colcon.colcon_core.shell:create_environment_hook('urdf_example', 'cmake_prefix_path')
[3.390s] INFO:colcon.colcon_core.shell:Creating environment hook '/home/giacomo/thesis_ws/src/install/urdf_example/share/urdf_example/hook/cmake_prefix_path.ps1'
[3.390s] INFO:colcon.colcon_core.shell:Creating environment descriptor '/home/giacomo/thesis_ws/src/install/urdf_example/share/urdf_example/hook/cmake_prefix_path.dsv'
[3.390s] INFO:colcon.colcon_core.shell:Creating environment hook '/home/giacomo/thesis_ws/src/install/urdf_example/share/urdf_example/hook/cmake_prefix_path.sh'
[3.391s] Level 1:colcon.colcon_core.environment:checking '/home/giacomo/thesis_ws/src/install/urdf_example/bin'
[3.391s] Level 1:colcon.colcon_core.environment:checking '/home/giacomo/thesis_ws/src/install/urdf_example/lib/pkgconfig/urdf_example.pc'
[3.391s] Level 1:colcon.colcon_core.environment:checking '/home/giacomo/thesis_ws/src/install/urdf_example/lib/python3.10/site-packages'
[3.392s] Level 1:colcon.colcon_core.environment:checking '/home/giacomo/thesis_ws/src/install/urdf_example/bin'
[3.413s] INFO:colcon.colcon_core.shell:Creating package script '/home/giacomo/thesis_ws/src/install/urdf_example/share/urdf_example/package.ps1'
[3.413s] INFO:colcon.colcon_core.shell:Creating package descriptor '/home/giacomo/thesis_ws/src/install/urdf_example/share/urdf_example/package.dsv'
[3.414s] INFO:colcon.colcon_core.shell:Creating package script '/home/giacomo/thesis_ws/src/install/urdf_example/share/urdf_example/package.sh'
[3.414s] INFO:colcon.colcon_core.shell:Creating package script '/home/giacomo/thesis_ws/src/install/urdf_example/share/urdf_example/package.bash'
[3.415s] INFO:colcon.colcon_core.shell:Creating package script '/home/giacomo/thesis_ws/src/install/urdf_example/share/urdf_example/package.zsh'
[3.415s] Level 1:colcon.colcon_core.environment:create_file_with_runtime_dependencies(/home/giacomo/thesis_ws/src/install/urdf_example/share/colcon-core/packages/urdf_example)
[3.991s] DEBUG:colcon.colcon_core.event_handler.log_command:Invoked command in '/home/giacomo/thesis_ws/src/build/custom_message' returned '0': CMAKE_PREFIX_PATH=${CMAKE_PREFIX_PATH}:/home/giacomo/thesis_ws/install/bumper_cars:/home/giacomo/ros2_ws/install/py_pubsub:/home/giacomo/ros2_ws/install/my_robot_controller:/home/giacomo/ros2_ws/install/py_srvcli:/opt/ros/humble /usr/bin/cmake /home/giacomo/thesis_ws/src/custom_message -DAMENT_CMAKE_SYMLINK_INSTALL=1 -DCMAKE_INSTALL_PREFIX=/home/giacomo/thesis_ws/src/install/custom_message
[3.992s] DEBUG:colcon.colcon_core.event_handler.log_command:Invoking command in '/home/giacomo/thesis_ws/src/build/custom_message': CMAKE_PREFIX_PATH=${CMAKE_PREFIX_PATH}:/home/giacomo/thesis_ws/install/bumper_cars:/home/giacomo/ros2_ws/install/py_pubsub:/home/giacomo/ros2_ws/install/my_robot_controller:/home/giacomo/ros2_ws/install/py_srvcli:/opt/ros/humble /usr/bin/cmake --build /home/giacomo/thesis_ws/src/build/custom_message -- -j8 -l8
[4.251s] Level 1:colcon.colcon_core.environment:create_environment_scripts_only(my_bot)
[4.251s] DEBUG:colcon.colcon_core.event_handler.log_command:Invoked command in '/home/giacomo/thesis_ws/src/build/my_bot' returned '0': CMAKE_PREFIX_PATH=${CMAKE_PREFIX_PATH}:/home/giacomo/thesis_ws/install/bumper_cars:/home/giacomo/ros2_ws/install/py_pubsub:/home/giacomo/ros2_ws/install/my_robot_controller:/home/giacomo/ros2_ws/install/py_srvcli:/opt/ros/humble /usr/bin/cmake --install /home/giacomo/thesis_ws/src/build/my_bot
[4.283s] Level 1:colcon.colcon_core.environment:checking '/home/giacomo/thesis_ws/src/install/my_bot' for CMake module files
[4.284s] Level 1:colcon.colcon_core.environment:checking '/home/giacomo/thesis_ws/src/install/my_bot' for CMake config files
[4.286s] Level 1:colcon.colcon_core.shell:create_environment_hook('my_bot', 'cmake_prefix_path')
[4.307s] INFO:colcon.colcon_core.shell:Creating environment hook '/home/giacomo/thesis_ws/src/install/my_bot/share/my_bot/hook/cmake_prefix_path.ps1'
[4.308s] INFO:colcon.colcon_core.shell:Creating environment descriptor '/home/giacomo/thesis_ws/src/install/my_bot/share/my_bot/hook/cmake_prefix_path.dsv'
[4.308s] INFO:colcon.colcon_core.shell:Creating environment hook '/home/giacomo/thesis_ws/src/install/my_bot/share/my_bot/hook/cmake_prefix_path.sh'
[4.309s] Level 1:colcon.colcon_core.environment:checking '/home/giacomo/thesis_ws/src/install/my_bot/bin'
[4.309s] Level 1:colcon.colcon_core.environment:checking '/home/giacomo/thesis_ws/src/install/my_bot/lib/pkgconfig/my_bot.pc'
[4.309s] Level 1:colcon.colcon_core.environment:checking '/home/giacomo/thesis_ws/src/install/my_bot/lib/python3.10/site-packages'
[4.310s] Level 1:colcon.colcon_core.environment:checking '/home/giacomo/thesis_ws/src/install/my_bot/bin'
[4.330s] INFO:colcon.colcon_core.shell:Creating package script '/home/giacomo/thesis_ws/src/install/my_bot/share/my_bot/package.ps1'
[4.331s] INFO:colcon.colcon_core.shell:Creating package descriptor '/home/giacomo/thesis_ws/src/install/my_bot/share/my_bot/package.dsv'
[4.332s] INFO:colcon.colcon_core.shell:Creating package script '/home/giacomo/thesis_ws/src/install/my_bot/share/my_bot/package.sh'
[4.333s] INFO:colcon.colcon_core.shell:Creating package script '/home/giacomo/thesis_ws/src/install/my_bot/share/my_bot/package.bash'
[4.333s] INFO:colcon.colcon_core.shell:Creating package script '/home/giacomo/thesis_ws/src/install/my_bot/share/my_bot/package.zsh'
[4.334s] Level 1:colcon.colcon_core.environment:create_file_with_runtime_dependencies(/home/giacomo/thesis_ws/src/install/my_bot/share/colcon-core/packages/my_bot)
[4.399s] Level 1:colcon.colcon_core.environment:create_environment_scripts_only(my_bot)
[4.441s] Level 1:colcon.colcon_core.environment:checking '/home/giacomo/thesis_ws/src/install/my_bot' for CMake module files
[4.442s] Level 1:colcon.colcon_core.environment:checking '/home/giacomo/thesis_ws/src/install/my_bot' for CMake config files
[4.444s] Level 1:colcon.colcon_core.shell:create_environment_hook('my_bot', 'cmake_prefix_path')
[4.471s] INFO:colcon.colcon_core.shell:Creating environment hook '/home/giacomo/thesis_ws/src/install/my_bot/share/my_bot/hook/cmake_prefix_path.ps1'
[4.471s] INFO:colcon.colcon_core.shell:Creating environment descriptor '/home/giacomo/thesis_ws/src/install/my_bot/share/my_bot/hook/cmake_prefix_path.dsv'
[4.472s] INFO:colcon.colcon_core.shell:Creating environment hook '/home/giacomo/thesis_ws/src/install/my_bot/share/my_bot/hook/cmake_prefix_path.sh'
[4.472s] Level 1:colcon.colcon_core.environment:checking '/home/giacomo/thesis_ws/src/install/my_bot/bin'
[4.472s] Level 1:colcon.colcon_core.environment:checking '/home/giacomo/thesis_ws/src/install/my_bot/lib/pkgconfig/my_bot.pc'
[4.473s] Level 1:colcon.colcon_core.environment:checking '/home/giacomo/thesis_ws/src/install/my_bot/lib/python3.10/site-packages'
[4.473s] Level 1:colcon.colcon_core.environment:checking '/home/giacomo/thesis_ws/src/install/my_bot/bin'
[4.497s] INFO:colcon.colcon_core.shell:Creating package script '/home/giacomo/thesis_ws/src/install/my_bot/share/my_bot/package.ps1'
[4.498s] INFO:colcon.colcon_core.shell:Creating package descriptor '/home/giacomo/thesis_ws/src/install/my_bot/share/my_bot/package.dsv'
[4.498s] INFO:colcon.colcon_core.shell:Creating package script '/home/giacomo/thesis_ws/src/install/my_bot/share/my_bot/package.sh'
[4.499s] INFO:colcon.colcon_core.shell:Creating package script '/home/giacomo/thesis_ws/src/install/my_bot/share/my_bot/package.bash'
[4.499s] INFO:colcon.colcon_core.shell:Creating package script '/home/giacomo/thesis_ws/src/install/my_bot/share/my_bot/package.zsh'
[4.500s] Level 1:colcon.colcon_core.environment:create_file_with_runtime_dependencies(/home/giacomo/thesis_ws/src/install/my_bot/share/colcon-core/packages/my_bot)
[7.636s] DEBUG:colcon.colcon_core.event_handler.log_command:Invoked command in '/home/giacomo/thesis_ws/src/build/custom_message' returned '0': CMAKE_PREFIX_PATH=${CMAKE_PREFIX_PATH}:/home/giacomo/thesis_ws/install/bumper_cars:/home/giacomo/ros2_ws/install/py_pubsub:/home/giacomo/ros2_ws/install/my_robot_controller:/home/giacomo/ros2_ws/install/py_srvcli:/opt/ros/humble /usr/bin/cmake --build /home/giacomo/thesis_ws/src/build/custom_message -- -j8 -l8
[7.743s] DEBUG:colcon.colcon_core.event_handler.log_command:Invoking command in '/home/giacomo/thesis_ws/src/build/custom_message': CMAKE_PREFIX_PATH=${CMAKE_PREFIX_PATH}:/home/giacomo/thesis_ws/install/bumper_cars:/home/giacomo/ros2_ws/install/py_pubsub:/home/giacomo/ros2_ws/install/my_robot_controller:/home/giacomo/ros2_ws/install/py_srvcli:/opt/ros/humble /usr/bin/cmake --install /home/giacomo/thesis_ws/src/build/custom_message
[8.624s] Level 1:colcon.colcon_core.environment:create_environment_scripts_only(custom_message)
[8.624s] DEBUG:colcon.colcon_core.event_handler.log_command:Invoked command in '/home/giacomo/thesis_ws/src/build/custom_message' returned '0': CMAKE_PREFIX_PATH=${CMAKE_PREFIX_PATH}:/home/giacomo/thesis_ws/install/bumper_cars:/home/giacomo/ros2_ws/install/py_pubsub:/home/giacomo/ros2_ws/install/my_robot_controller:/home/giacomo/ros2_ws/install/py_srvcli:/opt/ros/humble /usr/bin/cmake --install /home/giacomo/thesis_ws/src/build/custom_message
[8.639s] Level 1:colcon.colcon_core.environment:checking '/home/giacomo/thesis_ws/src/install/custom_message' for CMake module files
[8.639s] Level 1:colcon.colcon_core.environment:checking '/home/giacomo/thesis_ws/src/install/custom_message' for CMake config files
[8.640s] Level 1:colcon.colcon_core.shell:create_environment_hook('custom_message', 'cmake_prefix_path')
[8.654s] INFO:colcon.colcon_core.shell:Creating environment hook '/home/giacomo/thesis_ws/src/install/custom_message/share/custom_message/hook/cmake_prefix_path.ps1'
[8.654s] INFO:colcon.colcon_core.shell:Creating environment descriptor '/home/giacomo/thesis_ws/src/install/custom_message/share/custom_message/hook/cmake_prefix_path.dsv'
[8.655s] INFO:colcon.colcon_core.shell:Creating environment hook '/home/giacomo/thesis_ws/src/install/custom_message/share/custom_message/hook/cmake_prefix_path.sh'
[8.655s] Level 1:colcon.colcon_core.environment:checking '/home/giacomo/thesis_ws/src/install/custom_message/lib'
[8.655s] Level 1:colcon.colcon_core.shell:create_environment_hook('custom_message', 'ld_library_path_lib')
[8.671s] INFO:colcon.colcon_core.shell:Creating environment hook '/home/giacomo/thesis_ws/src/install/custom_message/share/custom_message/hook/ld_library_path_lib.ps1'
[8.671s] INFO:colcon.colcon_core.shell:Creating environment descriptor '/home/giacomo/thesis_ws/src/install/custom_message/share/custom_message/hook/ld_library_path_lib.dsv'
[8.672s] INFO:colcon.colcon_core.shell:Creating environment hook '/home/giacomo/thesis_ws/src/install/custom_message/share/custom_message/hook/ld_library_path_lib.sh'
[8.672s] Level 1:colcon.colcon_core.environment:checking '/home/giacomo/thesis_ws/src/install/custom_message/bin'
[8.672s] Level 1:colcon.colcon_core.environment:checking '/home/giacomo/thesis_ws/src/install/custom_message/lib/pkgconfig/custom_message.pc'
[8.672s] Level 1:colcon.colcon_core.environment:checking '/home/giacomo/thesis_ws/src/install/custom_message/lib/python3.10/site-packages'
[8.672s] Level 1:colcon.colcon_core.environment:checking '/home/giacomo/thesis_ws/src/install/custom_message/bin'
[8.686s] INFO:colcon.colcon_core.shell:Creating package script '/home/giacomo/thesis_ws/src/install/custom_message/share/custom_message/package.ps1'
[8.687s] INFO:colcon.colcon_core.shell:Creating package descriptor '/home/giacomo/thesis_ws/src/install/custom_message/share/custom_message/package.dsv'
[8.687s] INFO:colcon.colcon_core.shell:Creating package script '/home/giacomo/thesis_ws/src/install/custom_message/share/custom_message/package.sh'
[8.687s] INFO:colcon.colcon_core.shell:Creating package script '/home/giacomo/thesis_ws/src/install/custom_message/share/custom_message/package.bash'
[8.688s] INFO:colcon.colcon_core.shell:Creating package script '/home/giacomo/thesis_ws/src/install/custom_message/share/custom_message/package.zsh'
[8.688s] Level 1:colcon.colcon_core.environment:create_file_with_runtime_dependencies(/home/giacomo/thesis_ws/src/install/custom_message/share/colcon-core/packages/custom_message)
[8.806s] Level 1:colcon.colcon_core.environment:create_environment_scripts_only(custom_message)
[8.821s] Level 1:colcon.colcon_core.environment:checking '/home/giacomo/thesis_ws/src/install/custom_message' for CMake module files
[8.821s] Level 1:colcon.colcon_core.environment:checking '/home/giacomo/thesis_ws/src/install/custom_message' for CMake config files
[8.822s] Level 1:colcon.colcon_core.shell:create_environment_hook('custom_message', 'cmake_prefix_path')
[8.836s] INFO:colcon.colcon_core.shell:Creating environment hook '/home/giacomo/thesis_ws/src/install/custom_message/share/custom_message/hook/cmake_prefix_path.ps1'
[8.836s] INFO:colcon.colcon_core.shell:Creating environment descriptor '/home/giacomo/thesis_ws/src/install/custom_message/share/custom_message/hook/cmake_prefix_path.dsv'
[8.836s] INFO:colcon.colcon_core.shell:Creating environment hook '/home/giacomo/thesis_ws/src/install/custom_message/share/custom_message/hook/cmake_prefix_path.sh'
[8.837s] Level 1:colcon.colcon_core.environment:checking '/home/giacomo/thesis_ws/src/install/custom_message/lib'
[8.837s] Level 1:colcon.colcon_core.shell:create_environment_hook('custom_message', 'ld_library_path_lib')
[8.851s] INFO:colcon.colcon_core.shell:Creating environment hook '/home/giacomo/thesis_ws/src/install/custom_message/share/custom_message/hook/ld_library_path_lib.ps1'
[8.851s] INFO:colcon.colcon_core.shell:Creating environment descriptor '/home/giacomo/thesis_ws/src/install/custom_message/share/custom_message/hook/ld_library_path_lib.dsv'
[8.852s] INFO:colcon.colcon_core.shell:Creating environment hook '/home/giacomo/thesis_ws/src/install/custom_message/share/custom_message/hook/ld_library_path_lib.sh'
[8.852s] Level 1:colcon.colcon_core.environment:checking '/home/giacomo/thesis_ws/src/install/custom_message/bin'
[8.852s] Level 1:colcon.colcon_core.environment:checking '/home/giacomo/thesis_ws/src/install/custom_message/lib/pkgconfig/custom_message.pc'
[8.852s] Level 1:colcon.colcon_core.environment:checking '/home/giacomo/thesis_ws/src/install/custom_message/lib/python3.10/site-packages'
[8.852s] Level 1:colcon.colcon_core.environment:checking '/home/giacomo/thesis_ws/src/install/custom_message/bin'
[8.867s] INFO:colcon.colcon_core.shell:Creating package script '/home/giacomo/thesis_ws/src/install/custom_message/share/custom_message/package.ps1'
[8.867s] INFO:colcon.colcon_core.shell:Creating package descriptor '/home/giacomo/thesis_ws/src/install/custom_message/share/custom_message/package.dsv'
[8.868s] INFO:colcon.colcon_core.shell:Creating package script '/home/giacomo/thesis_ws/src/install/custom_message/share/custom_message/package.sh'
[8.868s] INFO:colcon.colcon_core.shell:Creating package script '/home/giacomo/thesis_ws/src/install/custom_message/share/custom_message/package.bash'
[8.868s] INFO:colcon.colcon_core.shell:Creating package script '/home/giacomo/thesis_ws/src/install/custom_message/share/custom_message/package.zsh'
[8.869s] Level 1:colcon.colcon_core.environment:create_file_with_runtime_dependencies(/home/giacomo/thesis_ws/src/install/custom_message/share/colcon-core/packages/custom_message)
[8.869s] INFO:colcon.colcon_ros.task.ament_python.build:Building ROS package in '/home/giacomo/thesis_ws/src/bumper_cars' with build type 'ament_python'
[8.869s] Level 1:colcon.colcon_core.shell:create_environment_hook('bumper_cars', 'ament_prefix_path')
[8.885s] INFO:colcon.colcon_core.shell:Creating environment hook '/home/giacomo/thesis_ws/src/install/bumper_cars/share/bumper_cars/hook/ament_prefix_path.ps1'
[8.885s] INFO:colcon.colcon_core.shell:Creating environment descriptor '/home/giacomo/thesis_ws/src/install/bumper_cars/share/bumper_cars/hook/ament_prefix_path.dsv'
[8.886s] INFO:colcon.colcon_core.shell:Creating environment hook '/home/giacomo/thesis_ws/src/install/bumper_cars/share/bumper_cars/hook/ament_prefix_path.sh'
[8.901s] INFO:colcon.colcon_core.shell:Skip shell extension 'powershell' for command environment: Not usable outside of PowerShell
[8.901s] DEBUG:colcon.colcon_core.shell:Skip shell extension 'dsv' for command environment
[9.153s] INFO:colcon.colcon_core.task.python.build:Building Python package in '/home/giacomo/thesis_ws/src/bumper_cars'
[9.167s] INFO:colcon.colcon_core.shell:Skip shell extension 'powershell' for command environment: Not usable outside of PowerShell
[9.167s] DEBUG:colcon.colcon_core.shell:Skip shell extension 'dsv' for command environment
[9.758s] DEBUG:colcon.colcon_core.event_handler.log_command:Invoking command in '/home/giacomo/thesis_ws/src/build/bumper_cars': AMENT_PREFIX_PATH=/home/giacomo/thesis_ws/src/install/custom_message:${AMENT_PREFIX_PATH} CMAKE_PREFIX_PATH=/home/giacomo/thesis_ws/src/install/custom_message:${CMAKE_PREFIX_PATH} LD_LIBRARY_PATH=/home/giacomo/thesis_ws/src/install/custom_message/lib:${LD_LIBRARY_PATH} PYTHONPATH=/home/giacomo/thesis_ws/src/build/bumper_cars/prefix_override:/home/giacomo/thesis_ws/src/install/bumper_cars/lib/python3.10/site-packages:/home/giacomo/thesis_ws/src/install/custom_message/local/lib/python3.10/dist-packages:${PYTHONPATH} /usr/bin/python3 setup.py develop --editable --build-directory /home/giacomo/thesis_ws/src/build/bumper_cars/build --no-deps install_data
[10.420s] Level 1:colcon.colcon_core.shell:create_environment_hook('bumper_cars', 'pythonpath_develop')
[10.421s] DEBUG:colcon.colcon_core.event_handler.log_command:Invoked command in '/home/giacomo/thesis_ws/src/build/bumper_cars' returned '0': AMENT_PREFIX_PATH=/home/giacomo/thesis_ws/src/install/custom_message:${AMENT_PREFIX_PATH} CMAKE_PREFIX_PATH=/home/giacomo/thesis_ws/src/install/custom_message:${CMAKE_PREFIX_PATH} LD_LIBRARY_PATH=/home/giacomo/thesis_ws/src/install/custom_message/lib:${LD_LIBRARY_PATH} PYTHONPATH=/home/giacomo/thesis_ws/src/build/bumper_cars/prefix_override:/home/giacomo/thesis_ws/src/install/bumper_cars/lib/python3.10/site-packages:/home/giacomo/thesis_ws/src/install/custom_message/local/lib/python3.10/dist-packages:${PYTHONPATH} /usr/bin/python3 setup.py develop --editable --build-directory /home/giacomo/thesis_ws/src/build/bumper_cars/build --no-deps install_data
[10.439s] INFO:colcon.colcon_core.shell:Creating environment hook '/home/giacomo/thesis_ws/src/build/bumper_cars/share/bumper_cars/hook/pythonpath_develop.ps1'
[10.440s] INFO:colcon.colcon_core.shell:Creating environment descriptor '/home/giacomo/thesis_ws/src/build/bumper_cars/share/bumper_cars/hook/pythonpath_develop.dsv'
[10.440s] INFO:colcon.colcon_core.shell:Creating environment hook '/home/giacomo/thesis_ws/src/build/bumper_cars/share/bumper_cars/hook/pythonpath_develop.sh'
[10.457s] Level 1:colcon.colcon_core.environment:checking '/home/giacomo/thesis_ws/src/install/bumper_cars' for CMake module files
[10.457s] Level 1:colcon.colcon_core.environment:checking '/home/giacomo/thesis_ws/src/install/bumper_cars' for CMake config files
[10.457s] Level 1:colcon.colcon_core.environment:checking '/home/giacomo/thesis_ws/src/install/bumper_cars/lib'
[10.457s] Level 1:colcon.colcon_core.environment:checking '/home/giacomo/thesis_ws/src/install/bumper_cars/bin'
[10.458s] Level 1:colcon.colcon_core.environment:checking '/home/giacomo/thesis_ws/src/install/bumper_cars/lib/pkgconfig/bumper_cars.pc'
[10.458s] Level 1:colcon.colcon_core.environment:checking '/home/giacomo/thesis_ws/src/install/bumper_cars/lib/python3.10/site-packages'
[10.458s] Level 1:colcon.colcon_core.shell:create_environment_hook('bumper_cars', 'pythonpath')
[10.475s] INFO:colcon.colcon_core.shell:Creating environment hook '/home/giacomo/thesis_ws/src/install/bumper_cars/share/bumper_cars/hook/pythonpath.ps1'
[10.476s] INFO:colcon.colcon_core.shell:Creating environment descriptor '/home/giacomo/thesis_ws/src/install/bumper_cars/share/bumper_cars/hook/pythonpath.dsv'
[10.476s] INFO:colcon.colcon_core.shell:Creating environment hook '/home/giacomo/thesis_ws/src/install/bumper_cars/share/bumper_cars/hook/pythonpath.sh'
[10.477s] Level 1:colcon.colcon_core.environment:checking '/home/giacomo/thesis_ws/src/install/bumper_cars/bin'
[10.477s] Level 1:colcon.colcon_core.environment:create_environment_scripts_only(bumper_cars)
[10.493s] INFO:colcon.colcon_core.shell:Creating package script '/home/giacomo/thesis_ws/src/install/bumper_cars/share/bumper_cars/package.ps1'
[10.494s] INFO:colcon.colcon_core.shell:Creating package descriptor '/home/giacomo/thesis_ws/src/install/bumper_cars/share/bumper_cars/package.dsv'
[10.494s] INFO:colcon.colcon_core.shell:Creating package script '/home/giacomo/thesis_ws/src/install/bumper_cars/share/bumper_cars/package.sh'
[10.495s] INFO:colcon.colcon_core.shell:Creating package script '/home/giacomo/thesis_ws/src/install/bumper_cars/share/bumper_cars/package.bash'
[10.495s] INFO:colcon.colcon_core.shell:Creating package script '/home/giacomo/thesis_ws/src/install/bumper_cars/share/bumper_cars/package.zsh'
[10.495s] Level 1:colcon.colcon_core.environment:create_file_with_runtime_dependencies(/home/giacomo/thesis_ws/src/install/bumper_cars/share/colcon-core/packages/bumper_cars)
[10.495s] INFO:colcon.colcon_ros.task.ament_cmake.build:Building ROS package in '/home/giacomo/thesis_ws/src/sym_bringup' with build type 'ament_cmake'
[10.496s] INFO:colcon.colcon_cmake.task.cmake.build:Building CMake package in '/home/giacomo/thesis_ws/src/sym_bringup'
[10.530s] INFO:colcon.colcon_core.shell:Skip shell extension 'powershell' for command environment: Not usable outside of PowerShell
[10.530s] DEBUG:colcon.colcon_core.shell:Skip shell extension 'dsv' for command environment
[10.666s] DEBUG:colcon.colcon_core.event_handler.log_command:Invoking command in '/home/giacomo/thesis_ws/src/build/sym_bringup': AMENT_PREFIX_PATH=/home/giacomo/thesis_ws/src/install/bumper_cars:/home/giacomo/thesis_ws/src/install/custom_message:${AMENT_PREFIX_PATH} CMAKE_PREFIX_PATH=/home/giacomo/thesis_ws/src/install/custom_message:/home/giacomo/thesis_ws/install/urdf_example:/home/giacomo/thesis_ws/install/sym_bringup:/home/giacomo/thesis_ws/install/custom_message:/home/giacomo/ros2_ws/install/tutorial_interfaces:/home/giacomo/ros2_ws/install/turtlesim:/home/giacomo/thesis_ws/install/bumper_cars:/home/giacomo/ros2_ws/install/py_pubsub:/home/giacomo/ros2_ws/install/my_robot_controller:/home/giacomo/ros2_ws/install/py_srvcli:/opt/ros/humble LD_LIBRARY_PATH=/home/giacomo/thesis_ws/src/install/custom_message/lib:${LD_LIBRARY_PATH} PYTHONPATH=/home/giacomo/thesis_ws/src/build/bumper_cars:/home/giacomo/thesis_ws/src/install/bumper_cars/lib/python3.10/site-packages:/home/giacomo/thesis_ws/src/install/custom_message/local/lib/python3.10/dist-packages:${PYTHONPATH} /usr/bin/cmake /home/giacomo/thesis_ws/src/sym_bringup -DAMENT_CMAKE_SYMLINK_INSTALL=1 -DCMAKE_INSTALL_PREFIX=/home/giacomo/thesis_ws/src/install/sym_bringup
[11.822s] DEBUG:colcon.colcon_core.event_handler.log_command:Invoked command in '/home/giacomo/thesis_ws/src/build/sym_bringup' returned '0': AMENT_PREFIX_PATH=/home/giacomo/thesis_ws/src/install/bumper_cars:/home/giacomo/thesis_ws/src/install/custom_message:${AMENT_PREFIX_PATH} CMAKE_PREFIX_PATH=/home/giacomo/thesis_ws/src/install/custom_message:/home/giacomo/thesis_ws/install/urdf_example:/home/giacomo/thesis_ws/install/sym_bringup:/home/giacomo/thesis_ws/install/custom_message:/home/giacomo/ros2_ws/install/tutorial_interfaces:/home/giacomo/ros2_ws/install/turtlesim:/home/giacomo/thesis_ws/install/bumper_cars:/home/giacomo/ros2_ws/install/py_pubsub:/home/giacomo/ros2_ws/install/my_robot_controller:/home/giacomo/ros2_ws/install/py_srvcli:/opt/ros/humble LD_LIBRARY_PATH=/home/giacomo/thesis_ws/src/install/custom_message/lib:${LD_LIBRARY_PATH} PYTHONPATH=/home/giacomo/thesis_ws/src/build/bumper_cars:/home/giacomo/thesis_ws/src/install/bumper_cars/lib/python3.10/site-packages:/home/giacomo/thesis_ws/src/install/custom_message/local/lib/python3.10/dist-packages:${PYTHONPATH} /usr/bin/cmake /home/giacomo/thesis_ws/src/sym_bringup -DAMENT_CMAKE_SYMLINK_INSTALL=1 -DCMAKE_INSTALL_PREFIX=/home/giacomo/thesis_ws/src/install/sym_bringup
[11.824s] DEBUG:colcon.colcon_core.event_handler.log_command:Invoking command in '/home/giacomo/thesis_ws/src/build/sym_bringup': AMENT_PREFIX_PATH=/home/giacomo/thesis_ws/src/install/bumper_cars:/home/giacomo/thesis_ws/src/install/custom_message:${AMENT_PREFIX_PATH} CMAKE_PREFIX_PATH=/home/giacomo/thesis_ws/src/install/custom_message:/home/giacomo/thesis_ws/install/urdf_example:/home/giacomo/thesis_ws/install/sym_bringup:/home/giacomo/thesis_ws/install/custom_message:/home/giacomo/ros2_ws/install/tutorial_interfaces:/home/giacomo/ros2_ws/install/turtlesim:/home/giacomo/thesis_ws/install/bumper_cars:/home/giacomo/ros2_ws/install/py_pubsub:/home/giacomo/ros2_ws/install/my_robot_controller:/home/giacomo/ros2_ws/install/py_srvcli:/opt/ros/humble LD_LIBRARY_PATH=/home/giacomo/thesis_ws/src/install/custom_message/lib:${LD_LIBRARY_PATH} PYTHONPATH=/home/giacomo/thesis_ws/src/build/bumper_cars:/home/giacomo/thesis_ws/src/install/bumper_cars/lib/python3.10/site-packages:/home/giacomo/thesis_ws/src/install/custom_message/local/lib/python3.10/dist-packages:${PYTHONPATH} /usr/bin/cmake --build /home/giacomo/thesis_ws/src/build/sym_bringup -- -j8 -l8
[11.867s] DEBUG:colcon.colcon_core.event_handler.log_command:Invoked command in '/home/giacomo/thesis_ws/src/build/sym_bringup' returned '0': AMENT_PREFIX_PATH=/home/giacomo/thesis_ws/src/install/bumper_cars:/home/giacomo/thesis_ws/src/install/custom_message:${AMENT_PREFIX_PATH} CMAKE_PREFIX_PATH=/home/giacomo/thesis_ws/src/install/custom_message:/home/giacomo/thesis_ws/install/urdf_example:/home/giacomo/thesis_ws/install/sym_bringup:/home/giacomo/thesis_ws/install/custom_message:/home/giacomo/ros2_ws/install/tutorial_interfaces:/home/giacomo/ros2_ws/install/turtlesim:/home/giacomo/thesis_ws/install/bumper_cars:/home/giacomo/ros2_ws/install/py_pubsub:/home/giacomo/ros2_ws/install/my_robot_controller:/home/giacomo/ros2_ws/install/py_srvcli:/opt/ros/humble LD_LIBRARY_PATH=/home/giacomo/thesis_ws/src/install/custom_message/lib:${LD_LIBRARY_PATH} PYTHONPATH=/home/giacomo/thesis_ws/src/build/bumper_cars:/home/giacomo/thesis_ws/src/install/bumper_cars/lib/python3.10/site-packages:/home/giacomo/thesis_ws/src/install/custom_message/local/lib/python3.10/dist-packages:${PYTHONPATH} /usr/bin/cmake --build /home/giacomo/thesis_ws/src/build/sym_bringup -- -j8 -l8
[11.899s] DEBUG:colcon.colcon_core.event_handler.log_command:Invoking command in '/home/giacomo/thesis_ws/src/build/sym_bringup': AMENT_PREFIX_PATH=/home/giacomo/thesis_ws/src/install/bumper_cars:/home/giacomo/thesis_ws/src/install/custom_message:${AMENT_PREFIX_PATH} CMAKE_PREFIX_PATH=/home/giacomo/thesis_ws/src/install/custom_message:/home/giacomo/thesis_ws/install/urdf_example:/home/giacomo/thesis_ws/install/sym_bringup:/home/giacomo/thesis_ws/install/custom_message:/home/giacomo/ros2_ws/install/tutorial_interfaces:/home/giacomo/ros2_ws/install/turtlesim:/home/giacomo/thesis_ws/install/bumper_cars:/home/giacomo/ros2_ws/install/py_pubsub:/home/giacomo/ros2_ws/install/my_robot_controller:/home/giacomo/ros2_ws/install/py_srvcli:/opt/ros/humble LD_LIBRARY_PATH=/home/giacomo/thesis_ws/src/install/custom_message/lib:${LD_LIBRARY_PATH} PYTHONPATH=/home/giacomo/thesis_ws/src/build/bumper_cars:/home/giacomo/thesis_ws/src/install/bumper_cars/lib/python3.10/site-packages:/home/giacomo/thesis_ws/src/install/custom_message/local/lib/python3.10/dist-packages:${PYTHONPATH} /usr/bin/cmake --install /home/giacomo/thesis_ws/src/build/sym_bringup
[12.091s] Level 1:colcon.colcon_core.environment:create_environment_scripts_only(sym_bringup)
[12.092s] DEBUG:colcon.colcon_core.event_handler.log_command:Invoked command in '/home/giacomo/thesis_ws/src/build/sym_bringup' returned '0': AMENT_PREFIX_PATH=/home/giacomo/thesis_ws/src/install/bumper_cars:/home/giacomo/thesis_ws/src/install/custom_message:${AMENT_PREFIX_PATH} CMAKE_PREFIX_PATH=/home/giacomo/thesis_ws/src/install/custom_message:/home/giacomo/thesis_ws/install/urdf_example:/home/giacomo/thesis_ws/install/sym_bringup:/home/giacomo/thesis_ws/install/custom_message:/home/giacomo/ros2_ws/install/tutorial_interfaces:/home/giacomo/ros2_ws/install/turtlesim:/home/giacomo/thesis_ws/install/bumper_cars:/home/giacomo/ros2_ws/install/py_pubsub:/home/giacomo/ros2_ws/install/my_robot_controller:/home/giacomo/ros2_ws/install/py_srvcli:/opt/ros/humble LD_LIBRARY_PATH=/home/giacomo/thesis_ws/src/install/custom_message/lib:${LD_LIBRARY_PATH} PYTHONPATH=/home/giacomo/thesis_ws/src/build/bumper_cars:/home/giacomo/thesis_ws/src/install/bumper_cars/lib/python3.10/site-packages:/home/giacomo/thesis_ws/src/install/custom_message/local/lib/python3.10/dist-packages:${PYTHONPATH} /usr/bin/cmake --install /home/giacomo/thesis_ws/src/build/sym_bringup
[12.110s] Level 1:colcon.colcon_core.environment:checking '/home/giacomo/thesis_ws/src/install/sym_bringup' for CMake module files
[12.111s] Level 1:colcon.colcon_core.environment:checking '/home/giacomo/thesis_ws/src/install/sym_bringup' for CMake config files
[12.111s] Level 1:colcon.colcon_core.shell:create_environment_hook('sym_bringup', 'cmake_prefix_path')
[12.131s] INFO:colcon.colcon_core.shell:Creating environment hook '/home/giacomo/thesis_ws/src/install/sym_bringup/share/sym_bringup/hook/cmake_prefix_path.ps1'
[12.131s] INFO:colcon.colcon_core.shell:Creating environment descriptor '/home/giacomo/thesis_ws/src/install/sym_bringup/share/sym_bringup/hook/cmake_prefix_path.dsv'
[12.131s] INFO:colcon.colcon_core.shell:Creating environment hook '/home/giacomo/thesis_ws/src/install/sym_bringup/share/sym_bringup/hook/cmake_prefix_path.sh'
[12.132s] Level 1:colcon.colcon_core.environment:checking '/home/giacomo/thesis_ws/src/install/sym_bringup/bin'
[12.132s] Level 1:colcon.colcon_core.environment:checking '/home/giacomo/thesis_ws/src/install/sym_bringup/lib/pkgconfig/sym_bringup.pc'
[12.132s] Level 1:colcon.colcon_core.environment:checking '/home/giacomo/thesis_ws/src/install/sym_bringup/lib/python3.10/site-packages'
[12.132s] Level 1:colcon.colcon_core.environment:checking '/home/giacomo/thesis_ws/src/install/sym_bringup/bin'
[12.152s] INFO:colcon.colcon_core.shell:Creating package script '/home/giacomo/thesis_ws/src/install/sym_bringup/share/sym_bringup/package.ps1'
[12.153s] INFO:colcon.colcon_core.shell:Creating package descriptor '/home/giacomo/thesis_ws/src/install/sym_bringup/share/sym_bringup/package.dsv'
[12.153s] INFO:colcon.colcon_core.shell:Creating package script '/home/giacomo/thesis_ws/src/install/sym_bringup/share/sym_bringup/package.sh'
[12.153s] INFO:colcon.colcon_core.shell:Creating package script '/home/giacomo/thesis_ws/src/install/sym_bringup/share/sym_bringup/package.bash'
[12.154s] INFO:colcon.colcon_core.shell:Creating package script '/home/giacomo/thesis_ws/src/install/sym_bringup/share/sym_bringup/package.zsh'
[12.154s] Level 1:colcon.colcon_core.environment:create_file_with_runtime_dependencies(/home/giacomo/thesis_ws/src/install/sym_bringup/share/colcon-core/packages/sym_bringup)
[12.218s] Level 1:colcon.colcon_core.environment:create_environment_scripts_only(sym_bringup)
[12.240s] Level 1:colcon.colcon_core.environment:checking '/home/giacomo/thesis_ws/src/install/sym_bringup' for CMake module files
[12.240s] Level 1:colcon.colcon_core.environment:checking '/home/giacomo/thesis_ws/src/install/sym_bringup' for CMake config files
[12.241s] Level 1:colcon.colcon_core.shell:create_environment_hook('sym_bringup', 'cmake_prefix_path')
[12.272s] INFO:colcon.colcon_core.shell:Creating environment hook '/home/giacomo/thesis_ws/src/install/sym_bringup/share/sym_bringup/hook/cmake_prefix_path.ps1'
[12.273s] INFO:colcon.colcon_core.shell:Creating environment descriptor '/home/giacomo/thesis_ws/src/install/sym_bringup/share/sym_bringup/hook/cmake_prefix_path.dsv'
[12.273s] INFO:colcon.colcon_core.shell:Creating environment hook '/home/giacomo/thesis_ws/src/install/sym_bringup/share/sym_bringup/hook/cmake_prefix_path.sh'
[12.274s] Level 1:colcon.colcon_core.environment:checking '/home/giacomo/thesis_ws/src/install/sym_bringup/bin'
[12.274s] Level 1:colcon.colcon_core.environment:checking '/home/giacomo/thesis_ws/src/install/sym_bringup/lib/pkgconfig/sym_bringup.pc'
[12.274s] Level 1:colcon.colcon_core.environment:checking '/home/giacomo/thesis_ws/src/install/sym_bringup/lib/python3.10/site-packages'
[12.274s] Level 1:colcon.colcon_core.environment:checking '/home/giacomo/thesis_ws/src/install/sym_bringup/bin'
[12.297s] INFO:colcon.colcon_core.shell:Creating package script '/home/giacomo/thesis_ws/src/install/sym_bringup/share/sym_bringup/package.ps1'
[12.298s] INFO:colcon.colcon_core.shell:Creating package descriptor '/home/giacomo/thesis_ws/src/install/sym_bringup/share/sym_bringup/package.dsv'
[12.299s] INFO:colcon.colcon_core.shell:Creating package script '/home/giacomo/thesis_ws/src/install/sym_bringup/share/sym_bringup/package.sh'
[12.299s] INFO:colcon.colcon_core.shell:Creating package script '/home/giacomo/thesis_ws/src/install/sym_bringup/share/sym_bringup/package.bash'
[12.300s] INFO:colcon.colcon_core.shell:Creating package script '/home/giacomo/thesis_ws/src/install/sym_bringup/share/sym_bringup/package.zsh'
[12.300s] Level 1:colcon.colcon_core.environment:create_file_with_runtime_dependencies(/home/giacomo/thesis_ws/src/install/sym_bringup/share/colcon-core/packages/sym_bringup)
[12.300s] DEBUG:colcon.colcon_parallel_executor.executor.parallel:closing loop
[12.301s] DEBUG:colcon.colcon_parallel_executor.executor.parallel:loop closed
[12.301s] DEBUG:colcon.colcon_parallel_executor.executor.parallel:run_until_complete finished with '0'
[12.301s] DEBUG:colcon.colcon_core.event_reactor:joining thread
[12.336s] INFO:colcon.colcon_core.plugin_system:Skipping extension 'colcon_notification.desktop_notification.terminal_notifier': Not used on non-Darwin systems
[12.336s] INFO:colcon.colcon_core.plugin_system:Skipping extension 'colcon_notification.desktop_notification.win32': Not used on non-Windows systems
[12.336s] INFO:colcon.colcon_notification.desktop_notification:Sending desktop notification using 'notify2'
[12.355s] DEBUG:colcon.colcon_core.event_reactor:joined thread
[12.374s] INFO:colcon.colcon_core.shell:Creating prefix script '/home/giacomo/thesis_ws/src/install/local_setup.ps1'
[12.376s] INFO:colcon.colcon_core.shell:Creating prefix util module '/home/giacomo/thesis_ws/src/install/_local_setup_util_ps1.py'
[12.377s] INFO:colcon.colcon_core.shell:Creating prefix chain script '/home/giacomo/thesis_ws/src/install/setup.ps1'
[12.399s] INFO:colcon.colcon_core.shell:Creating prefix script '/home/giacomo/thesis_ws/src/install/local_setup.sh'
[12.400s] INFO:colcon.colcon_core.shell:Creating prefix util module '/home/giacomo/thesis_ws/src/install/_local_setup_util_sh.py'
[12.400s] INFO:colcon.colcon_core.shell:Creating prefix chain script '/home/giacomo/thesis_ws/src/install/setup.sh'
[12.419s] INFO:colcon.colcon_core.shell:Creating prefix script '/home/giacomo/thesis_ws/src/install/local_setup.bash'
[12.420s] INFO:colcon.colcon_core.shell:Creating prefix chain script '/home/giacomo/thesis_ws/src/install/setup.bash'
[12.445s] INFO:colcon.colcon_core.shell:Creating prefix script '/home/giacomo/thesis_ws/src/install/local_setup.zsh'
[12.446s] INFO:colcon.colcon_core.shell:Creating prefix chain script '/home/giacomo/thesis_ws/src/install/setup.zsh'
