[0.727s] Invoking command in '/home/giacomo/thesis_ws/build/bumper_cars': CMAKE_PREFIX_PATH=/home/giacomo/thesis_ws/install/custom_message:/home/giacomo/thesis_ws/src/install/custom_message:/home/giacomo/thesis_ws/install/custom_interfaces:/home/giacomo/ros2_ws/install/tutorial_interfaces:/home/giacomo/ros2_ws/install/turtlesim LD_LIBRARY_PATH=/home/giacomo/thesis_ws/install/custom_message/lib:/home/giacomo/thesis_ws/src/install/custom_message/lib:/home/giacomo/thesis_ws/install/custom_interfaces/lib:/home/giacomo/ros2_ws/install/tutorial_interfaces/lib:/home/giacomo/ros2_ws/install/turtlesim/lib:/usr/lib/x86_64-linux-gnu/gazebo-11/plugins:/opt/ros/humble/opt/rviz_ogre_vendor/lib:/opt/ros/humble/lib/x86_64-linux-gnu:/opt/ros/humble/lib PYTHONPATH=/home/giacomo/thesis_ws/build/bumper_cars/prefix_override:/home/giacomo/thesis_ws/install/bumper_cars/lib/python3.10/site-packages:${PYTHONPATH} /usr/bin/python3 setup.py develop --editable --build-directory /home/giacomo/thesis_ws/build/bumper_cars/build --no-deps install_data
[1.029s] running develop
[1.029s] /home/giacomo/.local/lib/python3.10/site-packages/setuptools/command/develop.py:40: EasyInstallDeprecationWarning: easy_install command is deprecated.
[1.029s] !!
[1.029s] 
[1.029s]         ********************************************************************************
[1.029s]         Please avoid running ``setup.py`` and ``easy_install``.
[1.029s]         Instead, use pypa/build, pypa/installer or other
[1.029s]         standards-based tools.
[1.030s] 
[1.030s]         See https://github.com/pypa/setuptools/issues/917 for details.
[1.030s]         ********************************************************************************
[1.030s] 
[1.030s] !!
[1.030s]   easy_install.initialize_options(self)
[1.059s] /home/giacomo/.local/lib/python3.10/site-packages/setuptools/_distutils/cmd.py:66: SetuptoolsDeprecationWarning: setup.py install is deprecated.
[1.059s] !!
[1.059s] 
[1.060s]         ********************************************************************************
[1.060s]         Please avoid running ``setup.py`` directly.
[1.060s]         Instead, use pypa/build, pypa/installer or other
[1.060s]         standards-based tools.
[1.060s] 
[1.060s]         See https://blog.ganssle.io/articles/2021/10/setup-py-deprecated.html for details.
[1.060s]         ********************************************************************************
[1.060s] 
[1.060s] !!
[1.060s]   self.initialize_options()
[1.229s] running egg_info
[1.245s] writing bumper_cars.egg-info/PKG-INFO
[1.246s] writing dependency_links to bumper_cars.egg-info/dependency_links.txt
[1.246s] writing entry points to bumper_cars.egg-info/entry_points.txt
[1.246s] writing requirements to bumper_cars.egg-info/requires.txt
[1.247s] writing top-level names to bumper_cars.egg-info/top_level.txt
[1.276s] reading manifest file 'bumper_cars.egg-info/SOURCES.txt'
[1.276s] writing manifest file 'bumper_cars.egg-info/SOURCES.txt'
[1.292s] running build_ext
[1.292s] Creating /home/giacomo/thesis_ws/install/bumper_cars/lib/python3.10/site-packages/bumper-cars.egg-link (link to .)
[1.293s] Installing controller script to /home/giacomo/thesis_ws/install/bumper_cars/lib/bumper_cars
[1.293s] Installing model script to /home/giacomo/thesis_ws/install/bumper_cars/lib/bumper_cars
[1.293s] Installing plotter script to /home/giacomo/thesis_ws/install/bumper_cars/lib/bumper_cars
[1.294s] Installing sensor script to /home/giacomo/thesis_ws/install/bumper_cars/lib/bumper_cars
[1.294s] Installing state_publisher script to /home/giacomo/thesis_ws/install/bumper_cars/lib/bumper_cars
[1.294s] Installing state_subscriber script to /home/giacomo/thesis_ws/install/bumper_cars/lib/bumper_cars
[1.294s] 
[1.294s] Installed /home/giacomo/thesis_ws/build/bumper_cars
[1.295s] running install_data
[1.327s] Invoked command in '/home/giacomo/thesis_ws/build/bumper_cars' returned '0': CMAKE_PREFIX_PATH=/home/giacomo/thesis_ws/install/custom_message:/home/giacomo/thesis_ws/src/install/custom_message:/home/giacomo/thesis_ws/install/custom_interfaces:/home/giacomo/ros2_ws/install/tutorial_interfaces:/home/giacomo/ros2_ws/install/turtlesim LD_LIBRARY_PATH=/home/giacomo/thesis_ws/install/custom_message/lib:/home/giacomo/thesis_ws/src/install/custom_message/lib:/home/giacomo/thesis_ws/install/custom_interfaces/lib:/home/giacomo/ros2_ws/install/tutorial_interfaces/lib:/home/giacomo/ros2_ws/install/turtlesim/lib:/usr/lib/x86_64-linux-gnu/gazebo-11/plugins:/opt/ros/humble/opt/rviz_ogre_vendor/lib:/opt/ros/humble/lib/x86_64-linux-gnu:/opt/ros/humble/lib PYTHONPATH=/home/giacomo/thesis_ws/build/bumper_cars/prefix_override:/home/giacomo/thesis_ws/install/bumper_cars/lib/python3.10/site-packages:${PYTHONPATH} /usr/bin/python3 setup.py develop --editable --build-directory /home/giacomo/thesis_ws/build/bumper_cars/build --no-deps install_data
