[0.101s] Invoking command in '/home/giacomo/thesis_ws/build/urdf_example': CMAKE_PREFIX_PATH=${CMAKE_PREFIX_PATH}:/home/giacomo/thesis_ws/install/bumper_cars:/home/giacomo/ros2_ws/install/py_pubsub:/home/giacomo/ros2_ws/install/my_robot_controller:/home/giacomo/ros2_ws/install/py_srvcli:/opt/ros/humble /usr/bin/cmake --build /home/giacomo/thesis_ws/build/urdf_example -- -j8 -l8
[0.164s] Invoked command in '/home/giacomo/thesis_ws/build/urdf_example' returned '0': CMAKE_PREFIX_PATH=${CMAKE_PREFIX_PATH}:/home/giacomo/thesis_ws/install/bumper_cars:/home/giacomo/ros2_ws/install/py_pubsub:/home/giacomo/ros2_ws/install/my_robot_controller:/home/giacomo/ros2_ws/install/py_srvcli:/opt/ros/humble /usr/bin/cmake --build /home/giacomo/thesis_ws/build/urdf_example -- -j8 -l8
[0.234s] Invoking command in '/home/giacomo/thesis_ws/build/urdf_example': CMAKE_PREFIX_PATH=${CMAKE_PREFIX_PATH}:/home/giacomo/thesis_ws/install/bumper_cars:/home/giacomo/ros2_ws/install/py_pubsub:/home/giacomo/ros2_ws/install/my_robot_controller:/home/giacomo/ros2_ws/install/py_srvcli:/opt/ros/humble /usr/bin/cmake --install /home/giacomo/thesis_ws/build/urdf_example
[0.245s] -- Install configuration: ""
[0.245s] -- Execute custom install script
[0.246s] -- Up-to-date symlink: /home/giacomo/thesis_ws/install/urdf_example/share/urdf_example/description/example_gazebo.xacro
[0.246s] -- Up-to-date symlink: /home/giacomo/thesis_ws/install/urdf_example/share/urdf_example/description/example_include.xacro
[0.246s] -- Up-to-date symlink: /home/giacomo/thesis_ws/install/urdf_example/share/urdf_example/description/example_robot.urdf.xacro
[0.249s] -- Up-to-date symlink: /home/giacomo/thesis_ws/install/urdf_example/share/urdf_example/launch/rsp.launch.py
[0.249s] -- Up-to-date symlink: /home/giacomo/thesis_ws/install/urdf_example/share/urdf_example/launch/rsp_sim.launch.py
[0.250s] -- Up-to-date symlink: /home/giacomo/thesis_ws/install/urdf_example/share/urdf_example/worlds/test_world.world
[0.250s] -- Up-to-date symlink: /home/giacomo/thesis_ws/install/urdf_example/share/ament_index/resource_index/package_run_dependencies/urdf_example
[0.251s] -- Up-to-date symlink: /home/giacomo/thesis_ws/install/urdf_example/share/ament_index/resource_index/parent_prefix_path/urdf_example
[0.252s] -- Up-to-date symlink: /home/giacomo/thesis_ws/install/urdf_example/share/urdf_example/environment/ament_prefix_path.sh
[0.252s] -- Up-to-date symlink: /home/giacomo/thesis_ws/install/urdf_example/share/urdf_example/environment/ament_prefix_path.dsv
[0.252s] -- Up-to-date symlink: /home/giacomo/thesis_ws/install/urdf_example/share/urdf_example/environment/path.sh
[0.253s] -- Up-to-date symlink: /home/giacomo/thesis_ws/install/urdf_example/share/urdf_example/environment/path.dsv
[0.254s] -- Up-to-date symlink: /home/giacomo/thesis_ws/install/urdf_example/share/urdf_example/local_setup.bash
[0.254s] -- Up-to-date symlink: /home/giacomo/thesis_ws/install/urdf_example/share/urdf_example/local_setup.sh
[0.254s] -- Up-to-date symlink: /home/giacomo/thesis_ws/install/urdf_example/share/urdf_example/local_setup.zsh
[0.255s] -- Up-to-date symlink: /home/giacomo/thesis_ws/install/urdf_example/share/urdf_example/local_setup.dsv
[0.255s] -- Symlinking: /home/giacomo/thesis_ws/install/urdf_example/share/urdf_example/package.dsv
[0.266s] -- Up-to-date symlink: /home/giacomo/thesis_ws/install/urdf_example/share/ament_index/resource_index/packages/urdf_example
[0.267s] -- Up-to-date symlink: /home/giacomo/thesis_ws/install/urdf_example/share/urdf_example/cmake/urdf_exampleConfig.cmake
[0.269s] -- Up-to-date symlink: /home/giacomo/thesis_ws/install/urdf_example/share/urdf_example/cmake/urdf_exampleConfig-version.cmake
[0.270s] -- Up-to-date symlink: /home/giacomo/thesis_ws/install/urdf_example/share/urdf_example/package.xml
[0.275s] Invoked command in '/home/giacomo/thesis_ws/build/urdf_example' returned '0': CMAKE_PREFIX_PATH=${CMAKE_PREFIX_PATH}:/home/giacomo/thesis_ws/install/bumper_cars:/home/giacomo/ros2_ws/install/py_pubsub:/home/giacomo/ros2_ws/install/my_robot_controller:/home/giacomo/ros2_ws/install/py_srvcli:/opt/ros/humble /usr/bin/cmake --install /home/giacomo/thesis_ws/build/urdf_example
