[0.168s] Invoking command in '/home/giacomo/thesis_ws/src/build/sym_bringup': AMENT_PREFIX_PATH=/home/giacomo/thesis_ws/src/install/bumper_cars:/home/giacomo/thesis_ws/src/install/custom_message:${AMENT_PREFIX_PATH} CMAKE_PREFIX_PATH=/home/giacomo/thesis_ws/src/install/custom_message:/home/giacomo/thesis_ws/install/urdf_example:/home/giacomo/thesis_ws/install/sym_bringup:/home/giacomo/thesis_ws/install/custom_message:/home/giacomo/ros2_ws/install/tutorial_interfaces:/home/giacomo/ros2_ws/install/turtlesim:/home/giacomo/thesis_ws/install/bumper_cars:/home/giacomo/ros2_ws/install/py_pubsub:/home/giacomo/ros2_ws/install/my_robot_controller:/home/giacomo/ros2_ws/install/py_srvcli:/opt/ros/humble LD_LIBRARY_PATH=/home/giacomo/thesis_ws/src/install/custom_message/lib:${LD_LIBRARY_PATH} PYTHONPATH=/home/giacomo/thesis_ws/src/build/bumper_cars:/home/giacomo/thesis_ws/src/install/bumper_cars/lib/python3.10/site-packages:/home/giacomo/thesis_ws/src/install/custom_message/local/lib/python3.10/dist-packages:${PYTHONPATH} /usr/bin/cmake /home/giacomo/thesis_ws/src/sym_bringup -DAMENT_CMAKE_SYMLINK_INSTALL=1 -DCMAKE_INSTALL_PREFIX=/home/giacomo/thesis_ws/src/install/sym_bringup
[0.260s] -- The C compiler identification is GNU 11.4.0
[0.343s] -- The CXX compiler identification is GNU 11.4.0
[0.356s] -- Detecting C compiler ABI info
[0.466s] -- Detecting C compiler ABI info - done
[0.476s] -- Check for working C compiler: /usr/bin/cc - skipped
[0.477s] -- Detecting C compile features
[0.478s] -- Detecting C compile features - done
[0.484s] -- Detecting CXX compiler ABI info
[0.577s] -- Detecting CXX compiler ABI info - done
[0.589s] -- Check for working CXX compiler: /usr/bin/c++ - skipped
[0.589s] -- Detecting CXX compile features
[0.590s] -- Detecting CXX compile features - done
[0.593s] -- Found ament_cmake: 1.3.5 (/opt/ros/humble/share/ament_cmake/cmake)
[1.107s] -- Found Python3: /usr/bin/python3.10 (found version "3.10.12") found components: Interpreter 
[1.201s] -- Override CMake install command with custom implementation using symlinks instead of copying resources
[1.316s] -- Configuring done
[1.319s] -- Generating done
[1.320s] -- Build files have been written to: /home/giacomo/thesis_ws/src/build/sym_bringup
[1.325s] Invoked command in '/home/giacomo/thesis_ws/src/build/sym_bringup' returned '0': AMENT_PREFIX_PATH=/home/giacomo/thesis_ws/src/install/bumper_cars:/home/giacomo/thesis_ws/src/install/custom_message:${AMENT_PREFIX_PATH} CMAKE_PREFIX_PATH=/home/giacomo/thesis_ws/src/install/custom_message:/home/giacomo/thesis_ws/install/urdf_example:/home/giacomo/thesis_ws/install/sym_bringup:/home/giacomo/thesis_ws/install/custom_message:/home/giacomo/ros2_ws/install/tutorial_interfaces:/home/giacomo/ros2_ws/install/turtlesim:/home/giacomo/thesis_ws/install/bumper_cars:/home/giacomo/ros2_ws/install/py_pubsub:/home/giacomo/ros2_ws/install/my_robot_controller:/home/giacomo/ros2_ws/install/py_srvcli:/opt/ros/humble LD_LIBRARY_PATH=/home/giacomo/thesis_ws/src/install/custom_message/lib:${LD_LIBRARY_PATH} PYTHONPATH=/home/giacomo/thesis_ws/src/build/bumper_cars:/home/giacomo/thesis_ws/src/install/bumper_cars/lib/python3.10/site-packages:/home/giacomo/thesis_ws/src/install/custom_message/local/lib/python3.10/dist-packages:${PYTHONPATH} /usr/bin/cmake /home/giacomo/thesis_ws/src/sym_bringup -DAMENT_CMAKE_SYMLINK_INSTALL=1 -DCMAKE_INSTALL_PREFIX=/home/giacomo/thesis_ws/src/install/sym_bringup
[1.327s] Invoking command in '/home/giacomo/thesis_ws/src/build/sym_bringup': AMENT_PREFIX_PATH=/home/giacomo/thesis_ws/src/install/bumper_cars:/home/giacomo/thesis_ws/src/install/custom_message:${AMENT_PREFIX_PATH} CMAKE_PREFIX_PATH=/home/giacomo/thesis_ws/src/install/custom_message:/home/giacomo/thesis_ws/install/urdf_example:/home/giacomo/thesis_ws/install/sym_bringup:/home/giacomo/thesis_ws/install/custom_message:/home/giacomo/ros2_ws/install/tutorial_interfaces:/home/giacomo/ros2_ws/install/turtlesim:/home/giacomo/thesis_ws/install/bumper_cars:/home/giacomo/ros2_ws/install/py_pubsub:/home/giacomo/ros2_ws/install/my_robot_controller:/home/giacomo/ros2_ws/install/py_srvcli:/opt/ros/humble LD_LIBRARY_PATH=/home/giacomo/thesis_ws/src/install/custom_message/lib:${LD_LIBRARY_PATH} PYTHONPATH=/home/giacomo/thesis_ws/src/build/bumper_cars:/home/giacomo/thesis_ws/src/install/bumper_cars/lib/python3.10/site-packages:/home/giacomo/thesis_ws/src/install/custom_message/local/lib/python3.10/dist-packages:${PYTHONPATH} /usr/bin/cmake --build /home/giacomo/thesis_ws/src/build/sym_bringup -- -j8 -l8
[1.370s] Invoked command in '/home/giacomo/thesis_ws/src/build/sym_bringup' returned '0': AMENT_PREFIX_PATH=/home/giacomo/thesis_ws/src/install/bumper_cars:/home/giacomo/thesis_ws/src/install/custom_message:${AMENT_PREFIX_PATH} CMAKE_PREFIX_PATH=/home/giacomo/thesis_ws/src/install/custom_message:/home/giacomo/thesis_ws/install/urdf_example:/home/giacomo/thesis_ws/install/sym_bringup:/home/giacomo/thesis_ws/install/custom_message:/home/giacomo/ros2_ws/install/tutorial_interfaces:/home/giacomo/ros2_ws/install/turtlesim:/home/giacomo/thesis_ws/install/bumper_cars:/home/giacomo/ros2_ws/install/py_pubsub:/home/giacomo/ros2_ws/install/my_robot_controller:/home/giacomo/ros2_ws/install/py_srvcli:/opt/ros/humble LD_LIBRARY_PATH=/home/giacomo/thesis_ws/src/install/custom_message/lib:${LD_LIBRARY_PATH} PYTHONPATH=/home/giacomo/thesis_ws/src/build/bumper_cars:/home/giacomo/thesis_ws/src/install/bumper_cars/lib/python3.10/site-packages:/home/giacomo/thesis_ws/src/install/custom_message/local/lib/python3.10/dist-packages:${PYTHONPATH} /usr/bin/cmake --build /home/giacomo/thesis_ws/src/build/sym_bringup -- -j8 -l8
[1.402s] Invoking command in '/home/giacomo/thesis_ws/src/build/sym_bringup': AMENT_PREFIX_PATH=/home/giacomo/thesis_ws/src/install/bumper_cars:/home/giacomo/thesis_ws/src/install/custom_message:${AMENT_PREFIX_PATH} CMAKE_PREFIX_PATH=/home/giacomo/thesis_ws/src/install/custom_message:/home/giacomo/thesis_ws/install/urdf_example:/home/giacomo/thesis_ws/install/sym_bringup:/home/giacomo/thesis_ws/install/custom_message:/home/giacomo/ros2_ws/install/tutorial_interfaces:/home/giacomo/ros2_ws/install/turtlesim:/home/giacomo/thesis_ws/install/bumper_cars:/home/giacomo/ros2_ws/install/py_pubsub:/home/giacomo/ros2_ws/install/my_robot_controller:/home/giacomo/ros2_ws/install/py_srvcli:/opt/ros/humble LD_LIBRARY_PATH=/home/giacomo/thesis_ws/src/install/custom_message/lib:${LD_LIBRARY_PATH} PYTHONPATH=/home/giacomo/thesis_ws/src/build/bumper_cars:/home/giacomo/thesis_ws/src/install/bumper_cars/lib/python3.10/site-packages:/home/giacomo/thesis_ws/src/install/custom_message/local/lib/python3.10/dist-packages:${PYTHONPATH} /usr/bin/cmake --install /home/giacomo/thesis_ws/src/build/sym_bringup
[1.412s] -- Install configuration: ""
[1.413s] -- Execute custom install script
[1.414s] -- Symlinking: /home/giacomo/thesis_ws/src/install/sym_bringup/share/sym_bringup/launch/demo.launch.py
[1.425s] -- Symlinking: /home/giacomo/thesis_ws/src/install/sym_bringup/share/sym_bringup/launch/robot_model.launch.py
[1.435s] -- Symlinking: /home/giacomo/thesis_ws/src/install/sym_bringup/share/ament_index/resource_index/package_run_dependencies/sym_bringup
[1.444s] -- Symlinking: /home/giacomo/thesis_ws/src/install/sym_bringup/share/ament_index/resource_index/parent_prefix_path/sym_bringup
[1.457s] -- Symlinking: /home/giacomo/thesis_ws/src/install/sym_bringup/share/sym_bringup/environment/ament_prefix_path.sh
[1.468s] -- Symlinking: /home/giacomo/thesis_ws/src/install/sym_bringup/share/sym_bringup/environment/ament_prefix_path.dsv
[1.478s] -- Symlinking: /home/giacomo/thesis_ws/src/install/sym_bringup/share/sym_bringup/environment/path.sh
[1.488s] -- Symlinking: /home/giacomo/thesis_ws/src/install/sym_bringup/share/sym_bringup/environment/path.dsv
[1.499s] -- Symlinking: /home/giacomo/thesis_ws/src/install/sym_bringup/share/sym_bringup/local_setup.bash
[1.508s] -- Symlinking: /home/giacomo/thesis_ws/src/install/sym_bringup/share/sym_bringup/local_setup.sh
[1.518s] -- Symlinking: /home/giacomo/thesis_ws/src/install/sym_bringup/share/sym_bringup/local_setup.zsh
[1.529s] -- Symlinking: /home/giacomo/thesis_ws/src/install/sym_bringup/share/sym_bringup/local_setup.dsv
[1.540s] -- Symlinking: /home/giacomo/thesis_ws/src/install/sym_bringup/share/sym_bringup/package.dsv
[1.551s] -- Symlinking: /home/giacomo/thesis_ws/src/install/sym_bringup/share/ament_index/resource_index/packages/sym_bringup
[1.562s] -- Symlinking: /home/giacomo/thesis_ws/src/install/sym_bringup/share/sym_bringup/cmake/sym_bringupConfig.cmake
[1.572s] -- Symlinking: /home/giacomo/thesis_ws/src/install/sym_bringup/share/sym_bringup/cmake/sym_bringupConfig-version.cmake
[1.583s] -- Symlinking: /home/giacomo/thesis_ws/src/install/sym_bringup/share/sym_bringup/package.xml
[1.595s] Invoked command in '/home/giacomo/thesis_ws/src/build/sym_bringup' returned '0': AMENT_PREFIX_PATH=/home/giacomo/thesis_ws/src/install/bumper_cars:/home/giacomo/thesis_ws/src/install/custom_message:${AMENT_PREFIX_PATH} CMAKE_PREFIX_PATH=/home/giacomo/thesis_ws/src/install/custom_message:/home/giacomo/thesis_ws/install/urdf_example:/home/giacomo/thesis_ws/install/sym_bringup:/home/giacomo/thesis_ws/install/custom_message:/home/giacomo/ros2_ws/install/tutorial_interfaces:/home/giacomo/ros2_ws/install/turtlesim:/home/giacomo/thesis_ws/install/bumper_cars:/home/giacomo/ros2_ws/install/py_pubsub:/home/giacomo/ros2_ws/install/my_robot_controller:/home/giacomo/ros2_ws/install/py_srvcli:/opt/ros/humble LD_LIBRARY_PATH=/home/giacomo/thesis_ws/src/install/custom_message/lib:${LD_LIBRARY_PATH} PYTHONPATH=/home/giacomo/thesis_ws/src/build/bumper_cars:/home/giacomo/thesis_ws/src/install/bumper_cars/lib/python3.10/site-packages:/home/giacomo/thesis_ws/src/install/custom_message/local/lib/python3.10/dist-packages:${PYTHONPATH} /usr/bin/cmake --install /home/giacomo/thesis_ws/src/build/sym_bringup
