[1.397s] Invoking command in '/home/giacomo/thesis_ws/build/bumper_cars': CMAKE_PREFIX_PATH=/home/giacomo/thesis_ws/install/custom_message:/home/giacomo/thesis_ws/install/urdf_example:/home/giacomo/thesis_ws/install/sym_bringup:/home/giacomo/thesis_ws/install/my_bot:/home/giacomo/ros2_ws/install/tutorial_interfaces:/home/giacomo/ros2_ws/install/turtlesim PYTHONPATH=/home/giacomo/thesis_ws/build/bumper_cars/prefix_override:/home/giacomo/thesis_ws/install/bumper_cars/lib/python3.10/site-packages:${PYTHONPATH} /usr/bin/python3 setup.py develop --editable --build-directory /home/giacomo/thesis_ws/build/bumper_cars/build --no-deps install_data
[1.752s] running develop
[1.753s] /home/giacomo/.local/lib/python3.10/site-packages/setuptools/command/develop.py:40: EasyInstallDeprecationWarning: easy_install command is deprecated.
[1.753s] !!
[1.753s] 
[1.753s]         ********************************************************************************
[1.753s]         Please avoid running ``setup.py`` and ``easy_install``.
[1.753s]         Instead, use pypa/build, pypa/installer or other
[1.753s]         standards-based tools.
[1.754s] 
[1.754s]         See https://github.com/pypa/setuptools/issues/917 for details.
[1.754s]         ********************************************************************************
[1.754s] 
[1.754s] !!
[1.754s]   easy_install.initialize_options(self)
[1.790s] /home/giacomo/.local/lib/python3.10/site-packages/setuptools/_distutils/cmd.py:66: SetuptoolsDeprecationWarning: setup.py install is deprecated.
[1.790s] !!
[1.790s] 
[1.790s]         ********************************************************************************
[1.790s]         Please avoid running ``setup.py`` directly.
[1.790s]         Instead, use pypa/build, pypa/installer or other
[1.790s]         standards-based tools.
[1.790s] 
[1.790s]         See https://blog.ganssle.io/articles/2021/10/setup-py-deprecated.html for details.
[1.791s]         ********************************************************************************
[1.791s] 
[1.791s] !!
[1.791s]   self.initialize_options()
[1.986s] running egg_info
[2.003s] writing bumper_cars.egg-info/PKG-INFO
[2.003s] writing dependency_links to bumper_cars.egg-info/dependency_links.txt
[2.004s] writing entry points to bumper_cars.egg-info/entry_points.txt
[2.004s] writing requirements to bumper_cars.egg-info/requires.txt
[2.004s] writing top-level names to bumper_cars.egg-info/top_level.txt
[2.038s] reading manifest file 'bumper_cars.egg-info/SOURCES.txt'
[2.039s] writing manifest file 'bumper_cars.egg-info/SOURCES.txt'
[2.057s] running build_ext
[2.058s] Creating /home/giacomo/thesis_ws/install/bumper_cars/lib/python3.10/site-packages/bumper-cars.egg-link (link to .)
[2.058s] Installing controller script to /home/giacomo/thesis_ws/install/bumper_cars/lib/bumper_cars
[2.059s] Installing model script to /home/giacomo/thesis_ws/install/bumper_cars/lib/bumper_cars
[2.059s] Installing plotter script to /home/giacomo/thesis_ws/install/bumper_cars/lib/bumper_cars
[2.059s] Installing sensor script to /home/giacomo/thesis_ws/install/bumper_cars/lib/bumper_cars
[2.059s] 
[2.059s] Installed /home/giacomo/thesis_ws/build/bumper_cars
[2.059s] running install_data
[2.090s] Invoked command in '/home/giacomo/thesis_ws/build/bumper_cars' returned '0': CMAKE_PREFIX_PATH=/home/giacomo/thesis_ws/install/custom_message:/home/giacomo/thesis_ws/install/urdf_example:/home/giacomo/thesis_ws/install/sym_bringup:/home/giacomo/thesis_ws/install/my_bot:/home/giacomo/ros2_ws/install/tutorial_interfaces:/home/giacomo/ros2_ws/install/turtlesim PYTHONPATH=/home/giacomo/thesis_ws/build/bumper_cars/prefix_override:/home/giacomo/thesis_ws/install/bumper_cars/lib/python3.10/site-packages:${PYTHONPATH} /usr/bin/python3 setup.py develop --editable --build-directory /home/giacomo/thesis_ws/build/bumper_cars/build --no-deps install_data
