[1.439s] Invoking command in '/home/giacomo/thesis_ws/build/bumper_cars': CMAKE_PREFIX_PATH=/home/giacomo/thesis_ws/install/custom_message:/home/giacomo/thesis_ws/install/urdf_example:/home/giacomo/thesis_ws/install/sym_bringup:/home/giacomo/thesis_ws/install/my_bot:/home/giacomo/ros2_ws/install/tutorial_interfaces:/home/giacomo/ros2_ws/install/turtlesim PYTHONPATH=/home/giacomo/thesis_ws/build/bumper_cars/prefix_override:/home/giacomo/thesis_ws/install/bumper_cars/lib/python3.10/site-packages:${PYTHONPATH} /usr/bin/python3 setup.py develop --editable --build-directory /home/giacomo/thesis_ws/build/bumper_cars/build --no-deps install_data
[2.065s] running develop
[2.065s] /home/giacomo/.local/lib/python3.10/site-packages/setuptools/command/develop.py:40: EasyInstallDeprecationWarning: easy_install command is deprecated.
[2.066s] !!
[2.066s] 
[2.066s]         ********************************************************************************
[2.066s]         Please avoid running ``setup.py`` and ``easy_install``.
[2.066s]         Instead, use pypa/build, pypa/installer or other
[2.066s]         standards-based tools.
[2.066s] 
[2.067s]         See https://github.com/pypa/setuptools/issues/917 for details.
[2.067s]         ********************************************************************************
[2.067s] 
[2.067s] !!
[2.067s]   easy_install.initialize_options(self)
[2.147s] /home/giacomo/.local/lib/python3.10/site-packages/setuptools/_distutils/cmd.py:66: SetuptoolsDeprecationWarning: setup.py install is deprecated.
[2.147s] !!
[2.147s] 
[2.147s]         ********************************************************************************
[2.147s]         Please avoid running ``setup.py`` directly.
[2.147s]         Instead, use pypa/build, pypa/installer or other
[2.148s]         standards-based tools.
[2.148s] 
[2.148s]         See https://blog.ganssle.io/articles/2021/10/setup-py-deprecated.html for details.
[2.148s]         ********************************************************************************
[2.148s] 
[2.149s] !!
[2.149s]   self.initialize_options()
[2.559s] running egg_info
[2.587s] writing bumper_cars.egg-info/PKG-INFO
[2.588s] writing dependency_links to bumper_cars.egg-info/dependency_links.txt
[2.588s] writing entry points to bumper_cars.egg-info/entry_points.txt
[2.589s] writing requirements to bumper_cars.egg-info/requires.txt
[2.589s] writing top-level names to bumper_cars.egg-info/top_level.txt
[2.652s] reading manifest file 'bumper_cars.egg-info/SOURCES.txt'
[2.653s] writing manifest file 'bumper_cars.egg-info/SOURCES.txt'
[2.674s] running build_ext
[2.674s] Creating /home/giacomo/thesis_ws/install/bumper_cars/lib/python3.10/site-packages/bumper-cars.egg-link (link to .)
[2.675s] Installing controller script to /home/giacomo/thesis_ws/install/bumper_cars/lib/bumper_cars
[2.676s] Installing model script to /home/giacomo/thesis_ws/install/bumper_cars/lib/bumper_cars
[2.676s] Installing plotter script to /home/giacomo/thesis_ws/install/bumper_cars/lib/bumper_cars
[2.676s] Installing sensor script to /home/giacomo/thesis_ws/install/bumper_cars/lib/bumper_cars
[2.676s] 
[2.677s] Installed /home/giacomo/thesis_ws/build/bumper_cars
[2.677s] running install_data
[2.723s] Invoked command in '/home/giacomo/thesis_ws/build/bumper_cars' returned '0': CMAKE_PREFIX_PATH=/home/giacomo/thesis_ws/install/custom_message:/home/giacomo/thesis_ws/install/urdf_example:/home/giacomo/thesis_ws/install/sym_bringup:/home/giacomo/thesis_ws/install/my_bot:/home/giacomo/ros2_ws/install/tutorial_interfaces:/home/giacomo/ros2_ws/install/turtlesim PYTHONPATH=/home/giacomo/thesis_ws/build/bumper_cars/prefix_override:/home/giacomo/thesis_ws/install/bumper_cars/lib/python3.10/site-packages:${PYTHONPATH} /usr/bin/python3 setup.py develop --editable --build-directory /home/giacomo/thesis_ws/build/bumper_cars/build --no-deps install_data
