[0.993s] DEBUG:colcon:Command line arguments: ['/usr/bin/colcon', 'build', '--symlink-install']
[0.993s] DEBUG:colcon:Parsed command line arguments: Namespace(log_base=None, log_level=None, verb_name='build', build_base='build', install_base='install', merge_install=False, symlink_install=True, test_result_base=None, continue_on_error=False, executor='parallel', parallel_workers=8, event_handlers=None, ignore_user_meta=False, metas=['./colcon.meta'], base_paths=['.'], packages_ignore=None, packages_ignore_regex=None, paths=None, packages_up_to=None, packages_up_to_regex=None, packages_above=None, packages_above_and_dependencies=None, packages_above_depth=None, packages_select_by_dep=None, packages_skip_by_dep=None, packages_skip_up_to=None, packages_select_build_failed=False, packages_skip_build_finished=False, packages_select_test_failures=False, packages_skip_test_passed=False, packages_select=None, packages_skip=None, packages_select_regex=None, packages_skip_regex=None, packages_start=None, packages_end=None, allow_overriding=[], cmake_args=None, cmake_target=None, cmake_target_skip_unavailable=False, cmake_clean_cache=False, cmake_clean_first=False, cmake_force_configure=False, ament_cmake_args=None, catkin_cmake_args=None, catkin_skip_building_tests=False, verb_parser=<colcon_defaults.argument_parser.defaults.DefaultArgumentsDecorator object at 0x7f60df496bc0>, verb_extension=<colcon_core.verb.build.BuildVerb object at 0x7f60df4966b0>, main=<bound method BuildVerb.main of <colcon_core.verb.build.BuildVerb object at 0x7f60df4966b0>>)
[1.054s] Level 1:colcon.colcon_core.package_discovery:discover_packages(colcon_meta) check parameters
[1.054s] Level 1:colcon.colcon_core.package_discovery:discover_packages(recursive) check parameters
[1.054s] Level 1:colcon.colcon_core.package_discovery:discover_packages(ignore) check parameters
[1.054s] Level 1:colcon.colcon_core.package_discovery:discover_packages(path) check parameters
[1.054s] Level 1:colcon.colcon_core.package_discovery:discover_packages(colcon_meta) discover
[1.054s] Level 1:colcon.colcon_core.package_discovery:discover_packages(recursive) discover
[1.054s] INFO:colcon.colcon_core.package_discovery:Crawling recursively for packages in '/home/giacomo/thesis_ws'
[1.055s] Level 1:colcon.colcon_core.package_identification:_identify(.) by extensions ['ignore', 'ignore_ament_install']
[1.055s] Level 1:colcon.colcon_core.package_identification:_identify(.) by extension 'ignore'
[1.055s] Level 1:colcon.colcon_core.package_identification:_identify(.) by extension 'ignore_ament_install'
[1.055s] Level 1:colcon.colcon_core.package_identification:_identify(.) by extensions ['colcon_pkg']
[1.055s] Level 1:colcon.colcon_core.package_identification:_identify(.) by extension 'colcon_pkg'
[1.055s] Level 1:colcon.colcon_core.package_identification:_identify(.) by extensions ['colcon_meta']
[1.055s] Level 1:colcon.colcon_core.package_identification:_identify(.) by extension 'colcon_meta'
[1.055s] Level 1:colcon.colcon_core.package_identification:_identify(.) by extensions ['ros']
[1.055s] Level 1:colcon.colcon_core.package_identification:_identify(.) by extension 'ros'
[1.068s] Level 1:colcon.colcon_core.package_identification:_identify(.) by extensions ['cmake', 'python']
[1.068s] Level 1:colcon.colcon_core.package_identification:_identify(.) by extension 'cmake'
[1.068s] Level 1:colcon.colcon_core.package_identification:_identify(.) by extension 'python'
[1.069s] Level 1:colcon.colcon_core.package_identification:_identify(.) by extensions ['python_setup_py']
[1.069s] Level 1:colcon.colcon_core.package_identification:_identify(.) by extension 'python_setup_py'
[1.069s] Level 1:colcon.colcon_core.package_identification:_identify(build) by extensions ['ignore', 'ignore_ament_install']
[1.069s] Level 1:colcon.colcon_core.package_identification:_identify(build) by extension 'ignore'
[1.069s] Level 1:colcon.colcon_core.package_identification:_identify(build) ignored
[1.069s] Level 1:colcon.colcon_core.package_identification:_identify(install) by extensions ['ignore', 'ignore_ament_install']
[1.069s] Level 1:colcon.colcon_core.package_identification:_identify(install) by extension 'ignore'
[1.069s] Level 1:colcon.colcon_core.package_identification:_identify(install) ignored
[1.069s] Level 1:colcon.colcon_core.package_identification:_identify(log) by extensions ['ignore', 'ignore_ament_install']
[1.069s] Level 1:colcon.colcon_core.package_identification:_identify(log) by extension 'ignore'
[1.069s] Level 1:colcon.colcon_core.package_identification:_identify(log) ignored
[1.070s] Level 1:colcon.colcon_core.package_identification:_identify(src) by extensions ['ignore', 'ignore_ament_install']
[1.070s] Level 1:colcon.colcon_core.package_identification:_identify(src) by extension 'ignore'
[1.070s] Level 1:colcon.colcon_core.package_identification:_identify(src) by extension 'ignore_ament_install'
[1.070s] Level 1:colcon.colcon_core.package_identification:_identify(src) by extensions ['colcon_pkg']
[1.070s] Level 1:colcon.colcon_core.package_identification:_identify(src) by extension 'colcon_pkg'
[1.070s] Level 1:colcon.colcon_core.package_identification:_identify(src) by extensions ['colcon_meta']
[1.070s] Level 1:colcon.colcon_core.package_identification:_identify(src) by extension 'colcon_meta'
[1.070s] Level 1:colcon.colcon_core.package_identification:_identify(src) by extensions ['ros']
[1.070s] Level 1:colcon.colcon_core.package_identification:_identify(src) by extension 'ros'
[1.070s] Level 1:colcon.colcon_core.package_identification:_identify(src) by extensions ['cmake', 'python']
[1.070s] Level 1:colcon.colcon_core.package_identification:_identify(src) by extension 'cmake'
[1.070s] Level 1:colcon.colcon_core.package_identification:_identify(src) by extension 'python'
[1.070s] Level 1:colcon.colcon_core.package_identification:_identify(src) by extensions ['python_setup_py']
[1.070s] Level 1:colcon.colcon_core.package_identification:_identify(src) by extension 'python_setup_py'
[1.070s] Level 1:colcon.colcon_core.package_identification:_identify(src/build) by extensions ['ignore', 'ignore_ament_install']
[1.071s] Level 1:colcon.colcon_core.package_identification:_identify(src/build) by extension 'ignore'
[1.071s] Level 1:colcon.colcon_core.package_identification:_identify(src/build) ignored
[1.071s] Level 1:colcon.colcon_core.package_identification:_identify(src/bumper_cars) by extensions ['ignore', 'ignore_ament_install']
[1.071s] Level 1:colcon.colcon_core.package_identification:_identify(src/bumper_cars) by extension 'ignore'
[1.071s] Level 1:colcon.colcon_core.package_identification:_identify(src/bumper_cars) by extension 'ignore_ament_install'
[1.071s] Level 1:colcon.colcon_core.package_identification:_identify(src/bumper_cars) by extensions ['colcon_pkg']
[1.071s] Level 1:colcon.colcon_core.package_identification:_identify(src/bumper_cars) by extension 'colcon_pkg'
[1.071s] Level 1:colcon.colcon_core.package_identification:_identify(src/bumper_cars) by extensions ['colcon_meta']
[1.071s] Level 1:colcon.colcon_core.package_identification:_identify(src/bumper_cars) by extension 'colcon_meta'
[1.071s] Level 1:colcon.colcon_core.package_identification:_identify(src/bumper_cars) by extensions ['ros']
[1.071s] Level 1:colcon.colcon_core.package_identification:_identify(src/bumper_cars) by extension 'ros'
[1.075s] DEBUG:colcon.colcon_core.package_identification:Package 'src/bumper_cars' with type 'ros.ament_python' and name 'bumper_cars'
[1.075s] Level 1:colcon.colcon_core.package_identification:_identify(src/custom_message) by extensions ['ignore', 'ignore_ament_install']
[1.075s] Level 1:colcon.colcon_core.package_identification:_identify(src/custom_message) by extension 'ignore'
[1.075s] Level 1:colcon.colcon_core.package_identification:_identify(src/custom_message) by extension 'ignore_ament_install'
[1.075s] Level 1:colcon.colcon_core.package_identification:_identify(src/custom_message) by extensions ['colcon_pkg']
[1.075s] Level 1:colcon.colcon_core.package_identification:_identify(src/custom_message) by extension 'colcon_pkg'
[1.075s] Level 1:colcon.colcon_core.package_identification:_identify(src/custom_message) by extensions ['colcon_meta']
[1.075s] Level 1:colcon.colcon_core.package_identification:_identify(src/custom_message) by extension 'colcon_meta'
[1.075s] Level 1:colcon.colcon_core.package_identification:_identify(src/custom_message) by extensions ['ros']
[1.075s] Level 1:colcon.colcon_core.package_identification:_identify(src/custom_message) by extension 'ros'
[1.076s] DEBUG:colcon.colcon_core.package_identification:Package 'src/custom_message' with type 'ros.ament_cmake' and name 'custom_message'
[1.076s] Level 1:colcon.colcon_core.package_identification:_identify(src/install) by extensions ['ignore', 'ignore_ament_install']
[1.076s] Level 1:colcon.colcon_core.package_identification:_identify(src/install) by extension 'ignore'
[1.076s] Level 1:colcon.colcon_core.package_identification:_identify(src/install) ignored
[1.076s] Level 1:colcon.colcon_core.package_identification:_identify(src/log) by extensions ['ignore', 'ignore_ament_install']
[1.076s] Level 1:colcon.colcon_core.package_identification:_identify(src/log) by extension 'ignore'
[1.076s] Level 1:colcon.colcon_core.package_identification:_identify(src/log) ignored
[1.076s] Level 1:colcon.colcon_core.package_identification:_identify(src/planner) by extensions ['ignore', 'ignore_ament_install']
[1.076s] Level 1:colcon.colcon_core.package_identification:_identify(src/planner) by extension 'ignore'
[1.076s] Level 1:colcon.colcon_core.package_identification:_identify(src/planner) by extension 'ignore_ament_install'
[1.076s] Level 1:colcon.colcon_core.package_identification:_identify(src/planner) by extensions ['colcon_pkg']
[1.076s] Level 1:colcon.colcon_core.package_identification:_identify(src/planner) by extension 'colcon_pkg'
[1.076s] Level 1:colcon.colcon_core.package_identification:_identify(src/planner) by extensions ['colcon_meta']
[1.077s] Level 1:colcon.colcon_core.package_identification:_identify(src/planner) by extension 'colcon_meta'
[1.077s] Level 1:colcon.colcon_core.package_identification:_identify(src/planner) by extensions ['ros']
[1.077s] Level 1:colcon.colcon_core.package_identification:_identify(src/planner) by extension 'ros'
[1.077s] DEBUG:colcon.colcon_core.package_identification:Package 'src/planner' with type 'ros.ament_python' and name 'planner'
[1.077s] Level 1:colcon.colcon_core.package_identification:_identify(src/sym_bringup) by extensions ['ignore', 'ignore_ament_install']
[1.077s] Level 1:colcon.colcon_core.package_identification:_identify(src/sym_bringup) by extension 'ignore'
[1.077s] Level 1:colcon.colcon_core.package_identification:_identify(src/sym_bringup) by extension 'ignore_ament_install'
[1.077s] Level 1:colcon.colcon_core.package_identification:_identify(src/sym_bringup) by extensions ['colcon_pkg']
[1.077s] Level 1:colcon.colcon_core.package_identification:_identify(src/sym_bringup) by extension 'colcon_pkg'
[1.077s] Level 1:colcon.colcon_core.package_identification:_identify(src/sym_bringup) by extensions ['colcon_meta']
[1.077s] Level 1:colcon.colcon_core.package_identification:_identify(src/sym_bringup) by extension 'colcon_meta'
[1.078s] Level 1:colcon.colcon_core.package_identification:_identify(src/sym_bringup) by extensions ['ros']
[1.078s] Level 1:colcon.colcon_core.package_identification:_identify(src/sym_bringup) by extension 'ros'
[1.078s] DEBUG:colcon.colcon_core.package_identification:Package 'src/sym_bringup' with type 'ros.ament_cmake' and name 'sym_bringup'
[1.078s] Level 1:colcon.colcon_core.package_identification:_identify(src/urdf_example-main) by extensions ['ignore', 'ignore_ament_install']
[1.078s] Level 1:colcon.colcon_core.package_identification:_identify(src/urdf_example-main) by extension 'ignore'
[1.078s] Level 1:colcon.colcon_core.package_identification:_identify(src/urdf_example-main) by extension 'ignore_ament_install'
[1.078s] Level 1:colcon.colcon_core.package_identification:_identify(src/urdf_example-main) by extensions ['colcon_pkg']
[1.078s] Level 1:colcon.colcon_core.package_identification:_identify(src/urdf_example-main) by extension 'colcon_pkg'
[1.079s] Level 1:colcon.colcon_core.package_identification:_identify(src/urdf_example-main) by extensions ['colcon_meta']
[1.079s] Level 1:colcon.colcon_core.package_identification:_identify(src/urdf_example-main) by extension 'colcon_meta'
[1.079s] Level 1:colcon.colcon_core.package_identification:_identify(src/urdf_example-main) by extensions ['ros']
[1.079s] Level 1:colcon.colcon_core.package_identification:_identify(src/urdf_example-main) by extension 'ros'
[1.079s] Level 1:colcon.colcon_core.package_identification:_identify(src/urdf_example-main) by extensions ['cmake', 'python']
[1.079s] Level 1:colcon.colcon_core.package_identification:_identify(src/urdf_example-main) by extension 'cmake'
[1.079s] Level 1:colcon.colcon_core.package_identification:_identify(src/urdf_example-main) by extension 'python'
[1.079s] Level 1:colcon.colcon_core.package_identification:_identify(src/urdf_example-main) by extensions ['python_setup_py']
[1.079s] Level 1:colcon.colcon_core.package_identification:_identify(src/urdf_example-main) by extension 'python_setup_py'
[1.079s] Level 1:colcon.colcon_core.package_identification:_identify(src/urdf_example-main/build) by extensions ['ignore', 'ignore_ament_install']
[1.079s] Level 1:colcon.colcon_core.package_identification:_identify(src/urdf_example-main/build) by extension 'ignore'
[1.079s] Level 1:colcon.colcon_core.package_identification:_identify(src/urdf_example-main/build) ignored
[1.079s] Level 1:colcon.colcon_core.package_identification:_identify(src/urdf_example-main/install) by extensions ['ignore', 'ignore_ament_install']
[1.079s] Level 1:colcon.colcon_core.package_identification:_identify(src/urdf_example-main/install) by extension 'ignore'
[1.079s] Level 1:colcon.colcon_core.package_identification:_identify(src/urdf_example-main/install) ignored
[1.079s] Level 1:colcon.colcon_core.package_identification:_identify(src/urdf_example-main/log) by extensions ['ignore', 'ignore_ament_install']
[1.080s] Level 1:colcon.colcon_core.package_identification:_identify(src/urdf_example-main/log) by extension 'ignore'
[1.080s] Level 1:colcon.colcon_core.package_identification:_identify(src/urdf_example-main/log) ignored
[1.080s] Level 1:colcon.colcon_core.package_identification:_identify(src/urdf_example-main/urdf_example-main) by extensions ['ignore', 'ignore_ament_install']
[1.080s] Level 1:colcon.colcon_core.package_identification:_identify(src/urdf_example-main/urdf_example-main) by extension 'ignore'
[1.080s] Level 1:colcon.colcon_core.package_identification:_identify(src/urdf_example-main/urdf_example-main) by extension 'ignore_ament_install'
[1.080s] Level 1:colcon.colcon_core.package_identification:_identify(src/urdf_example-main/urdf_example-main) by extensions ['colcon_pkg']
[1.080s] Level 1:colcon.colcon_core.package_identification:_identify(src/urdf_example-main/urdf_example-main) by extension 'colcon_pkg'
[1.080s] Level 1:colcon.colcon_core.package_identification:_identify(src/urdf_example-main/urdf_example-main) by extensions ['colcon_meta']
[1.080s] Level 1:colcon.colcon_core.package_identification:_identify(src/urdf_example-main/urdf_example-main) by extension 'colcon_meta'
[1.080s] Level 1:colcon.colcon_core.package_identification:_identify(src/urdf_example-main/urdf_example-main) by extensions ['ros']
[1.080s] Level 1:colcon.colcon_core.package_identification:_identify(src/urdf_example-main/urdf_example-main) by extension 'ros'
[1.081s] DEBUG:colcon.colcon_core.package_identification:Package 'src/urdf_example-main/urdf_example-main' with type 'ros.ament_cmake' and name 'urdf_example'
[1.081s] Level 1:colcon.colcon_core.package_discovery:discover_packages(recursive) using defaults
[1.081s] Level 1:colcon.colcon_core.package_discovery:discover_packages(ignore) discover
[1.081s] Level 1:colcon.colcon_core.package_discovery:discover_packages(ignore) using defaults
[1.081s] Level 1:colcon.colcon_core.package_discovery:discover_packages(path) discover
[1.081s] Level 1:colcon.colcon_core.package_discovery:discover_packages(path) using defaults
[1.180s] Level 1:colcon.colcon_core.package_discovery:discover_packages(prefix_path) check parameters
[1.180s] Level 1:colcon.colcon_core.package_discovery:discover_packages(prefix_path) discover
[1.213s] DEBUG:colcon.colcon_installed_package_information.package_discovery:Found 7 installed packages in /home/giacomo/thesis_ws/install
[1.229s] DEBUG:colcon.colcon_installed_package_information.package_discovery:Found 5 installed packages in /home/giacomo/ros2_ws/install
[1.245s] DEBUG:colcon.colcon_installed_package_information.package_discovery:Found 280 installed packages in /opt/ros/humble
[1.246s] Level 1:colcon.colcon_core.package_discovery:discover_packages(prefix_path) using defaults
[1.325s] Level 5:colcon.colcon_core.verb:set package 'custom_message' build argument 'cmake_args' from command line to 'None'
[1.325s] Level 5:colcon.colcon_core.verb:set package 'custom_message' build argument 'cmake_target' from command line to 'None'
[1.325s] Level 5:colcon.colcon_core.verb:set package 'custom_message' build argument 'cmake_target_skip_unavailable' from command line to 'False'
[1.325s] Level 5:colcon.colcon_core.verb:set package 'custom_message' build argument 'cmake_clean_cache' from command line to 'False'
[1.325s] Level 5:colcon.colcon_core.verb:set package 'custom_message' build argument 'cmake_clean_first' from command line to 'False'
[1.325s] Level 5:colcon.colcon_core.verb:set package 'custom_message' build argument 'cmake_force_configure' from command line to 'False'
[1.325s] Level 5:colcon.colcon_core.verb:set package 'custom_message' build argument 'ament_cmake_args' from command line to 'None'
[1.325s] Level 5:colcon.colcon_core.verb:set package 'custom_message' build argument 'catkin_cmake_args' from command line to 'None'
[1.325s] Level 5:colcon.colcon_core.verb:set package 'custom_message' build argument 'catkin_skip_building_tests' from command line to 'False'
[1.325s] DEBUG:colcon.colcon_core.verb:Building package 'custom_message' with the following arguments: {'ament_cmake_args': None, 'build_base': '/home/giacomo/thesis_ws/build/custom_message', 'catkin_cmake_args': None, 'catkin_skip_building_tests': False, 'cmake_args': None, 'cmake_clean_cache': False, 'cmake_clean_first': False, 'cmake_force_configure': False, 'cmake_target': None, 'cmake_target_skip_unavailable': False, 'install_base': '/home/giacomo/thesis_ws/install/custom_message', 'merge_install': False, 'path': '/home/giacomo/thesis_ws/src/custom_message', 'symlink_install': True, 'test_result_base': None}
[1.341s] Level 5:colcon.colcon_core.verb:set package 'planner' build argument 'cmake_args' from command line to 'None'
[1.341s] Level 5:colcon.colcon_core.verb:set package 'planner' build argument 'cmake_target' from command line to 'None'
[1.341s] Level 5:colcon.colcon_core.verb:set package 'planner' build argument 'cmake_target_skip_unavailable' from command line to 'False'
[1.341s] Level 5:colcon.colcon_core.verb:set package 'planner' build argument 'cmake_clean_cache' from command line to 'False'
[1.341s] Level 5:colcon.colcon_core.verb:set package 'planner' build argument 'cmake_clean_first' from command line to 'False'
[1.341s] Level 5:colcon.colcon_core.verb:set package 'planner' build argument 'cmake_force_configure' from command line to 'False'
[1.341s] Level 5:colcon.colcon_core.verb:set package 'planner' build argument 'ament_cmake_args' from command line to 'None'
[1.342s] Level 5:colcon.colcon_core.verb:set package 'planner' build argument 'catkin_cmake_args' from command line to 'None'
[1.342s] Level 5:colcon.colcon_core.verb:set package 'planner' build argument 'catkin_skip_building_tests' from command line to 'False'
[1.342s] DEBUG:colcon.colcon_core.verb:Building package 'planner' with the following arguments: {'ament_cmake_args': None, 'build_base': '/home/giacomo/thesis_ws/build/planner', 'catkin_cmake_args': None, 'catkin_skip_building_tests': False, 'cmake_args': None, 'cmake_clean_cache': False, 'cmake_clean_first': False, 'cmake_force_configure': False, 'cmake_target': None, 'cmake_target_skip_unavailable': False, 'install_base': '/home/giacomo/thesis_ws/install/planner', 'merge_install': False, 'path': '/home/giacomo/thesis_ws/src/planner', 'symlink_install': True, 'test_result_base': None}
[1.357s] Level 5:colcon.colcon_core.verb:set package 'urdf_example' build argument 'cmake_args' from command line to 'None'
[1.357s] Level 5:colcon.colcon_core.verb:set package 'urdf_example' build argument 'cmake_target' from command line to 'None'
[1.357s] Level 5:colcon.colcon_core.verb:set package 'urdf_example' build argument 'cmake_target_skip_unavailable' from command line to 'False'
[1.357s] Level 5:colcon.colcon_core.verb:set package 'urdf_example' build argument 'cmake_clean_cache' from command line to 'False'
[1.357s] Level 5:colcon.colcon_core.verb:set package 'urdf_example' build argument 'cmake_clean_first' from command line to 'False'
[1.357s] Level 5:colcon.colcon_core.verb:set package 'urdf_example' build argument 'cmake_force_configure' from command line to 'False'
[1.357s] Level 5:colcon.colcon_core.verb:set package 'urdf_example' build argument 'ament_cmake_args' from command line to 'None'
[1.357s] Level 5:colcon.colcon_core.verb:set package 'urdf_example' build argument 'catkin_cmake_args' from command line to 'None'
[1.357s] Level 5:colcon.colcon_core.verb:set package 'urdf_example' build argument 'catkin_skip_building_tests' from command line to 'False'
[1.357s] DEBUG:colcon.colcon_core.verb:Building package 'urdf_example' with the following arguments: {'ament_cmake_args': None, 'build_base': '/home/giacomo/thesis_ws/build/urdf_example', 'catkin_cmake_args': None, 'catkin_skip_building_tests': False, 'cmake_args': None, 'cmake_clean_cache': False, 'cmake_clean_first': False, 'cmake_force_configure': False, 'cmake_target': None, 'cmake_target_skip_unavailable': False, 'install_base': '/home/giacomo/thesis_ws/install/urdf_example', 'merge_install': False, 'path': '/home/giacomo/thesis_ws/src/urdf_example-main/urdf_example-main', 'symlink_install': True, 'test_result_base': None}
[1.380s] Level 5:colcon.colcon_core.verb:set package 'bumper_cars' build argument 'cmake_args' from command line to 'None'
[1.381s] Level 5:colcon.colcon_core.verb:set package 'bumper_cars' build argument 'cmake_target' from command line to 'None'
[1.381s] Level 5:colcon.colcon_core.verb:set package 'bumper_cars' build argument 'cmake_target_skip_unavailable' from command line to 'False'
[1.381s] Level 5:colcon.colcon_core.verb:set package 'bumper_cars' build argument 'cmake_clean_cache' from command line to 'False'
[1.381s] Level 5:colcon.colcon_core.verb:set package 'bumper_cars' build argument 'cmake_clean_first' from command line to 'False'
[1.381s] Level 5:colcon.colcon_core.verb:set package 'bumper_cars' build argument 'cmake_force_configure' from command line to 'False'
[1.381s] Level 5:colcon.colcon_core.verb:set package 'bumper_cars' build argument 'ament_cmake_args' from command line to 'None'
[1.381s] Level 5:colcon.colcon_core.verb:set package 'bumper_cars' build argument 'catkin_cmake_args' from command line to 'None'
[1.381s] Level 5:colcon.colcon_core.verb:set package 'bumper_cars' build argument 'catkin_skip_building_tests' from command line to 'False'
[1.381s] DEBUG:colcon.colcon_core.verb:Building package 'bumper_cars' with the following arguments: {'ament_cmake_args': None, 'build_base': '/home/giacomo/thesis_ws/build/bumper_cars', 'catkin_cmake_args': None, 'catkin_skip_building_tests': False, 'cmake_args': None, 'cmake_clean_cache': False, 'cmake_clean_first': False, 'cmake_force_configure': False, 'cmake_target': None, 'cmake_target_skip_unavailable': False, 'install_base': '/home/giacomo/thesis_ws/install/bumper_cars', 'merge_install': False, 'path': '/home/giacomo/thesis_ws/src/bumper_cars', 'symlink_install': True, 'test_result_base': None}
[1.396s] Level 5:colcon.colcon_core.verb:set package 'sym_bringup' build argument 'cmake_args' from command line to 'None'
[1.396s] Level 5:colcon.colcon_core.verb:set package 'sym_bringup' build argument 'cmake_target' from command line to 'None'
[1.396s] Level 5:colcon.colcon_core.verb:set package 'sym_bringup' build argument 'cmake_target_skip_unavailable' from command line to 'False'
[1.396s] Level 5:colcon.colcon_core.verb:set package 'sym_bringup' build argument 'cmake_clean_cache' from command line to 'False'
[1.396s] Level 5:colcon.colcon_core.verb:set package 'sym_bringup' build argument 'cmake_clean_first' from command line to 'False'
[1.396s] Level 5:colcon.colcon_core.verb:set package 'sym_bringup' build argument 'cmake_force_configure' from command line to 'False'
[1.396s] Level 5:colcon.colcon_core.verb:set package 'sym_bringup' build argument 'ament_cmake_args' from command line to 'None'
[1.396s] Level 5:colcon.colcon_core.verb:set package 'sym_bringup' build argument 'catkin_cmake_args' from command line to 'None'
[1.396s] Level 5:colcon.colcon_core.verb:set package 'sym_bringup' build argument 'catkin_skip_building_tests' from command line to 'False'
[1.396s] DEBUG:colcon.colcon_core.verb:Building package 'sym_bringup' with the following arguments: {'ament_cmake_args': None, 'build_base': '/home/giacomo/thesis_ws/build/sym_bringup', 'catkin_cmake_args': None, 'catkin_skip_building_tests': False, 'cmake_args': None, 'cmake_clean_cache': False, 'cmake_clean_first': False, 'cmake_force_configure': False, 'cmake_target': None, 'cmake_target_skip_unavailable': False, 'install_base': '/home/giacomo/thesis_ws/install/sym_bringup', 'merge_install': False, 'path': '/home/giacomo/thesis_ws/src/sym_bringup', 'symlink_install': True, 'test_result_base': None}
[1.411s] INFO:colcon.colcon_core.executor:Executing jobs using 'parallel' executor
[1.426s] DEBUG:colcon.colcon_parallel_executor.executor.parallel:run_until_complete
[1.427s] INFO:colcon.colcon_ros.task.ament_cmake.build:Building ROS package in '/home/giacomo/thesis_ws/src/custom_message' with build type 'ament_cmake'
[1.427s] INFO:colcon.colcon_cmake.task.cmake.build:Building CMake package in '/home/giacomo/thesis_ws/src/custom_message'
[1.453s] INFO:colcon.colcon_core.plugin_system:Skipping extension 'colcon_core.shell.bat': Not used on non-Windows systems
[1.453s] INFO:colcon.colcon_core.shell:Skip shell extension 'powershell' for command environment: Not usable outside of PowerShell
[1.453s] DEBUG:colcon.colcon_core.shell:Skip shell extension 'dsv' for command environment
[1.523s] INFO:colcon.colcon_ros.task.ament_python.build:Building ROS package in '/home/giacomo/thesis_ws/src/planner' with build type 'ament_python'
[1.524s] Level 1:colcon.colcon_core.shell:create_environment_hook('planner', 'ament_prefix_path')
[1.541s] INFO:colcon.colcon_core.shell:Creating environment hook '/home/giacomo/thesis_ws/install/planner/share/planner/hook/ament_prefix_path.ps1'
[1.542s] INFO:colcon.colcon_core.shell:Creating environment descriptor '/home/giacomo/thesis_ws/install/planner/share/planner/hook/ament_prefix_path.dsv'
[1.543s] INFO:colcon.colcon_core.shell:Creating environment hook '/home/giacomo/thesis_ws/install/planner/share/planner/hook/ament_prefix_path.sh'
[1.560s] INFO:colcon.colcon_core.shell:Skip shell extension 'powershell' for command environment: Not usable outside of PowerShell
[1.560s] DEBUG:colcon.colcon_core.shell:Skip shell extension 'dsv' for command environment
[1.628s] INFO:colcon.colcon_ros.task.ament_cmake.build:Building ROS package in '/home/giacomo/thesis_ws/src/urdf_example-main/urdf_example-main' with build type 'ament_cmake'
[1.628s] INFO:colcon.colcon_cmake.task.cmake.build:Building CMake package in '/home/giacomo/thesis_ws/src/urdf_example-main/urdf_example-main'
[1.645s] INFO:colcon.colcon_core.shell:Skip shell extension 'powershell' for command environment: Not usable outside of PowerShell
[1.645s] DEBUG:colcon.colcon_core.shell:Skip shell extension 'dsv' for command environment
[1.715s] DEBUG:colcon.colcon_core.event_handler.log_command:Invoking command in '/home/giacomo/thesis_ws/build/custom_message': CMAKE_PREFIX_PATH=${CMAKE_PREFIX_PATH}:/home/giacomo/thesis_ws/install/planner:/home/giacomo/thesis_ws/install/bumper_cars:/home/giacomo/ros2_ws/install/py_pubsub:/home/giacomo/ros2_ws/install/my_robot_controller:/home/giacomo/ros2_ws/install/py_srvcli:/opt/ros/humble /usr/bin/cmake --build /home/giacomo/thesis_ws/build/custom_message -- -j8 -l8
[1.963s] INFO:colcon.colcon_core.task.python.build:Building Python package in '/home/giacomo/thesis_ws/src/planner'
[1.982s] INFO:colcon.colcon_core.shell:Skip shell extension 'powershell' for command environment: Not usable outside of PowerShell
[1.982s] DEBUG:colcon.colcon_core.shell:Skip shell extension 'dsv' for command environment
[2.074s] DEBUG:colcon.colcon_core.event_handler.log_command:Invoking command in '/home/giacomo/thesis_ws/build/urdf_example': CMAKE_PREFIX_PATH=${CMAKE_PREFIX_PATH}:/home/giacomo/thesis_ws/install/planner:/home/giacomo/thesis_ws/install/bumper_cars:/home/giacomo/ros2_ws/install/py_pubsub:/home/giacomo/ros2_ws/install/my_robot_controller:/home/giacomo/ros2_ws/install/py_srvcli:/opt/ros/humble /usr/bin/cmake --build /home/giacomo/thesis_ws/build/urdf_example -- -j8 -l8
[2.487s] DEBUG:colcon.colcon_core.event_handler.log_command:Invoked command in '/home/giacomo/thesis_ws/build/urdf_example' returned '0': CMAKE_PREFIX_PATH=${CMAKE_PREFIX_PATH}:/home/giacomo/thesis_ws/install/planner:/home/giacomo/thesis_ws/install/bumper_cars:/home/giacomo/ros2_ws/install/py_pubsub:/home/giacomo/ros2_ws/install/my_robot_controller:/home/giacomo/ros2_ws/install/py_srvcli:/opt/ros/humble /usr/bin/cmake --build /home/giacomo/thesis_ws/build/urdf_example -- -j8 -l8
[2.531s] DEBUG:colcon.colcon_core.event_handler.log_command:Invoking command in '/home/giacomo/thesis_ws/build/urdf_example': CMAKE_PREFIX_PATH=${CMAKE_PREFIX_PATH}:/home/giacomo/thesis_ws/install/planner:/home/giacomo/thesis_ws/install/bumper_cars:/home/giacomo/ros2_ws/install/py_pubsub:/home/giacomo/ros2_ws/install/my_robot_controller:/home/giacomo/ros2_ws/install/py_srvcli:/opt/ros/humble /usr/bin/cmake --install /home/giacomo/thesis_ws/build/urdf_example
[2.566s] Level 1:colcon.colcon_core.environment:create_environment_scripts_only(urdf_example)
[2.567s] DEBUG:colcon.colcon_core.event_handler.log_command:Invoked command in '/home/giacomo/thesis_ws/build/urdf_example' returned '0': CMAKE_PREFIX_PATH=${CMAKE_PREFIX_PATH}:/home/giacomo/thesis_ws/install/planner:/home/giacomo/thesis_ws/install/bumper_cars:/home/giacomo/ros2_ws/install/py_pubsub:/home/giacomo/ros2_ws/install/my_robot_controller:/home/giacomo/ros2_ws/install/py_srvcli:/opt/ros/humble /usr/bin/cmake --install /home/giacomo/thesis_ws/build/urdf_example
[2.594s] Level 1:colcon.colcon_core.environment:checking '/home/giacomo/thesis_ws/install/urdf_example' for CMake module files
[2.595s] Level 1:colcon.colcon_core.environment:checking '/home/giacomo/thesis_ws/install/urdf_example' for CMake config files
[2.595s] Level 1:colcon.colcon_core.shell:create_environment_hook('urdf_example', 'cmake_prefix_path')
[2.619s] INFO:colcon.colcon_core.shell:Creating environment hook '/home/giacomo/thesis_ws/install/urdf_example/share/urdf_example/hook/cmake_prefix_path.ps1'
[2.619s] INFO:colcon.colcon_core.shell:Creating environment descriptor '/home/giacomo/thesis_ws/install/urdf_example/share/urdf_example/hook/cmake_prefix_path.dsv'
[2.620s] INFO:colcon.colcon_core.shell:Creating environment hook '/home/giacomo/thesis_ws/install/urdf_example/share/urdf_example/hook/cmake_prefix_path.sh'
[2.620s] Level 1:colcon.colcon_core.environment:checking '/home/giacomo/thesis_ws/install/urdf_example/bin'
[2.620s] Level 1:colcon.colcon_core.environment:checking '/home/giacomo/thesis_ws/install/urdf_example/lib/pkgconfig/urdf_example.pc'
[2.621s] Level 1:colcon.colcon_core.environment:checking '/home/giacomo/thesis_ws/install/urdf_example/lib/python3.10/site-packages'
[2.621s] Level 1:colcon.colcon_core.environment:checking '/home/giacomo/thesis_ws/install/urdf_example/bin'
[2.648s] INFO:colcon.colcon_core.shell:Creating package script '/home/giacomo/thesis_ws/install/urdf_example/share/urdf_example/package.ps1'
[2.649s] INFO:colcon.colcon_core.shell:Creating package descriptor '/home/giacomo/thesis_ws/install/urdf_example/share/urdf_example/package.dsv'
[2.650s] INFO:colcon.colcon_core.shell:Creating package script '/home/giacomo/thesis_ws/install/urdf_example/share/urdf_example/package.sh'
[2.651s] INFO:colcon.colcon_core.shell:Creating package script '/home/giacomo/thesis_ws/install/urdf_example/share/urdf_example/package.bash'
[2.652s] INFO:colcon.colcon_core.shell:Creating package script '/home/giacomo/thesis_ws/install/urdf_example/share/urdf_example/package.zsh'
[2.653s] Level 1:colcon.colcon_core.environment:create_file_with_runtime_dependencies(/home/giacomo/thesis_ws/install/urdf_example/share/colcon-core/packages/urdf_example)
[2.708s] Level 1:colcon.colcon_core.environment:create_environment_scripts_only(urdf_example)
[2.733s] Level 1:colcon.colcon_core.environment:checking '/home/giacomo/thesis_ws/install/urdf_example' for CMake module files
[2.734s] Level 1:colcon.colcon_core.environment:checking '/home/giacomo/thesis_ws/install/urdf_example' for CMake config files
[2.734s] Level 1:colcon.colcon_core.shell:create_environment_hook('urdf_example', 'cmake_prefix_path')
[2.765s] INFO:colcon.colcon_core.shell:Creating environment hook '/home/giacomo/thesis_ws/install/urdf_example/share/urdf_example/hook/cmake_prefix_path.ps1'
[2.765s] INFO:colcon.colcon_core.shell:Creating environment descriptor '/home/giacomo/thesis_ws/install/urdf_example/share/urdf_example/hook/cmake_prefix_path.dsv'
[2.765s] INFO:colcon.colcon_core.shell:Creating environment hook '/home/giacomo/thesis_ws/install/urdf_example/share/urdf_example/hook/cmake_prefix_path.sh'
[2.766s] Level 1:colcon.colcon_core.environment:checking '/home/giacomo/thesis_ws/install/urdf_example/bin'
[2.766s] Level 1:colcon.colcon_core.environment:checking '/home/giacomo/thesis_ws/install/urdf_example/lib/pkgconfig/urdf_example.pc'
[2.767s] Level 1:colcon.colcon_core.environment:checking '/home/giacomo/thesis_ws/install/urdf_example/lib/python3.10/site-packages'
[2.767s] Level 1:colcon.colcon_core.environment:checking '/home/giacomo/thesis_ws/install/urdf_example/bin'
[2.793s] INFO:colcon.colcon_core.shell:Creating package script '/home/giacomo/thesis_ws/install/urdf_example/share/urdf_example/package.ps1'
[2.793s] INFO:colcon.colcon_core.shell:Creating package descriptor '/home/giacomo/thesis_ws/install/urdf_example/share/urdf_example/package.dsv'
[2.794s] INFO:colcon.colcon_core.shell:Creating package script '/home/giacomo/thesis_ws/install/urdf_example/share/urdf_example/package.sh'
[2.795s] INFO:colcon.colcon_core.shell:Creating package script '/home/giacomo/thesis_ws/install/urdf_example/share/urdf_example/package.bash'
[2.795s] INFO:colcon.colcon_core.shell:Creating package script '/home/giacomo/thesis_ws/install/urdf_example/share/urdf_example/package.zsh'
[2.796s] Level 1:colcon.colcon_core.environment:create_file_with_runtime_dependencies(/home/giacomo/thesis_ws/install/urdf_example/share/colcon-core/packages/urdf_example)
[2.890s] DEBUG:colcon.colcon_core.event_handler.log_command:Invoking command in '/home/giacomo/thesis_ws/build/planner': PYTHONPATH=/home/giacomo/thesis_ws/build/planner/prefix_override:/home/giacomo/thesis_ws/install/planner/lib/python3.10/site-packages:${PYTHONPATH} /usr/bin/python3 setup.py develop --editable --build-directory /home/giacomo/thesis_ws/build/planner/build --no-deps install_data
[3.889s] Level 1:colcon.colcon_core.shell:create_environment_hook('planner', 'pythonpath_develop')
[3.890s] DEBUG:colcon.colcon_core.event_handler.log_command:Invoked command in '/home/giacomo/thesis_ws/build/planner' returned '0': PYTHONPATH=/home/giacomo/thesis_ws/build/planner/prefix_override:/home/giacomo/thesis_ws/install/planner/lib/python3.10/site-packages:${PYTHONPATH} /usr/bin/python3 setup.py develop --editable --build-directory /home/giacomo/thesis_ws/build/planner/build --no-deps install_data
[3.924s] INFO:colcon.colcon_core.shell:Creating environment hook '/home/giacomo/thesis_ws/build/planner/share/planner/hook/pythonpath_develop.ps1'
[3.925s] INFO:colcon.colcon_core.shell:Creating environment descriptor '/home/giacomo/thesis_ws/build/planner/share/planner/hook/pythonpath_develop.dsv'
[3.925s] INFO:colcon.colcon_core.shell:Creating environment hook '/home/giacomo/thesis_ws/build/planner/share/planner/hook/pythonpath_develop.sh'
[3.972s] Level 1:colcon.colcon_core.environment:checking '/home/giacomo/thesis_ws/install/planner' for CMake module files
[3.973s] Level 1:colcon.colcon_core.environment:checking '/home/giacomo/thesis_ws/install/planner' for CMake config files
[3.975s] Level 1:colcon.colcon_core.environment:checking '/home/giacomo/thesis_ws/install/planner/lib'
[3.976s] Level 1:colcon.colcon_core.environment:checking '/home/giacomo/thesis_ws/install/planner/bin'
[3.976s] Level 1:colcon.colcon_core.environment:checking '/home/giacomo/thesis_ws/install/planner/lib/pkgconfig/planner.pc'
[3.977s] Level 1:colcon.colcon_core.environment:checking '/home/giacomo/thesis_ws/install/planner/lib/python3.10/site-packages'
[3.977s] Level 1:colcon.colcon_core.shell:create_environment_hook('planner', 'pythonpath')
[4.034s] INFO:colcon.colcon_core.shell:Creating environment hook '/home/giacomo/thesis_ws/install/planner/share/planner/hook/pythonpath.ps1'
[4.036s] INFO:colcon.colcon_core.shell:Creating environment descriptor '/home/giacomo/thesis_ws/install/planner/share/planner/hook/pythonpath.dsv'
[4.037s] INFO:colcon.colcon_core.shell:Creating environment hook '/home/giacomo/thesis_ws/install/planner/share/planner/hook/pythonpath.sh'
[4.038s] Level 1:colcon.colcon_core.environment:checking '/home/giacomo/thesis_ws/install/planner/bin'
[4.039s] Level 1:colcon.colcon_core.environment:create_environment_scripts_only(planner)
[4.098s] INFO:colcon.colcon_core.shell:Creating package script '/home/giacomo/thesis_ws/install/planner/share/planner/package.ps1'
[4.100s] INFO:colcon.colcon_core.shell:Creating package descriptor '/home/giacomo/thesis_ws/install/planner/share/planner/package.dsv'
[4.101s] INFO:colcon.colcon_core.shell:Creating package script '/home/giacomo/thesis_ws/install/planner/share/planner/package.sh'
[4.102s] INFO:colcon.colcon_core.shell:Creating package script '/home/giacomo/thesis_ws/install/planner/share/planner/package.bash'
[4.103s] INFO:colcon.colcon_core.shell:Creating package script '/home/giacomo/thesis_ws/install/planner/share/planner/package.zsh'
[4.103s] Level 1:colcon.colcon_core.environment:create_file_with_runtime_dependencies(/home/giacomo/thesis_ws/install/planner/share/colcon-core/packages/planner)
[8.519s] DEBUG:colcon.colcon_core.event_handler.log_command:Invoked command in '/home/giacomo/thesis_ws/build/custom_message' returned '0': CMAKE_PREFIX_PATH=${CMAKE_PREFIX_PATH}:/home/giacomo/thesis_ws/install/planner:/home/giacomo/thesis_ws/install/bumper_cars:/home/giacomo/ros2_ws/install/py_pubsub:/home/giacomo/ros2_ws/install/my_robot_controller:/home/giacomo/ros2_ws/install/py_srvcli:/opt/ros/humble /usr/bin/cmake --build /home/giacomo/thesis_ws/build/custom_message -- -j8 -l8
[8.684s] DEBUG:colcon.colcon_core.event_handler.log_command:Invoking command in '/home/giacomo/thesis_ws/build/custom_message': CMAKE_PREFIX_PATH=${CMAKE_PREFIX_PATH}:/home/giacomo/thesis_ws/install/planner:/home/giacomo/thesis_ws/install/bumper_cars:/home/giacomo/ros2_ws/install/py_pubsub:/home/giacomo/ros2_ws/install/my_robot_controller:/home/giacomo/ros2_ws/install/py_srvcli:/opt/ros/humble /usr/bin/cmake --install /home/giacomo/thesis_ws/build/custom_message
[8.847s] Level 1:colcon.colcon_core.environment:create_environment_scripts_only(custom_message)
[8.848s] DEBUG:colcon.colcon_core.event_handler.log_command:Invoked command in '/home/giacomo/thesis_ws/build/custom_message' returned '0': CMAKE_PREFIX_PATH=${CMAKE_PREFIX_PATH}:/home/giacomo/thesis_ws/install/planner:/home/giacomo/thesis_ws/install/bumper_cars:/home/giacomo/ros2_ws/install/py_pubsub:/home/giacomo/ros2_ws/install/my_robot_controller:/home/giacomo/ros2_ws/install/py_srvcli:/opt/ros/humble /usr/bin/cmake --install /home/giacomo/thesis_ws/build/custom_message
[8.870s] Level 1:colcon.colcon_core.environment:checking '/home/giacomo/thesis_ws/install/custom_message' for CMake module files
[8.871s] Level 1:colcon.colcon_core.environment:checking '/home/giacomo/thesis_ws/install/custom_message' for CMake config files
[8.872s] Level 1:colcon.colcon_core.shell:create_environment_hook('custom_message', 'cmake_prefix_path')
[8.888s] INFO:colcon.colcon_core.shell:Creating environment hook '/home/giacomo/thesis_ws/install/custom_message/share/custom_message/hook/cmake_prefix_path.ps1'
[8.888s] INFO:colcon.colcon_core.shell:Creating environment descriptor '/home/giacomo/thesis_ws/install/custom_message/share/custom_message/hook/cmake_prefix_path.dsv'
[8.889s] INFO:colcon.colcon_core.shell:Creating environment hook '/home/giacomo/thesis_ws/install/custom_message/share/custom_message/hook/cmake_prefix_path.sh'
[8.889s] Level 1:colcon.colcon_core.environment:checking '/home/giacomo/thesis_ws/install/custom_message/lib'
[8.889s] Level 1:colcon.colcon_core.shell:create_environment_hook('custom_message', 'ld_library_path_lib')
[8.905s] INFO:colcon.colcon_core.shell:Creating environment hook '/home/giacomo/thesis_ws/install/custom_message/share/custom_message/hook/ld_library_path_lib.ps1'
[8.905s] INFO:colcon.colcon_core.shell:Creating environment descriptor '/home/giacomo/thesis_ws/install/custom_message/share/custom_message/hook/ld_library_path_lib.dsv'
[8.905s] INFO:colcon.colcon_core.shell:Creating environment hook '/home/giacomo/thesis_ws/install/custom_message/share/custom_message/hook/ld_library_path_lib.sh'
[8.906s] Level 1:colcon.colcon_core.environment:checking '/home/giacomo/thesis_ws/install/custom_message/bin'
[8.906s] Level 1:colcon.colcon_core.environment:checking '/home/giacomo/thesis_ws/install/custom_message/lib/pkgconfig/custom_message.pc'
[8.906s] Level 1:colcon.colcon_core.environment:checking '/home/giacomo/thesis_ws/install/custom_message/lib/python3.10/site-packages'
[8.906s] Level 1:colcon.colcon_core.environment:checking '/home/giacomo/thesis_ws/install/custom_message/bin'
[8.922s] INFO:colcon.colcon_core.shell:Creating package script '/home/giacomo/thesis_ws/install/custom_message/share/custom_message/package.ps1'
[8.922s] INFO:colcon.colcon_core.shell:Creating package descriptor '/home/giacomo/thesis_ws/install/custom_message/share/custom_message/package.dsv'
[8.923s] INFO:colcon.colcon_core.shell:Creating package script '/home/giacomo/thesis_ws/install/custom_message/share/custom_message/package.sh'
[8.923s] INFO:colcon.colcon_core.shell:Creating package script '/home/giacomo/thesis_ws/install/custom_message/share/custom_message/package.bash'
[8.923s] INFO:colcon.colcon_core.shell:Creating package script '/home/giacomo/thesis_ws/install/custom_message/share/custom_message/package.zsh'
[8.923s] Level 1:colcon.colcon_core.environment:create_file_with_runtime_dependencies(/home/giacomo/thesis_ws/install/custom_message/share/colcon-core/packages/custom_message)
[9.078s] Level 1:colcon.colcon_core.environment:create_environment_scripts_only(custom_message)
[9.094s] Level 1:colcon.colcon_core.environment:checking '/home/giacomo/thesis_ws/install/custom_message' for CMake module files
[9.095s] Level 1:colcon.colcon_core.environment:checking '/home/giacomo/thesis_ws/install/custom_message' for CMake config files
[9.095s] Level 1:colcon.colcon_core.shell:create_environment_hook('custom_message', 'cmake_prefix_path')
[9.111s] INFO:colcon.colcon_core.shell:Creating environment hook '/home/giacomo/thesis_ws/install/custom_message/share/custom_message/hook/cmake_prefix_path.ps1'
[9.111s] INFO:colcon.colcon_core.shell:Creating environment descriptor '/home/giacomo/thesis_ws/install/custom_message/share/custom_message/hook/cmake_prefix_path.dsv'
[9.111s] INFO:colcon.colcon_core.shell:Creating environment hook '/home/giacomo/thesis_ws/install/custom_message/share/custom_message/hook/cmake_prefix_path.sh'
[9.112s] Level 1:colcon.colcon_core.environment:checking '/home/giacomo/thesis_ws/install/custom_message/lib'
[9.112s] Level 1:colcon.colcon_core.shell:create_environment_hook('custom_message', 'ld_library_path_lib')
[9.128s] INFO:colcon.colcon_core.shell:Creating environment hook '/home/giacomo/thesis_ws/install/custom_message/share/custom_message/hook/ld_library_path_lib.ps1'
[9.128s] INFO:colcon.colcon_core.shell:Creating environment descriptor '/home/giacomo/thesis_ws/install/custom_message/share/custom_message/hook/ld_library_path_lib.dsv'
[9.128s] INFO:colcon.colcon_core.shell:Creating environment hook '/home/giacomo/thesis_ws/install/custom_message/share/custom_message/hook/ld_library_path_lib.sh'
[9.129s] Level 1:colcon.colcon_core.environment:checking '/home/giacomo/thesis_ws/install/custom_message/bin'
[9.129s] Level 1:colcon.colcon_core.environment:checking '/home/giacomo/thesis_ws/install/custom_message/lib/pkgconfig/custom_message.pc'
[9.129s] Level 1:colcon.colcon_core.environment:checking '/home/giacomo/thesis_ws/install/custom_message/lib/python3.10/site-packages'
[9.129s] Level 1:colcon.colcon_core.environment:checking '/home/giacomo/thesis_ws/install/custom_message/bin'
[9.145s] INFO:colcon.colcon_core.shell:Creating package script '/home/giacomo/thesis_ws/install/custom_message/share/custom_message/package.ps1'
[9.146s] INFO:colcon.colcon_core.shell:Creating package descriptor '/home/giacomo/thesis_ws/install/custom_message/share/custom_message/package.dsv'
[9.146s] INFO:colcon.colcon_core.shell:Creating package script '/home/giacomo/thesis_ws/install/custom_message/share/custom_message/package.sh'
[9.147s] INFO:colcon.colcon_core.shell:Creating package script '/home/giacomo/thesis_ws/install/custom_message/share/custom_message/package.bash'
[9.147s] INFO:colcon.colcon_core.shell:Creating package script '/home/giacomo/thesis_ws/install/custom_message/share/custom_message/package.zsh'
[9.148s] Level 1:colcon.colcon_core.environment:create_file_with_runtime_dependencies(/home/giacomo/thesis_ws/install/custom_message/share/colcon-core/packages/custom_message)
[9.148s] INFO:colcon.colcon_ros.task.ament_python.build:Building ROS package in '/home/giacomo/thesis_ws/src/bumper_cars' with build type 'ament_python'
[9.148s] Level 1:colcon.colcon_core.shell:create_environment_hook('bumper_cars', 'ament_prefix_path')
[9.166s] INFO:colcon.colcon_core.shell:Creating environment hook '/home/giacomo/thesis_ws/install/bumper_cars/share/bumper_cars/hook/ament_prefix_path.ps1'
[9.166s] INFO:colcon.colcon_core.shell:Creating environment descriptor '/home/giacomo/thesis_ws/install/bumper_cars/share/bumper_cars/hook/ament_prefix_path.dsv'
[9.166s] INFO:colcon.colcon_core.shell:Creating environment hook '/home/giacomo/thesis_ws/install/bumper_cars/share/bumper_cars/hook/ament_prefix_path.sh'
[9.183s] INFO:colcon.colcon_core.shell:Skip shell extension 'powershell' for command environment: Not usable outside of PowerShell
[9.183s] DEBUG:colcon.colcon_core.shell:Skip shell extension 'dsv' for command environment
[9.468s] INFO:colcon.colcon_core.task.python.build:Building Python package in '/home/giacomo/thesis_ws/src/bumper_cars'
[9.484s] INFO:colcon.colcon_core.shell:Skip shell extension 'powershell' for command environment: Not usable outside of PowerShell
[9.484s] DEBUG:colcon.colcon_core.shell:Skip shell extension 'dsv' for command environment
[10.602s] DEBUG:colcon.colcon_core.event_handler.log_command:Invoking command in '/home/giacomo/thesis_ws/build/bumper_cars': CMAKE_PREFIX_PATH=/home/giacomo/thesis_ws/install/custom_message:/home/giacomo/thesis_ws/install/urdf_example:/home/giacomo/thesis_ws/install/sym_bringup:/home/giacomo/thesis_ws/install/my_bot:/home/giacomo/ros2_ws/install/tutorial_interfaces:/home/giacomo/ros2_ws/install/turtlesim PYTHONPATH=/home/giacomo/thesis_ws/build/bumper_cars/prefix_override:/home/giacomo/thesis_ws/install/bumper_cars/lib/python3.10/site-packages:${PYTHONPATH} /usr/bin/python3 setup.py develop --editable --build-directory /home/giacomo/thesis_ws/build/bumper_cars/build --no-deps install_data
[11.743s] Level 1:colcon.colcon_core.shell:create_environment_hook('bumper_cars', 'pythonpath_develop')
[11.744s] DEBUG:colcon.colcon_core.event_handler.log_command:Invoked command in '/home/giacomo/thesis_ws/build/bumper_cars' returned '0': CMAKE_PREFIX_PATH=/home/giacomo/thesis_ws/install/custom_message:/home/giacomo/thesis_ws/install/urdf_example:/home/giacomo/thesis_ws/install/sym_bringup:/home/giacomo/thesis_ws/install/my_bot:/home/giacomo/ros2_ws/install/tutorial_interfaces:/home/giacomo/ros2_ws/install/turtlesim PYTHONPATH=/home/giacomo/thesis_ws/build/bumper_cars/prefix_override:/home/giacomo/thesis_ws/install/bumper_cars/lib/python3.10/site-packages:${PYTHONPATH} /usr/bin/python3 setup.py develop --editable --build-directory /home/giacomo/thesis_ws/build/bumper_cars/build --no-deps install_data
[11.774s] INFO:colcon.colcon_core.shell:Creating environment hook '/home/giacomo/thesis_ws/build/bumper_cars/share/bumper_cars/hook/pythonpath_develop.ps1'
[11.775s] INFO:colcon.colcon_core.shell:Creating environment descriptor '/home/giacomo/thesis_ws/build/bumper_cars/share/bumper_cars/hook/pythonpath_develop.dsv'
[11.775s] INFO:colcon.colcon_core.shell:Creating environment hook '/home/giacomo/thesis_ws/build/bumper_cars/share/bumper_cars/hook/pythonpath_develop.sh'
[11.809s] Level 1:colcon.colcon_core.environment:checking '/home/giacomo/thesis_ws/install/bumper_cars' for CMake module files
[11.810s] Level 1:colcon.colcon_core.environment:checking '/home/giacomo/thesis_ws/install/bumper_cars' for CMake config files
[11.811s] Level 1:colcon.colcon_core.environment:checking '/home/giacomo/thesis_ws/install/bumper_cars/lib'
[11.811s] Level 1:colcon.colcon_core.environment:checking '/home/giacomo/thesis_ws/install/bumper_cars/bin'
[11.811s] Level 1:colcon.colcon_core.environment:checking '/home/giacomo/thesis_ws/install/bumper_cars/lib/pkgconfig/bumper_cars.pc'
[11.812s] Level 1:colcon.colcon_core.environment:checking '/home/giacomo/thesis_ws/install/bumper_cars/lib/python3.10/site-packages'
[11.812s] Level 1:colcon.colcon_core.shell:create_environment_hook('bumper_cars', 'pythonpath')
[11.840s] INFO:colcon.colcon_core.shell:Creating environment hook '/home/giacomo/thesis_ws/install/bumper_cars/share/bumper_cars/hook/pythonpath.ps1'
[11.841s] INFO:colcon.colcon_core.shell:Creating environment descriptor '/home/giacomo/thesis_ws/install/bumper_cars/share/bumper_cars/hook/pythonpath.dsv'
[11.841s] INFO:colcon.colcon_core.shell:Creating environment hook '/home/giacomo/thesis_ws/install/bumper_cars/share/bumper_cars/hook/pythonpath.sh'
[11.842s] Level 1:colcon.colcon_core.environment:checking '/home/giacomo/thesis_ws/install/bumper_cars/bin'
[11.842s] Level 1:colcon.colcon_core.environment:create_environment_scripts_only(bumper_cars)
[11.872s] INFO:colcon.colcon_core.shell:Creating package script '/home/giacomo/thesis_ws/install/bumper_cars/share/bumper_cars/package.ps1'
[11.873s] INFO:colcon.colcon_core.shell:Creating package descriptor '/home/giacomo/thesis_ws/install/bumper_cars/share/bumper_cars/package.dsv'
[11.873s] INFO:colcon.colcon_core.shell:Creating package script '/home/giacomo/thesis_ws/install/bumper_cars/share/bumper_cars/package.sh'
[11.874s] INFO:colcon.colcon_core.shell:Creating package script '/home/giacomo/thesis_ws/install/bumper_cars/share/bumper_cars/package.bash'
[11.874s] INFO:colcon.colcon_core.shell:Creating package script '/home/giacomo/thesis_ws/install/bumper_cars/share/bumper_cars/package.zsh'
[11.875s] Level 1:colcon.colcon_core.environment:create_file_with_runtime_dependencies(/home/giacomo/thesis_ws/install/bumper_cars/share/colcon-core/packages/bumper_cars)
[11.875s] INFO:colcon.colcon_ros.task.ament_cmake.build:Building ROS package in '/home/giacomo/thesis_ws/src/sym_bringup' with build type 'ament_cmake'
[11.875s] INFO:colcon.colcon_cmake.task.cmake.build:Building CMake package in '/home/giacomo/thesis_ws/src/sym_bringup'
[11.905s] INFO:colcon.colcon_core.shell:Skip shell extension 'powershell' for command environment: Not usable outside of PowerShell
[11.905s] DEBUG:colcon.colcon_core.shell:Skip shell extension 'dsv' for command environment
[12.039s] DEBUG:colcon.colcon_core.event_handler.log_command:Invoking command in '/home/giacomo/thesis_ws/build/sym_bringup': AMENT_PREFIX_PATH=/home/giacomo/thesis_ws/install/bumper_cars:/home/giacomo/thesis_ws/install/urdf_example:/home/giacomo/thesis_ws/install/sym_bringup:/home/giacomo/thesis_ws/install/planner:/home/giacomo/thesis_ws/install/my_bot:/home/giacomo/thesis_ws/install/custom_message:/home/giacomo/ros2_ws/install/py_pubsub:/home/giacomo/ros2_ws/install/tutorial_interfaces:/home/giacomo/ros2_ws/install/my_robot_controller:/home/giacomo/ros2_ws/install/turtlesim:/home/giacomo/ros2_ws/install/py_srvcli:/opt/ros/humble CMAKE_PREFIX_PATH=/home/giacomo/thesis_ws/install/custom_message:/home/giacomo/thesis_ws/install/urdf_example:/home/giacomo/thesis_ws/install/sym_bringup:/home/giacomo/thesis_ws/install/my_bot:/home/giacomo/ros2_ws/install/tutorial_interfaces:/home/giacomo/ros2_ws/install/turtlesim:/home/giacomo/thesis_ws/install/planner:/home/giacomo/thesis_ws/install/bumper_cars:/home/giacomo/ros2_ws/install/py_pubsub:/home/giacomo/ros2_ws/install/my_robot_controller:/home/giacomo/ros2_ws/install/py_srvcli:/opt/ros/humble PYTHONPATH=/home/giacomo/thesis_ws/build/bumper_cars:/home/giacomo/thesis_ws/install/bumper_cars/lib/python3.10/site-packages:/home/giacomo/thesis_ws/build/planner:/home/giacomo/thesis_ws/install/planner/lib/python3.10/site-packages:/home/giacomo/thesis_ws/install/custom_message/local/lib/python3.10/dist-packages:/home/giacomo/ros2_ws/install/py_pubsub/lib/python3.10/site-packages:/home/giacomo/ros2_ws/install/tutorial_interfaces/local/lib/python3.10/dist-packages:/home/giacomo/ros2_ws/build/my_robot_controller:/home/giacomo/ros2_ws/install/my_robot_controller/lib/python3.10/site-packages:/home/giacomo/ros2_ws/install/turtlesim/local/lib/python3.10/dist-packages:/home/giacomo/ros2_ws/build/py_srvcli:/home/giacomo/ros2_ws/install/py_srvcli/lib/python3.10/site-packages:/opt/ros/humble/lib/python3.10/site-packages:/opt/ros/humble/local/lib/python3.10/dist-packages /usr/bin/cmake --build /home/giacomo/thesis_ws/build/sym_bringup -- -j8 -l8
[12.503s] DEBUG:colcon.colcon_core.event_handler.log_command:Invoked command in '/home/giacomo/thesis_ws/build/sym_bringup' returned '0': AMENT_PREFIX_PATH=/home/giacomo/thesis_ws/install/bumper_cars:/home/giacomo/thesis_ws/install/urdf_example:/home/giacomo/thesis_ws/install/sym_bringup:/home/giacomo/thesis_ws/install/planner:/home/giacomo/thesis_ws/install/my_bot:/home/giacomo/thesis_ws/install/custom_message:/home/giacomo/ros2_ws/install/py_pubsub:/home/giacomo/ros2_ws/install/tutorial_interfaces:/home/giacomo/ros2_ws/install/my_robot_controller:/home/giacomo/ros2_ws/install/turtlesim:/home/giacomo/ros2_ws/install/py_srvcli:/opt/ros/humble CMAKE_PREFIX_PATH=/home/giacomo/thesis_ws/install/custom_message:/home/giacomo/thesis_ws/install/urdf_example:/home/giacomo/thesis_ws/install/sym_bringup:/home/giacomo/thesis_ws/install/my_bot:/home/giacomo/ros2_ws/install/tutorial_interfaces:/home/giacomo/ros2_ws/install/turtlesim:/home/giacomo/thesis_ws/install/planner:/home/giacomo/thesis_ws/install/bumper_cars:/home/giacomo/ros2_ws/install/py_pubsub:/home/giacomo/ros2_ws/install/my_robot_controller:/home/giacomo/ros2_ws/install/py_srvcli:/opt/ros/humble PYTHONPATH=/home/giacomo/thesis_ws/build/bumper_cars:/home/giacomo/thesis_ws/install/bumper_cars/lib/python3.10/site-packages:/home/giacomo/thesis_ws/build/planner:/home/giacomo/thesis_ws/install/planner/lib/python3.10/site-packages:/home/giacomo/thesis_ws/install/custom_message/local/lib/python3.10/dist-packages:/home/giacomo/ros2_ws/install/py_pubsub/lib/python3.10/site-packages:/home/giacomo/ros2_ws/install/tutorial_interfaces/local/lib/python3.10/dist-packages:/home/giacomo/ros2_ws/build/my_robot_controller:/home/giacomo/ros2_ws/install/my_robot_controller/lib/python3.10/site-packages:/home/giacomo/ros2_ws/install/turtlesim/local/lib/python3.10/dist-packages:/home/giacomo/ros2_ws/build/py_srvcli:/home/giacomo/ros2_ws/install/py_srvcli/lib/python3.10/site-packages:/opt/ros/humble/lib/python3.10/site-packages:/opt/ros/humble/local/lib/python3.10/dist-packages /usr/bin/cmake --build /home/giacomo/thesis_ws/build/sym_bringup -- -j8 -l8
[12.548s] DEBUG:colcon.colcon_core.event_handler.log_command:Invoking command in '/home/giacomo/thesis_ws/build/sym_bringup': AMENT_PREFIX_PATH=/home/giacomo/thesis_ws/install/bumper_cars:/home/giacomo/thesis_ws/install/urdf_example:/home/giacomo/thesis_ws/install/sym_bringup:/home/giacomo/thesis_ws/install/planner:/home/giacomo/thesis_ws/install/my_bot:/home/giacomo/thesis_ws/install/custom_message:/home/giacomo/ros2_ws/install/py_pubsub:/home/giacomo/ros2_ws/install/tutorial_interfaces:/home/giacomo/ros2_ws/install/my_robot_controller:/home/giacomo/ros2_ws/install/turtlesim:/home/giacomo/ros2_ws/install/py_srvcli:/opt/ros/humble CMAKE_PREFIX_PATH=/home/giacomo/thesis_ws/install/custom_message:/home/giacomo/thesis_ws/install/urdf_example:/home/giacomo/thesis_ws/install/sym_bringup:/home/giacomo/thesis_ws/install/my_bot:/home/giacomo/ros2_ws/install/tutorial_interfaces:/home/giacomo/ros2_ws/install/turtlesim:/home/giacomo/thesis_ws/install/planner:/home/giacomo/thesis_ws/install/bumper_cars:/home/giacomo/ros2_ws/install/py_pubsub:/home/giacomo/ros2_ws/install/my_robot_controller:/home/giacomo/ros2_ws/install/py_srvcli:/opt/ros/humble PYTHONPATH=/home/giacomo/thesis_ws/build/bumper_cars:/home/giacomo/thesis_ws/install/bumper_cars/lib/python3.10/site-packages:/home/giacomo/thesis_ws/build/planner:/home/giacomo/thesis_ws/install/planner/lib/python3.10/site-packages:/home/giacomo/thesis_ws/install/custom_message/local/lib/python3.10/dist-packages:/home/giacomo/ros2_ws/install/py_pubsub/lib/python3.10/site-packages:/home/giacomo/ros2_ws/install/tutorial_interfaces/local/lib/python3.10/dist-packages:/home/giacomo/ros2_ws/build/my_robot_controller:/home/giacomo/ros2_ws/install/my_robot_controller/lib/python3.10/site-packages:/home/giacomo/ros2_ws/install/turtlesim/local/lib/python3.10/dist-packages:/home/giacomo/ros2_ws/build/py_srvcli:/home/giacomo/ros2_ws/install/py_srvcli/lib/python3.10/site-packages:/opt/ros/humble/lib/python3.10/site-packages:/opt/ros/humble/local/lib/python3.10/dist-packages /usr/bin/cmake --install /home/giacomo/thesis_ws/build/sym_bringup
[12.579s] Level 1:colcon.colcon_core.environment:create_environment_scripts_only(sym_bringup)
[12.581s] DEBUG:colcon.colcon_core.event_handler.log_command:Invoked command in '/home/giacomo/thesis_ws/build/sym_bringup' returned '0': AMENT_PREFIX_PATH=/home/giacomo/thesis_ws/install/bumper_cars:/home/giacomo/thesis_ws/install/urdf_example:/home/giacomo/thesis_ws/install/sym_bringup:/home/giacomo/thesis_ws/install/planner:/home/giacomo/thesis_ws/install/my_bot:/home/giacomo/thesis_ws/install/custom_message:/home/giacomo/ros2_ws/install/py_pubsub:/home/giacomo/ros2_ws/install/tutorial_interfaces:/home/giacomo/ros2_ws/install/my_robot_controller:/home/giacomo/ros2_ws/install/turtlesim:/home/giacomo/ros2_ws/install/py_srvcli:/opt/ros/humble CMAKE_PREFIX_PATH=/home/giacomo/thesis_ws/install/custom_message:/home/giacomo/thesis_ws/install/urdf_example:/home/giacomo/thesis_ws/install/sym_bringup:/home/giacomo/thesis_ws/install/my_bot:/home/giacomo/ros2_ws/install/tutorial_interfaces:/home/giacomo/ros2_ws/install/turtlesim:/home/giacomo/thesis_ws/install/planner:/home/giacomo/thesis_ws/install/bumper_cars:/home/giacomo/ros2_ws/install/py_pubsub:/home/giacomo/ros2_ws/install/my_robot_controller:/home/giacomo/ros2_ws/install/py_srvcli:/opt/ros/humble PYTHONPATH=/home/giacomo/thesis_ws/build/bumper_cars:/home/giacomo/thesis_ws/install/bumper_cars/lib/python3.10/site-packages:/home/giacomo/thesis_ws/build/planner:/home/giacomo/thesis_ws/install/planner/lib/python3.10/site-packages:/home/giacomo/thesis_ws/install/custom_message/local/lib/python3.10/dist-packages:/home/giacomo/ros2_ws/install/py_pubsub/lib/python3.10/site-packages:/home/giacomo/ros2_ws/install/tutorial_interfaces/local/lib/python3.10/dist-packages:/home/giacomo/ros2_ws/build/my_robot_controller:/home/giacomo/ros2_ws/install/my_robot_controller/lib/python3.10/site-packages:/home/giacomo/ros2_ws/install/turtlesim/local/lib/python3.10/dist-packages:/home/giacomo/ros2_ws/build/py_srvcli:/home/giacomo/ros2_ws/install/py_srvcli/lib/python3.10/site-packages:/opt/ros/humble/lib/python3.10/site-packages:/opt/ros/humble/local/lib/python3.10/dist-packages /usr/bin/cmake --install /home/giacomo/thesis_ws/build/sym_bringup
[12.621s] Level 1:colcon.colcon_core.environment:checking '/home/giacomo/thesis_ws/install/sym_bringup' for CMake module files
[12.622s] Level 1:colcon.colcon_core.environment:checking '/home/giacomo/thesis_ws/install/sym_bringup' for CMake config files
[12.623s] Level 1:colcon.colcon_core.shell:create_environment_hook('sym_bringup', 'cmake_prefix_path')
[12.680s] INFO:colcon.colcon_core.shell:Creating environment hook '/home/giacomo/thesis_ws/install/sym_bringup/share/sym_bringup/hook/cmake_prefix_path.ps1'
[12.681s] INFO:colcon.colcon_core.shell:Creating environment descriptor '/home/giacomo/thesis_ws/install/sym_bringup/share/sym_bringup/hook/cmake_prefix_path.dsv'
[12.682s] INFO:colcon.colcon_core.shell:Creating environment hook '/home/giacomo/thesis_ws/install/sym_bringup/share/sym_bringup/hook/cmake_prefix_path.sh'
[12.683s] Level 1:colcon.colcon_core.environment:checking '/home/giacomo/thesis_ws/install/sym_bringup/bin'
[12.683s] Level 1:colcon.colcon_core.environment:checking '/home/giacomo/thesis_ws/install/sym_bringup/lib/pkgconfig/sym_bringup.pc'
[12.683s] Level 1:colcon.colcon_core.environment:checking '/home/giacomo/thesis_ws/install/sym_bringup/lib/python3.10/site-packages'
[12.684s] Level 1:colcon.colcon_core.environment:checking '/home/giacomo/thesis_ws/install/sym_bringup/bin'
[12.712s] INFO:colcon.colcon_core.shell:Creating package script '/home/giacomo/thesis_ws/install/sym_bringup/share/sym_bringup/package.ps1'
[12.713s] INFO:colcon.colcon_core.shell:Creating package descriptor '/home/giacomo/thesis_ws/install/sym_bringup/share/sym_bringup/package.dsv'
[12.714s] INFO:colcon.colcon_core.shell:Creating package script '/home/giacomo/thesis_ws/install/sym_bringup/share/sym_bringup/package.sh'
[12.715s] INFO:colcon.colcon_core.shell:Creating package script '/home/giacomo/thesis_ws/install/sym_bringup/share/sym_bringup/package.bash'
[12.715s] INFO:colcon.colcon_core.shell:Creating package script '/home/giacomo/thesis_ws/install/sym_bringup/share/sym_bringup/package.zsh'
[12.716s] Level 1:colcon.colcon_core.environment:create_file_with_runtime_dependencies(/home/giacomo/thesis_ws/install/sym_bringup/share/colcon-core/packages/sym_bringup)
[12.781s] Level 1:colcon.colcon_core.environment:create_environment_scripts_only(sym_bringup)
[12.810s] Level 1:colcon.colcon_core.environment:checking '/home/giacomo/thesis_ws/install/sym_bringup' for CMake module files
[12.810s] Level 1:colcon.colcon_core.environment:checking '/home/giacomo/thesis_ws/install/sym_bringup' for CMake config files
[12.811s] Level 1:colcon.colcon_core.shell:create_environment_hook('sym_bringup', 'cmake_prefix_path')
[12.838s] INFO:colcon.colcon_core.shell:Creating environment hook '/home/giacomo/thesis_ws/install/sym_bringup/share/sym_bringup/hook/cmake_prefix_path.ps1'
[12.839s] INFO:colcon.colcon_core.shell:Creating environment descriptor '/home/giacomo/thesis_ws/install/sym_bringup/share/sym_bringup/hook/cmake_prefix_path.dsv'
[12.839s] INFO:colcon.colcon_core.shell:Creating environment hook '/home/giacomo/thesis_ws/install/sym_bringup/share/sym_bringup/hook/cmake_prefix_path.sh'
[12.840s] Level 1:colcon.colcon_core.environment:checking '/home/giacomo/thesis_ws/install/sym_bringup/bin'
[12.840s] Level 1:colcon.colcon_core.environment:checking '/home/giacomo/thesis_ws/install/sym_bringup/lib/pkgconfig/sym_bringup.pc'
[12.841s] Level 1:colcon.colcon_core.environment:checking '/home/giacomo/thesis_ws/install/sym_bringup/lib/python3.10/site-packages'
[12.842s] Level 1:colcon.colcon_core.environment:checking '/home/giacomo/thesis_ws/install/sym_bringup/bin'
[12.867s] INFO:colcon.colcon_core.shell:Creating package script '/home/giacomo/thesis_ws/install/sym_bringup/share/sym_bringup/package.ps1'
[12.868s] INFO:colcon.colcon_core.shell:Creating package descriptor '/home/giacomo/thesis_ws/install/sym_bringup/share/sym_bringup/package.dsv'
[12.869s] INFO:colcon.colcon_core.shell:Creating package script '/home/giacomo/thesis_ws/install/sym_bringup/share/sym_bringup/package.sh'
[12.869s] INFO:colcon.colcon_core.shell:Creating package script '/home/giacomo/thesis_ws/install/sym_bringup/share/sym_bringup/package.bash'
[12.870s] INFO:colcon.colcon_core.shell:Creating package script '/home/giacomo/thesis_ws/install/sym_bringup/share/sym_bringup/package.zsh'
[12.870s] Level 1:colcon.colcon_core.environment:create_file_with_runtime_dependencies(/home/giacomo/thesis_ws/install/sym_bringup/share/colcon-core/packages/sym_bringup)
[12.870s] DEBUG:colcon.colcon_parallel_executor.executor.parallel:closing loop
[12.871s] DEBUG:colcon.colcon_parallel_executor.executor.parallel:loop closed
[12.871s] DEBUG:colcon.colcon_parallel_executor.executor.parallel:run_until_complete finished with '0'
[12.871s] DEBUG:colcon.colcon_core.event_reactor:joining thread
[12.902s] INFO:colcon.colcon_core.plugin_system:Skipping extension 'colcon_notification.desktop_notification.terminal_notifier': Not used on non-Darwin systems
[12.902s] INFO:colcon.colcon_core.plugin_system:Skipping extension 'colcon_notification.desktop_notification.win32': Not used on non-Windows systems
[12.902s] INFO:colcon.colcon_notification.desktop_notification:Sending desktop notification using 'notify2'
[12.919s] DEBUG:colcon.colcon_core.event_reactor:joined thread
[12.960s] INFO:colcon.colcon_core.shell:Creating prefix script '/home/giacomo/thesis_ws/install/local_setup.ps1'
[12.963s] INFO:colcon.colcon_core.shell:Creating prefix util module '/home/giacomo/thesis_ws/install/_local_setup_util_ps1.py'
[12.967s] INFO:colcon.colcon_core.shell:Creating prefix chain script '/home/giacomo/thesis_ws/install/setup.ps1'
[13.008s] INFO:colcon.colcon_core.shell:Creating prefix script '/home/giacomo/thesis_ws/install/local_setup.sh'
[13.009s] INFO:colcon.colcon_core.shell:Creating prefix util module '/home/giacomo/thesis_ws/install/_local_setup_util_sh.py'
[13.010s] INFO:colcon.colcon_core.shell:Creating prefix chain script '/home/giacomo/thesis_ws/install/setup.sh'
[13.039s] INFO:colcon.colcon_core.shell:Creating prefix script '/home/giacomo/thesis_ws/install/local_setup.bash'
[13.039s] INFO:colcon.colcon_core.shell:Creating prefix chain script '/home/giacomo/thesis_ws/install/setup.bash'
[13.068s] INFO:colcon.colcon_core.shell:Creating prefix script '/home/giacomo/thesis_ws/install/local_setup.zsh'
[13.069s] INFO:colcon.colcon_core.shell:Creating prefix chain script '/home/giacomo/thesis_ws/install/setup.zsh'
