[0.090s] Invoking command in '/home/giacomo/thesis_ws/build/sym_bringup': AMENT_PREFIX_PATH=/home/giacomo/thesis_ws/install/bumper_cars:/home/giacomo/thesis_ws/install/urdf_example:/home/giacomo/thesis_ws/install/sym_bringup:/home/giacomo/thesis_ws/install/my_bot:/home/giacomo/thesis_ws/install/custom_message:/home/giacomo/ros2_ws/install/py_pubsub:/home/giacomo/ros2_ws/install/tutorial_interfaces:/home/giacomo/ros2_ws/install/my_robot_controller:/home/giacomo/ros2_ws/install/turtlesim:/home/giacomo/ros2_ws/install/py_srvcli:/opt/ros/humble CMAKE_PREFIX_PATH=/home/giacomo/thesis_ws/install/custom_message:/home/giacomo/thesis_ws/install/urdf_example:/home/giacomo/thesis_ws/install/sym_bringup:/home/giacomo/thesis_ws/install/my_bot:/home/giacomo/ros2_ws/install/tutorial_interfaces:/home/giacomo/ros2_ws/install/turtlesim:/home/giacomo/thesis_ws/install/bumper_cars:/home/giacomo/ros2_ws/install/py_pubsub:/home/giacomo/ros2_ws/install/my_robot_controller:/home/giacomo/ros2_ws/install/py_srvcli:/opt/ros/humble /usr/bin/cmake --build /home/giacomo/thesis_ws/build/sym_bringup -- -j8 -l8
[0.126s] Invoked command in '/home/giacomo/thesis_ws/build/sym_bringup' returned '0': AMENT_PREFIX_PATH=/home/giacomo/thesis_ws/install/bumper_cars:/home/giacomo/thesis_ws/install/urdf_example:/home/giacomo/thesis_ws/install/sym_bringup:/home/giacomo/thesis_ws/install/my_bot:/home/giacomo/thesis_ws/install/custom_message:/home/giacomo/ros2_ws/install/py_pubsub:/home/giacomo/ros2_ws/install/tutorial_interfaces:/home/giacomo/ros2_ws/install/my_robot_controller:/home/giacomo/ros2_ws/install/turtlesim:/home/giacomo/ros2_ws/install/py_srvcli:/opt/ros/humble CMAKE_PREFIX_PATH=/home/giacomo/thesis_ws/install/custom_message:/home/giacomo/thesis_ws/install/urdf_example:/home/giacomo/thesis_ws/install/sym_bringup:/home/giacomo/thesis_ws/install/my_bot:/home/giacomo/ros2_ws/install/tutorial_interfaces:/home/giacomo/ros2_ws/install/turtlesim:/home/giacomo/thesis_ws/install/bumper_cars:/home/giacomo/ros2_ws/install/py_pubsub:/home/giacomo/ros2_ws/install/my_robot_controller:/home/giacomo/ros2_ws/install/py_srvcli:/opt/ros/humble /usr/bin/cmake --build /home/giacomo/thesis_ws/build/sym_bringup -- -j8 -l8
[0.155s] Invoking command in '/home/giacomo/thesis_ws/build/sym_bringup': AMENT_PREFIX_PATH=/home/giacomo/thesis_ws/install/bumper_cars:/home/giacomo/thesis_ws/install/urdf_example:/home/giacomo/thesis_ws/install/sym_bringup:/home/giacomo/thesis_ws/install/my_bot:/home/giacomo/thesis_ws/install/custom_message:/home/giacomo/ros2_ws/install/py_pubsub:/home/giacomo/ros2_ws/install/tutorial_interfaces:/home/giacomo/ros2_ws/install/my_robot_controller:/home/giacomo/ros2_ws/install/turtlesim:/home/giacomo/ros2_ws/install/py_srvcli:/opt/ros/humble CMAKE_PREFIX_PATH=/home/giacomo/thesis_ws/install/custom_message:/home/giacomo/thesis_ws/install/urdf_example:/home/giacomo/thesis_ws/install/sym_bringup:/home/giacomo/thesis_ws/install/my_bot:/home/giacomo/ros2_ws/install/tutorial_interfaces:/home/giacomo/ros2_ws/install/turtlesim:/home/giacomo/thesis_ws/install/bumper_cars:/home/giacomo/ros2_ws/install/py_pubsub:/home/giacomo/ros2_ws/install/my_robot_controller:/home/giacomo/ros2_ws/install/py_srvcli:/opt/ros/humble /usr/bin/cmake --install /home/giacomo/thesis_ws/build/sym_bringup
[0.163s] -- Install configuration: ""
[0.164s] -- Execute custom install script
[0.165s] -- Up-to-date symlink: /home/giacomo/thesis_ws/install/sym_bringup/share/sym_bringup/launch/demo.launch.py
[0.165s] -- Up-to-date symlink: /home/giacomo/thesis_ws/install/sym_bringup/share/sym_bringup/launch/robot_model.launch.py
[0.165s] -- Up-to-date symlink: /home/giacomo/thesis_ws/install/sym_bringup/share/ament_index/resource_index/package_run_dependencies/sym_bringup
[0.165s] -- Up-to-date symlink: /home/giacomo/thesis_ws/install/sym_bringup/share/ament_index/resource_index/parent_prefix_path/sym_bringup
[0.166s] -- Up-to-date symlink: /home/giacomo/thesis_ws/install/sym_bringup/share/sym_bringup/environment/ament_prefix_path.sh
[0.166s] -- Up-to-date symlink: /home/giacomo/thesis_ws/install/sym_bringup/share/sym_bringup/environment/ament_prefix_path.dsv
[0.166s] -- Up-to-date symlink: /home/giacomo/thesis_ws/install/sym_bringup/share/sym_bringup/environment/path.sh
[0.167s] -- Up-to-date symlink: /home/giacomo/thesis_ws/install/sym_bringup/share/sym_bringup/environment/path.dsv
[0.167s] -- Up-to-date symlink: /home/giacomo/thesis_ws/install/sym_bringup/share/sym_bringup/local_setup.bash
[0.167s] -- Up-to-date symlink: /home/giacomo/thesis_ws/install/sym_bringup/share/sym_bringup/local_setup.sh
[0.168s] -- Up-to-date symlink: /home/giacomo/thesis_ws/install/sym_bringup/share/sym_bringup/local_setup.zsh
[0.168s] -- Up-to-date symlink: /home/giacomo/thesis_ws/install/sym_bringup/share/sym_bringup/local_setup.dsv
[0.168s] -- Symlinking: /home/giacomo/thesis_ws/install/sym_bringup/share/sym_bringup/package.dsv
[0.180s] -- Up-to-date symlink: /home/giacomo/thesis_ws/install/sym_bringup/share/ament_index/resource_index/packages/sym_bringup
[0.180s] -- Up-to-date symlink: /home/giacomo/thesis_ws/install/sym_bringup/share/sym_bringup/cmake/sym_bringupConfig.cmake
[0.181s] -- Up-to-date symlink: /home/giacomo/thesis_ws/install/sym_bringup/share/sym_bringup/cmake/sym_bringupConfig-version.cmake
[0.181s] -- Up-to-date symlink: /home/giacomo/thesis_ws/install/sym_bringup/share/sym_bringup/package.xml
[0.183s] Invoked command in '/home/giacomo/thesis_ws/build/sym_bringup' returned '0': AMENT_PREFIX_PATH=/home/giacomo/thesis_ws/install/bumper_cars:/home/giacomo/thesis_ws/install/urdf_example:/home/giacomo/thesis_ws/install/sym_bringup:/home/giacomo/thesis_ws/install/my_bot:/home/giacomo/thesis_ws/install/custom_message:/home/giacomo/ros2_ws/install/py_pubsub:/home/giacomo/ros2_ws/install/tutorial_interfaces:/home/giacomo/ros2_ws/install/my_robot_controller:/home/giacomo/ros2_ws/install/turtlesim:/home/giacomo/ros2_ws/install/py_srvcli:/opt/ros/humble CMAKE_PREFIX_PATH=/home/giacomo/thesis_ws/install/custom_message:/home/giacomo/thesis_ws/install/urdf_example:/home/giacomo/thesis_ws/install/sym_bringup:/home/giacomo/thesis_ws/install/my_bot:/home/giacomo/ros2_ws/install/tutorial_interfaces:/home/giacomo/ros2_ws/install/turtlesim:/home/giacomo/thesis_ws/install/bumper_cars:/home/giacomo/ros2_ws/install/py_pubsub:/home/giacomo/ros2_ws/install/my_robot_controller:/home/giacomo/ros2_ws/install/py_srvcli:/opt/ros/humble /usr/bin/cmake --install /home/giacomo/thesis_ws/build/sym_bringup
