[0.811s] Invoking command in '/home/giacomo/thesis_ws/build/bumper_cars': CMAKE_PREFIX_PATH=/home/giacomo/thesis_ws/install/custom_message:/home/giacomo/thesis_ws/install/sym_bringup:/home/giacomo/ros2_ws/install/tutorial_interfaces:/home/giacomo/ros2_ws/install/turtlesim PYTHONPATH=/home/giacomo/thesis_ws/build/bumper_cars/prefix_override:/home/giacomo/thesis_ws/install/bumper_cars/lib/python3.10/site-packages:${PYTHONPATH} /usr/bin/python3 setup.py develop --editable --build-directory /home/giacomo/thesis_ws/build/bumper_cars/build --no-deps install_data
[1.323s] running develop
[1.323s] /home/giacomo/.local/lib/python3.10/site-packages/setuptools/command/develop.py:40: EasyInstallDeprecationWarning: easy_install command is deprecated.
[1.323s] !!
[1.323s] 
[1.324s]         ********************************************************************************
[1.324s]         Please avoid running ``setup.py`` and ``easy_install``.
[1.324s]         Instead, use pypa/build, pypa/installer or other
[1.324s]         standards-based tools.
[1.324s] 
[1.324s]         See https://github.com/pypa/setuptools/issues/917 for details.
[1.324s]         ********************************************************************************
[1.324s] 
[1.324s] !!
[1.325s]   easy_install.initialize_options(self)
[1.359s] /home/giacomo/.local/lib/python3.10/site-packages/setuptools/_distutils/cmd.py:66: SetuptoolsDeprecationWarning: setup.py install is deprecated.
[1.359s] !!
[1.359s] 
[1.359s]         ********************************************************************************
[1.359s]         Please avoid running ``setup.py`` directly.
[1.359s]         Instead, use pypa/build, pypa/installer or other
[1.359s]         standards-based tools.
[1.359s] 
[1.359s]         See https://blog.ganssle.io/articles/2021/10/setup-py-deprecated.html for details.
[1.359s]         ********************************************************************************
[1.359s] 
[1.359s] !!
[1.359s]   self.initialize_options()
[1.589s] running egg_info
[1.613s] writing bumper_cars.egg-info/PKG-INFO
[1.613s] writing dependency_links to bumper_cars.egg-info/dependency_links.txt
[1.614s] writing entry points to bumper_cars.egg-info/entry_points.txt
[1.614s] writing requirements to bumper_cars.egg-info/requires.txt
[1.614s] writing top-level names to bumper_cars.egg-info/top_level.txt
[1.679s] reading manifest file 'bumper_cars.egg-info/SOURCES.txt'
[1.681s] writing manifest file 'bumper_cars.egg-info/SOURCES.txt'
[1.716s] running build_ext
[1.716s] Creating /home/giacomo/thesis_ws/install/bumper_cars/lib/python3.10/site-packages/bumper-cars.egg-link (link to .)
[1.717s] Installing controller script to /home/giacomo/thesis_ws/install/bumper_cars/lib/bumper_cars
[1.718s] Installing model script to /home/giacomo/thesis_ws/install/bumper_cars/lib/bumper_cars
[1.718s] Installing plotter script to /home/giacomo/thesis_ws/install/bumper_cars/lib/bumper_cars
[1.718s] Installing sensor script to /home/giacomo/thesis_ws/install/bumper_cars/lib/bumper_cars
[1.719s] 
[1.719s] Installed /home/giacomo/thesis_ws/build/bumper_cars
[1.719s] running install_data
[1.770s] Invoked command in '/home/giacomo/thesis_ws/build/bumper_cars' returned '0': CMAKE_PREFIX_PATH=/home/giacomo/thesis_ws/install/custom_message:/home/giacomo/thesis_ws/install/sym_bringup:/home/giacomo/ros2_ws/install/tutorial_interfaces:/home/giacomo/ros2_ws/install/turtlesim PYTHONPATH=/home/giacomo/thesis_ws/build/bumper_cars/prefix_override:/home/giacomo/thesis_ws/install/bumper_cars/lib/python3.10/site-packages:${PYTHONPATH} /usr/bin/python3 setup.py develop --editable --build-directory /home/giacomo/thesis_ws/build/bumper_cars/build --no-deps install_data
