[0.015s] Invoking command in '/home/giacomo/thesis_ws/build/my_box_bot_gazebo': CMAKE_PREFIX_PATH=${CMAKE_PREFIX_PATH}:/home/giacomo/thesis_ws/install/bumper_cars:/home/giacomo/ros2_ws/install/py_pubsub:/home/giacomo/ros2_ws/install/my_robot_controller:/home/giacomo/ros2_ws/install/py_srvcli:/opt/ros/humble /usr/bin/cmake /home/giacomo/thesis_ws/src/my_box_bot_gazebo -DCMAKE_INSTALL_PREFIX=/home/giacomo/thesis_ws/install/my_box_bot_gazebo
[0.082s] -- The C compiler identification is GNU 11.4.0
[0.153s] -- The CXX compiler identification is GNU 11.4.0
[0.163s] -- Detecting C compiler ABI info
[0.239s] -- Detecting C compiler ABI info - done
[0.247s] -- Check for working C compiler: /usr/bin/cc - skipped
[0.248s] -- Detecting C compile features
[0.248s] -- Detecting C compile features - done
[0.252s] -- Detecting CXX compiler ABI info
[0.340s] -- Detecting CXX compiler ABI info - done
[0.351s] -- Check for working CXX compiler: /usr/bin/c++ - skipped
[0.351s] -- Detecting CXX compile features
[0.352s] -- Detecting CXX compile features - done
[0.355s] -- Found ament_cmake: 1.3.5 (/opt/ros/humble/share/ament_cmake/cmake)
[0.861s] -- Found Python3: /usr/bin/python3.10 (found version "3.10.12") found components: Interpreter 
[0.975s] -- Found rclpy: 3.3.9 (/opt/ros/humble/share/rclpy/cmake)
[0.979s] -- Found gazebo_ros: 3.7.0 (/opt/ros/humble/share/gazebo_ros/cmake)
[1.048s] -- Found rosidl_generator_c: 3.1.5 (/opt/ros/humble/share/rosidl_generator_c/cmake)
[1.056s] -- Found rosidl_adapter: 3.1.5 (/opt/ros/humble/share/rosidl_adapter/cmake)
[1.069s] -- Found rosidl_generator_cpp: 3.1.5 (/opt/ros/humble/share/rosidl_generator_cpp/cmake)
[1.091s] -- Using all available rosidl_typesupport_c: rosidl_typesupport_fastrtps_c;rosidl_typesupport_introspection_c
[1.118s] -- Using all available rosidl_typesupport_cpp: rosidl_typesupport_fastrtps_cpp;rosidl_typesupport_introspection_cpp
[1.218s] -- Found rmw_implementation_cmake: 6.1.1 (/opt/ros/humble/share/rmw_implementation_cmake/cmake)
[1.223s] -- Found rmw_fastrtps_cpp: 6.2.3 (/opt/ros/humble/share/rmw_fastrtps_cpp/cmake)
[1.387s] -- Found OpenSSL: /usr/lib/x86_64-linux-gnu/libcrypto.so (found version "3.0.2")  
[1.439s] -- Found FastRTPS: /opt/ros/humble/include  
[1.552s] -- Using RMW implementation 'rmw_fastrtps_cpp' as default
[1.578s] -- Looking for pthread.h
[1.708s] -- Looking for pthread.h - found
[1.709s] -- Performing Test CMAKE_HAVE_LIBC_PTHREAD
[1.804s] -- Performing Test CMAKE_HAVE_LIBC_PTHREAD - Success
[1.806s] -- Found Threads: TRUE  
[2.187s] -- Found PkgConfig: /usr/bin/pkg-config (found version "0.29.2") 
[2.190s] -- Checking for module 'bullet>=2.82'
[2.207s] --   Found bullet, version 3.05
[2.380s] -- Found fcl: /usr/include (found suitable version "0.7.0", minimum required is "0.5.0") 
[2.483s] -- Found assimp: /usr/include (found version "5.2.0") 
[2.533s] -- Found DART: /usr/include (Required is at least version "6.6") found components: dart 
[2.601s] -- Found Boost: /usr/lib/x86_64-linux-gnu/cmake/Boost-1.74.0/BoostConfig.cmake (found suitable version "1.74.0", minimum required is "1.40.0") found components: thread system filesystem program_options regex iostreams date_time 
[2.642s] -- Found Protobuf: /usr/lib/x86_64-linux-gnu/libprotobuf.so (found version "3.12.4") 
[2.656s] -- Looking for ignition-math6 -- found version 6.15.0
[2.676s] -- Searching for dependencies of ignition-math6
[2.682s] -- Looking for OGRE...
[2.683s] -- OGRE_PREFIX_WATCH changed.
[2.694s] -- Checking for module 'OGRE'
[2.724s] --   Found OGRE, version 1.9.0
[2.789s] -- Found Ogre Ghadamon (1.9.0)
[2.806s] -- Found OGRE: optimized;/usr/lib/x86_64-linux-gnu/libOgreMain.so;debug;/usr/lib/x86_64-linux-gnu/libOgreMain.so
[2.829s] -- Looking for OGRE_Paging...
[2.839s] -- Found OGRE_Paging: optimized;/usr/lib/x86_64-linux-gnu/libOgrePaging.so;debug;/usr/lib/x86_64-linux-gnu/libOgrePaging.so
[2.839s] -- Looking for OGRE_Terrain...
[2.853s] -- Found OGRE_Terrain: optimized;/usr/lib/x86_64-linux-gnu/libOgreTerrain.so;debug;/usr/lib/x86_64-linux-gnu/libOgreTerrain.so
[2.853s] -- Looking for OGRE_Property...
[2.868s] -- Found OGRE_Property: optimized;/usr/lib/x86_64-linux-gnu/libOgreProperty.so;debug;/usr/lib/x86_64-linux-gnu/libOgreProperty.so
[2.868s] -- Looking for OGRE_RTShaderSystem...
[2.879s] -- Found OGRE_RTShaderSystem: optimized;/usr/lib/x86_64-linux-gnu/libOgreRTShaderSystem.so;debug;/usr/lib/x86_64-linux-gnu/libOgreRTShaderSystem.so
[2.879s] -- Looking for OGRE_Volume...
[2.886s] -- Found OGRE_Volume: optimized;/usr/lib/x86_64-linux-gnu/libOgreVolume.so;debug;/usr/lib/x86_64-linux-gnu/libOgreVolume.so
[2.886s] -- Looking for OGRE_Overlay...
[2.892s] -- Found OGRE_Overlay: optimized;/usr/lib/x86_64-linux-gnu/libOgreOverlay.so;debug;/usr/lib/x86_64-linux-gnu/libOgreOverlay.so
[3.110s] -- Looking for ignition-math6 -- found version 6.15.0
[3.120s] -- Looking for ignition-transport8 -- found version 8.2.1
[3.121s] -- Searching for dependencies of ignition-transport8
[3.147s] -- Found Protobuf: /usr/lib/x86_64-linux-gnu/libprotobuf.so (found suitable version "3.12.4", minimum required is "3") 
[3.163s] -- Config-file not installed for ZeroMQ -- checking for pkg-config
[3.171s] -- Checking for module 'libzmq >= 4'
[3.196s] --   Found libzmq , version 4.3.4
[3.253s] -- Found ZeroMQ: TRUE (Required is at least version "4") 
[3.264s] -- Checking for module 'uuid'
[3.289s] --   Found uuid, version 2.37.2
[3.345s] -- Found UUID: TRUE  
[3.350s] -- Looking for ignition-msgs5 -- found version 5.8.1
[3.351s] -- Searching for dependencies of ignition-msgs5
[3.378s] -- Looking for ignition-math6 -- found version 6.15.0
[3.390s] -- Checking for module 'tinyxml2'
[3.421s] --   Found tinyxml2, version 9.0.0
[3.496s] -- Looking for ignition-msgs5 -- found version 5.8.1
[3.501s] -- Looking for ignition-common3 -- found version 3.14.0
[3.502s] -- Searching for dependencies of ignition-common3
[3.503s] -- Looking for dlfcn.h - found
[3.505s] -- Looking for libdl - found
[3.507s] -- Found DL: TRUE  
[3.527s] -- Found tinyobjloader: /usr/lib/x86_64-linux-gnu/cmake/tinyobjloader/tinyobjloader-config.cmake (found version "2.0.0") 
[3.528s] -- Searching for <ignition-common3> component [graphics]
[3.533s] -- Looking for ignition-common3-graphics -- found version 3.14.0
[3.534s] -- Searching for dependencies of ignition-common3-graphics
[3.534s] -- Looking for ignition-math6 -- found version 6.15.0
[3.539s] -- Looking for ignition-fuel_tools4 -- found version 4.4.0
[3.540s] -- Searching for dependencies of ignition-fuel_tools4
[3.693s] -- Found CURL: /usr/lib/x86_64-linux-gnu/libcurl.so (found version "7.81.0")  
[3.706s] -- Checking for module 'jsoncpp'
[3.728s] --   Found jsoncpp, version 1.9.5
[3.780s] -- Found JSONCPP: TRUE  
[3.789s] -- Checking for module 'libzip'
[3.814s] --   Found libzip, version 1.7.3
[3.886s] -- Found ZIP: TRUE  
[3.887s] -- Looking for ignition-common3 -- found version 3.14.0
[3.890s] -- Looking for ignition-math6 -- found version 6.15.0
[3.890s] -- Looking for ignition-msgs5 -- found version 5.8.1
[3.896s] -- Gazebo version: 11.10
[3.898s] -- Checking for module 'tbb'
[3.926s] --   Found tbb, version 2021.5.0
[4.042s] [31mCMake Error at CMakeLists.txt:12 (find_package):
[4.042s]   By not providing "Findmy_box_bot_description.cmake" in CMAKE_MODULE_PATH
[4.042s]   this project has asked CMake to find a package configuration file provided
[4.043s]   by "my_box_bot_description", but CMake did not find one.
[4.043s] 
[4.043s]   Could not find a package configuration file provided by
[4.043s]   "my_box_bot_description" with any of the following names:
[4.043s] 
[4.043s]     my_box_bot_descriptionConfig.cmake
[4.044s]     my_box_bot_description-config.cmake
[4.044s] 
[4.044s]   Add the installation prefix of "my_box_bot_description" to
[4.044s]   CMAKE_PREFIX_PATH or set "my_box_bot_description_DIR" to a directory
[4.044s]   containing one of the above files.  If "my_box_bot_description" provides a
[4.044s]   separate development package or SDK, be sure it has been installed.
[4.044s] 
[4.045s] [0m
[4.047s] -- Configuring incomplete, errors occurred!
[4.047s] See also "/home/giacomo/thesis_ws/build/my_box_bot_gazebo/CMakeFiles/CMakeOutput.log".
[4.080s] Invoked command in '/home/giacomo/thesis_ws/build/my_box_bot_gazebo' returned '1': CMAKE_PREFIX_PATH=${CMAKE_PREFIX_PATH}:/home/giacomo/thesis_ws/install/bumper_cars:/home/giacomo/ros2_ws/install/py_pubsub:/home/giacomo/ros2_ws/install/my_robot_controller:/home/giacomo/ros2_ws/install/py_srvcli:/opt/ros/humble /usr/bin/cmake /home/giacomo/thesis_ws/src/my_box_bot_gazebo -DCMAKE_INSTALL_PREFIX=/home/giacomo/thesis_ws/install/my_box_bot_gazebo
