[0.946s] Invoking command in '/home/giacomo/thesis_ws/build/urdf_example': CMAKE_PREFIX_PATH=${CMAKE_PREFIX_PATH}:/home/giacomo/thesis_ws/install/planner:/home/giacomo/thesis_ws/install/bumper_cars:/home/giacomo/ros2_ws/install/py_pubsub:/home/giacomo/ros2_ws/install/my_robot_controller:/home/giacomo/ros2_ws/install/py_srvcli:/opt/ros/humble /usr/bin/cmake --build /home/giacomo/thesis_ws/build/urdf_example -- -j8 -l8
[1.007s] Invoked command in '/home/giacomo/thesis_ws/build/urdf_example' returned '0': CMAKE_PREFIX_PATH=${CMAKE_PREFIX_PATH}:/home/giacomo/thesis_ws/install/planner:/home/giacomo/thesis_ws/install/bumper_cars:/home/giacomo/ros2_ws/install/py_pubsub:/home/giacomo/ros2_ws/install/my_robot_controller:/home/giacomo/ros2_ws/install/py_srvcli:/opt/ros/humble /usr/bin/cmake --build /home/giacomo/thesis_ws/build/urdf_example -- -j8 -l8
[1.049s] Invoking command in '/home/giacomo/thesis_ws/build/urdf_example': CMAKE_PREFIX_PATH=${CMAKE_PREFIX_PATH}:/home/giacomo/thesis_ws/install/planner:/home/giacomo/thesis_ws/install/bumper_cars:/home/giacomo/ros2_ws/install/py_pubsub:/home/giacomo/ros2_ws/install/my_robot_controller:/home/giacomo/ros2_ws/install/py_srvcli:/opt/ros/humble /usr/bin/cmake --install /home/giacomo/thesis_ws/build/urdf_example
[1.060s] -- Install configuration: ""
[1.061s] -- Execute custom install script
[1.061s] -- Up-to-date symlink: /home/giacomo/thesis_ws/install/urdf_example/share/urdf_example/description/example_gazebo.xacro
[1.062s] -- Up-to-date symlink: /home/giacomo/thesis_ws/install/urdf_example/share/urdf_example/description/example_include.xacro
[1.062s] -- Up-to-date symlink: /home/giacomo/thesis_ws/install/urdf_example/share/urdf_example/description/example_robot.urdf.xacro
[1.062s] -- Up-to-date symlink: /home/giacomo/thesis_ws/install/urdf_example/share/urdf_example/launch/rsp.launch.py
[1.062s] -- Up-to-date symlink: /home/giacomo/thesis_ws/install/urdf_example/share/urdf_example/launch/rsp_sim.launch.py
[1.063s] -- Up-to-date symlink: /home/giacomo/thesis_ws/install/urdf_example/share/urdf_example/worlds/test_world.world
[1.063s] -- Up-to-date symlink: /home/giacomo/thesis_ws/install/urdf_example/share/ament_index/resource_index/package_run_dependencies/urdf_example
[1.063s] -- Up-to-date symlink: /home/giacomo/thesis_ws/install/urdf_example/share/ament_index/resource_index/parent_prefix_path/urdf_example
[1.064s] -- Up-to-date symlink: /home/giacomo/thesis_ws/install/urdf_example/share/urdf_example/environment/ament_prefix_path.sh
[1.064s] -- Up-to-date symlink: /home/giacomo/thesis_ws/install/urdf_example/share/urdf_example/environment/ament_prefix_path.dsv
[1.064s] -- Up-to-date symlink: /home/giacomo/thesis_ws/install/urdf_example/share/urdf_example/environment/path.sh
[1.064s] -- Up-to-date symlink: /home/giacomo/thesis_ws/install/urdf_example/share/urdf_example/environment/path.dsv
[1.064s] -- Up-to-date symlink: /home/giacomo/thesis_ws/install/urdf_example/share/urdf_example/local_setup.bash
[1.065s] -- Up-to-date symlink: /home/giacomo/thesis_ws/install/urdf_example/share/urdf_example/local_setup.sh
[1.065s] -- Up-to-date symlink: /home/giacomo/thesis_ws/install/urdf_example/share/urdf_example/local_setup.zsh
[1.065s] -- Up-to-date symlink: /home/giacomo/thesis_ws/install/urdf_example/share/urdf_example/local_setup.dsv
[1.065s] -- Symlinking: /home/giacomo/thesis_ws/install/urdf_example/share/urdf_example/package.dsv
[1.078s] -- Up-to-date symlink: /home/giacomo/thesis_ws/install/urdf_example/share/ament_index/resource_index/packages/urdf_example
[1.078s] -- Up-to-date symlink: /home/giacomo/thesis_ws/install/urdf_example/share/urdf_example/cmake/urdf_exampleConfig.cmake
[1.079s] -- Up-to-date symlink: /home/giacomo/thesis_ws/install/urdf_example/share/urdf_example/cmake/urdf_exampleConfig-version.cmake
[1.079s] -- Up-to-date symlink: /home/giacomo/thesis_ws/install/urdf_example/share/urdf_example/package.xml
[1.082s] Invoked command in '/home/giacomo/thesis_ws/build/urdf_example' returned '0': CMAKE_PREFIX_PATH=${CMAKE_PREFIX_PATH}:/home/giacomo/thesis_ws/install/planner:/home/giacomo/thesis_ws/install/bumper_cars:/home/giacomo/ros2_ws/install/py_pubsub:/home/giacomo/ros2_ws/install/my_robot_controller:/home/giacomo/ros2_ws/install/py_srvcli:/opt/ros/humble /usr/bin/cmake --install /home/giacomo/thesis_ws/build/urdf_example
