[1.178s] Invoking command in '/home/giacomo/thesis_ws/build/bumper_cars': PYTHONPATH=/home/giacomo/thesis_ws/build/bumper_cars/prefix_override:/home/giacomo/thesis_ws/install/bumper_cars/lib/python3.10/site-packages:${PYTHONPATH} /usr/bin/python3 setup.py develop --editable --build-directory /home/giacomo/thesis_ws/build/bumper_cars/build --no-deps install_data
[1.527s] running develop
[1.528s] /home/giacomo/.local/lib/python3.10/site-packages/setuptools/command/develop.py:40: EasyInstallDeprecationWarning: easy_install command is deprecated.
[1.528s] !!
[1.528s] 
[1.528s]         ********************************************************************************
[1.528s]         Please avoid running ``setup.py`` and ``easy_install``.
[1.528s]         Instead, use pypa/build, pypa/installer or other
[1.528s]         standards-based tools.
[1.529s] 
[1.529s]         See https://github.com/pypa/setuptools/issues/917 for details.
[1.529s]         ********************************************************************************
[1.529s] 
[1.529s] !!
[1.529s]   easy_install.initialize_options(self)
[1.565s] /home/giacomo/.local/lib/python3.10/site-packages/setuptools/_distutils/cmd.py:66: SetuptoolsDeprecationWarning: setup.py install is deprecated.
[1.565s] !!
[1.565s] 
[1.565s]         ********************************************************************************
[1.565s]         Please avoid running ``setup.py`` directly.
[1.565s]         Instead, use pypa/build, pypa/installer or other
[1.566s]         standards-based tools.
[1.566s] 
[1.566s]         See https://blog.ganssle.io/articles/2021/10/setup-py-deprecated.html for details.
[1.566s]         ********************************************************************************
[1.566s] 
[1.566s] !!
[1.566s]   self.initialize_options()
[1.766s] running egg_info
[1.784s] writing bumper_cars.egg-info/PKG-INFO
[1.785s] writing dependency_links to bumper_cars.egg-info/dependency_links.txt
[1.785s] writing entry points to bumper_cars.egg-info/entry_points.txt
[1.785s] writing requirements to bumper_cars.egg-info/requires.txt
[1.786s] writing top-level names to bumper_cars.egg-info/top_level.txt
[1.819s] reading manifest file 'bumper_cars.egg-info/SOURCES.txt'
[1.820s] writing manifest file 'bumper_cars.egg-info/SOURCES.txt'
[1.838s] running build_ext
[1.838s] Creating /home/giacomo/thesis_ws/install/bumper_cars/lib/python3.10/site-packages/bumper-cars.egg-link (link to .)
[1.839s] Installing controller script to /home/giacomo/thesis_ws/install/bumper_cars/lib/bumper_cars
[1.839s] Installing model script to /home/giacomo/thesis_ws/install/bumper_cars/lib/bumper_cars
[1.840s] Installing plotter script to /home/giacomo/thesis_ws/install/bumper_cars/lib/bumper_cars
[1.840s] Installing robot_model script to /home/giacomo/thesis_ws/install/bumper_cars/lib/bumper_cars
[1.840s] Installing sensor script to /home/giacomo/thesis_ws/install/bumper_cars/lib/bumper_cars
[1.840s] Installing state_publisher script to /home/giacomo/thesis_ws/install/bumper_cars/lib/bumper_cars
[1.840s] Installing state_subscriber script to /home/giacomo/thesis_ws/install/bumper_cars/lib/bumper_cars
[1.840s] 
[1.840s] Installed /home/giacomo/thesis_ws/build/bumper_cars
[1.841s] running install_data
[1.875s] Invoked command in '/home/giacomo/thesis_ws/build/bumper_cars' returned '0': PYTHONPATH=/home/giacomo/thesis_ws/build/bumper_cars/prefix_override:/home/giacomo/thesis_ws/install/bumper_cars/lib/python3.10/site-packages:${PYTHONPATH} /usr/bin/python3 setup.py develop --editable --build-directory /home/giacomo/thesis_ws/build/bumper_cars/build --no-deps install_data
