[1.453s] Invoking command in '/home/giacomo/thesis_ws/build/bumper_cars': CMAKE_PREFIX_PATH=/home/giacomo/thesis_ws/install/custom_message:/home/giacomo/thesis_ws/install/urdf_example:/home/giacomo/thesis_ws/install/sym_bringup:/home/giacomo/thesis_ws/install/my_bot:/home/giacomo/ros2_ws/install/tutorial_interfaces:/home/giacomo/ros2_ws/install/turtlesim PYTHONPATH=/home/giacomo/thesis_ws/build/bumper_cars/prefix_override:/home/giacomo/thesis_ws/install/bumper_cars/lib/python3.10/site-packages:${PYTHONPATH} /usr/bin/python3 setup.py develop --editable --build-directory /home/giacomo/thesis_ws/build/bumper_cars/build --no-deps install_data
[1.949s] running develop
[1.949s] /home/giacomo/.local/lib/python3.10/site-packages/setuptools/command/develop.py:40: EasyInstallDeprecationWarning: easy_install command is deprecated.
[1.949s] !!
[1.949s] 
[1.949s]         ********************************************************************************
[1.949s]         Please avoid running ``setup.py`` and ``easy_install``.
[1.950s]         Instead, use pypa/build, pypa/installer or other
[1.950s]         standards-based tools.
[1.950s] 
[1.950s]         See https://github.com/pypa/setuptools/issues/917 for details.
[1.950s]         ********************************************************************************
[1.950s] 
[1.950s] !!
[1.951s]   easy_install.initialize_options(self)
[2.017s] /home/giacomo/.local/lib/python3.10/site-packages/setuptools/_distutils/cmd.py:66: SetuptoolsDeprecationWarning: setup.py install is deprecated.
[2.017s] !!
[2.017s] 
[2.017s]         ********************************************************************************
[2.018s]         Please avoid running ``setup.py`` directly.
[2.018s]         Instead, use pypa/build, pypa/installer or other
[2.018s]         standards-based tools.
[2.018s] 
[2.018s]         See https://blog.ganssle.io/articles/2021/10/setup-py-deprecated.html for details.
[2.018s]         ********************************************************************************
[2.018s] 
[2.018s] !!
[2.019s]   self.initialize_options()
[2.410s] running egg_info
[2.431s] writing bumper_cars.egg-info/PKG-INFO
[2.431s] writing dependency_links to bumper_cars.egg-info/dependency_links.txt
[2.432s] writing entry points to bumper_cars.egg-info/entry_points.txt
[2.432s] writing requirements to bumper_cars.egg-info/requires.txt
[2.432s] writing top-level names to bumper_cars.egg-info/top_level.txt
[2.497s] reading manifest file 'bumper_cars.egg-info/SOURCES.txt'
[2.500s] writing manifest file 'bumper_cars.egg-info/SOURCES.txt'
[2.543s] running build_ext
[2.544s] Creating /home/giacomo/thesis_ws/install/bumper_cars/lib/python3.10/site-packages/bumper-cars.egg-link (link to .)
[2.545s] Installing controller script to /home/giacomo/thesis_ws/install/bumper_cars/lib/bumper_cars
[2.545s] Installing model script to /home/giacomo/thesis_ws/install/bumper_cars/lib/bumper_cars
[2.545s] Installing plotter script to /home/giacomo/thesis_ws/install/bumper_cars/lib/bumper_cars
[2.545s] Installing sensor script to /home/giacomo/thesis_ws/install/bumper_cars/lib/bumper_cars
[2.546s] 
[2.546s] Installed /home/giacomo/thesis_ws/build/bumper_cars
[2.546s] running install_data
[2.547s] copying package.xml -> /home/giacomo/thesis_ws/install/bumper_cars/share/bumper_cars
[2.595s] Invoked command in '/home/giacomo/thesis_ws/build/bumper_cars' returned '0': CMAKE_PREFIX_PATH=/home/giacomo/thesis_ws/install/custom_message:/home/giacomo/thesis_ws/install/urdf_example:/home/giacomo/thesis_ws/install/sym_bringup:/home/giacomo/thesis_ws/install/my_bot:/home/giacomo/ros2_ws/install/tutorial_interfaces:/home/giacomo/ros2_ws/install/turtlesim PYTHONPATH=/home/giacomo/thesis_ws/build/bumper_cars/prefix_override:/home/giacomo/thesis_ws/install/bumper_cars/lib/python3.10/site-packages:${PYTHONPATH} /usr/bin/python3 setup.py develop --editable --build-directory /home/giacomo/thesis_ws/build/bumper_cars/build --no-deps install_data
