[1.286s] Invoking command in '/home/giacomo/thesis_ws/build/planner': PYTHONPATH=/home/giacomo/thesis_ws/build/planner/prefix_override:/home/giacomo/thesis_ws/install/planner/lib/python3.10/site-packages:${PYTHONPATH} /usr/bin/python3 setup.py develop --editable --build-directory /home/giacomo/thesis_ws/build/planner/build --no-deps install_data
[1.614s] running develop
[1.614s] /home/giacomo/.local/lib/python3.10/site-packages/setuptools/command/develop.py:40: EasyInstallDeprecationWarning: easy_install command is deprecated.
[1.614s] !!
[1.614s] 
[1.614s]         ********************************************************************************
[1.615s]         Please avoid running ``setup.py`` and ``easy_install``.
[1.615s]         Instead, use pypa/build, pypa/installer or other
[1.615s]         standards-based tools.
[1.615s] 
[1.615s]         See https://github.com/pypa/setuptools/issues/917 for details.
[1.615s]         ********************************************************************************
[1.615s] 
[1.615s] !!
[1.615s]   easy_install.initialize_options(self)
[1.647s] /home/giacomo/.local/lib/python3.10/site-packages/setuptools/_distutils/cmd.py:66: SetuptoolsDeprecationWarning: setup.py install is deprecated.
[1.647s] !!
[1.647s] 
[1.647s]         ********************************************************************************
[1.647s]         Please avoid running ``setup.py`` directly.
[1.647s]         Instead, use pypa/build, pypa/installer or other
[1.647s]         standards-based tools.
[1.647s] 
[1.647s]         See https://blog.ganssle.io/articles/2021/10/setup-py-deprecated.html for details.
[1.647s]         ********************************************************************************
[1.647s] 
[1.648s] !!
[1.648s]   self.initialize_options()
[1.832s] running egg_info
[1.832s] creating planner.egg-info
[1.847s] writing planner.egg-info/PKG-INFO
[1.847s] writing dependency_links to planner.egg-info/dependency_links.txt
[1.847s] writing requirements to planner.egg-info/requires.txt
[1.848s] writing top-level names to planner.egg-info/top_level.txt
[1.848s] writing manifest file 'planner.egg-info/SOURCES.txt'
[1.879s] reading manifest file 'planner.egg-info/SOURCES.txt'
[1.880s] writing manifest file 'planner.egg-info/SOURCES.txt'
[1.897s] running build_ext
[1.897s] Creating /home/giacomo/thesis_ws/install/planner/lib/python3.10/site-packages/planner.egg-link (link to .)
[1.897s] 
[1.898s] Installed /home/giacomo/thesis_ws/build/planner
[1.898s] running install_data
[1.898s] creating /home/giacomo/thesis_ws/install/planner/share/ament_index
[1.898s] creating /home/giacomo/thesis_ws/install/planner/share/ament_index/resource_index
[1.898s] creating /home/giacomo/thesis_ws/install/planner/share/ament_index/resource_index/packages
[1.898s] copying resource/planner -> /home/giacomo/thesis_ws/install/planner/share/ament_index/resource_index/packages
[1.899s] copying package.xml -> /home/giacomo/thesis_ws/install/planner/share/planner
[1.927s] Invoked command in '/home/giacomo/thesis_ws/build/planner' returned '0': PYTHONPATH=/home/giacomo/thesis_ws/build/planner/prefix_override:/home/giacomo/thesis_ws/install/planner/lib/python3.10/site-packages:${PYTHONPATH} /usr/bin/python3 setup.py develop --editable --build-directory /home/giacomo/thesis_ws/build/planner/build --no-deps install_data
