[0.947s] Invoking command in '/home/giacomo/thesis_ws/build/bumper_cars': CMAKE_PREFIX_PATH=/home/giacomo/thesis_ws/install/custom_message:/home/giacomo/thesis_ws/install/urdf_example:/home/giacomo/thesis_ws/install/sym_bringup:/home/giacomo/thesis_ws/install/my_bot:/home/giacomo/ros2_ws/install/tutorial_interfaces:/home/giacomo/ros2_ws/install/turtlesim PYTHONPATH=/home/giacomo/thesis_ws/build/bumper_cars/prefix_override:/home/giacomo/thesis_ws/install/bumper_cars/lib/python3.10/site-packages:${PYTHONPATH} /usr/bin/python3 setup.py develop --editable --build-directory /home/giacomo/thesis_ws/build/bumper_cars/build --no-deps install_data
[1.263s] running develop
[1.263s] /home/giacomo/.local/lib/python3.10/site-packages/setuptools/command/develop.py:40: EasyInstallDeprecationWarning: easy_install command is deprecated.
[1.263s] !!
[1.263s] 
[1.263s]         ********************************************************************************
[1.263s]         Please avoid running ``setup.py`` and ``easy_install``.
[1.263s]         Instead, use pypa/build, pypa/installer or other
[1.263s]         standards-based tools.
[1.263s] 
[1.264s]         See https://github.com/pypa/setuptools/issues/917 for details.
[1.264s]         ********************************************************************************
[1.264s] 
[1.264s] !!
[1.264s]   easy_install.initialize_options(self)
[1.295s] /home/giacomo/.local/lib/python3.10/site-packages/setuptools/_distutils/cmd.py:66: SetuptoolsDeprecationWarning: setup.py install is deprecated.
[1.295s] !!
[1.295s] 
[1.295s]         ********************************************************************************
[1.295s]         Please avoid running ``setup.py`` directly.
[1.295s]         Instead, use pypa/build, pypa/installer or other
[1.295s]         standards-based tools.
[1.295s] 
[1.296s]         See https://blog.ganssle.io/articles/2021/10/setup-py-deprecated.html for details.
[1.296s]         ********************************************************************************
[1.296s] 
[1.296s] !!
[1.296s]   self.initialize_options()
[1.483s] running egg_info
[1.498s] writing bumper_cars.egg-info/PKG-INFO
[1.498s] writing dependency_links to bumper_cars.egg-info/dependency_links.txt
[1.498s] writing entry points to bumper_cars.egg-info/entry_points.txt
[1.499s] writing requirements to bumper_cars.egg-info/requires.txt
[1.499s] writing top-level names to bumper_cars.egg-info/top_level.txt
[1.529s] reading manifest file 'bumper_cars.egg-info/SOURCES.txt'
[1.530s] writing manifest file 'bumper_cars.egg-info/SOURCES.txt'
[1.547s] running build_ext
[1.547s] Creating /home/giacomo/thesis_ws/install/bumper_cars/lib/python3.10/site-packages/bumper-cars.egg-link (link to .)
[1.548s] Installing controller script to /home/giacomo/thesis_ws/install/bumper_cars/lib/bumper_cars
[1.548s] Installing model script to /home/giacomo/thesis_ws/install/bumper_cars/lib/bumper_cars
[1.549s] Installing plotter script to /home/giacomo/thesis_ws/install/bumper_cars/lib/bumper_cars
[1.549s] Installing sensor script to /home/giacomo/thesis_ws/install/bumper_cars/lib/bumper_cars
[1.549s] 
[1.549s] Installed /home/giacomo/thesis_ws/build/bumper_cars
[1.549s] running install_data
[1.579s] Invoked command in '/home/giacomo/thesis_ws/build/bumper_cars' returned '0': CMAKE_PREFIX_PATH=/home/giacomo/thesis_ws/install/custom_message:/home/giacomo/thesis_ws/install/urdf_example:/home/giacomo/thesis_ws/install/sym_bringup:/home/giacomo/thesis_ws/install/my_bot:/home/giacomo/ros2_ws/install/tutorial_interfaces:/home/giacomo/ros2_ws/install/turtlesim PYTHONPATH=/home/giacomo/thesis_ws/build/bumper_cars/prefix_override:/home/giacomo/thesis_ws/install/bumper_cars/lib/python3.10/site-packages:${PYTHONPATH} /usr/bin/python3 setup.py develop --editable --build-directory /home/giacomo/thesis_ws/build/bumper_cars/build --no-deps install_data
