[1.318s] Invoking command in '/home/giacomo/thesis_ws/build/bumper_cars': CMAKE_PREFIX_PATH=/home/giacomo/thesis_ws/install/custom_message:/home/giacomo/thesis_ws/src/install/custom_message:/home/giacomo/thesis_ws/install/custom_interfaces:/home/giacomo/ros2_ws/install/tutorial_interfaces:/home/giacomo/ros2_ws/install/turtlesim LD_LIBRARY_PATH=/home/giacomo/thesis_ws/install/custom_message/lib:/home/giacomo/thesis_ws/src/install/custom_message/lib:/home/giacomo/thesis_ws/install/custom_interfaces/lib:/home/giacomo/ros2_ws/install/tutorial_interfaces/lib:/home/giacomo/ros2_ws/install/turtlesim/lib:/usr/lib/x86_64-linux-gnu/gazebo-11/plugins:/opt/ros/humble/opt/rviz_ogre_vendor/lib:/opt/ros/humble/lib/x86_64-linux-gnu:/opt/ros/humble/lib PYTHONPATH=/home/giacomo/thesis_ws/build/bumper_cars/prefix_override:/home/giacomo/thesis_ws/install/bumper_cars/lib/python3.10/site-packages:${PYTHONPATH} /usr/bin/python3 setup.py develop --editable --build-directory /home/giacomo/thesis_ws/build/bumper_cars/build --no-deps install_data
[1.841s] running develop
[1.841s] /home/giacomo/.local/lib/python3.10/site-packages/setuptools/command/develop.py:40: EasyInstallDeprecationWarning: easy_install command is deprecated.
[1.841s] !!
[1.841s] 
[1.841s]         ********************************************************************************
[1.841s]         Please avoid running ``setup.py`` and ``easy_install``.
[1.841s]         Instead, use pypa/build, pypa/installer or other
[1.841s]         standards-based tools.
[1.842s] 
[1.842s]         See https://github.com/pypa/setuptools/issues/917 for details.
[1.842s]         ********************************************************************************
[1.842s] 
[1.842s] !!
[1.842s]   easy_install.initialize_options(self)
[1.898s] /home/giacomo/.local/lib/python3.10/site-packages/setuptools/_distutils/cmd.py:66: SetuptoolsDeprecationWarning: setup.py install is deprecated.
[1.899s] !!
[1.899s] 
[1.899s]         ********************************************************************************
[1.899s]         Please avoid running ``setup.py`` directly.
[1.899s]         Instead, use pypa/build, pypa/installer or other
[1.900s]         standards-based tools.
[1.900s] 
[1.900s]         See https://blog.ganssle.io/articles/2021/10/setup-py-deprecated.html for details.
[1.900s]         ********************************************************************************
[1.900s] 
[1.900s] !!
[1.901s]   self.initialize_options()
[2.156s] running egg_info
[2.173s] writing bumper_cars.egg-info/PKG-INFO
[2.174s] writing dependency_links to bumper_cars.egg-info/dependency_links.txt
[2.174s] writing entry points to bumper_cars.egg-info/entry_points.txt
[2.174s] writing requirements to bumper_cars.egg-info/requires.txt
[2.174s] writing top-level names to bumper_cars.egg-info/top_level.txt
[2.207s] reading manifest file 'bumper_cars.egg-info/SOURCES.txt'
[2.208s] writing manifest file 'bumper_cars.egg-info/SOURCES.txt'
[2.225s] running build_ext
[2.225s] Creating /home/giacomo/thesis_ws/install/bumper_cars/lib/python3.10/site-packages/bumper-cars.egg-link (link to .)
[2.226s] Installing controller script to /home/giacomo/thesis_ws/install/bumper_cars/lib/bumper_cars
[2.226s] Installing model script to /home/giacomo/thesis_ws/install/bumper_cars/lib/bumper_cars
[2.226s] Installing plotter script to /home/giacomo/thesis_ws/install/bumper_cars/lib/bumper_cars
[2.226s] Installing sensor script to /home/giacomo/thesis_ws/install/bumper_cars/lib/bumper_cars
[2.226s] Installing state_publisher script to /home/giacomo/thesis_ws/install/bumper_cars/lib/bumper_cars
[2.227s] Installing state_subscriber script to /home/giacomo/thesis_ws/install/bumper_cars/lib/bumper_cars
[2.227s] 
[2.227s] Installed /home/giacomo/thesis_ws/build/bumper_cars
[2.227s] running install_data
[2.227s] copying package.xml -> /home/giacomo/thesis_ws/install/bumper_cars/share/bumper_cars
[2.268s] Invoked command in '/home/giacomo/thesis_ws/build/bumper_cars' returned '0': CMAKE_PREFIX_PATH=/home/giacomo/thesis_ws/install/custom_message:/home/giacomo/thesis_ws/src/install/custom_message:/home/giacomo/thesis_ws/install/custom_interfaces:/home/giacomo/ros2_ws/install/tutorial_interfaces:/home/giacomo/ros2_ws/install/turtlesim LD_LIBRARY_PATH=/home/giacomo/thesis_ws/install/custom_message/lib:/home/giacomo/thesis_ws/src/install/custom_message/lib:/home/giacomo/thesis_ws/install/custom_interfaces/lib:/home/giacomo/ros2_ws/install/tutorial_interfaces/lib:/home/giacomo/ros2_ws/install/turtlesim/lib:/usr/lib/x86_64-linux-gnu/gazebo-11/plugins:/opt/ros/humble/opt/rviz_ogre_vendor/lib:/opt/ros/humble/lib/x86_64-linux-gnu:/opt/ros/humble/lib PYTHONPATH=/home/giacomo/thesis_ws/build/bumper_cars/prefix_override:/home/giacomo/thesis_ws/install/bumper_cars/lib/python3.10/site-packages:${PYTHONPATH} /usr/bin/python3 setup.py develop --editable --build-directory /home/giacomo/thesis_ws/build/bumper_cars/build --no-deps install_data
